#
# A fatal error has been detected by the Java Runtime Environment:
#
#  EXCEPTION_ACCESS_VIOLATION (0xc0000005) at pc=0x00007ffd32b9d4d1, pid=20820, tid=13024
#
# JRE version: Java(TM) SE Runtime Environment (19.0.1+10) (build 19.0.1+10-21)
# Java VM: Java HotSpot(TM) 64-Bit Server VM (19.0.1+10-21, mixed mode, sharing, tiered, compressed oops, compressed class ptrs, g1 gc, windows-amd64)
# Problematic frame:
# C  [ntdll.dll+0x1d4d1]
#
# No core dump will be written. Minidumps are not enabled by default on client versions of Windows
#
# If you would like to submit a bug report, please visit:
#   https://bugreport.java.com/bugreport/crash.jsp
# The crash happened outside the Java Virtual Machine in native code.
# See problematic frame for where to report the bug.
#

---------------  S U M M A R Y ------------

Command Line: -Declipse.directory=C:\TeamBots\eclipse_basic TBSim.TBSim Competition.dsc

Host: Intel(R) Core(TM) i5-8250U CPU @ 1.60GHz, 8 cores, 7G,  Windows 11 , 64 bit Build 22000 (10.0.22000.1335)
Time: Fri Dec 30 15:34:37 2022 ora solare Europa occidentale elapsed time: 110.403893 seconds (0d 0h 1m 50s)

---------------  T H R E A D  ---------------

Current thread (0x0000024b1b633550):  JavaThread "Finalizer" daemon [_thread_in_native, id=13024, stack(0x00000056b1200000,0x00000056b1300000)]

Stack: [0x00000056b1200000,0x00000056b1300000],  sp=0x00000056b12ff030,  free space=1020k
Native frames: (J=compiled Java code, j=interpreted, Vv=VM code, C=native code)
C  [ntdll.dll+0x1d4d1]
C  [ntdll.dll+0x3a76c]
C  [ntdll.dll+0x3a5d2]
C  [eclipse.dll+0xc5c9a]

Java frames: (J=compiled Java code, j=interpreted, Vv=VM code)
j  com.parctechnologies.eclipse.NativeEclipse.Cleanup()V+0
j  com.parctechnologies.eclipse.EmbeddedEclipse.destroy()V+14
j  com.parctechnologies.eclipse.EmbeddedEclipse.finalize()V+1
j  java.lang.System$2.invokeFinalize(Ljava/lang/Object;)V+1 java.base@19.0.1
j  java.lang.ref.Finalizer.runFinalizer(Ljdk/internal/access/JavaLangAccess;)V+115 java.base@19.0.1
j  java.lang.ref.Finalizer$FinalizerThread.run()V+29 java.base@19.0.1
v  ~StubRoutines::call_stub 0x0000024b0f3d100e

siginfo: EXCEPTION_ACCESS_VIOLATION (0xc0000005), writing address 0x0000000000000024


Registers:
RAX=0xffffffffffffffff, RBX=0x0000000000000000, RCX=0x0000000000000000, RDX=0x0000000000000000
RSP=0x00000056b12ff030, RBP=0x0000000000000000, RSI=0x00000000fffffffa, RDI=0x0000000000000000
R8 =0x0000000000000000, R9 =0x0000000066eaa050, R10=0x0000024b0f3ef92e, R11=0x0000000082545af8
R12=0x00007ffd32cf4360, R13=0x0000000000000001, R14=0x0000000000000000, R15=0x0000000066eaa048
RIP=0x00007ffd32b9d4d1, EFLAGS=0x0000000000010213


Register to memory mapping:

RIP=0x00007ffd32b9d4d1 ntdll.dll
RAX=0xffffffffffffffff is an unknown value
RBX=0x0 is NULL
RCX=0x0 is NULL
RDX=0x0 is NULL
RSP=0x00000056b12ff030 is pointing into the stack for thread: 0x0000024b1b633550
RBP=0x0 is NULL
RSI=0x00000000fffffffa is an unallocated location in the heap
RDI=0x0 is NULL
R8 =0x0 is NULL
R9 =0x0000000066eaa050 eclipse.dll
R10=0x0000024b0f3ef92e is at code_begin+1006 in an Interpreter codelet
method entry point (kind = native)  [0x0000024b0f3ef540, 0x0000024b0f3f0050]  2832 bytes
R11=0x0000000082545af8 is an oop: java.lang.Class 
{0x0000000082545af8} - klass: 'java/lang/Class'
 - ---- fields (total size 14 words):
 - private volatile transient 'classRedefinedCount' 'I' @12  0
 - abstract internal 'klass' 'J' @16  34377127696 (1095710 8)
 - abstract internal 'array_klass' 'J' @24  0 (0 0)
 - abstract internal 'oop_size' 'I' @32  14 (e)
 - abstract internal 'static_oop_field_count' 'I' @36  0
 - private volatile transient 'cachedConstructor' 'Ljava/lang/reflect/Constructor;' @40  NULL (0)
 - private transient 'name' 'Ljava/lang/String;' @44  "com.parctechnologies.eclipse.NativeEclipse"{0x000000008255ba70} (8255ba70)
 - private transient 'module' 'Ljava/lang/Module;' @48  a 'java/lang/Module'{0x0000000082544dd0} (82544dd0)
 - private final 'classLoader' 'Ljava/lang/ClassLoader;' @52  a 'jdk/internal/loader/ClassLoaders$AppClassLoader'{0x00000000820afb90} (820afb90)
 - private transient 'classData' 'Ljava/lang/Object;' @56  NULL (0)
 - private transient 'packageName' 'Ljava/lang/String;' @60  "com.parctechnologies.eclipse"{0x000000008255b538} (8255b538)
 - private final 'componentType' 'Ljava/lang/Class;' @64  NULL (0)
 - private volatile transient 'reflectionData' 'Ljava/lang/ref/SoftReference;' @68  NULL (0)
 - private volatile transient 'genericInfo' 'Lsun/reflect/generics/repository/ClassRepository;' @72  NULL (0)
 - private volatile transient 'enumConstants' '[Ljava/lang/Object;' @76  NULL (0)
 - private volatile transient 'enumConstantDirectory' 'Ljava/util/Map;' @80  NULL (0)
 - private volatile transient 'annotationData' 'Ljava/lang/Class$AnnotationData;' @84  NULL (0)
 - private volatile transient 'annotationType' 'Lsun/reflect/annotation/AnnotationType;' @88  NULL (0)
 - transient 'classValueMap' 'Ljava/lang/ClassValue$ClassValueMap;' @92  NULL (0)
 - abstract internal 'protection_domain' 'Ljava/lang/Object;' @96  a 'java/security/ProtectionDomain'{0x000000008255b580} (8255b580)
 - abstract internal 'signers_name' 'Ljava/lang/Object;' @100  NULL (0)
 - abstract internal 'source_file' 'Ljava/lang/Object;' @104  NULL (0)
 - signature: Lcom/parctechnologies/eclipse/NativeEclipse;
 - ---- static fields (0):
R12=0x00007ffd32cf4360 ntdll.dll
R13=0x0000000000000001 is an unknown value
R14=0x0 is NULL
R15=0x0000000066eaa048 eclipse.dll


Top of Stack: (sp=0x00000056b12ff030)
0x00000056b12ff030:   ffffffffffffffff 0000000000000000
0x00000056b12ff040:   0000000000000000 00000056b12ff098
0x00000056b12ff050:   00000056b12ff0f0 0000024b0f3eb8ef
0x00000056b12ff060:   0000000000000000 0000000000000000
0x00000056b12ff070:   0000000000000000 0000000000000000
0x00000056b12ff080:   00000056b046f000 0000000000000000
0x00000056b12ff090:   0000000089dd4c78 0000000089dd4c78
0x00000056b12ff0a0:   0000000084ff3d78 00000056b12ff0a8
0x00000056b12ff0b0:   000000080086a806 00000056b12ff100
0x00000056b12ff0c0:   00000008001c8628 0000000000000000
0x00000056b12ff0d0:   0000000082060318 00000008001c8960
0x00000056b12ff0e0:   0000000000000000 00000056b12ff100
0x00000056b12ff0f0:   0000ef4c00874ed5 0000024b0f3ebd4b
0x00000056b12ff100:   0000024b1b633500 0000000000000001
0x00000056b12ff110:   0000000000000001 0000000000000001
0x00000056b12ff120:   0000000000000000 00007ffd32bba76c 

Instructions: (pc=0x00007ffd32b9d4d1)
0x00007ffd32b9d3d1:   08 e9 40 ff ff ff cc cc cc cc cc cc cc cc cc 48
0x00007ffd32b9d3e1:   89 5c 24 08 48 89 74 24 10 57 48 83 ec 20 48 8b
0x00007ffd32b9d3f1:   1d 52 b8 15 00 48 85 db 0f 85 4f ba 09 00 33 c0
0x00007ffd32b9d401:   48 8b 5c 24 30 48 8b 74 24 38 48 83 c4 20 5f c3
0x00007ffd32b9d411:   cc cc cc cc cc cc cc cc cc cc cc cc cc cc cc 48
0x00007ffd32b9d421:   89 5c 24 10 48 89 6c 24 18 48 89 74 24 20 57 41
0x00007ffd32b9d431:   54 41 55 41 56 41 57 48 81 ec d0 00 00 00 48 8b
0x00007ffd32b9d441:   05 ca 50 17 00 48 33 c4 48 89 84 24 c0 00 00 00
0x00007ffd32b9d451:   65 48 8b 1c 25 30 00 00 00 4c 8d 25 ff 6e 15 00
0x00007ffd32b9d461:   8b f2 c6 44 24 40 00 33 d2 48 89 5c 24 50 89 54
0x00007ffd32b9d471:   24 44 4c 8b f9 8b ea 49 3b cc 0f 84 66 02 00 00
0x00007ffd32b9d481:   38 15 e1 cc 15 00 0f 85 d6 02 00 00 39 15 f5 cc
0x00007ffd32b9d491:   15 00 0f 85 99 02 00 00 40 38 2d 98 c7 15 00 4c
0x00007ffd32b9d4a1:   8d 35 99 c7 15 00 48 8b dd 4c 0f 45 f3 49 39 5f
0x00007ffd32b9d4b1:   18 0f 84 f4 01 00 00 49 8b 0f 48 83 f9 ff 0f 84
0x00007ffd32b9d4c1:   fc 01 00 00 89 5c 24 48 8b fb 48 83 f9 ff 74 03
0x00007ffd32b9d4d1:   ff 41 24 4d 8b 6f 18 e8 a3 a2 00 00 85 c0 0f 85
0x00007ffd32b9d4e1:   a3 b9 09 00 b9 82 03 fe 7f 80 39 00 0f 85 b1 b9
0x00007ffd32b9d4f1:   09 00 49 83 fd ff 0f 85 7c 02 00 00 4c 8d 64 24
0x00007ffd32b9d501:   58 49 83 e4 fc 49 8d 7f 08 48 89 5c 24 70 48 89
0x00007ffd32b9d511:   5c 24 68 48 89 5c 24 78 48 89 7c 24 58 c7 84 24
0x00007ffd32b9d521:   80 00 00 00 01 00 00 00 65 48 8b 0c 25 30 00 00
0x00007ffd32b9d531:   00 48 8b 41 48 48 89 44 24 60 48 8b c7 48 8b 59
0x00007ffd32b9d541:   60 48 c1 e8 05 48 81 c3 a0 03 00 00 83 e0 7f 48
0x00007ffd32b9d551:   8b 0c c3 4c 8d 0c c3 45 33 db 48 8b d1 48 8d 44
0x00007ffd32b9d561:   24 58 83 e2 03 4c 8b c1 49 0b d4 49 83 e0 fc 4d
0x00007ffd32b9d571:   85 c0 4c 89 44 24 68 49 0f 45 c3 48 89 44 24 78
0x00007ffd32b9d581:   48 8b c2 48 83 c8 02 4d 85 c0 48 0f 45 d0 48 8b
0x00007ffd32b9d591:   c1 f0 49 0f b1 11 0f 85 1c 01 00 00 32 d1 f6 c2
0x00007ffd32b9d5a1:   02 75 7b 8b 07 48 8d 54 24 58 48 8b cb 3b c6 0f
0x00007ffd32b9d5b1:   85 e3 00 00 00 45 33 c9 4d 8b c6 e8 5b 02 00 00
0x00007ffd32b9d5c1:   3d 02 01 00 00 0f 84 83 b9 09 00 33 db 8b 37 40 


Stack slot to memory mapping:
stack at sp + 0 slots: 0xffffffffffffffff is an unknown value
stack at sp + 1 slots: 0x0 is NULL
stack at sp + 2 slots: 0x0 is NULL
stack at sp + 3 slots: 0x00000056b12ff098 is pointing into the stack for thread: 0x0000024b1b633550
stack at sp + 4 slots: 0x00000056b12ff0f0 is pointing into the stack for thread: 0x0000024b1b633550
stack at sp + 5 slots: 0x0000024b0f3eb8ef is at code_begin+1455 in an Interpreter codelet
return entry points  [0x0000024b0f3eb340, 0x0000024b0f3ebe20]  2784 bytes
stack at sp + 6 slots: 0x0 is NULL
stack at sp + 7 slots: 0x0 is NULL


---------------  P R O C E S S  ---------------

Threads class SMR info:
_java_thread_list=0x0000024b217a4860, length=17, elements={
0x0000024b1b630c10, 0x0000024b1b633550, 0x0000024b1b636ea0, 0x0000024b1b637b30,
0x0000024b1b638460, 0x0000024b1b6393a0, 0x0000024b1b63c010, 0x0000024b1b6469a0,
0x0000024b1b66ac20, 0x0000024b1f90e100, 0x0000024b1f911cd0, 0x0000024b1fb1c360,
0x0000024b1fb23fa0, 0x0000024b1fb27f50, 0x0000024b1fba29c0, 0x0000024b1fba8f00,
0x0000024b7cdfde50
}

Java Threads: ( => current thread )
  0x0000024b1b630c10 JavaThread "Reference Handler" daemon [_thread_blocked, id=11988, stack(0x00000056b1100000,0x00000056b1200000)]
=>0x0000024b1b633550 JavaThread "Finalizer" daemon [_thread_in_native, id=13024, stack(0x00000056b1200000,0x00000056b1300000)]
  0x0000024b1b636ea0 JavaThread "Signal Dispatcher" daemon [_thread_blocked, id=11188, stack(0x00000056b1300000,0x00000056b1400000)]
  0x0000024b1b637b30 JavaThread "Attach Listener" daemon [_thread_blocked, id=6196, stack(0x00000056b1400000,0x00000056b1500000)]
  0x0000024b1b638460 JavaThread "Service Thread" daemon [_thread_blocked, id=23108, stack(0x00000056b1500000,0x00000056b1600000)]
  0x0000024b1b6393a0 JavaThread "Monitor Deflation Thread" daemon [_thread_blocked, id=23560, stack(0x00000056b1600000,0x00000056b1700000)]
  0x0000024b1b63c010 JavaThread "C2 CompilerThread0" daemon [_thread_in_native, id=2172, stack(0x00000056b1700000,0x00000056b1800000)]
  0x0000024b1b6469a0 JavaThread "C1 CompilerThread0" daemon [_thread_blocked, id=8772, stack(0x00000056b1800000,0x00000056b1900000)]
  0x0000024b1b66ac20 JavaThread "Sweeper thread" daemon [_thread_blocked, id=12344, stack(0x00000056b1900000,0x00000056b1a00000)]
  0x0000024b1f90e100 JavaThread "Notification Thread" daemon [_thread_blocked, id=18624, stack(0x00000056b1a00000,0x00000056b1b00000)]
  0x0000024b1f911cd0 JavaThread "Common-Cleaner" daemon [_thread_blocked, id=23212, stack(0x00000056b1c00000,0x00000056b1d00000)]
  0x0000024b1fb1c360 JavaThread "Java2D Disposer" daemon [_thread_blocked, id=9612, stack(0x00000056b1d00000,0x00000056b1e00000)]
  0x0000024b1fb23fa0 JavaThread "AWT-Shutdown" [_thread_blocked, id=14212, stack(0x00000056b1e00000,0x00000056b1f00000)]
  0x0000024b1fb27f50 JavaThread "AWT-Windows" daemon [_thread_in_native, id=20836, stack(0x00000056b1f00000,0x00000056b2000000)]
  0x0000024b1fba29c0 JavaThread "Thread-0" [_thread_blocked, id=23464, stack(0x00000056b2000000,0x00000056b2100000)]
  0x0000024b1fba8f00 JavaThread "AWT-EventQueue-0" [_thread_blocked, id=14652, stack(0x00000056b2100000,0x00000056b2200000)]
  0x0000024b7cdfde50 JavaThread "DestroyJavaVM" [_thread_blocked, id=20280, stack(0x00000056b0a00000,0x00000056b0b00000)]

Other Threads:
  0x0000024b1b614aa0 VMThread "VM Thread" [stack: 0x00000056b1000000,0x00000056b1100000] [id=12836]
  0x0000024b1f910650 WatcherThread "VM Periodic Task Thread" [stack: 0x00000056b1b00000,0x00000056b1c00000] [id=15180]
  0x0000024b7ce61a70 WorkerThread "GC Thread#0" [stack: 0x00000056b0b00000,0x00000056b0c00000] [id=15532]
  0x0000024b217bd2a0 WorkerThread "GC Thread#1" [stack: 0x00000056b2200000,0x00000056b2300000] [id=6792]
  0x0000024b217bcd00 WorkerThread "GC Thread#2" [stack: 0x00000056b2800000,0x00000056b2900000] [id=4340]
  0x0000024b217bd840 WorkerThread "GC Thread#3" [stack: 0x00000056b2900000,0x00000056b2a00000] [id=15476]
  0x0000024b217bdde0 WorkerThread "GC Thread#4" [stack: 0x00000056b2a00000,0x00000056b2b00000] [id=19936]
  0x0000024b217bc760 WorkerThread "GC Thread#5" [stack: 0x00000056b2b00000,0x00000056b2c00000] [id=2576]
  0x0000024b217bd570 WorkerThread "GC Thread#6" [stack: 0x00000056b2c00000,0x00000056b2d00000] [id=20188]
  0x0000024b217bdb10 WorkerThread "GC Thread#7" [stack: 0x00000056b2d00000,0x00000056b2e00000] [id=17156]
  0x0000024b7ce72910 ConcurrentGCThread "G1 Main Marker" [stack: 0x00000056b0c00000,0x00000056b0d00000] [id=10724]
  0x0000024b7ce73ae0 WorkerThread "G1 Conc#0" [stack: 0x00000056b0d00000,0x00000056b0e00000] [id=22548]
  0x0000024b1b4cf530 ConcurrentGCThread "G1 Refine#0" [stack: 0x00000056b0e00000,0x00000056b0f00000] [id=13776]
  0x0000024b1b4d0d30 ConcurrentGCThread "G1 Service" [stack: 0x00000056b0f00000,0x00000056b1000000] [id=17196]

Threads with active compile tasks:
C2 CompilerThread0   110478 2254   !   4       CSAI.unipa.SGolog.sGologClient::invoke (323 bytes)

VM state: not at safepoint (normal execution)

VM Mutex/Monitor currently owned by a thread: None

Heap address: 0x0000000081e00000, size: 2018 MB, Compressed Oops mode: 32-bit

CDS archive(s) mapped at: [0x0000000800000000-0x0000000800c40000-0x0000000800c40000), size 12845056, SharedBaseAddress: 0x0000000800000000, ArchiveRelocationMode: 0.
Compressed class space mapped at: 0x0000000801000000-0x0000000841000000, reserved size: 1073741824
Narrow klass base: 0x0000000800000000, Narrow klass shift: 0, Narrow klass range: 0x100000000

GC Precious Log:
 CardTable entry size: 512
 Card Set container configuration: InlinePtr #cards 5 size 8 Array Of Cards #cards 12 size 40 Howl #buckets 4 coarsen threshold 1843 Howl Bitmap #cards 512 size 80 coarsen threshold 460 Card regions per heap region 1 cards per card region 2048
 CPUs: 8 total, 8 available
 Memory: 8066M
 Large Page Support: Disabled
 NUMA Support: Disabled
 Compressed Oops: Enabled (32-bit)
 Heap Region Size: 1M
 Heap Min Capacity: 8M
 Heap Initial Capacity: 128M
 Heap Max Capacity: 2018M
 Pre-touch: Disabled
 Parallel Workers: 8
 Concurrent Workers: 2
 Concurrent Refinement Workers: 8
 Periodic GC: Disabled

Heap:
 garbage-first heap   total 131072K, used 29846K [0x0000000081e00000, 0x0000000100000000)
  region size 1024K, 14 young (14336K), 4 survivors (4096K)
 Metaspace       used 8938K, committed 9152K, reserved 1114112K
  class space    used 904K, committed 1024K, reserved 1048576K

Heap Regions: E=young(eden), S=young(survivor), O=old, HS=humongous(starts), HC=humongous(continues), CS=collection set, F=free, OA=open archive, CA=closed archive, TAMS=top-at-mark-start (previous, next)
|   0|0x0000000081e00000, 0x0000000081f00000, 0x0000000081f00000|100%|HS|  |TAMS 0x0000000081e00000, 0x0000000081e00000| Complete 
|   1|0x0000000081f00000, 0x0000000082000000, 0x0000000082000000|100%|HC|  |TAMS 0x0000000081f00000, 0x0000000081f00000| Complete 
|   2|0x0000000082000000, 0x0000000082100000, 0x0000000082100000|100%| O|  |TAMS 0x0000000082000000, 0x0000000082000000| Untracked 
|   3|0x0000000082100000, 0x0000000082200000, 0x0000000082200000|100%|HS|  |TAMS 0x0000000082100000, 0x0000000082100000| Complete 
|   4|0x0000000082200000, 0x0000000082300000, 0x0000000082300000|100%|HC|  |TAMS 0x0000000082200000, 0x0000000082200000| Complete 
|   5|0x0000000082300000, 0x0000000082400000, 0x0000000082400000|100%|HS|  |TAMS 0x0000000082300000, 0x0000000082300000| Complete 
|   6|0x0000000082400000, 0x0000000082500000, 0x0000000082500000|100%| O|  |TAMS 0x0000000082400000, 0x0000000082400000| Untracked 
|   7|0x0000000082500000, 0x0000000082600000, 0x0000000082600000|100%| O|  |TAMS 0x0000000082500000, 0x0000000082500000| Untracked 
|   8|0x0000000082600000, 0x00000000826af000, 0x0000000082700000| 68%| O|  |TAMS 0x0000000082600000, 0x0000000082600000| Untracked 
|   9|0x0000000082700000, 0x0000000082800000, 0x0000000082800000|100%|HS|  |TAMS 0x0000000082700000, 0x0000000082700000| Complete 
|  10|0x0000000082800000, 0x0000000082900000, 0x0000000082900000|100%|HC|  |TAMS 0x0000000082800000, 0x0000000082800000| Complete 
|  11|0x0000000082900000, 0x0000000082a00000, 0x0000000082a00000|100%|HS|  |TAMS 0x0000000082900000, 0x0000000082900000| Complete 
|  12|0x0000000082a00000, 0x0000000082b00000, 0x0000000082b00000|100%|HC|  |TAMS 0x0000000082a00000, 0x0000000082a00000| Complete 
|  13|0x0000000082b00000, 0x0000000082c00000, 0x0000000082c00000|100%|HS|  |TAMS 0x0000000082b00000, 0x0000000082b00000| Complete 
|  14|0x0000000082c00000, 0x0000000082d00000, 0x0000000082d00000|100%|HS|  |TAMS 0x0000000082c00000, 0x0000000082c00000| Complete 
|  15|0x0000000082d00000, 0x0000000082e00000, 0x0000000082e00000|100%|HC|  |TAMS 0x0000000082d00000, 0x0000000082d00000| Complete 
|  16|0x0000000082e00000, 0x0000000082f00000, 0x0000000082f00000|100%|HS|  |TAMS 0x0000000082e00000, 0x0000000082e00000| Complete 
|  17|0x0000000082f00000, 0x0000000083000000, 0x0000000083000000|100%|HC|  |TAMS 0x0000000082f00000, 0x0000000082f00000| Complete 
|  18|0x0000000083000000, 0x0000000083000000, 0x0000000083100000|  0%| F|  |TAMS 0x0000000083000000, 0x0000000083000000| Untracked 
|  19|0x0000000083100000, 0x0000000083100000, 0x0000000083200000|  0%| F|  |TAMS 0x0000000083100000, 0x0000000083100000| Untracked 
|  20|0x0000000083200000, 0x0000000083200000, 0x0000000083300000|  0%| F|  |TAMS 0x0000000083200000, 0x0000000083200000| Untracked 
|  21|0x0000000083300000, 0x0000000083300000, 0x0000000083400000|  0%| F|  |TAMS 0x0000000083300000, 0x0000000083300000| Untracked 
|  22|0x0000000083400000, 0x0000000083400000, 0x0000000083500000|  0%| F|  |TAMS 0x0000000083400000, 0x0000000083400000| Untracked 
|  23|0x0000000083500000, 0x0000000083500000, 0x0000000083600000|  0%| F|  |TAMS 0x0000000083500000, 0x0000000083500000| Untracked 
|  24|0x0000000083600000, 0x0000000083600000, 0x0000000083700000|  0%| F|  |TAMS 0x0000000083600000, 0x0000000083600000| Untracked 
|  25|0x0000000083700000, 0x0000000083700000, 0x0000000083800000|  0%| F|  |TAMS 0x0000000083700000, 0x0000000083700000| Untracked 
|  26|0x0000000083800000, 0x0000000083800000, 0x0000000083900000|  0%| F|  |TAMS 0x0000000083800000, 0x0000000083800000| Untracked 
|  27|0x0000000083900000, 0x0000000083900000, 0x0000000083a00000|  0%| F|  |TAMS 0x0000000083900000, 0x0000000083900000| Untracked 
|  28|0x0000000083a00000, 0x0000000083a00000, 0x0000000083b00000|  0%| F|  |TAMS 0x0000000083a00000, 0x0000000083a00000| Untracked 
|  29|0x0000000083b00000, 0x0000000083b00000, 0x0000000083c00000|  0%| F|  |TAMS 0x0000000083b00000, 0x0000000083b00000| Untracked 
|  30|0x0000000083c00000, 0x0000000083c00000, 0x0000000083d00000|  0%| F|  |TAMS 0x0000000083c00000, 0x0000000083c00000| Untracked 
|  31|0x0000000083d00000, 0x0000000083d00000, 0x0000000083e00000|  0%| F|  |TAMS 0x0000000083d00000, 0x0000000083d00000| Untracked 
|  32|0x0000000083e00000, 0x0000000083e00000, 0x0000000083f00000|  0%| F|  |TAMS 0x0000000083e00000, 0x0000000083e00000| Untracked 
|  33|0x0000000083f00000, 0x0000000083f00000, 0x0000000084000000|  0%| F|  |TAMS 0x0000000083f00000, 0x0000000083f00000| Untracked 
|  34|0x0000000084000000, 0x0000000084000000, 0x0000000084100000|  0%| F|  |TAMS 0x0000000084000000, 0x0000000084000000| Untracked 
|  35|0x0000000084100000, 0x0000000084100000, 0x0000000084200000|  0%| F|  |TAMS 0x0000000084100000, 0x0000000084100000| Untracked 
|  36|0x0000000084200000, 0x0000000084200000, 0x0000000084300000|  0%| F|  |TAMS 0x0000000084200000, 0x0000000084200000| Untracked 
|  37|0x0000000084300000, 0x0000000084300000, 0x0000000084400000|  0%| F|  |TAMS 0x0000000084300000, 0x0000000084300000| Untracked 
|  38|0x0000000084400000, 0x0000000084400000, 0x0000000084500000|  0%| F|  |TAMS 0x0000000084400000, 0x0000000084400000| Untracked 
|  39|0x0000000084500000, 0x0000000084500000, 0x0000000084600000|  0%| F|  |TAMS 0x0000000084500000, 0x0000000084500000| Untracked 
|  40|0x0000000084600000, 0x0000000084600000, 0x0000000084700000|  0%| F|  |TAMS 0x0000000084600000, 0x0000000084600000| Untracked 
|  41|0x0000000084700000, 0x0000000084700000, 0x0000000084800000|  0%| F|  |TAMS 0x0000000084700000, 0x0000000084700000| Untracked 
|  42|0x0000000084800000, 0x0000000084800000, 0x0000000084900000|  0%| F|  |TAMS 0x0000000084800000, 0x0000000084800000| Untracked 
|  43|0x0000000084900000, 0x0000000084900000, 0x0000000084a00000|  0%| F|  |TAMS 0x0000000084900000, 0x0000000084900000| Untracked 
|  44|0x0000000084a00000, 0x0000000084a00000, 0x0000000084b00000|  0%| F|  |TAMS 0x0000000084a00000, 0x0000000084a00000| Untracked 
|  45|0x0000000084b00000, 0x0000000084b00000, 0x0000000084c00000|  0%| F|  |TAMS 0x0000000084b00000, 0x0000000084b00000| Untracked 
|  46|0x0000000084c00000, 0x0000000084c00000, 0x0000000084d00000|  0%| F|  |TAMS 0x0000000084c00000, 0x0000000084c00000| Untracked 
|  47|0x0000000084d00000, 0x0000000084d00000, 0x0000000084e00000|  0%| F|  |TAMS 0x0000000084d00000, 0x0000000084d00000| Untracked 
|  48|0x0000000084e00000, 0x0000000084e76aa0, 0x0000000084f00000| 46%| S|CS|TAMS 0x0000000084e00000, 0x0000000084e00000| Complete 
|  49|0x0000000084f00000, 0x0000000085000000, 0x0000000085000000|100%| S|CS|TAMS 0x0000000084f00000, 0x0000000084f00000| Complete 
|  50|0x0000000085000000, 0x0000000085100000, 0x0000000085100000|100%| S|CS|TAMS 0x0000000085000000, 0x0000000085000000| Complete 
|  51|0x0000000085100000, 0x0000000085200000, 0x0000000085200000|100%| S|CS|TAMS 0x0000000085100000, 0x0000000085100000| Complete 
|  52|0x0000000085200000, 0x0000000085200000, 0x0000000085300000|  0%| F|  |TAMS 0x0000000085200000, 0x0000000085200000| Untracked 
|  53|0x0000000085300000, 0x0000000085300000, 0x0000000085400000|  0%| F|  |TAMS 0x0000000085300000, 0x0000000085300000| Untracked 
|  54|0x0000000085400000, 0x0000000085400000, 0x0000000085500000|  0%| F|  |TAMS 0x0000000085400000, 0x0000000085400000| Untracked 
|  55|0x0000000085500000, 0x0000000085500000, 0x0000000085600000|  0%| F|  |TAMS 0x0000000085500000, 0x0000000085500000| Untracked 
|  56|0x0000000085600000, 0x0000000085600000, 0x0000000085700000|  0%| F|  |TAMS 0x0000000085600000, 0x0000000085600000| Untracked 
|  57|0x0000000085700000, 0x0000000085700000, 0x0000000085800000|  0%| F|  |TAMS 0x0000000085700000, 0x0000000085700000| Untracked 
|  58|0x0000000085800000, 0x0000000085800000, 0x0000000085900000|  0%| F|  |TAMS 0x0000000085800000, 0x0000000085800000| Untracked 
|  59|0x0000000085900000, 0x0000000085900000, 0x0000000085a00000|  0%| F|  |TAMS 0x0000000085900000, 0x0000000085900000| Untracked 
|  60|0x0000000085a00000, 0x0000000085a00000, 0x0000000085b00000|  0%| F|  |TAMS 0x0000000085a00000, 0x0000000085a00000| Untracked 
|  61|0x0000000085b00000, 0x0000000085b00000, 0x0000000085c00000|  0%| F|  |TAMS 0x0000000085b00000, 0x0000000085b00000| Untracked 
|  62|0x0000000085c00000, 0x0000000085c00000, 0x0000000085d00000|  0%| F|  |TAMS 0x0000000085c00000, 0x0000000085c00000| Untracked 
|  63|0x0000000085d00000, 0x0000000085d00000, 0x0000000085e00000|  0%| F|  |TAMS 0x0000000085d00000, 0x0000000085d00000| Untracked 
|  64|0x0000000085e00000, 0x0000000085e00000, 0x0000000085f00000|  0%| F|  |TAMS 0x0000000085e00000, 0x0000000085e00000| Untracked 
|  65|0x0000000085f00000, 0x0000000085f00000, 0x0000000086000000|  0%| F|  |TAMS 0x0000000085f00000, 0x0000000085f00000| Untracked 
|  66|0x0000000086000000, 0x0000000086000000, 0x0000000086100000|  0%| F|  |TAMS 0x0000000086000000, 0x0000000086000000| Untracked 
|  67|0x0000000086100000, 0x0000000086100000, 0x0000000086200000|  0%| F|  |TAMS 0x0000000086100000, 0x0000000086100000| Untracked 
|  68|0x0000000086200000, 0x0000000086200000, 0x0000000086300000|  0%| F|  |TAMS 0x0000000086200000, 0x0000000086200000| Untracked 
|  69|0x0000000086300000, 0x0000000086300000, 0x0000000086400000|  0%| F|  |TAMS 0x0000000086300000, 0x0000000086300000| Untracked 
|  70|0x0000000086400000, 0x0000000086400000, 0x0000000086500000|  0%| F|  |TAMS 0x0000000086400000, 0x0000000086400000| Untracked 
|  71|0x0000000086500000, 0x0000000086500000, 0x0000000086600000|  0%| F|  |TAMS 0x0000000086500000, 0x0000000086500000| Untracked 
|  72|0x0000000086600000, 0x0000000086600000, 0x0000000086700000|  0%| F|  |TAMS 0x0000000086600000, 0x0000000086600000| Untracked 
|  73|0x0000000086700000, 0x0000000086700000, 0x0000000086800000|  0%| F|  |TAMS 0x0000000086700000, 0x0000000086700000| Untracked 
|  74|0x0000000086800000, 0x0000000086800000, 0x0000000086900000|  0%| F|  |TAMS 0x0000000086800000, 0x0000000086800000| Untracked 
|  75|0x0000000086900000, 0x0000000086900000, 0x0000000086a00000|  0%| F|  |TAMS 0x0000000086900000, 0x0000000086900000| Untracked 
|  76|0x0000000086a00000, 0x0000000086a00000, 0x0000000086b00000|  0%| F|  |TAMS 0x0000000086a00000, 0x0000000086a00000| Untracked 
|  77|0x0000000086b00000, 0x0000000086b00000, 0x0000000086c00000|  0%| F|  |TAMS 0x0000000086b00000, 0x0000000086b00000| Untracked 
|  78|0x0000000086c00000, 0x0000000086c00000, 0x0000000086d00000|  0%| F|  |TAMS 0x0000000086c00000, 0x0000000086c00000| Untracked 
|  79|0x0000000086d00000, 0x0000000086d00000, 0x0000000086e00000|  0%| F|  |TAMS 0x0000000086d00000, 0x0000000086d00000| Untracked 
|  80|0x0000000086e00000, 0x0000000086e00000, 0x0000000086f00000|  0%| F|  |TAMS 0x0000000086e00000, 0x0000000086e00000| Untracked 
|  81|0x0000000086f00000, 0x0000000086f00000, 0x0000000087000000|  0%| F|  |TAMS 0x0000000086f00000, 0x0000000086f00000| Untracked 
|  82|0x0000000087000000, 0x0000000087000000, 0x0000000087100000|  0%| F|  |TAMS 0x0000000087000000, 0x0000000087000000| Untracked 
|  83|0x0000000087100000, 0x0000000087100000, 0x0000000087200000|  0%| F|  |TAMS 0x0000000087100000, 0x0000000087100000| Untracked 
|  84|0x0000000087200000, 0x0000000087200000, 0x0000000087300000|  0%| F|  |TAMS 0x0000000087200000, 0x0000000087200000| Untracked 
|  85|0x0000000087300000, 0x0000000087300000, 0x0000000087400000|  0%| F|  |TAMS 0x0000000087300000, 0x0000000087300000| Untracked 
|  86|0x0000000087400000, 0x0000000087400000, 0x0000000087500000|  0%| F|  |TAMS 0x0000000087400000, 0x0000000087400000| Untracked 
|  87|0x0000000087500000, 0x0000000087500000, 0x0000000087600000|  0%| F|  |TAMS 0x0000000087500000, 0x0000000087500000| Untracked 
|  88|0x0000000087600000, 0x0000000087600000, 0x0000000087700000|  0%| F|  |TAMS 0x0000000087600000, 0x0000000087600000| Untracked 
|  89|0x0000000087700000, 0x0000000087700000, 0x0000000087800000|  0%| F|  |TAMS 0x0000000087700000, 0x0000000087700000| Untracked 
|  90|0x0000000087800000, 0x0000000087800000, 0x0000000087900000|  0%| F|  |TAMS 0x0000000087800000, 0x0000000087800000| Untracked 
|  91|0x0000000087900000, 0x0000000087900000, 0x0000000087a00000|  0%| F|  |TAMS 0x0000000087900000, 0x0000000087900000| Untracked 
|  92|0x0000000087a00000, 0x0000000087a00000, 0x0000000087b00000|  0%| F|  |TAMS 0x0000000087a00000, 0x0000000087a00000| Untracked 
|  93|0x0000000087b00000, 0x0000000087b00000, 0x0000000087c00000|  0%| F|  |TAMS 0x0000000087b00000, 0x0000000087b00000| Untracked 
|  94|0x0000000087c00000, 0x0000000087c00000, 0x0000000087d00000|  0%| F|  |TAMS 0x0000000087c00000, 0x0000000087c00000| Untracked 
|  95|0x0000000087d00000, 0x0000000087d00000, 0x0000000087e00000|  0%| F|  |TAMS 0x0000000087d00000, 0x0000000087d00000| Untracked 
|  96|0x0000000087e00000, 0x0000000087e00000, 0x0000000087f00000|  0%| F|  |TAMS 0x0000000087e00000, 0x0000000087e00000| Untracked 
|  97|0x0000000087f00000, 0x0000000087f00000, 0x0000000088000000|  0%| F|  |TAMS 0x0000000087f00000, 0x0000000087f00000| Untracked 
|  98|0x0000000088000000, 0x0000000088000000, 0x0000000088100000|  0%| F|  |TAMS 0x0000000088000000, 0x0000000088000000| Untracked 
|  99|0x0000000088100000, 0x0000000088100000, 0x0000000088200000|  0%| F|  |TAMS 0x0000000088100000, 0x0000000088100000| Untracked 
| 100|0x0000000088200000, 0x0000000088200000, 0x0000000088300000|  0%| F|  |TAMS 0x0000000088200000, 0x0000000088200000| Untracked 
| 101|0x0000000088300000, 0x0000000088300000, 0x0000000088400000|  0%| F|  |TAMS 0x0000000088300000, 0x0000000088300000| Untracked 
| 102|0x0000000088400000, 0x0000000088400000, 0x0000000088500000|  0%| F|  |TAMS 0x0000000088400000, 0x0000000088400000| Untracked 
| 103|0x0000000088500000, 0x0000000088500000, 0x0000000088600000|  0%| F|  |TAMS 0x0000000088500000, 0x0000000088500000| Untracked 
| 104|0x0000000088600000, 0x0000000088600000, 0x0000000088700000|  0%| F|  |TAMS 0x0000000088600000, 0x0000000088600000| Untracked 
| 105|0x0000000088700000, 0x0000000088700000, 0x0000000088800000|  0%| F|  |TAMS 0x0000000088700000, 0x0000000088700000| Untracked 
| 106|0x0000000088800000, 0x0000000088800000, 0x0000000088900000|  0%| F|  |TAMS 0x0000000088800000, 0x0000000088800000| Untracked 
| 107|0x0000000088900000, 0x0000000088900000, 0x0000000088a00000|  0%| F|  |TAMS 0x0000000088900000, 0x0000000088900000| Untracked 
| 108|0x0000000088a00000, 0x0000000088a00000, 0x0000000088b00000|  0%| F|  |TAMS 0x0000000088a00000, 0x0000000088a00000| Untracked 
| 109|0x0000000088b00000, 0x0000000088b00000, 0x0000000088c00000|  0%| F|  |TAMS 0x0000000088b00000, 0x0000000088b00000| Untracked 
| 110|0x0000000088c00000, 0x0000000088c00000, 0x0000000088d00000|  0%| F|  |TAMS 0x0000000088c00000, 0x0000000088c00000| Untracked 
| 111|0x0000000088d00000, 0x0000000088d00000, 0x0000000088e00000|  0%| F|  |TAMS 0x0000000088d00000, 0x0000000088d00000| Untracked 
| 112|0x0000000088e00000, 0x0000000088e00000, 0x0000000088f00000|  0%| F|  |TAMS 0x0000000088e00000, 0x0000000088e00000| Untracked 
| 113|0x0000000088f00000, 0x0000000088f00000, 0x0000000089000000|  0%| F|  |TAMS 0x0000000088f00000, 0x0000000088f00000| Untracked 
| 114|0x0000000089000000, 0x0000000089000000, 0x0000000089100000|  0%| F|  |TAMS 0x0000000089000000, 0x0000000089000000| Untracked 
| 115|0x0000000089100000, 0x0000000089100000, 0x0000000089200000|  0%| F|  |TAMS 0x0000000089100000, 0x0000000089100000| Untracked 
| 116|0x0000000089200000, 0x0000000089200000, 0x0000000089300000|  0%| F|  |TAMS 0x0000000089200000, 0x0000000089200000| Untracked 
| 117|0x0000000089300000, 0x0000000089300000, 0x0000000089400000|  0%| F|  |TAMS 0x0000000089300000, 0x0000000089300000| Untracked 
| 118|0x0000000089400000, 0x00000000894f5f68, 0x0000000089500000| 96%| E|  |TAMS 0x0000000089400000, 0x0000000089400000| Complete 
| 119|0x0000000089500000, 0x0000000089600000, 0x0000000089600000|100%| E|CS|TAMS 0x0000000089500000, 0x0000000089500000| Complete 
| 120|0x0000000089600000, 0x0000000089700000, 0x0000000089700000|100%| E|CS|TAMS 0x0000000089600000, 0x0000000089600000| Complete 
| 121|0x0000000089700000, 0x0000000089800000, 0x0000000089800000|100%| E|CS|TAMS 0x0000000089700000, 0x0000000089700000| Complete 
| 122|0x0000000089800000, 0x0000000089900000, 0x0000000089900000|100%| E|  |TAMS 0x0000000089800000, 0x0000000089800000| Complete 
| 123|0x0000000089900000, 0x0000000089a00000, 0x0000000089a00000|100%| E|CS|TAMS 0x0000000089900000, 0x0000000089900000| Complete 
| 124|0x0000000089a00000, 0x0000000089b00000, 0x0000000089b00000|100%| E|CS|TAMS 0x0000000089a00000, 0x0000000089a00000| Complete 
| 125|0x0000000089b00000, 0x0000000089c00000, 0x0000000089c00000|100%| E|CS|TAMS 0x0000000089b00000, 0x0000000089b00000| Complete 
| 126|0x0000000089c00000, 0x0000000089d00000, 0x0000000089d00000|100%| E|CS|TAMS 0x0000000089c00000, 0x0000000089c00000| Complete 
| 127|0x0000000089d00000, 0x0000000089e00000, 0x0000000089e00000|100%| E|CS|TAMS 0x0000000089d00000, 0x0000000089d00000| Complete 

Card table byte_map: [0x0000024b7d600000,0x0000024b7da00000] _byte_map_base: 0x0000024b7d1f1000

Marking Bits (Prev, Next): (CMBitMap*) 0x0000024b7ce620a0, (CMBitMap*) 0x0000024b7ce620e0
 Prev Bits: [0x0000024b7de00000, 0x0000024b7fd88000)
 Next Bits: [0x0000024b16ea0000, 0x0000024b18e28000)

Polling page: 0x0000024b7c5d0000

Metaspace:

Usage:
  Non-class:      7.85 MB used.
      Class:    904.38 KB used.
       Both:      8.73 MB used.

Virtual space:
  Non-class space:       64.00 MB reserved,       7.94 MB ( 12%) committed,  1 nodes.
      Class space:        1.00 GB reserved,       1.00 MB ( <1%) committed,  1 nodes.
             Both:        1.06 GB reserved,       8.94 MB ( <1%) committed. 

Chunk freelists:
   Non-Class:  3.82 MB
       Class:  2.97 MB
        Both:  6.79 MB

MaxMetaspaceSize: unlimited
CompressedClassSpaceSize: 1.00 GB
Initial GC threshold: 21.00 MB
Current GC threshold: 21.00 MB
CDS: on
MetaspaceReclaimPolicy: balanced
 - commit_granule_bytes: 65536.
 - commit_granule_words: 8192.
 - virtual_space_node_default_size: 8388608.
 - enlarge_chunks_in_place: 1.
 - new_chunks_are_fully_committed: 0.
 - uncommit_free_chunks: 1.
 - use_allocation_guard: 0.


Internal statistics:

num_allocs_failed_limit: 0.
num_arena_births: 238.
num_arena_deaths: 0.
num_vsnodes_births: 2.
num_vsnodes_deaths: 0.
num_space_committed: 143.
num_space_uncommitted: 0.
num_chunks_returned_to_freelist: 0.
num_chunks_taken_from_freelist: 316.
num_chunk_merges: 0.
num_chunk_splits: 217.
num_chunks_enlarged: 140.
num_inconsistent_stats: 0.

CodeHeap 'non-profiled nmethods': size=120000Kb used=1407Kb max_used=1407Kb free=118592Kb
 bounds [0x0000024b0f970000, 0x0000024b0fbe0000, 0x0000024b16ea0000]
CodeHeap 'profiled nmethods': size=120000Kb used=4316Kb max_used=4316Kb free=115683Kb
 bounds [0x0000024b07ea0000, 0x0000024b082e0000, 0x0000024b0f3d0000]
CodeHeap 'non-nmethods': size=5760Kb used=1377Kb max_used=1450Kb free=4382Kb
 bounds [0x0000024b0f3d0000, 0x0000024b0f640000, 0x0000024b0f970000]
 total_blobs=2881 nmethods=2256 adapters=534
 compilation: enabled
              stopped_count=0, restarted_count=0
 full_count=0

Compilation events (20 events):
Event: 110.243 Thread 0x0000024b1b6469a0 nmethod 2249 0x0000024b0facf410 code [0x0000024b0facf5a0, 0x0000024b0facf658]
Event: 110.243 Thread 0x0000024b1b6469a0 2250       1       sun.awt.Win32GraphicsDevice::getScreen (5 bytes)
Event: 110.243 Thread 0x0000024b1b6469a0 nmethod 2250 0x0000024b0facf710 code [0x0000024b0facf8a0, 0x0000024b0facf958]
Event: 110.247 Thread 0x0000024b1b6469a0 2251       3       sun.awt.windows.WComponentPeer::getDeviceColorModel (19 bytes)
Event: 110.248 Thread 0x0000024b1b6469a0 nmethod 2251 0x0000024b082d3890 code [0x0000024b082d3a80, 0x0000024b082d42e8]
Event: 110.248 Thread 0x0000024b1b6469a0 2252       3       sun.awt.Win32GraphicsConfig::getDeviceColorModel (8 bytes)
Event: 110.248 Thread 0x0000024b1b6469a0 nmethod 2252 0x0000024b082d4510 code [0x0000024b082d46c0, 0x0000024b082d49a8]
Event: 110.248 Thread 0x0000024b1b6469a0 2253       3       sun.awt.Win32GraphicsDevice::getDynamicColorModel (25 bytes)
Event: 110.248 Thread 0x0000024b1b6469a0 nmethod 2253 0x0000024b082d4a90 code [0x0000024b082d4c40, 0x0000024b082d4e28]
Event: 110.273 Thread 0x0000024b1b63c010 2254   !   4       CSAI.unipa.SGolog.sGologClient::invoke (323 bytes)
Event: 110.290 Thread 0x0000024b1b6469a0 2256       1       java.awt.Container::isFocusTraversalPolicyProvider (5 bytes)
Event: 110.290 Thread 0x0000024b1b6469a0 nmethod 2256 0x0000024b0facfa10 code [0x0000024b0facfba0, 0x0000024b0facfc78]
Event: 110.291 Thread 0x0000024b1b6469a0 2257       3       java.util.ArrayList::isEmpty (13 bytes)
Event: 110.292 Thread 0x0000024b1b6469a0 nmethod 2257 0x0000024b082d4f10 code [0x0000024b082d50a0, 0x0000024b082d5218]
Event: 110.292 Thread 0x0000024b1b6469a0 2258       3       java.beans.PropertyChangeSupport::firePropertyChange (81 bytes)
Event: 110.293 Thread 0x0000024b1b6469a0 nmethod 2258 0x0000024b082d5290 code [0x0000024b082d5500, 0x0000024b082d6228]
Event: 110.293 Thread 0x0000024b1b6469a0 2259       3       java.util.LinkedList::<init> (10 bytes)
Event: 110.293 Thread 0x0000024b1b6469a0 nmethod 2259 0x0000024b082d6610 code [0x0000024b082d67c0, 0x0000024b082d6a58]
Event: 110.293 Thread 0x0000024b1b6469a0 2260       3       java.util.AbstractSequentialList::<init> (5 bytes)
Event: 110.293 Thread 0x0000024b1b6469a0 nmethod 2260 0x0000024b082d6b90 code [0x0000024b082d6d40, 0x0000024b082d6f78]

GC Heap History (14 events):
Event: 1.754 GC heap before
{Heap before GC invocations=0 (full 0):
 garbage-first heap   total 131072K, used 24576K [0x0000000081e00000, 0x0000000100000000)
  region size 1024K, 23 young (23552K), 0 survivors (0K)
 Metaspace       used 7975K, committed 8256K, reserved 1114112K
  class space    used 871K, committed 960K, reserved 1048576K
}
Event: 1.760 GC heap after
{Heap after GC invocations=1 (full 0):
 garbage-first heap   total 131072K, used 5771K [0x0000000081e00000, 0x0000000100000000)
  region size 1024K, 3 young (3072K), 3 survivors (3072K)
 Metaspace       used 7975K, committed 8256K, reserved 1114112K
  class space    used 871K, committed 960K, reserved 1048576K
}
Event: 2.514 GC heap before
{Heap before GC invocations=1 (full 0):
 garbage-first heap   total 131072K, used 39563K [0x0000000081e00000, 0x0000000100000000)
  region size 1024K, 34 young (34816K), 3 survivors (3072K)
 Metaspace       used 8242K, committed 8512K, reserved 1114112K
  class space    used 890K, committed 1024K, reserved 1048576K
}
Event: 2.520 GC heap after
{Heap after GC invocations=2 (full 0):
 garbage-first heap   total 131072K, used 11004K [0x0000000081e00000, 0x0000000100000000)
  region size 1024K, 3 young (3072K), 3 survivors (3072K)
 Metaspace       used 8242K, committed 8512K, reserved 1114112K
  class space    used 890K, committed 1024K, reserved 1048576K
}
Event: 44.301 GC heap before
{Heap before GC invocations=2 (full 0):
 garbage-first heap   total 131072K, used 85756K [0x0000000081e00000, 0x0000000100000000)
  region size 1024K, 76 young (77824K), 3 survivors (3072K)
 Metaspace       used 8619K, committed 8896K, reserved 1114112K
  class space    used 899K, committed 1024K, reserved 1048576K
}
Event: 44.304 GC heap after
{Heap after GC invocations=3 (full 0):
 garbage-first heap   total 131072K, used 10989K [0x0000000081e00000, 0x0000000100000000)
  region size 1024K, 3 young (3072K), 3 survivors (3072K)
 Metaspace       used 8619K, committed 8896K, reserved 1114112K
  class space    used 899K, committed 1024K, reserved 1048576K
}
Event: 47.264 GC heap before
{Heap before GC invocations=3 (full 0):
 garbage-first heap   total 131072K, used 85741K [0x0000000081e00000, 0x0000000100000000)
  region size 1024K, 76 young (77824K), 3 survivors (3072K)
 Metaspace       used 8842K, committed 9088K, reserved 1114112K
  class space    used 900K, committed 1024K, reserved 1048576K
}
Event: 47.266 GC heap after
{Heap after GC invocations=4 (full 0):
 garbage-first heap   total 131072K, used 10743K [0x0000000081e00000, 0x0000000100000000)
  region size 1024K, 2 young (2048K), 2 survivors (2048K)
 Metaspace       used 8842K, committed 9088K, reserved 1114112K
  class space    used 900K, committed 1024K, reserved 1048576K
}
Event: 60.309 GC heap before
{Heap before GC invocations=4 (full 0):
 garbage-first heap   total 131072K, used 90615K [0x0000000081e00000, 0x0000000100000000)
  region size 1024K, 76 young (77824K), 2 survivors (2048K)
 Metaspace       used 8902K, committed 9152K, reserved 1114112K
  class space    used 903K, committed 1024K, reserved 1048576K
}
Event: 60.313 GC heap after
{Heap after GC invocations=5 (full 0):
 garbage-first heap   total 131072K, used 17892K [0x0000000081e00000, 0x0000000100000000)
  region size 1024K, 4 young (4096K), 4 survivors (4096K)
 Metaspace       used 8902K, committed 9152K, reserved 1114112K
  class space    used 903K, committed 1024K, reserved 1048576K
}
Event: 64.804 GC heap before
{Heap before GC invocations=5 (full 0):
 garbage-first heap   total 131072K, used 91620K [0x0000000081e00000, 0x0000000100000000)
  region size 1024K, 76 young (77824K), 4 survivors (4096K)
 Metaspace       used 8904K, committed 9152K, reserved 1114112K
  class space    used 903K, committed 1024K, reserved 1048576K
}
Event: 64.807 GC heap after
{Heap after GC invocations=6 (full 0):
 garbage-first heap   total 131072K, used 16875K [0x0000000081e00000, 0x0000000100000000)
  region size 1024K, 4 young (4096K), 4 survivors (4096K)
 Metaspace       used 8904K, committed 9152K, reserved 1114112K
  class space    used 903K, committed 1024K, reserved 1048576K
}
Event: 110.267 GC heap before
{Heap before GC invocations=6 (full 0):
 garbage-first heap   total 131072K, used 93675K [0x0000000081e00000, 0x0000000100000000)
  region size 1024K, 76 young (77824K), 4 survivors (4096K)
 Metaspace       used 8935K, committed 9152K, reserved 1114112K
  class space    used 904K, committed 1024K, reserved 1048576K
}
Event: 110.270 GC heap after
{Heap after GC invocations=7 (full 0):
 garbage-first heap   total 131072K, used 20630K [0x0000000081e00000, 0x0000000100000000)
  region size 1024K, 4 young (4096K), 4 survivors (4096K)
 Metaspace       used 8935K, committed 9152K, reserved 1114112K
  class space    used 904K, committed 1024K, reserved 1048576K
}

Dll operation events (12 events):
Event: 0.012 Loaded shared library C:\Program Files\Java\jdk-19\bin\java.dll
Event: 0.030 Loaded shared library C:\Program Files\Java\jdk-19\bin\jsvml.dll
Event: 0.098 Loaded shared library C:\Program Files\Java\jdk-19\bin\net.dll
Event: 0.102 Loaded shared library C:\Program Files\Java\jdk-19\bin\nio.dll
Event: 0.108 Loaded shared library C:\Program Files\Java\jdk-19\bin\zip.dll
Event: 0.124 Loaded shared library C:\Program Files\Java\jdk-19\bin\verify.dll
Event: 0.142 Loaded shared library C:\Program Files\Java\jdk-19\bin\jimage.dll
Event: 0.175 Loaded shared library C:\Program Files\Java\jdk-19\bin\awt.dll
Event: 0.353 Loaded shared library C:\Program Files\Java\jdk-19\bin\freetype.dll
Event: 0.355 Loaded shared library C:\Program Files\Java\jdk-19\bin\fontmanager.dll
Event: 1.371 Loaded shared library C:\TeamBots\eclipse_basic\lib\x86_64_nt\ec_java_load.dll
Event: 1.374 Loaded shared library C:\TeamBots\eclipse_basic\lib\x86_64_nt\ec_java.dll

Deoptimization events (20 events):
Event: 57.548 Thread 0x0000024b1fba8f00 DEOPT PACKING pc=0x0000024b0fa302cc sp=0x00000056b21fea50
Event: 57.548 Thread 0x0000024b1fba8f00 DEOPT UNPACKING pc=0x0000024b0f436da3 sp=0x00000056b21fe9f0 mode 2
Event: 57.560 Thread 0x0000024b1fba8f00 Uncommon trap: trap_request=0xffffffde fr.pc=0x0000024b0fa43dcc relative=0x000000000000016c
Event: 57.560 Thread 0x0000024b1fba8f00 Uncommon trap: reason=class_check action=maybe_recompile pc=0x0000024b0fa43dcc method=sun.java2d.SunGraphics2D.drawRect(IIII)V @ 10 c2
Event: 57.560 Thread 0x0000024b1fba8f00 DEOPT PACKING pc=0x0000024b0fa43dcc sp=0x00000056b21fe100
Event: 57.560 Thread 0x0000024b1fba8f00 DEOPT UNPACKING pc=0x0000024b0f436da3 sp=0x00000056b21fe0a0 mode 2
Event: 59.646 Thread 0x0000024b1fba29c0 DEOPT PACKING pc=0x0000024b08247afa sp=0x00000056b20fe7a0
Event: 59.646 Thread 0x0000024b1fba29c0 DEOPT UNPACKING pc=0x0000024b0f437543 sp=0x00000056b20fdc70 mode 0
Event: 63.132 Thread 0x0000024b1fba29c0 DEOPT PACKING pc=0x0000024b081d09da sp=0x00000056b20fef60
Event: 63.132 Thread 0x0000024b1fba29c0 DEOPT UNPACKING pc=0x0000024b0f437543 sp=0x00000056b20fe428 mode 0
Event: 64.848 Thread 0x0000024b1fba29c0 DEOPT PACKING pc=0x0000024b082672a1 sp=0x00000056b20fe910
Event: 64.848 Thread 0x0000024b1fba29c0 DEOPT UNPACKING pc=0x0000024b0f437543 sp=0x00000056b20fdd90 mode 0
Event: 109.992 Thread 0x0000024b1fba8f00 DEOPT PACKING pc=0x0000024b08288707 sp=0x00000056b21fe860
Event: 109.992 Thread 0x0000024b1fba8f00 DEOPT UNPACKING pc=0x0000024b0f437543 sp=0x00000056b21fdd70 mode 0
Event: 110.273 Thread 0x0000024b1fba8f00 DEOPT PACKING pc=0x0000024b0828869f sp=0x00000056b21fe860
Event: 110.273 Thread 0x0000024b1fba8f00 DEOPT UNPACKING pc=0x0000024b0f437543 sp=0x00000056b21fdd78 mode 0
Event: 110.296 Thread 0x0000024b1fba8f00 Uncommon trap: trap_request=0xffffffde fr.pc=0x0000024b0fa43dcc relative=0x000000000000016c
Event: 110.297 Thread 0x0000024b1fba8f00 Uncommon trap: reason=class_check action=maybe_recompile pc=0x0000024b0fa43dcc method=sun.java2d.SunGraphics2D.drawRect(IIII)V @ 10 c2
Event: 110.297 Thread 0x0000024b1fba8f00 DEOPT PACKING pc=0x0000024b0fa43dcc sp=0x00000056b21fe3c0
Event: 110.297 Thread 0x0000024b1fba8f00 DEOPT UNPACKING pc=0x0000024b0f436da3 sp=0x00000056b21fe360 mode 2

Classes loaded (20 events):
Event: 2.192 Loading class java/awt/Event
Event: 2.192 Loading class java/awt/Event done
Event: 3.022 Loading class java/awt/Scrollbar
Event: 3.022 Loading class java/awt/Adjustable
Event: 3.022 Loading class java/awt/Adjustable done
Event: 3.022 Loading class java/awt/Scrollbar done
Event: 3.149 Loading class sun/awt/windows/WButtonPeer$1
Event: 3.149 Loading class sun/awt/windows/WButtonPeer$1 done
Event: 3.150 Loading class sun/awt/SunToolkit$2
Event: 3.150 Loading class sun/awt/SunToolkit$2 done
Event: 56.694 Loading class java/awt/Window$1DisposeAction
Event: 56.694 Loading class java/awt/Window$1DisposeAction done
Event: 56.699 Loading class java/awt/LightweightDispatcher$2
Event: 56.699 Loading class java/awt/LightweightDispatcher$2 done
Event: 56.700 Loading class java/awt/event/AWTEventListenerProxy
Event: 56.700 Loading class java/awt/event/AWTEventListenerProxy done
Event: 56.700 Loading class java/awt/Toolkit$ToolkitEventMulticaster
Event: 56.700 Loading class java/awt/Toolkit$ToolkitEventMulticaster done
Event: 84.711 Loading class java/security/DomainCombiner
Event: 84.711 Loading class java/security/DomainCombiner done

Classes unloaded (0 events):
No events

Classes redefined (0 events):
No events

Internal exceptions (20 events):
Event: 67.835 Thread 0x0000024b1fba29c0 Exception <a 'java/lang/ClassCastException'{0x00000000870df818}> (0x00000000870df818) 
thrown [s\open\src\hotspot\share\runtime\sharedRuntime.cpp, line 630]
Event: 67.835 Thread 0x0000024b1fba29c0 Exception <a 'java/lang/ClassCastException'{0x00000000870dfc28}> (0x00000000870dfc28) 
thrown [s\open\src\hotspot\share\runtime\sharedRuntime.cpp, line 630]
Event: 67.865 Thread 0x0000024b1fba29c0 Exception <a 'java/lang/ClassCastException'{0x0000000086f28ac8}> (0x0000000086f28ac8) 
thrown [s\open\src\hotspot\share\runtime\sharedRuntime.cpp, line 630]
Event: 67.889 Thread 0x0000024b1fba29c0 Exception <a 'java/lang/ClassCastException'{0x0000000086f2bd88}> (0x0000000086f2bd88) 
thrown [s\open\src\hotspot\share\runtime\sharedRuntime.cpp, line 630]
Event: 67.889 Thread 0x0000024b1fba29c0 Exception <a 'java/lang/ClassCastException'{0x0000000086f2c198}> (0x0000000086f2c198) 
thrown [s\open\src\hotspot\share\runtime\sharedRuntime.cpp, line 630]
Event: 67.923 Thread 0x0000024b1fba29c0 Exception <a 'java/lang/ClassCastException'{0x0000000086f71660}> (0x0000000086f71660) 
thrown [s\open\src\hotspot\share\runtime\sharedRuntime.cpp, line 630]
Event: 67.939 Thread 0x0000024b1fba29c0 Exception <a 'java/lang/ClassCastException'{0x0000000086f74928}> (0x0000000086f74928) 
thrown [s\open\src\hotspot\share\runtime\sharedRuntime.cpp, line 630]
Event: 67.939 Thread 0x0000024b1fba29c0 Exception <a 'java/lang/ClassCastException'{0x0000000086f74d38}> (0x0000000086f74d38) 
thrown [s\open\src\hotspot\share\runtime\sharedRuntime.cpp, line 630]
Event: 67.973 Thread 0x0000024b1fba29c0 Exception <a 'java/lang/ClassCastException'{0x0000000086fbc690}> (0x0000000086fbc690) 
thrown [s\open\src\hotspot\share\runtime\sharedRuntime.cpp, line 630]
Event: 67.990 Thread 0x0000024b1fba29c0 Exception <a 'java/lang/ClassCastException'{0x0000000086fbf988}> (0x0000000086fbf988) 
thrown [s\open\src\hotspot\share\runtime\sharedRuntime.cpp, line 630]
Event: 67.990 Thread 0x0000024b1fba29c0 Exception <a 'java/lang/ClassCastException'{0x0000000086fbfd98}> (0x0000000086fbfd98) 
thrown [s\open\src\hotspot\share\runtime\sharedRuntime.cpp, line 630]
Event: 68.033 Thread 0x0000024b1fba29c0 Exception <a 'java/lang/ClassCastException'{0x0000000086e079c0}> (0x0000000086e079c0) 
thrown [s\open\src\hotspot\share\runtime\sharedRuntime.cpp, line 630]
Event: 68.050 Thread 0x0000024b1fba29c0 Exception <a 'java/lang/ClassCastException'{0x0000000086e0acb8}> (0x0000000086e0acb8) 
thrown [s\open\src\hotspot\share\runtime\sharedRuntime.cpp, line 630]
Event: 68.050 Thread 0x0000024b1fba29c0 Exception <a 'java/lang/ClassCastException'{0x0000000086e0b0c8}> (0x0000000086e0b0c8) 
thrown [s\open\src\hotspot\share\runtime\sharedRuntime.cpp, line 630]
Event: 68.087 Thread 0x0000024b1fba29c0 Exception <a 'java/lang/ClassCastException'{0x0000000086e54ba8}> (0x0000000086e54ba8) 
thrown [s\open\src\hotspot\share\runtime\sharedRuntime.cpp, line 630]
Event: 68.110 Thread 0x0000024b1fba29c0 Exception <a 'java/lang/ClassCastException'{0x0000000086e57ea0}> (0x0000000086e57ea0) 
thrown [s\open\src\hotspot\share\runtime\sharedRuntime.cpp, line 630]
Event: 68.111 Thread 0x0000024b1fba29c0 Exception <a 'java/lang/ClassCastException'{0x0000000086e582b0}> (0x0000000086e582b0) 
thrown [s\open\src\hotspot\share\runtime\sharedRuntime.cpp, line 630]
Event: 68.143 Thread 0x0000024b1fba29c0 Exception <a 'java/lang/ClassCastException'{0x0000000086e9fb58}> (0x0000000086e9fb58) 
thrown [s\open\src\hotspot\share\runtime\sharedRuntime.cpp, line 630]
Event: 68.157 Thread 0x0000024b1fba29c0 Exception <a 'java/lang/ClassCastException'{0x0000000086ea2e48}> (0x0000000086ea2e48) 
thrown [s\open\src\hotspot\share\runtime\sharedRuntime.cpp, line 630]
Event: 68.157 Thread 0x0000024b1fba29c0 Exception <a 'java/lang/ClassCastException'{0x0000000086ea3258}> (0x0000000086ea3258) 
thrown [s\open\src\hotspot\share\runtime\sharedRuntime.cpp, line 630]

VM Operations (20 events):
Event: 64.804 Executing VM operation: G1CollectForAllocation
Event: 64.807 Executing VM operation: G1CollectForAllocation done
Event: 65.807 Executing VM operation: Cleanup
Event: 65.808 Executing VM operation: Cleanup done
Event: 66.808 Executing VM operation: Cleanup
Event: 66.809 Executing VM operation: Cleanup done
Event: 67.809 Executing VM operation: Cleanup
Event: 67.809 Executing VM operation: Cleanup done
Event: 68.809 Executing VM operation: Cleanup
Event: 68.810 Executing VM operation: Cleanup done
Event: 74.813 Executing VM operation: Cleanup
Event: 74.813 Executing VM operation: Cleanup done
Event: 78.815 Executing VM operation: Cleanup
Event: 78.816 Executing VM operation: Cleanup done
Event: 98.827 Executing VM operation: Cleanup
Event: 98.827 Executing VM operation: Cleanup done
Event: 109.833 Executing VM operation: Cleanup
Event: 109.833 Executing VM operation: Cleanup done
Event: 110.267 Executing VM operation: G1CollectForAllocation
Event: 110.270 Executing VM operation: G1CollectForAllocation done

Events (20 events):
Event: 0.447 Thread 0x0000024b1fbd6b10 Thread added: 0x0000024b1fbd6b10
Event: 0.496 Thread 0x0000024b1fbd7630 Thread added: 0x0000024b1fbd7630
Event: 0.892 Thread 0x0000024b1fbd7630 Thread exited: 0x0000024b1fbd7630
Event: 1.524 Thread 0x0000024b1fbd6b10 Thread exited: 0x0000024b1fbd6b10
Event: 1.769 Thread 0x0000024b1fbd6b10 Thread added: 0x0000024b1fbd6b10
Event: 1.769 Thread 0x0000024b1fbd7bc0 Thread added: 0x0000024b1fbd7bc0
Event: 1.924 Thread 0x0000024b1fbd7bc0 Thread exited: 0x0000024b1fbd7bc0
Event: 2.052 Thread 0x0000024b1fbd6b10 Thread exited: 0x0000024b1fbd6b10
Event: 2.098 Thread 0x0000024b1fbd54d0 Thread added: 0x0000024b1fbd54d0
Event: 2.101 Thread 0x0000024b1fbd5a60 Thread added: 0x0000024b1fbd5a60
Event: 2.178 Thread 0x0000024b7cdfde50 Thread exited: 0x0000024b7cdfde50
Event: 2.178 Thread 0x0000024b7cdfde50 Thread added: 0x0000024b7cdfde50
Event: 2.437 Thread 0x0000024b1fbd5a60 Thread exited: 0x0000024b1fbd5a60
Event: 2.577 Thread 0x0000024b1fbd54d0 Thread exited: 0x0000024b1fbd54d0
Event: 56.711 Thread 0x0000024b1fbd5ff0 Thread added: 0x0000024b1fbd5ff0
Event: 56.712 Thread 0x0000024b1fbd70a0 Thread added: 0x0000024b1fbd70a0
Event: 56.916 Thread 0x0000024b1fbd70a0 Thread exited: 0x0000024b1fbd70a0
Event: 57.073 Thread 0x0000024b1fbd5ff0 Thread exited: 0x0000024b1fbd5ff0
Event: 57.262 Thread 0x0000024b1fbd7bc0 Thread added: 0x0000024b1fbd7bc0
Event: 57.505 Thread 0x0000024b1fbd7bc0 Thread exited: 0x0000024b1fbd7bc0


Dynamic libraries:
0x00007ff6f6cc0000 - 0x00007ff6f6cd0000 	C:\Program Files\Java\jdk-19\bin\java.exe
0x00007ffd32b80000 - 0x00007ffd32d89000 	C:\WINDOWS\SYSTEM32\ntdll.dll
0x00007ffd31d90000 - 0x00007ffd31e4e000 	C:\WINDOWS\System32\KERNEL32.DLL
0x00007ffd30050000 - 0x00007ffd303cb000 	C:\WINDOWS\System32\KERNELBASE.dll
0x00007ffd30470000 - 0x00007ffd30581000 	C:\WINDOWS\System32\ucrtbase.dll
0x00007ffd2b9c0000 - 0x00007ffd2b9db000 	C:\Program Files\Java\jdk-19\bin\VCRUNTIME140.dll
0x00007ffd2b9a0000 - 0x00007ffd2b9b8000 	C:\Program Files\Java\jdk-19\bin\jli.dll
0x00007ffd31530000 - 0x00007ffd315de000 	C:\WINDOWS\System32\ADVAPI32.dll
0x00007ffd32780000 - 0x00007ffd32823000 	C:\WINDOWS\System32\msvcrt.dll
0x00007ffd31ff0000 - 0x00007ffd3208e000 	C:\WINDOWS\System32\sechost.dll
0x00007ffd329a0000 - 0x00007ffd32ac0000 	C:\WINDOWS\System32\RPCRT4.dll
0x00007ffd30ad0000 - 0x00007ffd30c7d000 	C:\WINDOWS\System32\USER32.dll
0x00007ffd1b1b0000 - 0x00007ffd1b455000 	C:\WINDOWS\WinSxS\amd64_microsoft.windows.common-controls_6595b64144ccf1df_6.0.22000.120_none_9d947278b86cc467\COMCTL32.dll
0x00007ffd303d0000 - 0x00007ffd303f6000 	C:\WINDOWS\System32\win32u.dll
0x00007ffd32830000 - 0x00007ffd32859000 	C:\WINDOWS\System32\GDI32.dll
0x00007ffd30820000 - 0x00007ffd30938000 	C:\WINDOWS\System32\gdi32full.dll
0x00007ffd30590000 - 0x00007ffd3062d000 	C:\WINDOWS\System32\msvcp_win.dll
0x00007ffd2ee80000 - 0x00007ffd2ee8a000 	C:\WINDOWS\SYSTEM32\VERSION.dll
0x00007ffd315f0000 - 0x00007ffd31622000 	C:\WINDOWS\System32\IMM32.DLL
0x00007ffd2c4c0000 - 0x00007ffd2c4cc000 	C:\Program Files\Java\jdk-19\bin\vcruntime140_1.dll
0x00007ffd29bf0000 - 0x00007ffd29c7e000 	C:\Program Files\Java\jdk-19\bin\msvcp140.dll
0x00007ffcb0660000 - 0x00007ffcb1320000 	C:\Program Files\Java\jdk-19\bin\server\jvm.dll
0x00007ffd29ab0000 - 0x00007ffd29ab9000 	C:\WINDOWS\SYSTEM32\WSOCK32.dll
0x00007ffd28470000 - 0x00007ffd284a3000 	C:\WINDOWS\SYSTEM32\WINMM.dll
0x00007ffd32090000 - 0x00007ffd320ff000 	C:\WINDOWS\System32\WS2_32.dll
0x00007ffd2f1c0000 - 0x00007ffd2f1d8000 	C:\WINDOWS\SYSTEM32\kernel.appcore.dll
0x00007ffd2c450000 - 0x00007ffd2c45a000 	C:\Program Files\Java\jdk-19\bin\jimage.dll
0x00007ffd2da20000 - 0x00007ffd2dc41000 	C:\WINDOWS\SYSTEM32\DBGHELP.DLL
0x00007ffd1bf80000 - 0x00007ffd1bfb1000 	C:\WINDOWS\SYSTEM32\dbgcore.DLL
0x00007ffd30630000 - 0x00007ffd306af000 	C:\WINDOWS\System32\bcryptPrimitives.dll
0x00007ffd2a070000 - 0x00007ffd2a096000 	C:\Program Files\Java\jdk-19\bin\java.dll
0x00007ffd29b10000 - 0x00007ffd29be7000 	C:\Program Files\Java\jdk-19\bin\jsvml.dll
0x00007ffd30c80000 - 0x00007ffd31437000 	C:\WINDOWS\System32\SHELL32.dll
0x00007ffd2e590000 - 0x00007ffd2edf5000 	C:\WINDOWS\SYSTEM32\windows.storage.dll
0x00007ffd31650000 - 0x00007ffd319c8000 	C:\WINDOWS\System32\combase.dll
0x00007ffd2e420000 - 0x00007ffd2e586000 	C:\WINDOWS\SYSTEM32\wintypes.dll
0x00007ffd31ba0000 - 0x00007ffd31c8a000 	C:\WINDOWS\System32\SHCORE.dll
0x00007ffd32ac0000 - 0x00007ffd32b1d000 	C:\WINDOWS\System32\shlwapi.dll
0x00007ffd2ff80000 - 0x00007ffd2ffa1000 	C:\WINDOWS\SYSTEM32\profapi.dll
0x00007ffd2a1e0000 - 0x00007ffd2a1f3000 	C:\Program Files\Java\jdk-19\bin\net.dll
0x00007ffd29080000 - 0x00007ffd29194000 	C:\WINDOWS\SYSTEM32\WINHTTP.dll
0x00007ffd2f660000 - 0x00007ffd2f6c7000 	C:\WINDOWS\system32\mswsock.dll
0x00007ffd2a050000 - 0x00007ffd2a066000 	C:\Program Files\Java\jdk-19\bin\nio.dll
0x00007ffd2a030000 - 0x00007ffd2a048000 	C:\Program Files\Java\jdk-19\bin\zip.dll
0x00007ffd2c430000 - 0x00007ffd2c440000 	C:\Program Files\Java\jdk-19\bin\verify.dll
0x00007ffd20300000 - 0x00007ffd20491000 	C:\Program Files\Java\jdk-19\bin\awt.dll
0x00007ffd31440000 - 0x00007ffd31516000 	C:\WINDOWS\System32\OLEAUT32.dll
0x00007ffd2d030000 - 0x00007ffd2d0c2000 	C:\WINDOWS\SYSTEM32\apphelp.dll
0x00007ffd2d550000 - 0x00007ffd2d57f000 	C:\WINDOWS\system32\DWMAPI.DLL
0x00007ffd2d120000 - 0x00007ffd2d1cc000 	C:\WINDOWS\system32\uxtheme.dll
0x00007ffd13f20000 - 0x00007ffd14021000 	C:\WINDOWS\system32\opengl32.dll
0x00007ffd19d70000 - 0x00007ffd19d9d000 	C:\WINDOWS\SYSTEM32\GLU32.dll
0x00007ffd2d3d0000 - 0x00007ffd2d408000 	C:\WINDOWS\SYSTEM32\dxcore.dll
0x00007ffd32660000 - 0x00007ffd3277d000 	C:\WINDOWS\System32\MSCTF.dll
0x00007ffd31e50000 - 0x00007ffd31fea000 	C:\WINDOWS\System32\ole32.dll
0x00007ffcf2da0000 - 0x00007ffcf2db7000 	C:\WINDOWS\system32\napinsp.dll
0x00007ffcf3460000 - 0x00007ffcf347b000 	C:\WINDOWS\system32\pnrpnsp.dll
0x00007ffd2e120000 - 0x00007ffd2e208000 	C:\WINDOWS\SYSTEM32\DNSAPI.dll
0x00007ffd2e0f0000 - 0x00007ffd2e11d000 	C:\WINDOWS\SYSTEM32\IPHLPAPI.DLL
0x00007ffd319d0000 - 0x00007ffd319d9000 	C:\WINDOWS\System32\NSI.dll
0x00007ffd07310000 - 0x00007ffd07322000 	C:\WINDOWS\System32\winrnr.dll
0x00007ffd27660000 - 0x00007ffd27675000 	C:\WINDOWS\system32\wshbth.dll
0x00007ffce5d30000 - 0x00007ffce5d4f000 	C:\WINDOWS\system32\nlansp_c.dll
0x00007ffd21a40000 - 0x00007ffd21a4a000 	C:\Windows\System32\rasadhlp.dll
0x00007ffd271f0000 - 0x00007ffd27271000 	C:\WINDOWS\System32\fwpuclnt.dll
0x00007ffd28540000 - 0x00007ffd285c6000 	C:\Program Files\Java\jdk-19\bin\freetype.dll
0x00007ffd20230000 - 0x00007ffd202f5000 	C:\Program Files\Java\jdk-19\bin\fontmanager.dll
0x00007ffd19f30000 - 0x00007ffd1a05d000 	C:\WINDOWS\SYSTEM32\textinputframework.dll
0x00007ffd2cd40000 - 0x00007ffd2ce71000 	C:\WINDOWS\SYSTEM32\CoreMessaging.dll
0x00007ffd2a360000 - 0x00007ffd2a6cd000 	C:\WINDOWS\SYSTEM32\CoreUIComponents.dll
0x00007ffd2f8a0000 - 0x00007ffd2f8ac000 	C:\WINDOWS\SYSTEM32\CRYPTBASE.DLL
0x00007ffd1e6b0000 - 0x00007ffd1e750000 	C:\WINDOWS\system32\RICHED20.DLL
0x00007ffd2a1b0000 - 0x00007ffd2a1c9000 	C:\WINDOWS\SYSTEM32\USP10.dll
0x00007ffd212b0000 - 0x00007ffd212ea000 	C:\WINDOWS\SYSTEM32\msls31.dll
0x00007ffd32860000 - 0x00007ffd32915000 	C:\WINDOWS\System32\clbcatq.dll
0x00007ffd146c0000 - 0x00007ffd1471d000 	C:\WINDOWS\system32\dataexchange.dll
0x00007ffd291a0000 - 0x00007ffd29406000 	C:\WINDOWS\system32\twinapi.appcore.dll
0x000000006f280000 - 0x000000006f2d0000 	C:\TeamBots\eclipse_basic\lib\x86_64_nt\ec_java_load.dll
0x0000000068d80000 - 0x0000000068dd1000 	C:\TeamBots\eclipse_basic\lib\x86_64_nt\ec_java.dll
0x0000000066dc0000 - 0x0000000066f08000 	C:\TeamBots\eclipse_basic\lib\x86_64_nt\eclipse.dll
0x00007ffd2eec0000 - 0x00007ffd2eed9000 	C:\WINDOWS\SYSTEM32\NETAPI32.dll
0x00000002599e0000 - 0x0000000259abe000 	C:\TeamBots\eclipse_basic\lib\x86_64_nt\libgmp-10.dll

dbghelp: loaded successfully - version: 4.0.5 - missing functions: none
symbol engine: initialized successfully - sym options: 0x614 - pdb path: .;C:\Program Files\Java\jdk-19\bin;C:\WINDOWS\SYSTEM32;C:\WINDOWS\WinSxS\amd64_microsoft.windows.common-controls_6595b64144ccf1df_6.0.22000.120_none_9d947278b86cc467;C:\Program Files\Java\jdk-19\bin\server;C:\TeamBots\eclipse_basic\lib\x86_64_nt

VM Arguments:
jvm_args: -Declipse.directory=C:\TeamBots\eclipse_basic 
java_command: TBSim.TBSim Competition.dsc
java_class_path (initial): C:\TeamBots\eclipse_basic\lib\eclipse.jar;C:\TeamBots\src;.
Launcher Type: SUN_STANDARD

[Global flags]
     intx CICompilerCount                          = 4                                         {product} {ergonomic}
     uint ConcGCThreads                            = 2                                         {product} {ergonomic}
     uint G1ConcRefinementThreads                  = 8                                         {product} {ergonomic}
   size_t G1HeapRegionSize                         = 1048576                                   {product} {ergonomic}
    uintx GCDrainStackTargetSize                   = 64                                        {product} {ergonomic}
   size_t InitialHeapSize                          = 134217728                                 {product} {ergonomic}
   size_t MarkStackSize                            = 4194304                                   {product} {ergonomic}
   size_t MaxHeapSize                              = 2116026368                                {product} {ergonomic}
   size_t MaxNewSize                               = 1268776960                                {product} {ergonomic}
   size_t MinHeapDeltaBytes                        = 1048576                                   {product} {ergonomic}
   size_t MinHeapSize                              = 8388608                                   {product} {ergonomic}
    uintx NonNMethodCodeHeapSize                   = 5839372                                {pd product} {ergonomic}
    uintx NonProfiledCodeHeapSize                  = 122909434                              {pd product} {ergonomic}
    uintx ProfiledCodeHeapSize                     = 122909434                              {pd product} {ergonomic}
    uintx ReservedCodeCacheSize                    = 251658240                              {pd product} {ergonomic}
     bool SegmentedCodeCache                       = true                                      {product} {ergonomic}
   size_t SoftMaxHeapSize                          = 2116026368                             {manageable} {ergonomic}
     bool UseCompressedClassPointers               = true                           {product lp64_product} {ergonomic}
     bool UseCompressedOops                        = true                           {product lp64_product} {ergonomic}
     bool UseG1GC                                  = true                                      {product} {ergonomic}
     bool UseLargePagesIndividualAllocation        = false                                  {pd product} {ergonomic}

Logging:
Log output configuration:
 #0: stdout all=warning uptime,level,tags foldmultilines=false
 #1: stderr all=off uptime,level,tags foldmultilines=false

Environment Variables:
CLASSPATH=C:\TeamBots\eclipse_basic\lib\eclipse.jar;C:\TeamBots\src;.
PATH=C:\Program Files\Common Files\Oracle\Java\javapath;C:\Program Files (x86)\Common Files\Oracle\Java\javapath;C:\Program Files\Python310\Scripts\;C:\Program Files\Python310\;C:\Program Files (x86)\Intel\iCLS Client\;C:\Program Files\Intel\iCLS Client\;C:\WINDOWS\system32;C:\WINDOWS;C:\WINDOWS\System32\Wbem;C:\WINDOWS\System32\WindowsPowerShell\v1.0\;C:\Program Files (x86)\Intel\Intel(R) Management Engine Components\DAL;C:\Program Files\Intel\Intel(R) Management Engine Components\DAL;C:\Program Files (x86)\Intel\Intel(R) Management Engine Components\IPT;C:\Program Files\Intel\Intel(R) Management Engine Components\IPT;C:\WINDOWS\System32\OpenSSH\;C:\Program Files\Git\cmd;C:\Users\gaeta\AppData\Local\Microsoft\WindowsApps;;C:\Users\gaeta\AppData\Local\Programs\Microsoft VS Code\bin
USERNAME=gaeta
OS=Windows_NT
PROCESSOR_IDENTIFIER=Intel64 Family 6 Model 142 Stepping 10, GenuineIntel
TMP=C:\Users\gaeta\AppData\Local\Temp
TEMP=C:\Users\gaeta\AppData\Local\Temp



---------------  S Y S T E M  ---------------

OS:
 Windows 11 , 64 bit Build 22000 (10.0.22000.1335)
OS uptime: 7 days 2:55 hours

CPU: total 8 (initial active 8) (4 cores per cpu, 2 threads per core) family 6 model 142 stepping 10 microcode 0xe0, cx8, cmov, fxsr, ht, mmx, 3dnowpref, sse, sse2, sse3, ssse3, sse4.1, sse4.2, popcnt, lzcnt, tsc, tscinvbit, avx, avx2, aes, erms, clmul, bmi1, bmi2, adx, fma, vzeroupper, clflush, clflushopt, rdtscp

Memory: 4k page, system-wide physical 8066M (2400M free)
TotalPageFile size 10593M (AvailPageFile size 3318M)
current process WorkingSet (physical memory assigned to process): 222M, peak: 228M
current process commit charge ("private bytes"): 318M, peak: 325M

vm_info: Java HotSpot(TM) 64-Bit Server VM (19.0.1+10-21) for windows-amd64 JRE (19.0.1+10-21), built on 2022-09-14T12:45:06Z by "mach5one" with MS VC++ 17.1 (VS2022)

END.
