#
# A fatal error has been detected by the Java Runtime Environment:
#
#  EXCEPTION_ACCESS_VIOLATION (0xc0000005) at pc=0x00007ffd32b9d4d1, pid=15876, tid=20140
#
# JRE version: Java(TM) SE Runtime Environment (19.0.1+10) (build 19.0.1+10-21)
# Java VM: Java HotSpot(TM) 64-Bit Server VM (19.0.1+10-21, mixed mode, sharing, tiered, compressed oops, compressed class ptrs, g1 gc, windows-amd64)
# Problematic frame:
# C  [ntdll.dll+0x1d4d1]
#
# No core dump will be written. Minidumps are not enabled by default on client versions of Windows
#
# If you would like to submit a bug report, please visit:
#   https://bugreport.java.com/bugreport/crash.jsp
# The crash happened outside the Java Virtual Machine in native code.
# See problematic frame for where to report the bug.
#

---------------  S U M M A R Y ------------

Command Line: -Declipse.directory=C:\TeamBots\eclipse_basic TBSim.TBSim Competition.dsc

Host: Intel(R) Core(TM) i5-8250U CPU @ 1.60GHz, 8 cores, 7G,  Windows 11 , 64 bit Build 22000 (10.0.22000.1335)
Time: Thu Dec 29 20:02:34 2022 ora solare Europa occidentale elapsed time: 43.481055 seconds (0d 0h 0m 43s)

---------------  T H R E A D  ---------------

Current thread (0x000001653f288ac0):  JavaThread "Finalizer" daemon [_thread_in_native, id=20140, stack(0x000000571e900000,0x000000571ea00000)]

Stack: [0x000000571e900000,0x000000571ea00000],  sp=0x000000571e9ff2b0,  free space=1020k
Native frames: (J=compiled Java code, j=interpreted, Vv=VM code, C=native code)
C  [ntdll.dll+0x1d4d1]
C  [ntdll.dll+0x3a76c]
C  [ntdll.dll+0x3a5d2]
C  [eclipse.dll+0xc5c9a]

Java frames: (J=compiled Java code, j=interpreted, Vv=VM code)
j  com.parctechnologies.eclipse.NativeEclipse.Cleanup()V+0
j  com.parctechnologies.eclipse.EmbeddedEclipse.destroy()V+14
j  com.parctechnologies.eclipse.EmbeddedEclipse.finalize()V+1
j  java.lang.System$2.invokeFinalize(Ljava/lang/Object;)V+1 java.base@19.0.1
j  java.lang.ref.Finalizer.runFinalizer(Ljdk/internal/access/JavaLangAccess;)V+115 java.base@19.0.1
j  java.lang.ref.Finalizer$FinalizerThread.run()V+29 java.base@19.0.1
v  ~StubRoutines::call_stub 0x000001652ff4100e

siginfo: EXCEPTION_ACCESS_VIOLATION (0xc0000005), writing address 0x0000000000000024


Registers:
RAX=0xffffffffffffffff, RBX=0x0000000000000000, RCX=0x0000000000000000, RDX=0x0000000000000000
RSP=0x000000571e9ff2b0, RBP=0x0000000000000000, RSI=0x00000000fffffffa, RDI=0x0000000000000000
R8 =0x0000000000000000, R9 =0x0000000066eaa050, R10=0x000001652ff5f92e, R11=0x00000000824b01a0
R12=0x00007ffd32cf4360, R13=0x0000000000000001, R14=0x0000000000000000, R15=0x0000000066eaa048
RIP=0x00007ffd32b9d4d1, EFLAGS=0x0000000000010213


Register to memory mapping:

RIP=0x00007ffd32b9d4d1 ntdll.dll
RAX=0xffffffffffffffff is an unknown value
RBX=0x0 is NULL
RCX=0x0 is NULL
RDX=0x0 is NULL
RSP=0x000000571e9ff2b0 is pointing into the stack for thread: 0x000001653f288ac0
RBP=0x0 is NULL
RSI=0x00000000fffffffa is an unallocated location in the heap
RDI=0x0 is NULL
R8 =0x0 is NULL
R9 =0x0000000066eaa050 eclipse.dll
R10=0x000001652ff5f92e is at code_begin+1006 in an Interpreter codelet
method entry point (kind = native)  [0x000001652ff5f540, 0x000001652ff60050]  2832 bytes
R11=0x00000000824b01a0 is an oop: java.lang.Class 
{0x00000000824b01a0} - klass: 'java/lang/Class'
 - ---- fields (total size 14 words):
 - private volatile transient 'classRedefinedCount' 'I' @12  0
 - abstract internal 'klass' 'J' @16  34377126120 (10950e8 8)
 - abstract internal 'array_klass' 'J' @24  0 (0 0)
 - abstract internal 'oop_size' 'I' @32  14 (e)
 - abstract internal 'static_oop_field_count' 'I' @36  0
 - private volatile transient 'cachedConstructor' 'Ljava/lang/reflect/Constructor;' @40  NULL (0)
 - private transient 'name' 'Ljava/lang/String;' @44  "com.parctechnologies.eclipse.NativeEclipse"{0x00000000824cae00} (824cae00)
 - private transient 'module' 'Ljava/lang/Module;' @48  a 'java/lang/Module'{0x00000000824b33e8} (824b33e8)
 - private final 'classLoader' 'Ljava/lang/ClassLoader;' @52  a 'jdk/internal/loader/ClassLoaders$AppClassLoader'{0x00000000820cdb90} (820cdb90)
 - private transient 'classData' 'Ljava/lang/Object;' @56  NULL (0)
 - private transient 'packageName' 'Ljava/lang/String;' @60  "com.parctechnologies.eclipse"{0x00000000824ca8c8} (824ca8c8)
 - private final 'componentType' 'Ljava/lang/Class;' @64  NULL (0)
 - private volatile transient 'reflectionData' 'Ljava/lang/ref/SoftReference;' @68  NULL (0)
 - private volatile transient 'genericInfo' 'Lsun/reflect/generics/repository/ClassRepository;' @72  NULL (0)
 - private volatile transient 'enumConstants' '[Ljava/lang/Object;' @76  NULL (0)
 - private volatile transient 'enumConstantDirectory' 'Ljava/util/Map;' @80  NULL (0)
 - private volatile transient 'annotationData' 'Ljava/lang/Class$AnnotationData;' @84  NULL (0)
 - private volatile transient 'annotationType' 'Lsun/reflect/annotation/AnnotationType;' @88  NULL (0)
 - transient 'classValueMap' 'Ljava/lang/ClassValue$ClassValueMap;' @92  NULL (0)
 - abstract internal 'protection_domain' 'Ljava/lang/Object;' @96  a 'java/security/ProtectionDomain'{0x00000000824ca910} (824ca910)
 - abstract internal 'signers_name' 'Ljava/lang/Object;' @100  NULL (0)
 - abstract internal 'source_file' 'Ljava/lang/Object;' @104  NULL (0)
 - signature: Lcom/parctechnologies/eclipse/NativeEclipse;
 - ---- static fields (0):
R12=0x00007ffd32cf4360 ntdll.dll
R13=0x0000000000000001 is an unknown value
R14=0x0 is NULL
R15=0x0000000066eaa048 eclipse.dll


Top of Stack: (sp=0x000000571e9ff2b0)
0x000000571e9ff2b0:   ffffffffffffffff 0000000000000000
0x000000571e9ff2c0:   0000000000000000 000000571e9ff318
0x000000571e9ff2d0:   000000571e9ff370 000001652ff5b8ef
0x000000571e9ff2e0:   0000000000000000 0000000000000000
0x000000571e9ff2f0:   0000000000000000 0000000000000000
0x000000571e9ff300:   000000571dd05000 0000000000000000
0x000000571e9ff310:   0000000089d80b58 0000000089d80b58
0x000000571e9ff320:   0000000084d600e0 000000571e9ff328
0x000000571e9ff330:   000000080086a806 000000571e9ff380
0x000000571e9ff340:   00000008001c8628 0000000000000000
0x000000571e9ff350:   0000000082080518 00000008001c8960
0x000000571e9ff360:   0000000000000000 000000571e9ff380
0x000000571e9ff370:   0000a81b0914e10c 000001652ff5bd4b
0x000000571e9ff380:   000001653f288a00 0000000000000001
0x000000571e9ff390:   0000000000000001 0000000000000001
0x000000571e9ff3a0:   0000000000000000 00007ffd32bba76c 

Instructions: (pc=0x00007ffd32b9d4d1)
0x00007ffd32b9d3d1:   08 e9 40 ff ff ff cc cc cc cc cc cc cc cc cc 48
0x00007ffd32b9d3e1:   89 5c 24 08 48 89 74 24 10 57 48 83 ec 20 48 8b
0x00007ffd32b9d3f1:   1d 52 b8 15 00 48 85 db 0f 85 4f ba 09 00 33 c0
0x00007ffd32b9d401:   48 8b 5c 24 30 48 8b 74 24 38 48 83 c4 20 5f c3
0x00007ffd32b9d411:   cc cc cc cc cc cc cc cc cc cc cc cc cc cc cc 48
0x00007ffd32b9d421:   89 5c 24 10 48 89 6c 24 18 48 89 74 24 20 57 41
0x00007ffd32b9d431:   54 41 55 41 56 41 57 48 81 ec d0 00 00 00 48 8b
0x00007ffd32b9d441:   05 ca 50 17 00 48 33 c4 48 89 84 24 c0 00 00 00
0x00007ffd32b9d451:   65 48 8b 1c 25 30 00 00 00 4c 8d 25 ff 6e 15 00
0x00007ffd32b9d461:   8b f2 c6 44 24 40 00 33 d2 48 89 5c 24 50 89 54
0x00007ffd32b9d471:   24 44 4c 8b f9 8b ea 49 3b cc 0f 84 66 02 00 00
0x00007ffd32b9d481:   38 15 e1 cc 15 00 0f 85 d6 02 00 00 39 15 f5 cc
0x00007ffd32b9d491:   15 00 0f 85 99 02 00 00 40 38 2d 98 c7 15 00 4c
0x00007ffd32b9d4a1:   8d 35 99 c7 15 00 48 8b dd 4c 0f 45 f3 49 39 5f
0x00007ffd32b9d4b1:   18 0f 84 f4 01 00 00 49 8b 0f 48 83 f9 ff 0f 84
0x00007ffd32b9d4c1:   fc 01 00 00 89 5c 24 48 8b fb 48 83 f9 ff 74 03
0x00007ffd32b9d4d1:   ff 41 24 4d 8b 6f 18 e8 a3 a2 00 00 85 c0 0f 85
0x00007ffd32b9d4e1:   a3 b9 09 00 b9 82 03 fe 7f 80 39 00 0f 85 b1 b9
0x00007ffd32b9d4f1:   09 00 49 83 fd ff 0f 85 7c 02 00 00 4c 8d 64 24
0x00007ffd32b9d501:   58 49 83 e4 fc 49 8d 7f 08 48 89 5c 24 70 48 89
0x00007ffd32b9d511:   5c 24 68 48 89 5c 24 78 48 89 7c 24 58 c7 84 24
0x00007ffd32b9d521:   80 00 00 00 01 00 00 00 65 48 8b 0c 25 30 00 00
0x00007ffd32b9d531:   00 48 8b 41 48 48 89 44 24 60 48 8b c7 48 8b 59
0x00007ffd32b9d541:   60 48 c1 e8 05 48 81 c3 a0 03 00 00 83 e0 7f 48
0x00007ffd32b9d551:   8b 0c c3 4c 8d 0c c3 45 33 db 48 8b d1 48 8d 44
0x00007ffd32b9d561:   24 58 83 e2 03 4c 8b c1 49 0b d4 49 83 e0 fc 4d
0x00007ffd32b9d571:   85 c0 4c 89 44 24 68 49 0f 45 c3 48 89 44 24 78
0x00007ffd32b9d581:   48 8b c2 48 83 c8 02 4d 85 c0 48 0f 45 d0 48 8b
0x00007ffd32b9d591:   c1 f0 49 0f b1 11 0f 85 1c 01 00 00 32 d1 f6 c2
0x00007ffd32b9d5a1:   02 75 7b 8b 07 48 8d 54 24 58 48 8b cb 3b c6 0f
0x00007ffd32b9d5b1:   85 e3 00 00 00 45 33 c9 4d 8b c6 e8 5b 02 00 00
0x00007ffd32b9d5c1:   3d 02 01 00 00 0f 84 83 b9 09 00 33 db 8b 37 40 


Stack slot to memory mapping:
stack at sp + 0 slots: 0xffffffffffffffff is an unknown value
stack at sp + 1 slots: 0x0 is NULL
stack at sp + 2 slots: 0x0 is NULL
stack at sp + 3 slots: 0x000000571e9ff318 is pointing into the stack for thread: 0x000001653f288ac0
stack at sp + 4 slots: 0x000000571e9ff370 is pointing into the stack for thread: 0x000001653f288ac0
stack at sp + 5 slots: 0x000001652ff5b8ef is at code_begin+1455 in an Interpreter codelet
return entry points  [0x000001652ff5b340, 0x000001652ff5be20]  2784 bytes
stack at sp + 6 slots: 0x0 is NULL
stack at sp + 7 slots: 0x0 is NULL


---------------  P R O C E S S  ---------------

Threads class SMR info:
_java_thread_list=0x0000016545246d20, length=17, elements={
0x000001653f288190, 0x000001653f288ac0, 0x000001653f28e420, 0x000001653f291ff0,
0x000001653f292540, 0x000001653f28f020, 0x000001653f2a0920, 0x000001653f2c47a0,
0x000001653f28f570, 0x000001653f28fac0, 0x000001653f290010, 0x000001653f291550,
0x000001653f290560, 0x000001653f290ab0, 0x000001653f291aa0, 0x000001653f291000,
0x0000016544cfb590
}

Java Threads: ( => current thread )
  0x000001653f288190 JavaThread "Reference Handler" daemon [_thread_blocked, id=15028, stack(0x000000571e800000,0x000000571e900000)]
=>0x000001653f288ac0 JavaThread "Finalizer" daemon [_thread_in_native, id=20140, stack(0x000000571e900000,0x000000571ea00000)]
  0x000001653f28e420 JavaThread "Signal Dispatcher" daemon [_thread_blocked, id=22152, stack(0x000000571ea00000,0x000000571eb00000)]
  0x000001653f291ff0 JavaThread "Attach Listener" daemon [_thread_blocked, id=12704, stack(0x000000571eb00000,0x000000571ec00000)]
  0x000001653f292540 JavaThread "Service Thread" daemon [_thread_blocked, id=17048, stack(0x000000571ec00000,0x000000571ed00000)]
  0x000001653f28f020 JavaThread "Monitor Deflation Thread" daemon [_thread_blocked, id=18208, stack(0x000000571ed00000,0x000000571ee00000)]
  0x000001653f2a0920 JavaThread "C2 CompilerThread0" daemon [_thread_blocked, id=20748, stack(0x000000571ee00000,0x000000571ef00000)]
  0x000001653f2c47a0 JavaThread "C1 CompilerThread0" daemon [_thread_blocked, id=3396, stack(0x000000571ef00000,0x000000571f000000)]
  0x000001653f28f570 JavaThread "Sweeper thread" daemon [_thread_blocked, id=17168, stack(0x000000571f000000,0x000000571f100000)]
  0x000001653f28fac0 JavaThread "Notification Thread" daemon [_thread_blocked, id=568, stack(0x000000571f100000,0x000000571f200000)]
  0x000001653f290010 JavaThread "Common-Cleaner" daemon [_thread_blocked, id=14976, stack(0x000000571f300000,0x000000571f400000)]
  0x000001653f291550 JavaThread "Java2D Disposer" daemon [_thread_blocked, id=9152, stack(0x000000571f400000,0x000000571f500000)]
  0x000001653f290560 JavaThread "AWT-Shutdown" [_thread_blocked, id=24408, stack(0x000000571f500000,0x000000571f600000)]
  0x000001653f290ab0 JavaThread "AWT-Windows" daemon [_thread_in_native, id=17280, stack(0x000000571f600000,0x000000571f700000)]
  0x000001653f291aa0 JavaThread "Thread-0" [_thread_in_native, id=23836, stack(0x000000571f700000,0x000000571f800000)]
  0x000001653f291000 JavaThread "AWT-EventQueue-0" [_thread_blocked, id=23404, stack(0x000000571f800000,0x000000571f900000)]
  0x0000016544cfb590 JavaThread "DestroyJavaVM" [_thread_blocked, id=23020, stack(0x000000571e100000,0x000000571e200000)]

Other Threads:
  0x000001653f26d420 VMThread "VM Thread" [stack: 0x000000571e700000,0x000000571e800000] [id=21432]
  0x000001654363f9f0 WatcherThread "VM Periodic Task Thread" [stack: 0x000000571f200000,0x000000571f300000] [id=8200]
  0x0000016520afce40 WorkerThread "GC Thread#0" [stack: 0x000000571e200000,0x000000571e300000] [id=1968]
  0x00000165450db9e0 WorkerThread "GC Thread#1" [stack: 0x000000571ff00000,0x0000005720000000] [id=19416]
  0x00000165450dc250 WorkerThread "GC Thread#2" [stack: 0x0000005720000000,0x0000005720100000] [id=18216]
  0x00000165450da630 WorkerThread "GC Thread#3" [stack: 0x0000005720100000,0x0000005720200000] [id=640]
  0x00000165450db170 WorkerThread "GC Thread#4" [stack: 0x0000005720200000,0x0000005720300000] [id=14944]
  0x00000165450db440 WorkerThread "GC Thread#5" [stack: 0x0000005720300000,0x0000005720400000] [id=5284]
  0x00000165450da900 WorkerThread "GC Thread#6" [stack: 0x0000005720400000,0x0000005720500000] [id=20292]
  0x00000165450dbcb0 WorkerThread "GC Thread#7" [stack: 0x0000005720500000,0x0000005720600000] [id=21080]
  0x0000016520b0d9e0 ConcurrentGCThread "G1 Main Marker" [stack: 0x000000571e300000,0x000000571e400000] [id=9084]
  0x0000016520b0e710 WorkerThread "G1 Conc#0" [stack: 0x000000571e400000,0x000000571e500000] [id=14764]
  0x000001653f1280f0 ConcurrentGCThread "G1 Refine#0" [stack: 0x000000571e500000,0x000000571e600000] [id=6160]
  0x000001653f12bd00 ConcurrentGCThread "G1 Service" [stack: 0x000000571e600000,0x000000571e700000] [id=23212]

Threads with active compile tasks:

VM state: not at safepoint (normal execution)

VM Mutex/Monitor currently owned by a thread: None

Heap address: 0x0000000081e00000, size: 2018 MB, Compressed Oops mode: 32-bit

CDS archive(s) mapped at: [0x0000000800000000-0x0000000800c40000-0x0000000800c40000), size 12845056, SharedBaseAddress: 0x0000000800000000, ArchiveRelocationMode: 0.
Compressed class space mapped at: 0x0000000801000000-0x0000000841000000, reserved size: 1073741824
Narrow klass base: 0x0000000800000000, Narrow klass shift: 0, Narrow klass range: 0x100000000

GC Precious Log:
 CardTable entry size: 512
 Card Set container configuration: InlinePtr #cards 5 size 8 Array Of Cards #cards 12 size 40 Howl #buckets 4 coarsen threshold 1843 Howl Bitmap #cards 512 size 80 coarsen threshold 460 Card regions per heap region 1 cards per card region 2048
 CPUs: 8 total, 8 available
 Memory: 8066M
 Large Page Support: Disabled
 NUMA Support: Disabled
 Compressed Oops: Enabled (32-bit)
 Heap Region Size: 1M
 Heap Min Capacity: 8M
 Heap Initial Capacity: 128M
 Heap Max Capacity: 2018M
 Pre-touch: Disabled
 Parallel Workers: 8
 Concurrent Workers: 2
 Concurrent Refinement Workers: 8
 Periodic GC: Disabled

Heap:
 garbage-first heap   total 131072K, used 54237K [0x0000000081e00000, 0x0000000100000000)
  region size 1024K, 37 young (37888K), 5 survivors (5120K)
 Metaspace       used 8930K, committed 9152K, reserved 1114112K
  class space    used 900K, committed 1024K, reserved 1048576K

Heap Regions: E=young(eden), S=young(survivor), O=old, HS=humongous(starts), HC=humongous(continues), CS=collection set, F=free, OA=open archive, CA=closed archive, TAMS=top-at-mark-start (previous, next)
|   0|0x0000000081e00000, 0x0000000081f00000, 0x0000000081f00000|100%|HS|  |TAMS 0x0000000081e00000, 0x0000000081e00000| Complete 
|   1|0x0000000081f00000, 0x0000000082000000, 0x0000000082000000|100%|HC|  |TAMS 0x0000000081f00000, 0x0000000081f00000| Complete 
|   2|0x0000000082000000, 0x0000000082100000, 0x0000000082100000|100%| O|  |TAMS 0x0000000082000000, 0x0000000082000000| Untracked 
|   3|0x0000000082100000, 0x0000000082200000, 0x0000000082200000|100%|HS|  |TAMS 0x0000000082100000, 0x0000000082100000| Complete 
|   4|0x0000000082200000, 0x0000000082300000, 0x0000000082300000|100%|HC|  |TAMS 0x0000000082200000, 0x0000000082200000| Complete 
|   5|0x0000000082300000, 0x0000000082400000, 0x0000000082400000|100%|HS|  |TAMS 0x0000000082300000, 0x0000000082300000| Complete 
|   6|0x0000000082400000, 0x0000000082500000, 0x0000000082500000|100%| O|  |TAMS 0x0000000082400000, 0x0000000082400000| Untracked 
|   7|0x0000000082500000, 0x0000000082600000, 0x0000000082600000|100%| O|  |TAMS 0x0000000082500000, 0x0000000082500000| Untracked 
|   8|0x0000000082600000, 0x0000000082680400, 0x0000000082700000| 50%| O|  |TAMS 0x0000000082600000, 0x0000000082600000| Untracked 
|   9|0x0000000082700000, 0x0000000082800000, 0x0000000082800000|100%|HS|  |TAMS 0x0000000082700000, 0x0000000082700000| Complete 
|  10|0x0000000082800000, 0x0000000082900000, 0x0000000082900000|100%|HC|  |TAMS 0x0000000082800000, 0x0000000082800000| Complete 
|  11|0x0000000082900000, 0x0000000082a00000, 0x0000000082a00000|100%|HS|  |TAMS 0x0000000082900000, 0x0000000082900000| Complete 
|  12|0x0000000082a00000, 0x0000000082b00000, 0x0000000082b00000|100%|HC|  |TAMS 0x0000000082a00000, 0x0000000082a00000| Complete 
|  13|0x0000000082b00000, 0x0000000082c00000, 0x0000000082c00000|100%|HS|  |TAMS 0x0000000082b00000, 0x0000000082b00000| Complete 
|  14|0x0000000082c00000, 0x0000000082d00000, 0x0000000082d00000|100%|HS|  |TAMS 0x0000000082c00000, 0x0000000082c00000| Complete 
|  15|0x0000000082d00000, 0x0000000082e00000, 0x0000000082e00000|100%|HC|  |TAMS 0x0000000082d00000, 0x0000000082d00000| Complete 
|  16|0x0000000082e00000, 0x0000000082f00000, 0x0000000082f00000|100%|HS|  |TAMS 0x0000000082e00000, 0x0000000082e00000| Complete 
|  17|0x0000000082f00000, 0x0000000083000000, 0x0000000083000000|100%|HC|  |TAMS 0x0000000082f00000, 0x0000000082f00000| Complete 
|  18|0x0000000083000000, 0x0000000083000000, 0x0000000083100000|  0%| F|  |TAMS 0x0000000083000000, 0x0000000083000000| Untracked 
|  19|0x0000000083100000, 0x0000000083100000, 0x0000000083200000|  0%| F|  |TAMS 0x0000000083100000, 0x0000000083100000| Untracked 
|  20|0x0000000083200000, 0x0000000083200000, 0x0000000083300000|  0%| F|  |TAMS 0x0000000083200000, 0x0000000083200000| Untracked 
|  21|0x0000000083300000, 0x0000000083300000, 0x0000000083400000|  0%| F|  |TAMS 0x0000000083300000, 0x0000000083300000| Untracked 
|  22|0x0000000083400000, 0x0000000083400000, 0x0000000083500000|  0%| F|  |TAMS 0x0000000083400000, 0x0000000083400000| Untracked 
|  23|0x0000000083500000, 0x0000000083500000, 0x0000000083600000|  0%| F|  |TAMS 0x0000000083500000, 0x0000000083500000| Untracked 
|  24|0x0000000083600000, 0x0000000083600000, 0x0000000083700000|  0%| F|  |TAMS 0x0000000083600000, 0x0000000083600000| Untracked 
|  25|0x0000000083700000, 0x0000000083700000, 0x0000000083800000|  0%| F|  |TAMS 0x0000000083700000, 0x0000000083700000| Untracked 
|  26|0x0000000083800000, 0x0000000083800000, 0x0000000083900000|  0%| F|  |TAMS 0x0000000083800000, 0x0000000083800000| Untracked 
|  27|0x0000000083900000, 0x0000000083900000, 0x0000000083a00000|  0%| F|  |TAMS 0x0000000083900000, 0x0000000083900000| Untracked 
|  28|0x0000000083a00000, 0x0000000083a00000, 0x0000000083b00000|  0%| F|  |TAMS 0x0000000083a00000, 0x0000000083a00000| Untracked 
|  29|0x0000000083b00000, 0x0000000083b00000, 0x0000000083c00000|  0%| F|  |TAMS 0x0000000083b00000, 0x0000000083b00000| Untracked 
|  30|0x0000000083c00000, 0x0000000083c00000, 0x0000000083d00000|  0%| F|  |TAMS 0x0000000083c00000, 0x0000000083c00000| Untracked 
|  31|0x0000000083d00000, 0x0000000083d00000, 0x0000000083e00000|  0%| F|  |TAMS 0x0000000083d00000, 0x0000000083d00000| Untracked 
|  32|0x0000000083e00000, 0x0000000083e00000, 0x0000000083f00000|  0%| F|  |TAMS 0x0000000083e00000, 0x0000000083e00000| Untracked 
|  33|0x0000000083f00000, 0x0000000083f00000, 0x0000000084000000|  0%| F|  |TAMS 0x0000000083f00000, 0x0000000083f00000| Untracked 
|  34|0x0000000084000000, 0x0000000084000000, 0x0000000084100000|  0%| F|  |TAMS 0x0000000084000000, 0x0000000084000000| Untracked 
|  35|0x0000000084100000, 0x0000000084100000, 0x0000000084200000|  0%| F|  |TAMS 0x0000000084100000, 0x0000000084100000| Untracked 
|  36|0x0000000084200000, 0x0000000084200000, 0x0000000084300000|  0%| F|  |TAMS 0x0000000084200000, 0x0000000084200000| Untracked 
|  37|0x0000000084300000, 0x0000000084300000, 0x0000000084400000|  0%| F|  |TAMS 0x0000000084300000, 0x0000000084300000| Untracked 
|  38|0x0000000084400000, 0x0000000084400000, 0x0000000084500000|  0%| F|  |TAMS 0x0000000084400000, 0x0000000084400000| Untracked 
|  39|0x0000000084500000, 0x0000000084500000, 0x0000000084600000|  0%| F|  |TAMS 0x0000000084500000, 0x0000000084500000| Untracked 
|  40|0x0000000084600000, 0x0000000084600000, 0x0000000084700000|  0%| F|  |TAMS 0x0000000084600000, 0x0000000084600000| Untracked 
|  41|0x0000000084700000, 0x0000000084700000, 0x0000000084800000|  0%| F|  |TAMS 0x0000000084700000, 0x0000000084700000| Untracked 
|  42|0x0000000084800000, 0x0000000084800000, 0x0000000084900000|  0%| F|  |TAMS 0x0000000084800000, 0x0000000084800000| Untracked 
|  43|0x0000000084900000, 0x0000000084900000, 0x0000000084a00000|  0%| F|  |TAMS 0x0000000084900000, 0x0000000084900000| Untracked 
|  44|0x0000000084a00000, 0x0000000084a00000, 0x0000000084b00000|  0%| F|  |TAMS 0x0000000084a00000, 0x0000000084a00000| Untracked 
|  45|0x0000000084b00000, 0x0000000084b00000, 0x0000000084c00000|  0%| F|  |TAMS 0x0000000084b00000, 0x0000000084b00000| Untracked 
|  46|0x0000000084c00000, 0x0000000084c00000, 0x0000000084d00000|  0%| F|  |TAMS 0x0000000084c00000, 0x0000000084c00000| Untracked 
|  47|0x0000000084d00000, 0x0000000084d77100, 0x0000000084e00000| 46%| S|CS|TAMS 0x0000000084d00000, 0x0000000084d00000| Complete 
|  48|0x0000000084e00000, 0x0000000084f00000, 0x0000000084f00000|100%| S|CS|TAMS 0x0000000084e00000, 0x0000000084e00000| Complete 
|  49|0x0000000084f00000, 0x0000000085000000, 0x0000000085000000|100%| S|CS|TAMS 0x0000000084f00000, 0x0000000084f00000| Complete 
|  50|0x0000000085000000, 0x0000000085100000, 0x0000000085100000|100%| S|CS|TAMS 0x0000000085000000, 0x0000000085000000| Complete 
|  51|0x0000000085100000, 0x0000000085200000, 0x0000000085200000|100%| S|CS|TAMS 0x0000000085100000, 0x0000000085100000| Complete 
|  52|0x0000000085200000, 0x0000000085200000, 0x0000000085300000|  0%| F|  |TAMS 0x0000000085200000, 0x0000000085200000| Untracked 
|  53|0x0000000085300000, 0x0000000085300000, 0x0000000085400000|  0%| F|  |TAMS 0x0000000085300000, 0x0000000085300000| Untracked 
|  54|0x0000000085400000, 0x0000000085400000, 0x0000000085500000|  0%| F|  |TAMS 0x0000000085400000, 0x0000000085400000| Untracked 
|  55|0x0000000085500000, 0x0000000085500000, 0x0000000085600000|  0%| F|  |TAMS 0x0000000085500000, 0x0000000085500000| Untracked 
|  56|0x0000000085600000, 0x0000000085600000, 0x0000000085700000|  0%| F|  |TAMS 0x0000000085600000, 0x0000000085600000| Untracked 
|  57|0x0000000085700000, 0x0000000085700000, 0x0000000085800000|  0%| F|  |TAMS 0x0000000085700000, 0x0000000085700000| Untracked 
|  58|0x0000000085800000, 0x0000000085800000, 0x0000000085900000|  0%| F|  |TAMS 0x0000000085800000, 0x0000000085800000| Untracked 
|  59|0x0000000085900000, 0x0000000085900000, 0x0000000085a00000|  0%| F|  |TAMS 0x0000000085900000, 0x0000000085900000| Untracked 
|  60|0x0000000085a00000, 0x0000000085a00000, 0x0000000085b00000|  0%| F|  |TAMS 0x0000000085a00000, 0x0000000085a00000| Untracked 
|  61|0x0000000085b00000, 0x0000000085b00000, 0x0000000085c00000|  0%| F|  |TAMS 0x0000000085b00000, 0x0000000085b00000| Untracked 
|  62|0x0000000085c00000, 0x0000000085c00000, 0x0000000085d00000|  0%| F|  |TAMS 0x0000000085c00000, 0x0000000085c00000| Untracked 
|  63|0x0000000085d00000, 0x0000000085d00000, 0x0000000085e00000|  0%| F|  |TAMS 0x0000000085d00000, 0x0000000085d00000| Untracked 
|  64|0x0000000085e00000, 0x0000000085e00000, 0x0000000085f00000|  0%| F|  |TAMS 0x0000000085e00000, 0x0000000085e00000| Untracked 
|  65|0x0000000085f00000, 0x0000000085f00000, 0x0000000086000000|  0%| F|  |TAMS 0x0000000085f00000, 0x0000000085f00000| Untracked 
|  66|0x0000000086000000, 0x0000000086000000, 0x0000000086100000|  0%| F|  |TAMS 0x0000000086000000, 0x0000000086000000| Untracked 
|  67|0x0000000086100000, 0x0000000086100000, 0x0000000086200000|  0%| F|  |TAMS 0x0000000086100000, 0x0000000086100000| Untracked 
|  68|0x0000000086200000, 0x0000000086200000, 0x0000000086300000|  0%| F|  |TAMS 0x0000000086200000, 0x0000000086200000| Untracked 
|  69|0x0000000086300000, 0x0000000086300000, 0x0000000086400000|  0%| F|  |TAMS 0x0000000086300000, 0x0000000086300000| Untracked 
|  70|0x0000000086400000, 0x0000000086400000, 0x0000000086500000|  0%| F|  |TAMS 0x0000000086400000, 0x0000000086400000| Untracked 
|  71|0x0000000086500000, 0x0000000086500000, 0x0000000086600000|  0%| F|  |TAMS 0x0000000086500000, 0x0000000086500000| Untracked 
|  72|0x0000000086600000, 0x0000000086600000, 0x0000000086700000|  0%| F|  |TAMS 0x0000000086600000, 0x0000000086600000| Untracked 
|  73|0x0000000086700000, 0x0000000086700000, 0x0000000086800000|  0%| F|  |TAMS 0x0000000086700000, 0x0000000086700000| Untracked 
|  74|0x0000000086800000, 0x0000000086800000, 0x0000000086900000|  0%| F|  |TAMS 0x0000000086800000, 0x0000000086800000| Untracked 
|  75|0x0000000086900000, 0x0000000086900000, 0x0000000086a00000|  0%| F|  |TAMS 0x0000000086900000, 0x0000000086900000| Untracked 
|  76|0x0000000086a00000, 0x0000000086a00000, 0x0000000086b00000|  0%| F|  |TAMS 0x0000000086a00000, 0x0000000086a00000| Untracked 
|  77|0x0000000086b00000, 0x0000000086b00000, 0x0000000086c00000|  0%| F|  |TAMS 0x0000000086b00000, 0x0000000086b00000| Untracked 
|  78|0x0000000086c00000, 0x0000000086c00000, 0x0000000086d00000|  0%| F|  |TAMS 0x0000000086c00000, 0x0000000086c00000| Untracked 
|  79|0x0000000086d00000, 0x0000000086d00000, 0x0000000086e00000|  0%| F|  |TAMS 0x0000000086d00000, 0x0000000086d00000| Untracked 
|  80|0x0000000086e00000, 0x0000000086e00000, 0x0000000086f00000|  0%| F|  |TAMS 0x0000000086e00000, 0x0000000086e00000| Untracked 
|  81|0x0000000086f00000, 0x0000000086f00000, 0x0000000087000000|  0%| F|  |TAMS 0x0000000086f00000, 0x0000000086f00000| Untracked 
|  82|0x0000000087000000, 0x0000000087000000, 0x0000000087100000|  0%| F|  |TAMS 0x0000000087000000, 0x0000000087000000| Untracked 
|  83|0x0000000087100000, 0x0000000087100000, 0x0000000087200000|  0%| F|  |TAMS 0x0000000087100000, 0x0000000087100000| Untracked 
|  84|0x0000000087200000, 0x0000000087200000, 0x0000000087300000|  0%| F|  |TAMS 0x0000000087200000, 0x0000000087200000| Untracked 
|  85|0x0000000087300000, 0x0000000087300000, 0x0000000087400000|  0%| F|  |TAMS 0x0000000087300000, 0x0000000087300000| Untracked 
|  86|0x0000000087400000, 0x0000000087400000, 0x0000000087500000|  0%| F|  |TAMS 0x0000000087400000, 0x0000000087400000| Untracked 
|  87|0x0000000087500000, 0x0000000087500000, 0x0000000087600000|  0%| F|  |TAMS 0x0000000087500000, 0x0000000087500000| Untracked 
|  88|0x0000000087600000, 0x0000000087600000, 0x0000000087700000|  0%| F|  |TAMS 0x0000000087600000, 0x0000000087600000| Untracked 
|  89|0x0000000087700000, 0x0000000087700000, 0x0000000087800000|  0%| F|  |TAMS 0x0000000087700000, 0x0000000087700000| Untracked 
|  90|0x0000000087800000, 0x0000000087800000, 0x0000000087900000|  0%| F|  |TAMS 0x0000000087800000, 0x0000000087800000| Untracked 
|  91|0x0000000087900000, 0x0000000087900000, 0x0000000087a00000|  0%| F|  |TAMS 0x0000000087900000, 0x0000000087900000| Untracked 
|  92|0x0000000087a00000, 0x0000000087a00000, 0x0000000087b00000|  0%| F|  |TAMS 0x0000000087a00000, 0x0000000087a00000| Untracked 
|  93|0x0000000087b00000, 0x0000000087b00000, 0x0000000087c00000|  0%| F|  |TAMS 0x0000000087b00000, 0x0000000087b00000| Untracked 
|  94|0x0000000087c00000, 0x0000000087c00000, 0x0000000087d00000|  0%| F|  |TAMS 0x0000000087c00000, 0x0000000087c00000| Untracked 
|  95|0x0000000087d00000, 0x0000000087d80800, 0x0000000087e00000| 50%| E|  |TAMS 0x0000000087d00000, 0x0000000087d00000| Complete 
|  96|0x0000000087e00000, 0x0000000087f00000, 0x0000000087f00000|100%| E|CS|TAMS 0x0000000087e00000, 0x0000000087e00000| Complete 
|  97|0x0000000087f00000, 0x0000000088000000, 0x0000000088000000|100%| E|CS|TAMS 0x0000000087f00000, 0x0000000087f00000| Complete 
|  98|0x0000000088000000, 0x0000000088100000, 0x0000000088100000|100%| E|CS|TAMS 0x0000000088000000, 0x0000000088000000| Complete 
|  99|0x0000000088100000, 0x0000000088200000, 0x0000000088200000|100%| E|CS|TAMS 0x0000000088100000, 0x0000000088100000| Complete 
| 100|0x0000000088200000, 0x0000000088300000, 0x0000000088300000|100%| E|CS|TAMS 0x0000000088200000, 0x0000000088200000| Complete 
| 101|0x0000000088300000, 0x0000000088400000, 0x0000000088400000|100%| E|CS|TAMS 0x0000000088300000, 0x0000000088300000| Complete 
| 102|0x0000000088400000, 0x0000000088500000, 0x0000000088500000|100%| E|CS|TAMS 0x0000000088400000, 0x0000000088400000| Complete 
| 103|0x0000000088500000, 0x0000000088600000, 0x0000000088600000|100%| E|CS|TAMS 0x0000000088500000, 0x0000000088500000| Complete 
| 104|0x0000000088600000, 0x0000000088700000, 0x0000000088700000|100%| E|CS|TAMS 0x0000000088600000, 0x0000000088600000| Complete 
| 105|0x0000000088700000, 0x0000000088800000, 0x0000000088800000|100%| E|CS|TAMS 0x0000000088700000, 0x0000000088700000| Complete 
| 106|0x0000000088800000, 0x0000000088900000, 0x0000000088900000|100%| E|CS|TAMS 0x0000000088800000, 0x0000000088800000| Complete 
| 107|0x0000000088900000, 0x0000000088a00000, 0x0000000088a00000|100%| E|CS|TAMS 0x0000000088900000, 0x0000000088900000| Complete 
| 108|0x0000000088a00000, 0x0000000088b00000, 0x0000000088b00000|100%| E|CS|TAMS 0x0000000088a00000, 0x0000000088a00000| Complete 
| 109|0x0000000088b00000, 0x0000000088c00000, 0x0000000088c00000|100%| E|CS|TAMS 0x0000000088b00000, 0x0000000088b00000| Complete 
| 110|0x0000000088c00000, 0x0000000088d00000, 0x0000000088d00000|100%| E|CS|TAMS 0x0000000088c00000, 0x0000000088c00000| Complete 
| 111|0x0000000088d00000, 0x0000000088e00000, 0x0000000088e00000|100%| E|CS|TAMS 0x0000000088d00000, 0x0000000088d00000| Complete 
| 112|0x0000000088e00000, 0x0000000088f00000, 0x0000000088f00000|100%| E|CS|TAMS 0x0000000088e00000, 0x0000000088e00000| Complete 
| 113|0x0000000088f00000, 0x0000000089000000, 0x0000000089000000|100%| E|CS|TAMS 0x0000000088f00000, 0x0000000088f00000| Complete 
| 114|0x0000000089000000, 0x0000000089100000, 0x0000000089100000|100%| E|CS|TAMS 0x0000000089000000, 0x0000000089000000| Complete 
| 115|0x0000000089100000, 0x0000000089200000, 0x0000000089200000|100%| E|CS|TAMS 0x0000000089100000, 0x0000000089100000| Complete 
| 116|0x0000000089200000, 0x0000000089300000, 0x0000000089300000|100%| E|CS|TAMS 0x0000000089200000, 0x0000000089200000| Complete 
| 117|0x0000000089300000, 0x0000000089400000, 0x0000000089400000|100%| E|CS|TAMS 0x0000000089300000, 0x0000000089300000| Complete 
| 118|0x0000000089400000, 0x0000000089500000, 0x0000000089500000|100%| E|CS|TAMS 0x0000000089400000, 0x0000000089400000| Complete 
| 119|0x0000000089500000, 0x0000000089600000, 0x0000000089600000|100%| E|CS|TAMS 0x0000000089500000, 0x0000000089500000| Complete 
| 120|0x0000000089600000, 0x0000000089700000, 0x0000000089700000|100%| E|CS|TAMS 0x0000000089600000, 0x0000000089600000| Complete 
| 121|0x0000000089700000, 0x0000000089800000, 0x0000000089800000|100%| E|CS|TAMS 0x0000000089700000, 0x0000000089700000| Complete 
| 122|0x0000000089800000, 0x0000000089900000, 0x0000000089900000|100%| E|CS|TAMS 0x0000000089800000, 0x0000000089800000| Complete 
| 123|0x0000000089900000, 0x0000000089a00000, 0x0000000089a00000|100%| E|CS|TAMS 0x0000000089900000, 0x0000000089900000| Complete 
| 124|0x0000000089a00000, 0x0000000089b00000, 0x0000000089b00000|100%| E|CS|TAMS 0x0000000089a00000, 0x0000000089a00000| Complete 
| 125|0x0000000089b00000, 0x0000000089c00000, 0x0000000089c00000|100%| E|CS|TAMS 0x0000000089b00000, 0x0000000089b00000| Complete 
| 126|0x0000000089c00000, 0x0000000089d00000, 0x0000000089d00000|100%| E|CS|TAMS 0x0000000089c00000, 0x0000000089c00000| Complete 
| 127|0x0000000089d00000, 0x0000000089e00000, 0x0000000089e00000|100%| E|CS|TAMS 0x0000000089d00000, 0x0000000089d00000| Complete 

Card table byte_map: [0x0000016538140000,0x0000016538540000] _byte_map_base: 0x0000016537d31000

Marking Bits (Prev, Next): (CMBitMap*) 0x0000016520afd470, (CMBitMap*) 0x0000016520afd4b0
 Prev Bits: [0x0000016538940000, 0x000001653a8c8000)
 Next Bits: [0x000001653a8d0000, 0x000001653c858000)

Polling page: 0x000001651ea40000

Metaspace:

Usage:
  Non-class:      7.84 MB used.
      Class:    900.22 KB used.
       Both:      8.72 MB used.

Virtual space:
  Non-class space:       64.00 MB reserved,       7.94 MB ( 12%) committed,  1 nodes.
      Class space:        1.00 GB reserved,       1.00 MB ( <1%) committed,  1 nodes.
             Both:        1.06 GB reserved,       8.94 MB ( <1%) committed. 

Chunk freelists:
   Non-Class:  3.83 MB
       Class:  2.98 MB
        Both:  6.81 MB

MaxMetaspaceSize: unlimited
CompressedClassSpaceSize: 1.00 GB
Initial GC threshold: 21.00 MB
Current GC threshold: 21.00 MB
CDS: on
MetaspaceReclaimPolicy: balanced
 - commit_granule_bytes: 65536.
 - commit_granule_words: 8192.
 - virtual_space_node_default_size: 8388608.
 - enlarge_chunks_in_place: 1.
 - new_chunks_are_fully_committed: 0.
 - uncommit_free_chunks: 1.
 - use_allocation_guard: 0.


Internal statistics:

num_allocs_failed_limit: 0.
num_arena_births: 226.
num_arena_deaths: 0.
num_vsnodes_births: 2.
num_vsnodes_deaths: 0.
num_space_committed: 143.
num_space_uncommitted: 0.
num_chunks_returned_to_freelist: 0.
num_chunks_taken_from_freelist: 301.
num_chunk_merges: 0.
num_chunk_splits: 205.
num_chunks_enlarged: 133.
num_inconsistent_stats: 0.

CodeHeap 'non-profiled nmethods': size=120000Kb used=1290Kb max_used=1290Kb free=118709Kb
 bounds [0x00000165304e0000, 0x0000016530750000, 0x0000016537a10000]
CodeHeap 'profiled nmethods': size=120000Kb used=4248Kb max_used=4248Kb free=115751Kb
 bounds [0x0000016528a10000, 0x0000016528e40000, 0x000001652ff40000]
CodeHeap 'non-nmethods': size=5760Kb used=1380Kb max_used=1455Kb free=4379Kb
 bounds [0x000001652ff40000, 0x00000165301b0000, 0x00000165304e0000]
 total_blobs=2829 nmethods=2205 adapters=534
 compilation: enabled
              stopped_count=0, restarted_count=0
 full_count=0

Compilation events (20 events):
Event: 41.204 Thread 0x000001653f2c47a0 nmethod 2196 0x0000016528e30990 code [0x0000016528e30e00, 0x0000016528e33418]
Event: 41.204 Thread 0x000001653f2c47a0 2197       3       java.util.Collections::emptyList (4 bytes)
Event: 41.204 Thread 0x000001653f2c47a0 nmethod 2197 0x0000016528e33f10 code [0x0000016528e340a0, 0x0000016528e34198]
Event: 41.247 Thread 0x000001653f2c47a0 2198       3       sun.awt.windows.WComponentPeer::handleJavaMouseEvent (75 bytes)
Event: 41.248 Thread 0x000001653f2c47a0 nmethod 2198 0x0000016528e34210 code [0x0000016528e344e0, 0x0000016528e354e8]
Event: 41.317 Thread 0x000001653f2a0920 nmethod 2187% 0x0000016530615910 code [0x0000016530615de0, 0x000001653061c7a8]
Event: 41.959 Thread 0x000001653f2a0920 2199       4       java.security.AccessController::getContext (23 bytes)
Event: 41.969 Thread 0x000001653f2a0920 nmethod 2199 0x000001653061e790 code [0x000001653061e960, 0x000001653061efe0]
Event: 42.660 Thread 0x000001653f2a0920 2200       4       CSAI.unipa.abstractrobot.SimpleN150ExploreSim::getObjectInGripper (197 bytes)
Event: 42.666 Thread 0x000001653f2a0920 nmethod 2200 0x000001653061f410 code [0x000001653061f620, 0x000001653061fbb8]
Event: 42.746 Thread 0x000001653f2a0920 2201       4       java.util.concurrent.locks.AbstractQueuedSynchronizer$Node::setPrevRelaxed (12 bytes)
Event: 42.747 Thread 0x000001653f2a0920 nmethod 2201 0x0000016530620010 code [0x0000016530620180, 0x00000165306202d8]
Event: 42.747 Thread 0x000001653f2a0920 2202       4       java.util.concurrent.locks.AbstractQueuedSynchronizer::casTail (13 bytes)
Event: 42.748 Thread 0x000001653f2a0920 nmethod 2202 0x0000016530620390 code [0x0000016530620500, 0x0000016530620678]
Event: 42.964 Thread 0x000001653f2a0920 2203       4       CSAI.unipa.abstractrobot.SimpleN150ExploreSim::setGripperFingers (335 bytes)
Event: 42.966 Thread 0x000001653f2c47a0 2204       3       java.awt.Button::eventEnabled (40 bytes)
Event: 42.966 Thread 0x000001653f2c47a0 nmethod 2204 0x0000016528e35a90 code [0x0000016528e35c60, 0x0000016528e35fc8]
Event: 42.972 Thread 0x000001653f2a0920 nmethod 2203 0x0000016530620710 code [0x0000016530620960, 0x0000016530621038]
Event: 43.291 Thread 0x000001653f2a0920 2205       4       EDU.gatech.cc.is.simulation.BinSim::draw (141 bytes)
Event: 43.301 Thread 0x000001653f2a0920 nmethod 2205 0x0000016530621490 code [0x00000165306216c0, 0x0000016530622120]

GC Heap History (14 events):
Event: 1.373 GC heap before
{Heap before GC invocations=0 (full 0):
 garbage-first heap   total 131072K, used 24576K [0x0000000081e00000, 0x0000000100000000)
  region size 1024K, 23 young (23552K), 0 survivors (0K)
 Metaspace       used 7976K, committed 8192K, reserved 1114112K
  class space    used 869K, committed 960K, reserved 1048576K
}
Event: 1.378 GC heap after
{Heap after GC invocations=1 (full 0):
 garbage-first heap   total 131072K, used 5896K [0x0000000081e00000, 0x0000000100000000)
  region size 1024K, 3 young (3072K), 3 survivors (3072K)
 Metaspace       used 7976K, committed 8192K, reserved 1114112K
  class space    used 869K, committed 960K, reserved 1048576K
}
Event: 2.157 GC heap before
{Heap before GC invocations=1 (full 0):
 garbage-first heap   total 131072K, used 39688K [0x0000000081e00000, 0x0000000100000000)
  region size 1024K, 34 young (34816K), 3 survivors (3072K)
 Metaspace       used 8212K, committed 8512K, reserved 1114112K
  class space    used 889K, committed 1024K, reserved 1048576K
}
Event: 2.160 GC heap after
{Heap after GC invocations=2 (full 0):
 garbage-first heap   total 131072K, used 10868K [0x0000000081e00000, 0x0000000100000000)
  region size 1024K, 3 young (3072K), 3 survivors (3072K)
 Metaspace       used 8212K, committed 8512K, reserved 1114112K
  class space    used 889K, committed 1024K, reserved 1048576K
}
Event: 31.879 GC heap before
{Heap before GC invocations=2 (full 0):
 garbage-first heap   total 131072K, used 89716K [0x0000000081e00000, 0x0000000100000000)
  region size 1024K, 76 young (77824K), 3 survivors (3072K)
 Metaspace       used 8628K, committed 8896K, reserved 1114112K
  class space    used 897K, committed 1024K, reserved 1048576K
}
Event: 31.883 GC heap after
{Heap after GC invocations=3 (full 0):
 garbage-first heap   total 131072K, used 17967K [0x0000000081e00000, 0x0000000100000000)
  region size 1024K, 5 young (5120K), 5 survivors (5120K)
 Metaspace       used 8628K, committed 8896K, reserved 1114112K
  class space    used 897K, committed 1024K, reserved 1048576K
}
Event: 34.404 GC heap before
{Heap before GC invocations=3 (full 0):
 garbage-first heap   total 131072K, used 90671K [0x0000000081e00000, 0x0000000100000000)
  region size 1024K, 76 young (77824K), 5 survivors (5120K)
 Metaspace       used 8851K, committed 9152K, reserved 1114112K
  class space    used 898K, committed 1024K, reserved 1048576K
}
Event: 34.407 GC heap after
{Heap after GC invocations=4 (full 0):
 garbage-first heap   total 131072K, used 17201K [0x0000000081e00000, 0x0000000100000000)
  region size 1024K, 5 young (5120K), 5 survivors (5120K)
 Metaspace       used 8851K, committed 9152K, reserved 1114112K
  class space    used 898K, committed 1024K, reserved 1048576K
}
Event: 36.744 GC heap before
{Heap before GC invocations=4 (full 0):
 garbage-first heap   total 131072K, used 89905K [0x0000000081e00000, 0x0000000100000000)
  region size 1024K, 76 young (77824K), 5 survivors (5120K)
 Metaspace       used 8867K, committed 9152K, reserved 1114112K
  class space    used 898K, committed 1024K, reserved 1048576K
}
Event: 36.747 GC heap after
{Heap after GC invocations=5 (full 0):
 garbage-first heap   total 131072K, used 17200K [0x0000000081e00000, 0x0000000100000000)
  region size 1024K, 5 young (5120K), 5 survivors (5120K)
 Metaspace       used 8867K, committed 9152K, reserved 1114112K
  class space    used 898K, committed 1024K, reserved 1048576K
}
Event: 39.053 GC heap before
{Heap before GC invocations=5 (full 0):
 garbage-first heap   total 131072K, used 89904K [0x0000000081e00000, 0x0000000100000000)
  region size 1024K, 76 young (77824K), 5 survivors (5120K)
 Metaspace       used 8903K, committed 9152K, reserved 1114112K
  class space    used 900K, committed 1024K, reserved 1048576K
}
Event: 39.056 GC heap after
{Heap after GC invocations=6 (full 0):
 garbage-first heap   total 131072K, used 17270K [0x0000000081e00000, 0x0000000100000000)
  region size 1024K, 5 young (5120K), 5 survivors (5120K)
 Metaspace       used 8903K, committed 9152K, reserved 1114112K
  class space    used 900K, committed 1024K, reserved 1048576K
}
Event: 42.452 GC heap before
{Heap before GC invocations=6 (full 0):
 garbage-first heap   total 131072K, used 94070K [0x0000000081e00000, 0x0000000100000000)
  region size 1024K, 76 young (77824K), 5 survivors (5120K)
 Metaspace       used 8929K, committed 9152K, reserved 1114112K
  class space    used 900K, committed 1024K, reserved 1048576K
}
Event: 42.455 GC heap after
{Heap after GC invocations=7 (full 0):
 garbage-first heap   total 131072K, used 22493K [0x0000000081e00000, 0x0000000100000000)
  region size 1024K, 5 young (5120K), 5 survivors (5120K)
 Metaspace       used 8929K, committed 9152K, reserved 1114112K
  class space    used 900K, committed 1024K, reserved 1048576K
}

Dll operation events (12 events):
Event: 0.011 Loaded shared library C:\Program Files\Java\jdk-19\bin\java.dll
Event: 0.025 Loaded shared library C:\Program Files\Java\jdk-19\bin\jsvml.dll
Event: 0.077 Loaded shared library C:\Program Files\Java\jdk-19\bin\net.dll
Event: 0.080 Loaded shared library C:\Program Files\Java\jdk-19\bin\nio.dll
Event: 0.084 Loaded shared library C:\Program Files\Java\jdk-19\bin\zip.dll
Event: 0.096 Loaded shared library C:\Program Files\Java\jdk-19\bin\verify.dll
Event: 0.114 Loaded shared library C:\Program Files\Java\jdk-19\bin\jimage.dll
Event: 0.141 Loaded shared library C:\Program Files\Java\jdk-19\bin\awt.dll
Event: 0.287 Loaded shared library C:\Program Files\Java\jdk-19\bin\freetype.dll
Event: 0.288 Loaded shared library C:\Program Files\Java\jdk-19\bin\fontmanager.dll
Event: 1.060 Loaded shared library C:\TeamBots\eclipse_basic\lib\x86_64_nt\ec_java_load.dll
Event: 1.065 Loaded shared library C:\TeamBots\eclipse_basic\lib\x86_64_nt\ec_java.dll

Deoptimization events (20 events):
Event: 38.477 Thread 0x000001653f291aa0 Uncommon trap: trap_request=0xffffff45 fr.pc=0x00000165305a54fc relative=0x000000000000237c
Event: 38.477 Thread 0x000001653f291aa0 Uncommon trap: reason=unstable_if action=reinterpret pc=0x00000165305a54fc method=CSAI.unipa.abstractrobot.SimpleN150ExploreSim.sonarScan()V @ 80 c2
Event: 38.477 Thread 0x000001653f291aa0 DEOPT PACKING pc=0x00000165305a54fc sp=0x000000571f7ff090
Event: 38.477 Thread 0x000001653f291aa0 DEOPT UNPACKING pc=0x000001652ffa6da3 sp=0x000000571f7ff018 mode 2
Event: 38.536 Thread 0x000001653f291aa0 DEOPT PACKING pc=0x0000016528e16f01 sp=0x000000571f7fef80
Event: 38.536 Thread 0x000001653f291aa0 DEOPT UNPACKING pc=0x000001652ffa7543 sp=0x000000571f7fe500 mode 0
Event: 38.603 Thread 0x000001653f291aa0 DEOPT PACKING pc=0x0000016528e172dc sp=0x000000571f7fef80
Event: 38.603 Thread 0x000001653f291aa0 DEOPT UNPACKING pc=0x000001652ffa7543 sp=0x000000571f7fe500 mode 0
Event: 38.669 Thread 0x000001653f291aa0 DEOPT PACKING pc=0x0000016528e16f01 sp=0x000000571f7fef80
Event: 38.669 Thread 0x000001653f291aa0 DEOPT UNPACKING pc=0x000001652ffa7543 sp=0x000000571f7fe500 mode 0
Event: 38.718 Thread 0x000001653f291aa0 DEOPT PACKING pc=0x0000016528e172dc sp=0x000000571f7fef50
Event: 38.718 Thread 0x000001653f291aa0 DEOPT UNPACKING pc=0x000001652ffa7543 sp=0x000000571f7fe4c8 mode 0
Event: 38.781 Thread 0x000001653f291aa0 DEOPT PACKING pc=0x0000016528e172dc sp=0x000000571f7fef50
Event: 38.781 Thread 0x000001653f291aa0 DEOPT UNPACKING pc=0x000001652ffa7543 sp=0x000000571f7fe4c8 mode 0
Event: 38.820 Thread 0x000001653f291aa0 DEOPT PACKING pc=0x0000016528e172dc sp=0x000000571f7fef50
Event: 38.820 Thread 0x000001653f291aa0 DEOPT UNPACKING pc=0x000001652ffa7543 sp=0x000000571f7fe4c8 mode 0
Event: 39.190 Thread 0x000001653f291000 DEOPT PACKING pc=0x0000016528cf1a5d sp=0x000000571f8fed90
Event: 39.190 Thread 0x000001653f291000 DEOPT UNPACKING pc=0x000001652ffa7543 sp=0x000000571f8fe268 mode 0
Event: 42.660 Thread 0x000001653f291aa0 DEOPT PACKING pc=0x0000016528d6ce87 sp=0x000000571f7fec20
Event: 42.660 Thread 0x000001653f291aa0 DEOPT UNPACKING pc=0x000001652ffa7543 sp=0x000000571f7fe0b8 mode 0

Classes loaded (20 events):
Event: 2.263 Loading class java/awt/Adjustable done
Event: 2.263 Loading class java/awt/Scrollbar done
Event: 2.382 Loading class sun/awt/windows/WButtonPeer$1
Event: 2.383 Loading class sun/awt/windows/WButtonPeer$1 done
Event: 2.383 Loading class sun/awt/SunToolkit$2
Event: 2.383 Loading class sun/awt/SunToolkit$2 done
Event: 8.091 Loading class sun/awt/windows/WCheckboxMenuItemPeer$1
Event: 8.091 Loading class sun/awt/windows/WCheckboxMenuItemPeer$1 done
Event: 19.350 Loading class java/awt/Window$1DisposeAction
Event: 19.350 Loading class java/awt/Window$1DisposeAction done
Event: 19.354 Loading class java/awt/LightweightDispatcher$2
Event: 19.354 Loading class java/awt/LightweightDispatcher$2 done
Event: 19.354 Loading class java/awt/event/AWTEventListenerProxy
Event: 19.354 Loading class java/awt/event/AWTEventListenerProxy done
Event: 19.354 Loading class java/awt/Toolkit$ToolkitEventMulticaster
Event: 19.354 Loading class java/awt/Toolkit$ToolkitEventMulticaster done
Event: 33.535 Loading class sun/font/CMap$CMapFormat12
Event: 33.535 Loading class sun/font/CMap$CMapFormat12 done
Event: 33.537 Loading class sun/font/CMap$UVS
Event: 33.537 Loading class sun/font/CMap$UVS done

Classes unloaded (0 events):
No events

Classes redefined (0 events):
No events

Internal exceptions (20 events):
Event: 38.649 Thread 0x000001653f291aa0 Exception <a 'java/lang/ClassCastException'{0x000000008611c830}: class CSAI.unipa.abstractrobot.MultiForageN150ExploreSim cannot be cast to class EDU.gatech.cc.is.abstractrobot.SimpleN150Sim (CSAI.unipa.abstractrobot.MultiForageN150ExploreSim and EDU.gatech.cc.is.abstractrobot.SimpleN150Sim are in unnamed module of loader 'app')> (0x000000008611c830) 
thrown [s\open\src\hotspot\share\interpreter\interpreterRuntime.cpp, line 448]
Event: 38.649 Thread 0x000001653f291aa0 Exception <a 'java/lang/ClassCastException'{0x000000008611cc40}: class CSAI.unipa.abstractrobot.MultiForageN150ExploreSim cannot be cast to class EDU.gatech.cc.is.abstractrobot.SimpleN150Sim (CSAI.unipa.abstractrobot.MultiForageN150ExploreSim and EDU.gatech.cc.is.abstractrobot.SimpleN150Sim are in unnamed module of loader 'app')> (0x000000008611cc40) 
thrown [s\open\src\hotspot\share\interpreter\interpreterRuntime.cpp, line 448]
Event: 38.668 Thread 0x000001653f291aa0 Exception <a 'java/lang/ClassCastException'{0x000000008618abc8}: class CSAI.unipa.abstractrobot.MultiForageN150ExploreSim cannot be cast to class EDU.gatech.cc.is.abstractrobot.SimpleN150Sim (CSAI.unipa.abstractrobot.MultiForageN150ExploreSim and EDU.gatech.cc.is.abstractrobot.SimpleN150Sim are in unnamed module of loader 'app')> (0x000000008618abc8) 
thrown [s\open\src\hotspot\share\interpreter\interpreterRuntime.cpp, line 448]
Event: 38.668 Thread 0x000001653f291aa0 Exception <a 'java/lang/ClassCastException'{0x000000008618afd8}: class CSAI.unipa.abstractrobot.MultiForageN150ExploreSim cannot be cast to class EDU.gatech.cc.is.abstractrobot.SimpleN150Sim (CSAI.unipa.abstractrobot.MultiForageN150ExploreSim and EDU.gatech.cc.is.abstractrobot.SimpleN150Sim are in unnamed module of loader 'app')> (0x000000008618afd8) 
thrown [s\open\src\hotspot\share\interpreter\interpreterRuntime.cpp, line 448]
Event: 38.691 Thread 0x000001653f291aa0 Exception <a 'java/lang/ClassCastException'{0x00000000861fa4f0}: class CSAI.unipa.abstractrobot.MultiForageN150ExploreSim cannot be cast to class EDU.gatech.cc.is.abstractrobot.SimpleN150Sim (CSAI.unipa.abstractrobot.MultiForageN150ExploreSim and EDU.gatech.cc.is.abstractrobot.SimpleN150Sim are in unnamed module of loader 'app')> (0x00000000861fa4f0) 
thrown [s\open\src\hotspot\share\interpreter\interpreterRuntime.cpp, line 448]
Event: 38.691 Thread 0x000001653f291aa0 Exception <a 'java/lang/ClassCastException'{0x00000000861fa900}: class CSAI.unipa.abstractrobot.MultiForageN150ExploreSim cannot be cast to class EDU.gatech.cc.is.abstractrobot.SimpleN150Sim (CSAI.unipa.abstractrobot.MultiForageN150ExploreSim and EDU.gatech.cc.is.abstractrobot.SimpleN150Sim are in unnamed module of loader 'app')> (0x00000000861fa900) 
thrown [s\open\src\hotspot\share\interpreter\interpreterRuntime.cpp, line 448]
Event: 38.717 Thread 0x000001653f291aa0 Exception <a 'java/lang/ClassCastException'{0x000000008607cc18}: class CSAI.unipa.abstractrobot.MultiForageN150ExploreSim cannot be cast to class EDU.gatech.cc.is.abstractrobot.SimpleN150Sim (CSAI.unipa.abstractrobot.MultiForageN150ExploreSim and EDU.gatech.cc.is.abstractrobot.SimpleN150Sim are in unnamed module of loader 'app')> (0x000000008607cc18) 
thrown [s\open\src\hotspot\share\interpreter\interpreterRuntime.cpp, line 448]
Event: 38.717 Thread 0x000001653f291aa0 Exception <a 'java/lang/ClassCastException'{0x000000008607d028}: class CSAI.unipa.abstractrobot.MultiForageN150ExploreSim cannot be cast to class EDU.gatech.cc.is.abstractrobot.SimpleN150Sim (CSAI.unipa.abstractrobot.MultiForageN150ExploreSim and EDU.gatech.cc.is.abstractrobot.SimpleN150Sim are in unnamed module of loader 'app')> (0x000000008607d028) 
thrown [s\open\src\hotspot\share\interpreter\interpreterRuntime.cpp, line 448]
Event: 38.737 Thread 0x000001653f291aa0 Exception <a 'java/lang/ClassCastException'{0x00000000860fb840}: class CSAI.unipa.abstractrobot.MultiForageN150ExploreSim cannot be cast to class EDU.gatech.cc.is.abstractrobot.SimpleN150Sim (CSAI.unipa.abstractrobot.MultiForageN150ExploreSim and EDU.gatech.cc.is.abstractrobot.SimpleN150Sim are in unnamed module of loader 'app')> (0x00000000860fb840) 
thrown [s\open\src\hotspot\share\interpreter\interpreterRuntime.cpp, line 448]
Event: 38.737 Thread 0x000001653f291aa0 Exception <a 'java/lang/ClassCastException'{0x00000000860fbc50}: class CSAI.unipa.abstractrobot.MultiForageN150ExploreSim cannot be cast to class EDU.gatech.cc.is.abstractrobot.SimpleN150Sim (CSAI.unipa.abstractrobot.MultiForageN150ExploreSim and EDU.gatech.cc.is.abstractrobot.SimpleN150Sim are in unnamed module of loader 'app')> (0x00000000860fbc50) 
thrown [s\open\src\hotspot\share\interpreter\interpreterRuntime.cpp, line 448]
Event: 38.759 Thread 0x000001653f291aa0 Exception <a 'java/lang/ClassCastException'{0x0000000085fc76c0}: class CSAI.unipa.abstractrobot.MultiForageN150ExploreSim cannot be cast to class EDU.gatech.cc.is.abstractrobot.SimpleN150Sim (CSAI.unipa.abstractrobot.MultiForageN150ExploreSim and EDU.gatech.cc.is.abstractrobot.SimpleN150Sim are in unnamed module of loader 'app')> (0x0000000085fc76c0) 
thrown [s\open\src\hotspot\share\interpreter\interpreterRuntime.cpp, line 448]
Event: 38.759 Thread 0x000001653f291aa0 Exception <a 'java/lang/ClassCastException'{0x0000000085fc7ad0}: class CSAI.unipa.abstractrobot.MultiForageN150ExploreSim cannot be cast to class EDU.gatech.cc.is.abstractrobot.SimpleN150Sim (CSAI.unipa.abstractrobot.MultiForageN150ExploreSim and EDU.gatech.cc.is.abstractrobot.SimpleN150Sim are in unnamed module of loader 'app')> (0x0000000085fc7ad0) 
thrown [s\open\src\hotspot\share\interpreter\interpreterRuntime.cpp, line 448]
Event: 38.781 Thread 0x000001653f291aa0 Exception <a 'java/lang/ClassCastException'{0x0000000085e46278}: class CSAI.unipa.abstractrobot.MultiForageN150ExploreSim cannot be cast to class EDU.gatech.cc.is.abstractrobot.SimpleN150Sim (CSAI.unipa.abstractrobot.MultiForageN150ExploreSim and EDU.gatech.cc.is.abstractrobot.SimpleN150Sim are in unnamed module of loader 'app')> (0x0000000085e46278) 
thrown [s\open\src\hotspot\share\interpreter\interpreterRuntime.cpp, line 448]
Event: 38.781 Thread 0x000001653f291aa0 Exception <a 'java/lang/ClassCastException'{0x0000000085e46688}: class CSAI.unipa.abstractrobot.MultiForageN150ExploreSim cannot be cast to class EDU.gatech.cc.is.abstractrobot.SimpleN150Sim (CSAI.unipa.abstractrobot.MultiForageN150ExploreSim and EDU.gatech.cc.is.abstractrobot.SimpleN150Sim are in unnamed module of loader 'app')> (0x0000000085e46688) 
thrown [s\open\src\hotspot\share\interpreter\interpreterRuntime.cpp, line 448]
Event: 38.799 Thread 0x000001653f291aa0 Exception <a 'java/lang/ClassCastException'{0x0000000085ec0eb8}: class CSAI.unipa.abstractrobot.MultiForageN150ExploreSim cannot be cast to class EDU.gatech.cc.is.abstractrobot.SimpleN150Sim (CSAI.unipa.abstractrobot.MultiForageN150ExploreSim and EDU.gatech.cc.is.abstractrobot.SimpleN150Sim are in unnamed module of loader 'app')> (0x0000000085ec0eb8) 
thrown [s\open\src\hotspot\share\interpreter\interpreterRuntime.cpp, line 448]
Event: 38.799 Thread 0x000001653f291aa0 Exception <a 'java/lang/ClassCastException'{0x0000000085ec12c8}: class CSAI.unipa.abstractrobot.MultiForageN150ExploreSim cannot be cast to class EDU.gatech.cc.is.abstractrobot.SimpleN150Sim (CSAI.unipa.abstractrobot.MultiForageN150ExploreSim and EDU.gatech.cc.is.abstractrobot.SimpleN150Sim are in unnamed module of loader 'app')> (0x0000000085ec12c8) 
thrown [s\open\src\hotspot\share\interpreter\interpreterRuntime.cpp, line 448]
Event: 38.819 Thread 0x000001653f291aa0 Exception <a 'java/lang/ClassCastException'{0x0000000085d38370}: class CSAI.unipa.abstractrobot.MultiForageN150ExploreSim cannot be cast to class EDU.gatech.cc.is.abstractrobot.SimpleN150Sim (CSAI.unipa.abstractrobot.MultiForageN150ExploreSim and EDU.gatech.cc.is.abstractrobot.SimpleN150Sim are in unnamed module of loader 'app')> (0x0000000085d38370) 
thrown [s\open\src\hotspot\share\interpreter\interpreterRuntime.cpp, line 448]
Event: 38.819 Thread 0x000001653f291aa0 Exception <a 'java/lang/ClassCastException'{0x0000000085d38780}: class CSAI.unipa.abstractrobot.MultiForageN150ExploreSim cannot be cast to class EDU.gatech.cc.is.abstractrobot.SimpleN150Sim (CSAI.unipa.abstractrobot.MultiForageN150ExploreSim and EDU.gatech.cc.is.abstractrobot.SimpleN150Sim are in unnamed module of loader 'app')> (0x0000000085d38780) 
thrown [s\open\src\hotspot\share\interpreter\interpreterRuntime.cpp, line 448]
Event: 38.849 Thread 0x000001653f291aa0 Exception <a 'java/lang/ClassCastException'{0x0000000085dab628}: class CSAI.unipa.abstractrobot.MultiForageN150ExploreSim cannot be cast to class EDU.gatech.cc.is.abstractrobot.SimpleN150Sim (CSAI.unipa.abstractrobot.MultiForageN150ExploreSim and EDU.gatech.cc.is.abstractrobot.SimpleN150Sim are in unnamed module of loader 'app')> (0x0000000085dab628) 
thrown [s\open\src\hotspot\share\interpreter\interpreterRuntime.cpp, line 448]
Event: 38.849 Thread 0x000001653f291aa0 Exception <a 'java/lang/ClassCastException'{0x0000000085daba38}: class CSAI.unipa.abstractrobot.MultiForageN150ExploreSim cannot be cast to class EDU.gatech.cc.is.abstractrobot.SimpleN150Sim (CSAI.unipa.abstractrobot.MultiForageN150ExploreSim and EDU.gatech.cc.is.abstractrobot.SimpleN150Sim are in unnamed module of loader 'app')> (0x0000000085daba38) 
thrown [s\open\src\hotspot\share\interpreter\interpreterRuntime.cpp, line 448]

VM Operations (20 events):
Event: 32.884 Executing VM operation: Cleanup
Event: 32.884 Executing VM operation: Cleanup done
Event: 34.404 Executing VM operation: G1CollectForAllocation
Event: 34.407 Executing VM operation: G1CollectForAllocation done
Event: 36.408 Executing VM operation: Cleanup
Event: 36.408 Executing VM operation: Cleanup done
Event: 36.744 Executing VM operation: G1CollectForAllocation
Event: 36.747 Executing VM operation: G1CollectForAllocation done
Event: 37.747 Executing VM operation: Cleanup
Event: 37.747 Executing VM operation: Cleanup done
Event: 38.476 Executing VM operation: HandshakeAllThreads
Event: 38.476 Executing VM operation: HandshakeAllThreads done
Event: 39.053 Executing VM operation: G1CollectForAllocation
Event: 39.056 Executing VM operation: G1CollectForAllocation done
Event: 40.056 Executing VM operation: Cleanup
Event: 40.057 Executing VM operation: Cleanup done
Event: 41.057 Executing VM operation: Cleanup
Event: 41.057 Executing VM operation: Cleanup done
Event: 42.452 Executing VM operation: G1CollectForAllocation
Event: 42.455 Executing VM operation: G1CollectForAllocation done

Events (20 events):
Event: 0.073 Thread 0x000001653f290010 Thread added: 0x000001653f290010
Event: 0.213 Thread 0x000001653f291550 Thread added: 0x000001653f291550
Event: 0.214 Thread 0x000001653f290560 Thread added: 0x000001653f290560
Event: 0.215 Thread 0x000001653f290ab0 Thread added: 0x000001653f290ab0
Event: 0.260 Thread 0x000001653f291aa0 Thread added: 0x000001653f291aa0
Event: 0.270 Thread 0x000001653f291000 Thread added: 0x000001653f291000
Event: 0.766 Thread 0x0000016544d69a70 Thread added: 0x0000016544d69a70
Event: 1.169 Thread 0x0000016544d69a70 Thread exited: 0x0000016544d69a70
Event: 1.371 Thread 0x00000165452cb210 Thread added: 0x00000165452cb210
Event: 1.395 Thread 0x00000165451d9930 Thread added: 0x00000165451d9930
Event: 1.613 Thread 0x00000165451d9930 Thread exited: 0x00000165451d9930
Event: 1.613 Thread 0x00000165452cb210 Thread exited: 0x00000165452cb210
Event: 1.650 Thread 0x00000165451d9930 Thread added: 0x00000165451d9930
Event: 1.653 Thread 0x0000016544d370e0 Thread added: 0x0000016544d370e0
Event: 1.716 Thread 0x0000016520a9cb60 Thread exited: 0x0000016520a9cb60
Event: 1.716 Thread 0x0000016544cfb590 Thread added: 0x0000016544cfb590
Event: 1.865 Thread 0x0000016544d370e0 Thread exited: 0x0000016544d370e0
Event: 1.865 Thread 0x00000165451d9930 Thread exited: 0x00000165451d9930
Event: 19.361 Thread 0x000001654357e440 Thread added: 0x000001654357e440
Event: 19.786 Thread 0x000001654357e440 Thread exited: 0x000001654357e440


Dynamic libraries:
0x00007ff696770000 - 0x00007ff696780000 	C:\Program Files\Java\jdk-19\bin\java.exe
0x00007ffd32b80000 - 0x00007ffd32d89000 	C:\WINDOWS\SYSTEM32\ntdll.dll
0x00007ffd31d90000 - 0x00007ffd31e4e000 	C:\WINDOWS\System32\KERNEL32.DLL
0x00007ffd30050000 - 0x00007ffd303cb000 	C:\WINDOWS\System32\KERNELBASE.dll
0x00007ffd30470000 - 0x00007ffd30581000 	C:\WINDOWS\System32\ucrtbase.dll
0x00007ffd179f0000 - 0x00007ffd17a08000 	C:\Program Files\Java\jdk-19\bin\jli.dll
0x00007ffd21460000 - 0x00007ffd2147b000 	C:\Program Files\Java\jdk-19\bin\VCRUNTIME140.dll
0x00007ffd31530000 - 0x00007ffd315de000 	C:\WINDOWS\System32\ADVAPI32.dll
0x00007ffd32780000 - 0x00007ffd32823000 	C:\WINDOWS\System32\msvcrt.dll
0x00007ffd31ff0000 - 0x00007ffd3208e000 	C:\WINDOWS\System32\sechost.dll
0x00007ffd329a0000 - 0x00007ffd32ac0000 	C:\WINDOWS\System32\RPCRT4.dll
0x00007ffd30ad0000 - 0x00007ffd30c7d000 	C:\WINDOWS\System32\USER32.dll
0x00007ffd303d0000 - 0x00007ffd303f6000 	C:\WINDOWS\System32\win32u.dll
0x00007ffd1b1b0000 - 0x00007ffd1b455000 	C:\WINDOWS\WinSxS\amd64_microsoft.windows.common-controls_6595b64144ccf1df_6.0.22000.120_none_9d947278b86cc467\COMCTL32.dll
0x00007ffd32830000 - 0x00007ffd32859000 	C:\WINDOWS\System32\GDI32.dll
0x00007ffd30820000 - 0x00007ffd30938000 	C:\WINDOWS\System32\gdi32full.dll
0x00007ffd30590000 - 0x00007ffd3062d000 	C:\WINDOWS\System32\msvcp_win.dll
0x00007ffd2ee80000 - 0x00007ffd2ee8a000 	C:\WINDOWS\SYSTEM32\VERSION.dll
0x00007ffd315f0000 - 0x00007ffd31622000 	C:\WINDOWS\System32\IMM32.DLL
0x00007ffd2a960000 - 0x00007ffd2a96c000 	C:\Program Files\Java\jdk-19\bin\vcruntime140_1.dll
0x00007ffd01b40000 - 0x00007ffd01bce000 	C:\Program Files\Java\jdk-19\bin\msvcp140.dll
0x00007ffc97c60000 - 0x00007ffc98920000 	C:\Program Files\Java\jdk-19\bin\server\jvm.dll
0x00007ffd21270000 - 0x00007ffd21279000 	C:\WINDOWS\SYSTEM32\WSOCK32.dll
0x00007ffd28470000 - 0x00007ffd284a3000 	C:\WINDOWS\SYSTEM32\WINMM.dll
0x00007ffd32090000 - 0x00007ffd320ff000 	C:\WINDOWS\System32\WS2_32.dll
0x00007ffd2f1c0000 - 0x00007ffd2f1d8000 	C:\WINDOWS\SYSTEM32\kernel.appcore.dll
0x00007ffd21450000 - 0x00007ffd2145a000 	C:\Program Files\Java\jdk-19\bin\jimage.dll
0x00007ffd2da20000 - 0x00007ffd2dc41000 	C:\WINDOWS\SYSTEM32\DBGHELP.DLL
0x00007ffd1bf80000 - 0x00007ffd1bfb1000 	C:\WINDOWS\SYSTEM32\dbgcore.DLL
0x00007ffd30630000 - 0x00007ffd306af000 	C:\WINDOWS\System32\bcryptPrimitives.dll
0x00007ffd174b0000 - 0x00007ffd174d6000 	C:\Program Files\Java\jdk-19\bin\java.dll
0x00007ffcf40e0000 - 0x00007ffcf41b7000 	C:\Program Files\Java\jdk-19\bin\jsvml.dll
0x00007ffd30c80000 - 0x00007ffd31437000 	C:\WINDOWS\System32\SHELL32.dll
0x00007ffd2e590000 - 0x00007ffd2edf5000 	C:\WINDOWS\SYSTEM32\windows.storage.dll
0x00007ffd31650000 - 0x00007ffd319c8000 	C:\WINDOWS\System32\combase.dll
0x00007ffd2e420000 - 0x00007ffd2e586000 	C:\WINDOWS\SYSTEM32\wintypes.dll
0x00007ffd31ba0000 - 0x00007ffd31c8a000 	C:\WINDOWS\System32\SHCORE.dll
0x00007ffd32ac0000 - 0x00007ffd32b1d000 	C:\WINDOWS\System32\shlwapi.dll
0x00007ffd2ff80000 - 0x00007ffd2ffa1000 	C:\WINDOWS\SYSTEM32\profapi.dll
0x00007ffd17790000 - 0x00007ffd177a3000 	C:\Program Files\Java\jdk-19\bin\net.dll
0x00007ffd29080000 - 0x00007ffd29194000 	C:\WINDOWS\SYSTEM32\WINHTTP.dll
0x00007ffd2f660000 - 0x00007ffd2f6c7000 	C:\WINDOWS\system32\mswsock.dll
0x00007ffd170d0000 - 0x00007ffd170e6000 	C:\Program Files\Java\jdk-19\bin\nio.dll
0x00007ffd170b0000 - 0x00007ffd170c8000 	C:\Program Files\Java\jdk-19\bin\zip.dll
0x00007ffd17a20000 - 0x00007ffd17a30000 	C:\Program Files\Java\jdk-19\bin\verify.dll
0x00007ffce5af0000 - 0x00007ffce5c81000 	C:\Program Files\Java\jdk-19\bin\awt.dll
0x00007ffd31440000 - 0x00007ffd31516000 	C:\WINDOWS\System32\OLEAUT32.dll
0x00007ffd2d030000 - 0x00007ffd2d0c2000 	C:\WINDOWS\SYSTEM32\apphelp.dll
0x00007ffd2d550000 - 0x00007ffd2d57f000 	C:\WINDOWS\system32\DWMAPI.DLL
0x00007ffd2d120000 - 0x00007ffd2d1cc000 	C:\WINDOWS\system32\uxtheme.dll
0x00007ffd0f370000 - 0x00007ffd0f471000 	C:\WINDOWS\system32\opengl32.dll
0x00007ffd0fb00000 - 0x00007ffd0fb2d000 	C:\WINDOWS\SYSTEM32\GLU32.dll
0x00007ffd2d3d0000 - 0x00007ffd2d408000 	C:\WINDOWS\SYSTEM32\dxcore.dll
0x00007ffd32660000 - 0x00007ffd3277d000 	C:\WINDOWS\System32\MSCTF.dll
0x00007ffd31e50000 - 0x00007ffd31fea000 	C:\WINDOWS\System32\ole32.dll
0x00007ffcf2da0000 - 0x00007ffcf2db7000 	C:\WINDOWS\system32\napinsp.dll
0x00007ffcf3460000 - 0x00007ffcf347b000 	C:\WINDOWS\system32\pnrpnsp.dll
0x00007ffd2e120000 - 0x00007ffd2e208000 	C:\WINDOWS\SYSTEM32\DNSAPI.dll
0x00007ffd2e0f0000 - 0x00007ffd2e11d000 	C:\WINDOWS\SYSTEM32\IPHLPAPI.DLL
0x00007ffd319d0000 - 0x00007ffd319d9000 	C:\WINDOWS\System32\NSI.dll
0x00007ffd07310000 - 0x00007ffd07322000 	C:\WINDOWS\System32\winrnr.dll
0x00007ffd27660000 - 0x00007ffd27675000 	C:\WINDOWS\system32\wshbth.dll
0x00007ffce5d30000 - 0x00007ffce5d4f000 	C:\WINDOWS\system32\nlansp_c.dll
0x00007ffd21a40000 - 0x00007ffd21a4a000 	C:\Windows\System32\rasadhlp.dll
0x00007ffd271f0000 - 0x00007ffd27271000 	C:\WINDOWS\System32\fwpuclnt.dll
0x00007ffd01850000 - 0x00007ffd018d6000 	C:\Program Files\Java\jdk-19\bin\freetype.dll
0x00007ffcf3f60000 - 0x00007ffcf4025000 	C:\Program Files\Java\jdk-19\bin\fontmanager.dll
0x00007ffd1a6c0000 - 0x00007ffd1a7ed000 	C:\WINDOWS\SYSTEM32\textinputframework.dll
0x00007ffd2cd40000 - 0x00007ffd2ce71000 	C:\WINDOWS\SYSTEM32\CoreMessaging.dll
0x00007ffd2a360000 - 0x00007ffd2a6cd000 	C:\WINDOWS\SYSTEM32\CoreUIComponents.dll
0x00007ffd2f8a0000 - 0x00007ffd2f8ac000 	C:\WINDOWS\SYSTEM32\CRYPTBASE.DLL
0x00007ffd12190000 - 0x00007ffd12230000 	C:\WINDOWS\system32\RICHED20.DLL
0x00007ffd13aa0000 - 0x00007ffd13ab9000 	C:\WINDOWS\SYSTEM32\USP10.dll
0x00007ffd12150000 - 0x00007ffd1218a000 	C:\WINDOWS\SYSTEM32\msls31.dll
0x00007ffd32860000 - 0x00007ffd32915000 	C:\WINDOWS\System32\clbcatq.dll
0x00007ffd0c7f0000 - 0x00007ffd0c84d000 	C:\WINDOWS\system32\dataexchange.dll
0x00007ffd291a0000 - 0x00007ffd29406000 	C:\WINDOWS\system32\twinapi.appcore.dll
0x000000006f280000 - 0x000000006f2d0000 	C:\TeamBots\eclipse_basic\lib\x86_64_nt\ec_java_load.dll
0x0000000068d80000 - 0x0000000068dd1000 	C:\TeamBots\eclipse_basic\lib\x86_64_nt\ec_java.dll
0x0000000066dc0000 - 0x0000000066f08000 	C:\TeamBots\eclipse_basic\lib\x86_64_nt\eclipse.dll
0x00007ffd2eec0000 - 0x00007ffd2eed9000 	C:\WINDOWS\SYSTEM32\NETAPI32.dll
0x00000002599e0000 - 0x0000000259abe000 	C:\TeamBots\eclipse_basic\lib\x86_64_nt\libgmp-10.dll

dbghelp: loaded successfully - version: 4.0.5 - missing functions: none
symbol engine: initialized successfully - sym options: 0x614 - pdb path: .;C:\Program Files\Java\jdk-19\bin;C:\WINDOWS\SYSTEM32;C:\WINDOWS\WinSxS\amd64_microsoft.windows.common-controls_6595b64144ccf1df_6.0.22000.120_none_9d947278b86cc467;C:\Program Files\Java\jdk-19\bin\server;C:\TeamBots\eclipse_basic\lib\x86_64_nt

VM Arguments:
jvm_args: -Declipse.directory=C:\TeamBots\eclipse_basic 
java_command: TBSim.TBSim Competition.dsc
java_class_path (initial): C:\TeamBots\eclipse_basic\lib\eclipse.jar;C:\TeamBots\src;.
Launcher Type: SUN_STANDARD

[Global flags]
     intx CICompilerCount                          = 4                                         {product} {ergonomic}
     uint ConcGCThreads                            = 2                                         {product} {ergonomic}
     uint G1ConcRefinementThreads                  = 8                                         {product} {ergonomic}
   size_t G1HeapRegionSize                         = 1048576                                   {product} {ergonomic}
    uintx GCDrainStackTargetSize                   = 64                                        {product} {ergonomic}
   size_t InitialHeapSize                          = 134217728                                 {product} {ergonomic}
   size_t MarkStackSize                            = 4194304                                   {product} {ergonomic}
   size_t MaxHeapSize                              = 2116026368                                {product} {ergonomic}
   size_t MaxNewSize                               = 1268776960                                {product} {ergonomic}
   size_t MinHeapDeltaBytes                        = 1048576                                   {product} {ergonomic}
   size_t MinHeapSize                              = 8388608                                   {product} {ergonomic}
    uintx NonNMethodCodeHeapSize                   = 5839372                                {pd product} {ergonomic}
    uintx NonProfiledCodeHeapSize                  = 122909434                              {pd product} {ergonomic}
    uintx ProfiledCodeHeapSize                     = 122909434                              {pd product} {ergonomic}
    uintx ReservedCodeCacheSize                    = 251658240                              {pd product} {ergonomic}
     bool SegmentedCodeCache                       = true                                      {product} {ergonomic}
   size_t SoftMaxHeapSize                          = 2116026368                             {manageable} {ergonomic}
     bool UseCompressedClassPointers               = true                           {product lp64_product} {ergonomic}
     bool UseCompressedOops                        = true                           {product lp64_product} {ergonomic}
     bool UseG1GC                                  = true                                      {product} {ergonomic}
     bool UseLargePagesIndividualAllocation        = false                                  {pd product} {ergonomic}

Logging:
Log output configuration:
 #0: stdout all=warning uptime,level,tags foldmultilines=false
 #1: stderr all=off uptime,level,tags foldmultilines=false

Environment Variables:
CLASSPATH=C:\TeamBots\eclipse_basic\lib\eclipse.jar;C:\TeamBots\src;.
PATH=C:\Program Files\Common Files\Oracle\Java\javapath;C:\Program Files (x86)\Common Files\Oracle\Java\javapath;C:\Program Files\Python310\Scripts\;C:\Program Files\Python310\;C:\Program Files (x86)\Intel\iCLS Client\;C:\Program Files\Intel\iCLS Client\;C:\WINDOWS\system32;C:\WINDOWS;C:\WINDOWS\System32\Wbem;C:\WINDOWS\System32\WindowsPowerShell\v1.0\;C:\Program Files (x86)\Intel\Intel(R) Management Engine Components\DAL;C:\Program Files\Intel\Intel(R) Management Engine Components\DAL;C:\Program Files (x86)\Intel\Intel(R) Management Engine Components\IPT;C:\Program Files\Intel\Intel(R) Management Engine Components\IPT;C:\WINDOWS\System32\OpenSSH\;C:\Program Files\Git\cmd;C:\Users\gaeta\AppData\Local\Microsoft\WindowsApps;;C:\Users\gaeta\AppData\Local\Programs\Microsoft VS Code\bin
USERNAME=gaeta
OS=Windows_NT
PROCESSOR_IDENTIFIER=Intel64 Family 6 Model 142 Stepping 10, GenuineIntel
TMP=C:\Users\gaeta\AppData\Local\Temp
TEMP=C:\Users\gaeta\AppData\Local\Temp



---------------  S Y S T E M  ---------------

OS:
 Windows 11 , 64 bit Build 22000 (10.0.22000.1335)
OS uptime: 6 days 7:23 hours

CPU: total 8 (initial active 8) (4 cores per cpu, 2 threads per core) family 6 model 142 stepping 10 microcode 0xe0, cx8, cmov, fxsr, ht, mmx, 3dnowpref, sse, sse2, sse3, ssse3, sse4.1, sse4.2, popcnt, lzcnt, tsc, tscinvbit, avx, avx2, aes, erms, clmul, bmi1, bmi2, adx, fma, vzeroupper, clflush, clflushopt, rdtscp

Memory: 4k page, system-wide physical 8066M (1731M free)
TotalPageFile size 11569M (AvailPageFile size 1967M)
current process WorkingSet (physical memory assigned to process): 221M, peak: 228M
current process commit charge ("private bytes"): 319M, peak: 328M

vm_info: Java HotSpot(TM) 64-Bit Server VM (19.0.1+10-21) for windows-amd64 JRE (19.0.1+10-21), built on 2022-09-14T12:45:06Z by "mach5one" with MS VC++ 17.1 (VS2022)

END.
