#
# A fatal error has been detected by the Java Runtime Environment:
#
#  EXCEPTION_ACCESS_VIOLATION (0xc0000005) at pc=0x00007ffd32b9d4d1, pid=18384, tid=4128
#
# JRE version: Java(TM) SE Runtime Environment (19.0.1+10) (build 19.0.1+10-21)
# Java VM: Java HotSpot(TM) 64-Bit Server VM (19.0.1+10-21, mixed mode, sharing, tiered, compressed oops, compressed class ptrs, g1 gc, windows-amd64)
# Problematic frame:
# C  [ntdll.dll+0x1d4d1]
#
# No core dump will be written. Minidumps are not enabled by default on client versions of Windows
#
# If you would like to submit a bug report, please visit:
#   https://bugreport.java.com/bugreport/crash.jsp
# The crash happened outside the Java Virtual Machine in native code.
# See problematic frame for where to report the bug.
#

---------------  S U M M A R Y ------------

Command Line: -Declipse.directory=C:\TeamBots\eclipse_basic TBSim.TBSim Competition.dsc

Host: Intel(R) Core(TM) i5-8250U CPU @ 1.60GHz, 8 cores, 7G,  Windows 11 , 64 bit Build 22000 (10.0.22000.1335)
Time: Fri Dec 30 16:54:07 2022 ora solare Europa occidentale elapsed time: 124.975139 seconds (0d 0h 2m 4s)

---------------  T H R E A D  ---------------

Current thread (0x0000016adb7bc8c0):  JavaThread "Finalizer" daemon [_thread_in_native, id=4128, stack(0x0000006271800000,0x0000006271900000)]

Stack: [0x0000006271800000,0x0000006271900000],  sp=0x00000062718fef20,  free space=1019k
Native frames: (J=compiled Java code, j=interpreted, Vv=VM code, C=native code)
C  [ntdll.dll+0x1d4d1]
C  [ntdll.dll+0x3a76c]
C  [ntdll.dll+0x3a5d2]
C  [eclipse.dll+0xc5c9a]

Java frames: (J=compiled Java code, j=interpreted, Vv=VM code)
j  com.parctechnologies.eclipse.NativeEclipse.Cleanup()V+0
j  com.parctechnologies.eclipse.EmbeddedEclipse.destroy()V+14
j  com.parctechnologies.eclipse.EmbeddedEclipse.finalize()V+1
j  java.lang.System$2.invokeFinalize(Ljava/lang/Object;)V+1 java.base@19.0.1
j  java.lang.ref.Finalizer.runFinalizer(Ljdk/internal/access/JavaLangAccess;)V+115 java.base@19.0.1
j  java.lang.ref.Finalizer$FinalizerThread.run()V+29 java.base@19.0.1
v  ~StubRoutines::call_stub 0x0000016acc48100e

siginfo: EXCEPTION_ACCESS_VIOLATION (0xc0000005), writing address 0x0000000000000024


Registers:
RAX=0xffffffffffffffff, RBX=0x0000000000000000, RCX=0x0000000000000000, RDX=0x0000000000000000
RSP=0x00000062718fef20, RBP=0x0000000000000000, RSI=0x00000000fffffffa, RDI=0x0000000000000000
R8 =0x0000000000000000, R9 =0x0000000066eaa050, R10=0x0000016acc49f92e, R11=0x00000000824aac28
R12=0x00007ffd32cf4360, R13=0x0000000000000001, R14=0x0000000000000000, R15=0x0000000066eaa048
RIP=0x00007ffd32b9d4d1, EFLAGS=0x0000000000010213


Register to memory mapping:

RIP=0x00007ffd32b9d4d1 ntdll.dll
RAX=0xffffffffffffffff is an unknown value
RBX=0x0 is NULL
RCX=0x0 is NULL
RDX=0x0 is NULL
RSP=0x00000062718fef20 is pointing into the stack for thread: 0x0000016adb7bc8c0
RBP=0x0 is NULL
RSI=0x00000000fffffffa is an unallocated location in the heap
RDI=0x0 is NULL
R8 =0x0 is NULL
R9 =0x0000000066eaa050 eclipse.dll
R10=0x0000016acc49f92e is at code_begin+1006 in an Interpreter codelet
method entry point (kind = native)  [0x0000016acc49f540, 0x0000016acc4a0050]  2832 bytes
R11=0x00000000824aac28 is an oop: java.lang.Class 
{0x00000000824aac28} - klass: 'java/lang/Class'
 - ---- fields (total size 14 words):
 - private volatile transient 'classRedefinedCount' 'I' @12  0
 - abstract internal 'klass' 'J' @16  34377126120 (10950e8 8)
 - abstract internal 'array_klass' 'J' @24  0 (0 0)
 - abstract internal 'oop_size' 'I' @32  14 (e)
 - abstract internal 'static_oop_field_count' 'I' @36  0
 - private volatile transient 'cachedConstructor' 'Ljava/lang/reflect/Constructor;' @40  NULL (0)
 - private transient 'name' 'Ljava/lang/String;' @44  "com.parctechnologies.eclipse.NativeEclipse"{0x00000000824aac98} (824aac98)
 - private transient 'module' 'Ljava/lang/Module;' @48  a 'java/lang/Module'{0x0000000082499ec8} (82499ec8)
 - private final 'classLoader' 'Ljava/lang/ClassLoader;' @52  a 'jdk/internal/loader/ClassLoaders$AppClassLoader'{0x0000000082096268} (82096268)
 - private transient 'classData' 'Ljava/lang/Object;' @56  NULL (0)
 - private transient 'packageName' 'Ljava/lang/String;' @60  "com.parctechnologies.eclipse"{0x00000000824aacf0} (824aacf0)
 - private final 'componentType' 'Ljava/lang/Class;' @64  NULL (0)
 - private volatile transient 'reflectionData' 'Ljava/lang/ref/SoftReference;' @68  NULL (0)
 - private volatile transient 'genericInfo' 'Lsun/reflect/generics/repository/ClassRepository;' @72  NULL (0)
 - private volatile transient 'enumConstants' '[Ljava/lang/Object;' @76  NULL (0)
 - private volatile transient 'enumConstantDirectory' 'Ljava/util/Map;' @80  NULL (0)
 - private volatile transient 'annotationData' 'Ljava/lang/Class$AnnotationData;' @84  NULL (0)
 - private volatile transient 'annotationType' 'Lsun/reflect/annotation/AnnotationType;' @88  NULL (0)
 - transient 'classValueMap' 'Ljava/lang/ClassValue$ClassValueMap;' @92  NULL (0)
 - abstract internal 'protection_domain' 'Ljava/lang/Object;' @96  a 'java/security/ProtectionDomain'{0x00000000824aad38} (824aad38)
 - abstract internal 'signers_name' 'Ljava/lang/Object;' @100  NULL (0)
 - abstract internal 'source_file' 'Ljava/lang/Object;' @104  NULL (0)
 - signature: Lcom/parctechnologies/eclipse/NativeEclipse;
 - ---- static fields (0):
R12=0x00007ffd32cf4360 ntdll.dll
R13=0x0000000000000001 is an unknown value
R14=0x0 is NULL
R15=0x0000000066eaa048 eclipse.dll


Top of Stack: (sp=0x00000062718fef20)
0x00000062718fef20:   ffffffffffffffff 0000000000000000
0x00000062718fef30:   0000000000000000 00000062718fef88
0x00000062718fef40:   00000062718fefe0 0000016acc49b8ef
0x00000062718fef50:   0000000000000000 0000000000000000
0x00000062718fef60:   0000000000000000 0000000000000000
0x00000062718fef70:   0000006270a02000 0000000000000000
0x00000062718fef80:   0000000089df8910 0000000089df8910
0x00000062718fef90:   0000000084ed9ff0 00000062718fef98
0x00000062718fefa0:   000000080086a806 00000062718feff0
0x00000062718fefb0:   00000008001c8628 0000000000000000
0x00000062718fefc0:   00000000820417d0 00000008001c8960
0x00000062718fefd0:   0000000000000000 00000062718feff0
0x00000062718fefe0:   000076e692c52a23 0000016acc49bd4b
0x00000062718feff0:   0000016adb7bc800 0000000000000001
0x00000062718ff000:   0000000000000001 0000000000000001
0x00000062718ff010:   0000000000000000 00007ffd32bba76c 

Instructions: (pc=0x00007ffd32b9d4d1)
0x00007ffd32b9d3d1:   08 e9 40 ff ff ff cc cc cc cc cc cc cc cc cc 48
0x00007ffd32b9d3e1:   89 5c 24 08 48 89 74 24 10 57 48 83 ec 20 48 8b
0x00007ffd32b9d3f1:   1d 52 b8 15 00 48 85 db 0f 85 4f ba 09 00 33 c0
0x00007ffd32b9d401:   48 8b 5c 24 30 48 8b 74 24 38 48 83 c4 20 5f c3
0x00007ffd32b9d411:   cc cc cc cc cc cc cc cc cc cc cc cc cc cc cc 48
0x00007ffd32b9d421:   89 5c 24 10 48 89 6c 24 18 48 89 74 24 20 57 41
0x00007ffd32b9d431:   54 41 55 41 56 41 57 48 81 ec d0 00 00 00 48 8b
0x00007ffd32b9d441:   05 ca 50 17 00 48 33 c4 48 89 84 24 c0 00 00 00
0x00007ffd32b9d451:   65 48 8b 1c 25 30 00 00 00 4c 8d 25 ff 6e 15 00
0x00007ffd32b9d461:   8b f2 c6 44 24 40 00 33 d2 48 89 5c 24 50 89 54
0x00007ffd32b9d471:   24 44 4c 8b f9 8b ea 49 3b cc 0f 84 66 02 00 00
0x00007ffd32b9d481:   38 15 e1 cc 15 00 0f 85 d6 02 00 00 39 15 f5 cc
0x00007ffd32b9d491:   15 00 0f 85 99 02 00 00 40 38 2d 98 c7 15 00 4c
0x00007ffd32b9d4a1:   8d 35 99 c7 15 00 48 8b dd 4c 0f 45 f3 49 39 5f
0x00007ffd32b9d4b1:   18 0f 84 f4 01 00 00 49 8b 0f 48 83 f9 ff 0f 84
0x00007ffd32b9d4c1:   fc 01 00 00 89 5c 24 48 8b fb 48 83 f9 ff 74 03
0x00007ffd32b9d4d1:   ff 41 24 4d 8b 6f 18 e8 a3 a2 00 00 85 c0 0f 85
0x00007ffd32b9d4e1:   a3 b9 09 00 b9 82 03 fe 7f 80 39 00 0f 85 b1 b9
0x00007ffd32b9d4f1:   09 00 49 83 fd ff 0f 85 7c 02 00 00 4c 8d 64 24
0x00007ffd32b9d501:   58 49 83 e4 fc 49 8d 7f 08 48 89 5c 24 70 48 89
0x00007ffd32b9d511:   5c 24 68 48 89 5c 24 78 48 89 7c 24 58 c7 84 24
0x00007ffd32b9d521:   80 00 00 00 01 00 00 00 65 48 8b 0c 25 30 00 00
0x00007ffd32b9d531:   00 48 8b 41 48 48 89 44 24 60 48 8b c7 48 8b 59
0x00007ffd32b9d541:   60 48 c1 e8 05 48 81 c3 a0 03 00 00 83 e0 7f 48
0x00007ffd32b9d551:   8b 0c c3 4c 8d 0c c3 45 33 db 48 8b d1 48 8d 44
0x00007ffd32b9d561:   24 58 83 e2 03 4c 8b c1 49 0b d4 49 83 e0 fc 4d
0x00007ffd32b9d571:   85 c0 4c 89 44 24 68 49 0f 45 c3 48 89 44 24 78
0x00007ffd32b9d581:   48 8b c2 48 83 c8 02 4d 85 c0 48 0f 45 d0 48 8b
0x00007ffd32b9d591:   c1 f0 49 0f b1 11 0f 85 1c 01 00 00 32 d1 f6 c2
0x00007ffd32b9d5a1:   02 75 7b 8b 07 48 8d 54 24 58 48 8b cb 3b c6 0f
0x00007ffd32b9d5b1:   85 e3 00 00 00 45 33 c9 4d 8b c6 e8 5b 02 00 00
0x00007ffd32b9d5c1:   3d 02 01 00 00 0f 84 83 b9 09 00 33 db 8b 37 40 


Stack slot to memory mapping:
stack at sp + 0 slots: 0xffffffffffffffff is an unknown value
stack at sp + 1 slots: 0x0 is NULL
stack at sp + 2 slots: 0x0 is NULL
stack at sp + 3 slots: 0x00000062718fef88 is pointing into the stack for thread: 0x0000016adb7bc8c0
stack at sp + 4 slots: 0x00000062718fefe0 is pointing into the stack for thread: 0x0000016adb7bc8c0
stack at sp + 5 slots: 0x0000016acc49b8ef is at code_begin+1455 in an Interpreter codelet
return entry points  [0x0000016acc49b340, 0x0000016acc49be20]  2784 bytes
stack at sp + 6 slots: 0x0 is NULL
stack at sp + 7 slots: 0x0 is NULL


---------------  P R O C E S S  ---------------

Threads class SMR info:
_java_thread_list=0x0000016ae13f0ce0, length=17, elements={
0x0000016adb7bbdf0, 0x0000016adb7bc8c0, 0x0000016adb7c2640, 0x0000016adb7c2f70,
0x0000016adb7c3a40, 0x0000016adb7c66c0, 0x0000016adb7ca9c0, 0x0000016adb7cb4d0,
0x0000016adb7d5620, 0x0000016adfce62c0, 0x0000016adfcecc80, 0x0000016adfeefef0,
0x0000016adfef2ef0, 0x0000016adfef6a90, 0x0000016adff6c6a0, 0x0000016adff72610,
0x0000016abcfdf750
}

Java Threads: ( => current thread )
  0x0000016adb7bbdf0 JavaThread "Reference Handler" daemon [_thread_blocked, id=15972, stack(0x0000006271700000,0x0000006271800000)]
=>0x0000016adb7bc8c0 JavaThread "Finalizer" daemon [_thread_in_native, id=4128, stack(0x0000006271800000,0x0000006271900000)]
  0x0000016adb7c2640 JavaThread "Signal Dispatcher" daemon [_thread_blocked, id=22716, stack(0x0000006271900000,0x0000006271a00000)]
  0x0000016adb7c2f70 JavaThread "Attach Listener" daemon [_thread_blocked, id=10792, stack(0x0000006271a00000,0x0000006271b00000)]
  0x0000016adb7c3a40 JavaThread "Service Thread" daemon [_thread_blocked, id=8120, stack(0x0000006271b00000,0x0000006271c00000)]
  0x0000016adb7c66c0 JavaThread "Monitor Deflation Thread" daemon [_thread_blocked, id=22012, stack(0x0000006271c00000,0x0000006271d00000)]
  0x0000016adb7ca9c0 JavaThread "C2 CompilerThread0" daemon [_thread_blocked, id=14484, stack(0x0000006271d00000,0x0000006271e00000)]
  0x0000016adb7cb4d0 JavaThread "C1 CompilerThread0" daemon [_thread_blocked, id=18136, stack(0x0000006271e00000,0x0000006271f00000)]
  0x0000016adb7d5620 JavaThread "Sweeper thread" daemon [_thread_blocked, id=19944, stack(0x0000006271f00000,0x0000006272000000)]
  0x0000016adfce62c0 JavaThread "Notification Thread" daemon [_thread_blocked, id=11588, stack(0x0000006272000000,0x0000006272100000)]
  0x0000016adfcecc80 JavaThread "Common-Cleaner" daemon [_thread_blocked, id=1788, stack(0x0000006272200000,0x0000006272300000)]
  0x0000016adfeefef0 JavaThread "Java2D Disposer" daemon [_thread_blocked, id=9864, stack(0x0000006272300000,0x0000006272400000)]
  0x0000016adfef2ef0 JavaThread "AWT-Shutdown" [_thread_blocked, id=1992, stack(0x0000006272400000,0x0000006272500000)]
  0x0000016adfef6a90 JavaThread "AWT-Windows" daemon [_thread_in_native, id=14204, stack(0x0000006272500000,0x0000006272600000)]
  0x0000016adff6c6a0 JavaThread "Thread-0" [_thread_in_native, id=19940, stack(0x0000006272600000,0x0000006272700000)]
  0x0000016adff72610 JavaThread "AWT-EventQueue-0" [_thread_blocked, id=5420, stack(0x0000006272700000,0x0000006272800000)]
  0x0000016abcfdf750 JavaThread "DestroyJavaVM" [_thread_blocked, id=5812, stack(0x0000006271000000,0x0000006271100000)]

Other Threads:
  0x0000016adb79c520 VMThread "VM Thread" [stack: 0x0000006271600000,0x0000006271700000] [id=23152]
  0x0000016adfcec820 WatcherThread "VM Periodic Task Thread" [stack: 0x0000006272100000,0x0000006272200000] [id=14748]
  0x0000016abd03f830 WorkerThread "GC Thread#0" [stack: 0x0000006271100000,0x0000006271200000] [id=10196]
  0x0000016ae155b460 WorkerThread "GC Thread#1" [stack: 0x0000006272e00000,0x0000006272f00000] [id=13544]
  0x0000016ae155c540 WorkerThread "GC Thread#2" [stack: 0x0000006272f00000,0x0000006273000000] [id=17468]
  0x0000016ae155c810 WorkerThread "GC Thread#3" [stack: 0x0000006273000000,0x0000006273100000] [id=8856]
  0x0000016ae155b730 WorkerThread "GC Thread#4" [stack: 0x0000006273100000,0x0000006273200000] [id=11808]
  0x0000016ae155d080 WorkerThread "GC Thread#5" [stack: 0x0000006273200000,0x0000006273300000] [id=5640]
  0x0000016ae155ba00 WorkerThread "GC Thread#6" [stack: 0x0000006273300000,0x0000006273400000] [id=20892]
  0x0000016ae155bcd0 WorkerThread "GC Thread#7" [stack: 0x0000006273400000,0x0000006273500000] [id=16940]
  0x0000016abd0501e0 ConcurrentGCThread "G1 Main Marker" [stack: 0x0000006271200000,0x0000006271300000] [id=12596]
  0x0000016abd050d20 WorkerThread "G1 Conc#0" [stack: 0x0000006271300000,0x0000006271400000] [id=5700]
  0x0000016abd0ae520 ConcurrentGCThread "G1 Refine#0" [stack: 0x0000006271400000,0x0000006271500000] [id=11256]
  0x0000016adb65b110 ConcurrentGCThread "G1 Service" [stack: 0x0000006271500000,0x0000006271600000] [id=14976]

Threads with active compile tasks:

VM state: not at safepoint (normal execution)

VM Mutex/Monitor currently owned by a thread: None

Heap address: 0x0000000081e00000, size: 2018 MB, Compressed Oops mode: 32-bit

CDS archive(s) mapped at: [0x0000000800000000-0x0000000800c40000-0x0000000800c40000), size 12845056, SharedBaseAddress: 0x0000000800000000, ArchiveRelocationMode: 0.
Compressed class space mapped at: 0x0000000801000000-0x0000000841000000, reserved size: 1073741824
Narrow klass base: 0x0000000800000000, Narrow klass shift: 0, Narrow klass range: 0x100000000

GC Precious Log:
 CardTable entry size: 512
 Card Set container configuration: InlinePtr #cards 5 size 8 Array Of Cards #cards 12 size 40 Howl #buckets 4 coarsen threshold 1843 Howl Bitmap #cards 512 size 80 coarsen threshold 460 Card regions per heap region 1 cards per card region 2048
 CPUs: 8 total, 8 available
 Memory: 8066M
 Large Page Support: Disabled
 NUMA Support: Disabled
 Compressed Oops: Enabled (32-bit)
 Heap Region Size: 1M
 Heap Min Capacity: 8M
 Heap Initial Capacity: 128M
 Heap Max Capacity: 2018M
 Pre-touch: Disabled
 Parallel Workers: 8
 Concurrent Workers: 2
 Concurrent Refinement Workers: 8
 Periodic GC: Disabled

Heap:
 garbage-first heap   total 131072K, used 44367K [0x0000000081e00000, 0x0000000100000000)
  region size 1024K, 26 young (26624K), 4 survivors (4096K)
 Metaspace       used 8868K, committed 9152K, reserved 1114112K
  class space    used 898K, committed 1024K, reserved 1048576K

Heap Regions: E=young(eden), S=young(survivor), O=old, HS=humongous(starts), HC=humongous(continues), CS=collection set, F=free, OA=open archive, CA=closed archive, TAMS=top-at-mark-start (previous, next)
|   0|0x0000000081e00000, 0x0000000081f00000, 0x0000000081f00000|100%|HS|  |TAMS 0x0000000081e00000, 0x0000000081e00000| Complete 
|   1|0x0000000081f00000, 0x0000000082000000, 0x0000000082000000|100%|HC|  |TAMS 0x0000000081f00000, 0x0000000081f00000| Complete 
|   2|0x0000000082000000, 0x0000000082100000, 0x0000000082100000|100%| O|  |TAMS 0x0000000082000000, 0x0000000082000000| Untracked 
|   3|0x0000000082100000, 0x0000000082200000, 0x0000000082200000|100%|HS|  |TAMS 0x0000000082100000, 0x0000000082100000| Complete 
|   4|0x0000000082200000, 0x0000000082300000, 0x0000000082300000|100%|HC|  |TAMS 0x0000000082200000, 0x0000000082200000| Complete 
|   5|0x0000000082300000, 0x0000000082400000, 0x0000000082400000|100%|HS|  |TAMS 0x0000000082300000, 0x0000000082300000| Complete 
|   6|0x0000000082400000, 0x0000000082500000, 0x0000000082500000|100%| O|  |TAMS 0x0000000082400000, 0x0000000082400000| Untracked 
|   7|0x0000000082500000, 0x0000000082600000, 0x0000000082600000|100%| O|  |TAMS 0x0000000082500000, 0x0000000082500000| Untracked 
|   8|0x0000000082600000, 0x0000000082658c00, 0x0000000082700000| 34%| O|  |TAMS 0x0000000082600000, 0x0000000082600000| Untracked 
|   9|0x0000000082700000, 0x0000000082800000, 0x0000000082800000|100%|HS|  |TAMS 0x0000000082700000, 0x0000000082700000| Complete 
|  10|0x0000000082800000, 0x0000000082900000, 0x0000000082900000|100%|HC|  |TAMS 0x0000000082800000, 0x0000000082800000| Complete 
|  11|0x0000000082900000, 0x0000000082a00000, 0x0000000082a00000|100%|HS|  |TAMS 0x0000000082900000, 0x0000000082900000| Complete 
|  12|0x0000000082a00000, 0x0000000082b00000, 0x0000000082b00000|100%|HC|  |TAMS 0x0000000082a00000, 0x0000000082a00000| Complete 
|  13|0x0000000082b00000, 0x0000000082c00000, 0x0000000082c00000|100%|HS|  |TAMS 0x0000000082b00000, 0x0000000082b00000| Complete 
|  14|0x0000000082c00000, 0x0000000082d00000, 0x0000000082d00000|100%|HS|  |TAMS 0x0000000082c00000, 0x0000000082c00000| Complete 
|  15|0x0000000082d00000, 0x0000000082e00000, 0x0000000082e00000|100%|HC|  |TAMS 0x0000000082d00000, 0x0000000082d00000| Complete 
|  16|0x0000000082e00000, 0x0000000082f00000, 0x0000000082f00000|100%|HS|  |TAMS 0x0000000082e00000, 0x0000000082e00000| Complete 
|  17|0x0000000082f00000, 0x0000000083000000, 0x0000000083000000|100%|HC|  |TAMS 0x0000000082f00000, 0x0000000082f00000| Complete 
|  18|0x0000000083000000, 0x0000000083100000, 0x0000000083100000|100%|HS|  |TAMS 0x0000000083000000, 0x0000000083000000| Complete 
|  19|0x0000000083100000, 0x0000000083100000, 0x0000000083200000|  0%| F|  |TAMS 0x0000000083100000, 0x0000000083100000| Untracked 
|  20|0x0000000083200000, 0x0000000083200000, 0x0000000083300000|  0%| F|  |TAMS 0x0000000083200000, 0x0000000083200000| Untracked 
|  21|0x0000000083300000, 0x0000000083300000, 0x0000000083400000|  0%| F|  |TAMS 0x0000000083300000, 0x0000000083300000| Untracked 
|  22|0x0000000083400000, 0x0000000083400000, 0x0000000083500000|  0%| F|  |TAMS 0x0000000083400000, 0x0000000083400000| Untracked 
|  23|0x0000000083500000, 0x0000000083500000, 0x0000000083600000|  0%| F|  |TAMS 0x0000000083500000, 0x0000000083500000| Untracked 
|  24|0x0000000083600000, 0x0000000083600000, 0x0000000083700000|  0%| F|  |TAMS 0x0000000083600000, 0x0000000083600000| Untracked 
|  25|0x0000000083700000, 0x0000000083700000, 0x0000000083800000|  0%| F|  |TAMS 0x0000000083700000, 0x0000000083700000| Untracked 
|  26|0x0000000083800000, 0x0000000083800000, 0x0000000083900000|  0%| F|  |TAMS 0x0000000083800000, 0x0000000083800000| Untracked 
|  27|0x0000000083900000, 0x0000000083900000, 0x0000000083a00000|  0%| F|  |TAMS 0x0000000083900000, 0x0000000083900000| Untracked 
|  28|0x0000000083a00000, 0x0000000083a00000, 0x0000000083b00000|  0%| F|  |TAMS 0x0000000083a00000, 0x0000000083a00000| Untracked 
|  29|0x0000000083b00000, 0x0000000083b00000, 0x0000000083c00000|  0%| F|  |TAMS 0x0000000083b00000, 0x0000000083b00000| Untracked 
|  30|0x0000000083c00000, 0x0000000083c00000, 0x0000000083d00000|  0%| F|  |TAMS 0x0000000083c00000, 0x0000000083c00000| Untracked 
|  31|0x0000000083d00000, 0x0000000083d00000, 0x0000000083e00000|  0%| F|  |TAMS 0x0000000083d00000, 0x0000000083d00000| Untracked 
|  32|0x0000000083e00000, 0x0000000083e00000, 0x0000000083f00000|  0%| F|  |TAMS 0x0000000083e00000, 0x0000000083e00000| Untracked 
|  33|0x0000000083f00000, 0x0000000083f00000, 0x0000000084000000|  0%| F|  |TAMS 0x0000000083f00000, 0x0000000083f00000| Untracked 
|  34|0x0000000084000000, 0x0000000084000000, 0x0000000084100000|  0%| F|  |TAMS 0x0000000084000000, 0x0000000084000000| Untracked 
|  35|0x0000000084100000, 0x0000000084100000, 0x0000000084200000|  0%| F|  |TAMS 0x0000000084100000, 0x0000000084100000| Untracked 
|  36|0x0000000084200000, 0x0000000084200000, 0x0000000084300000|  0%| F|  |TAMS 0x0000000084200000, 0x0000000084200000| Untracked 
|  37|0x0000000084300000, 0x0000000084300000, 0x0000000084400000|  0%| F|  |TAMS 0x0000000084300000, 0x0000000084300000| Untracked 
|  38|0x0000000084400000, 0x0000000084400000, 0x0000000084500000|  0%| F|  |TAMS 0x0000000084400000, 0x0000000084400000| Untracked 
|  39|0x0000000084500000, 0x0000000084500000, 0x0000000084600000|  0%| F|  |TAMS 0x0000000084500000, 0x0000000084500000| Untracked 
|  40|0x0000000084600000, 0x0000000084600000, 0x0000000084700000|  0%| F|  |TAMS 0x0000000084600000, 0x0000000084600000| Untracked 
|  41|0x0000000084700000, 0x0000000084700000, 0x0000000084800000|  0%| F|  |TAMS 0x0000000084700000, 0x0000000084700000| Untracked 
|  42|0x0000000084800000, 0x0000000084800000, 0x0000000084900000|  0%| F|  |TAMS 0x0000000084800000, 0x0000000084800000| Untracked 
|  43|0x0000000084900000, 0x0000000084900000, 0x0000000084a00000|  0%| F|  |TAMS 0x0000000084900000, 0x0000000084900000| Untracked 
|  44|0x0000000084a00000, 0x0000000084a00000, 0x0000000084b00000|  0%| F|  |TAMS 0x0000000084a00000, 0x0000000084a00000| Untracked 
|  45|0x0000000084b00000, 0x0000000084b00000, 0x0000000084c00000|  0%| F|  |TAMS 0x0000000084b00000, 0x0000000084b00000| Untracked 
|  46|0x0000000084c00000, 0x0000000084c00000, 0x0000000084d00000|  0%| F|  |TAMS 0x0000000084c00000, 0x0000000084c00000| Untracked 
|  47|0x0000000084d00000, 0x0000000084d00000, 0x0000000084e00000|  0%| F|  |TAMS 0x0000000084d00000, 0x0000000084d00000| Untracked 
|  48|0x0000000084e00000, 0x0000000084efb368, 0x0000000084f00000| 98%| S|CS|TAMS 0x0000000084e00000, 0x0000000084e00000| Complete 
|  49|0x0000000084f00000, 0x0000000085000000, 0x0000000085000000|100%| S|CS|TAMS 0x0000000084f00000, 0x0000000084f00000| Complete 
|  50|0x0000000085000000, 0x0000000085100000, 0x0000000085100000|100%| S|CS|TAMS 0x0000000085000000, 0x0000000085000000| Complete 
|  51|0x0000000085100000, 0x0000000085200000, 0x0000000085200000|100%| S|CS|TAMS 0x0000000085100000, 0x0000000085100000| Complete 
|  52|0x0000000085200000, 0x0000000085200000, 0x0000000085300000|  0%| F|  |TAMS 0x0000000085200000, 0x0000000085200000| Untracked 
|  53|0x0000000085300000, 0x0000000085300000, 0x0000000085400000|  0%| F|  |TAMS 0x0000000085300000, 0x0000000085300000| Untracked 
|  54|0x0000000085400000, 0x0000000085400000, 0x0000000085500000|  0%| F|  |TAMS 0x0000000085400000, 0x0000000085400000| Untracked 
|  55|0x0000000085500000, 0x0000000085500000, 0x0000000085600000|  0%| F|  |TAMS 0x0000000085500000, 0x0000000085500000| Untracked 
|  56|0x0000000085600000, 0x0000000085600000, 0x0000000085700000|  0%| F|  |TAMS 0x0000000085600000, 0x0000000085600000| Untracked 
|  57|0x0000000085700000, 0x0000000085700000, 0x0000000085800000|  0%| F|  |TAMS 0x0000000085700000, 0x0000000085700000| Untracked 
|  58|0x0000000085800000, 0x0000000085800000, 0x0000000085900000|  0%| F|  |TAMS 0x0000000085800000, 0x0000000085800000| Untracked 
|  59|0x0000000085900000, 0x0000000085900000, 0x0000000085a00000|  0%| F|  |TAMS 0x0000000085900000, 0x0000000085900000| Untracked 
|  60|0x0000000085a00000, 0x0000000085a00000, 0x0000000085b00000|  0%| F|  |TAMS 0x0000000085a00000, 0x0000000085a00000| Untracked 
|  61|0x0000000085b00000, 0x0000000085b00000, 0x0000000085c00000|  0%| F|  |TAMS 0x0000000085b00000, 0x0000000085b00000| Untracked 
|  62|0x0000000085c00000, 0x0000000085c00000, 0x0000000085d00000|  0%| F|  |TAMS 0x0000000085c00000, 0x0000000085c00000| Untracked 
|  63|0x0000000085d00000, 0x0000000085d00000, 0x0000000085e00000|  0%| F|  |TAMS 0x0000000085d00000, 0x0000000085d00000| Untracked 
|  64|0x0000000085e00000, 0x0000000085e00000, 0x0000000085f00000|  0%| F|  |TAMS 0x0000000085e00000, 0x0000000085e00000| Untracked 
|  65|0x0000000085f00000, 0x0000000085f00000, 0x0000000086000000|  0%| F|  |TAMS 0x0000000085f00000, 0x0000000085f00000| Untracked 
|  66|0x0000000086000000, 0x0000000086000000, 0x0000000086100000|  0%| F|  |TAMS 0x0000000086000000, 0x0000000086000000| Untracked 
|  67|0x0000000086100000, 0x0000000086100000, 0x0000000086200000|  0%| F|  |TAMS 0x0000000086100000, 0x0000000086100000| Untracked 
|  68|0x0000000086200000, 0x0000000086200000, 0x0000000086300000|  0%| F|  |TAMS 0x0000000086200000, 0x0000000086200000| Untracked 
|  69|0x0000000086300000, 0x0000000086300000, 0x0000000086400000|  0%| F|  |TAMS 0x0000000086300000, 0x0000000086300000| Untracked 
|  70|0x0000000086400000, 0x0000000086400000, 0x0000000086500000|  0%| F|  |TAMS 0x0000000086400000, 0x0000000086400000| Untracked 
|  71|0x0000000086500000, 0x0000000086500000, 0x0000000086600000|  0%| F|  |TAMS 0x0000000086500000, 0x0000000086500000| Untracked 
|  72|0x0000000086600000, 0x0000000086600000, 0x0000000086700000|  0%| F|  |TAMS 0x0000000086600000, 0x0000000086600000| Untracked 
|  73|0x0000000086700000, 0x0000000086700000, 0x0000000086800000|  0%| F|  |TAMS 0x0000000086700000, 0x0000000086700000| Untracked 
|  74|0x0000000086800000, 0x0000000086800000, 0x0000000086900000|  0%| F|  |TAMS 0x0000000086800000, 0x0000000086800000| Untracked 
|  75|0x0000000086900000, 0x0000000086900000, 0x0000000086a00000|  0%| F|  |TAMS 0x0000000086900000, 0x0000000086900000| Untracked 
|  76|0x0000000086a00000, 0x0000000086a00000, 0x0000000086b00000|  0%| F|  |TAMS 0x0000000086a00000, 0x0000000086a00000| Untracked 
|  77|0x0000000086b00000, 0x0000000086b00000, 0x0000000086c00000|  0%| F|  |TAMS 0x0000000086b00000, 0x0000000086b00000| Untracked 
|  78|0x0000000086c00000, 0x0000000086c00000, 0x0000000086d00000|  0%| F|  |TAMS 0x0000000086c00000, 0x0000000086c00000| Untracked 
|  79|0x0000000086d00000, 0x0000000086d00000, 0x0000000086e00000|  0%| F|  |TAMS 0x0000000086d00000, 0x0000000086d00000| Untracked 
|  80|0x0000000086e00000, 0x0000000086e00000, 0x0000000086f00000|  0%| F|  |TAMS 0x0000000086e00000, 0x0000000086e00000| Untracked 
|  81|0x0000000086f00000, 0x0000000086f00000, 0x0000000087000000|  0%| F|  |TAMS 0x0000000086f00000, 0x0000000086f00000| Untracked 
|  82|0x0000000087000000, 0x0000000087000000, 0x0000000087100000|  0%| F|  |TAMS 0x0000000087000000, 0x0000000087000000| Untracked 
|  83|0x0000000087100000, 0x0000000087100000, 0x0000000087200000|  0%| F|  |TAMS 0x0000000087100000, 0x0000000087100000| Untracked 
|  84|0x0000000087200000, 0x0000000087200000, 0x0000000087300000|  0%| F|  |TAMS 0x0000000087200000, 0x0000000087200000| Untracked 
|  85|0x0000000087300000, 0x0000000087300000, 0x0000000087400000|  0%| F|  |TAMS 0x0000000087300000, 0x0000000087300000| Untracked 
|  86|0x0000000087400000, 0x0000000087400000, 0x0000000087500000|  0%| F|  |TAMS 0x0000000087400000, 0x0000000087400000| Untracked 
|  87|0x0000000087500000, 0x0000000087500000, 0x0000000087600000|  0%| F|  |TAMS 0x0000000087500000, 0x0000000087500000| Untracked 
|  88|0x0000000087600000, 0x0000000087600000, 0x0000000087700000|  0%| F|  |TAMS 0x0000000087600000, 0x0000000087600000| Untracked 
|  89|0x0000000087700000, 0x0000000087700000, 0x0000000087800000|  0%| F|  |TAMS 0x0000000087700000, 0x0000000087700000| Untracked 
|  90|0x0000000087800000, 0x0000000087800000, 0x0000000087900000|  0%| F|  |TAMS 0x0000000087800000, 0x0000000087800000| Untracked 
|  91|0x0000000087900000, 0x0000000087900000, 0x0000000087a00000|  0%| F|  |TAMS 0x0000000087900000, 0x0000000087900000| Untracked 
|  92|0x0000000087a00000, 0x0000000087a00000, 0x0000000087b00000|  0%| F|  |TAMS 0x0000000087a00000, 0x0000000087a00000| Untracked 
|  93|0x0000000087b00000, 0x0000000087b00000, 0x0000000087c00000|  0%| F|  |TAMS 0x0000000087b00000, 0x0000000087b00000| Untracked 
|  94|0x0000000087c00000, 0x0000000087c00000, 0x0000000087d00000|  0%| F|  |TAMS 0x0000000087c00000, 0x0000000087c00000| Untracked 
|  95|0x0000000087d00000, 0x0000000087d00000, 0x0000000087e00000|  0%| F|  |TAMS 0x0000000087d00000, 0x0000000087d00000| Untracked 
|  96|0x0000000087e00000, 0x0000000087e00000, 0x0000000087f00000|  0%| F|  |TAMS 0x0000000087e00000, 0x0000000087e00000| Untracked 
|  97|0x0000000087f00000, 0x0000000087f00000, 0x0000000088000000|  0%| F|  |TAMS 0x0000000087f00000, 0x0000000087f00000| Untracked 
|  98|0x0000000088000000, 0x0000000088000000, 0x0000000088100000|  0%| F|  |TAMS 0x0000000088000000, 0x0000000088000000| Untracked 
|  99|0x0000000088100000, 0x0000000088100000, 0x0000000088200000|  0%| F|  |TAMS 0x0000000088100000, 0x0000000088100000| Untracked 
| 100|0x0000000088200000, 0x0000000088200000, 0x0000000088300000|  0%| F|  |TAMS 0x0000000088200000, 0x0000000088200000| Untracked 
| 101|0x0000000088300000, 0x0000000088300000, 0x0000000088400000|  0%| F|  |TAMS 0x0000000088300000, 0x0000000088300000| Untracked 
| 102|0x0000000088400000, 0x0000000088400000, 0x0000000088500000|  0%| F|  |TAMS 0x0000000088400000, 0x0000000088400000| Untracked 
| 103|0x0000000088500000, 0x0000000088500000, 0x0000000088600000|  0%| F|  |TAMS 0x0000000088500000, 0x0000000088500000| Untracked 
| 104|0x0000000088600000, 0x0000000088600000, 0x0000000088700000|  0%| F|  |TAMS 0x0000000088600000, 0x0000000088600000| Untracked 
| 105|0x0000000088700000, 0x0000000088700000, 0x0000000088800000|  0%| F|  |TAMS 0x0000000088700000, 0x0000000088700000| Untracked 
| 106|0x0000000088800000, 0x0000000088880800, 0x0000000088900000| 50%| E|  |TAMS 0x0000000088800000, 0x0000000088800000| Complete 
| 107|0x0000000088900000, 0x0000000088a00000, 0x0000000088a00000|100%| E|CS|TAMS 0x0000000088900000, 0x0000000088900000| Complete 
| 108|0x0000000088a00000, 0x0000000088b00000, 0x0000000088b00000|100%| E|CS|TAMS 0x0000000088a00000, 0x0000000088a00000| Complete 
| 109|0x0000000088b00000, 0x0000000088c00000, 0x0000000088c00000|100%| E|CS|TAMS 0x0000000088b00000, 0x0000000088b00000| Complete 
| 110|0x0000000088c00000, 0x0000000088d00000, 0x0000000088d00000|100%| E|CS|TAMS 0x0000000088c00000, 0x0000000088c00000| Complete 
| 111|0x0000000088d00000, 0x0000000088e00000, 0x0000000088e00000|100%| E|CS|TAMS 0x0000000088d00000, 0x0000000088d00000| Complete 
| 112|0x0000000088e00000, 0x0000000088f00000, 0x0000000088f00000|100%| E|CS|TAMS 0x0000000088e00000, 0x0000000088e00000| Complete 
| 113|0x0000000088f00000, 0x0000000089000000, 0x0000000089000000|100%| E|CS|TAMS 0x0000000088f00000, 0x0000000088f00000| Complete 
| 114|0x0000000089000000, 0x0000000089100000, 0x0000000089100000|100%| E|CS|TAMS 0x0000000089000000, 0x0000000089000000| Complete 
| 115|0x0000000089100000, 0x0000000089200000, 0x0000000089200000|100%| E|CS|TAMS 0x0000000089100000, 0x0000000089100000| Complete 
| 116|0x0000000089200000, 0x0000000089300000, 0x0000000089300000|100%| E|CS|TAMS 0x0000000089200000, 0x0000000089200000| Complete 
| 117|0x0000000089300000, 0x0000000089400000, 0x0000000089400000|100%| E|CS|TAMS 0x0000000089300000, 0x0000000089300000| Complete 
| 118|0x0000000089400000, 0x0000000089500000, 0x0000000089500000|100%| E|CS|TAMS 0x0000000089400000, 0x0000000089400000| Complete 
| 119|0x0000000089500000, 0x0000000089600000, 0x0000000089600000|100%| E|CS|TAMS 0x0000000089500000, 0x0000000089500000| Complete 
| 120|0x0000000089600000, 0x0000000089700000, 0x0000000089700000|100%| E|CS|TAMS 0x0000000089600000, 0x0000000089600000| Complete 
| 121|0x0000000089700000, 0x0000000089800000, 0x0000000089800000|100%| E|CS|TAMS 0x0000000089700000, 0x0000000089700000| Complete 
| 122|0x0000000089800000, 0x0000000089900000, 0x0000000089900000|100%| E|CS|TAMS 0x0000000089800000, 0x0000000089800000| Complete 
| 123|0x0000000089900000, 0x0000000089a00000, 0x0000000089a00000|100%| E|CS|TAMS 0x0000000089900000, 0x0000000089900000| Complete 
| 124|0x0000000089a00000, 0x0000000089b00000, 0x0000000089b00000|100%| E|CS|TAMS 0x0000000089a00000, 0x0000000089a00000| Complete 
| 125|0x0000000089b00000, 0x0000000089c00000, 0x0000000089c00000|100%| E|CS|TAMS 0x0000000089b00000, 0x0000000089b00000| Complete 
| 126|0x0000000089c00000, 0x0000000089d00000, 0x0000000089d00000|100%| E|CS|TAMS 0x0000000089c00000, 0x0000000089c00000| Complete 
| 127|0x0000000089d00000, 0x0000000089e00000, 0x0000000089e00000|100%| E|CS|TAMS 0x0000000089d00000, 0x0000000089d00000| Complete 

Card table byte_map: [0x0000016ad4680000,0x0000016ad4a80000] _byte_map_base: 0x0000016ad4271000

Marking Bits (Prev, Next): (CMBitMap*) 0x0000016abd03fc70, (CMBitMap*) 0x0000016abd03fcb0
 Prev Bits: [0x0000016ad4e80000, 0x0000016ad6e08000)
 Next Bits: [0x0000016ad6e10000, 0x0000016ad8d98000)

Polling page: 0x0000016abaf40000

Metaspace:

Usage:
  Non-class:      7.78 MB used.
      Class:    898.94 KB used.
       Both:      8.66 MB used.

Virtual space:
  Non-class space:       64.00 MB reserved,       7.94 MB ( 12%) committed,  1 nodes.
      Class space:        1.00 GB reserved,       1.00 MB ( <1%) committed,  1 nodes.
             Both:        1.06 GB reserved,       8.94 MB ( <1%) committed. 

Chunk freelists:
   Non-Class:  3.84 MB
       Class:  2.98 MB
        Both:  6.82 MB

MaxMetaspaceSize: unlimited
CompressedClassSpaceSize: 1.00 GB
Initial GC threshold: 21.00 MB
Current GC threshold: 21.00 MB
CDS: on
MetaspaceReclaimPolicy: balanced
 - commit_granule_bytes: 65536.
 - commit_granule_words: 8192.
 - virtual_space_node_default_size: 8388608.
 - enlarge_chunks_in_place: 1.
 - new_chunks_are_fully_committed: 0.
 - uncommit_free_chunks: 1.
 - use_allocation_guard: 0.


Internal statistics:

num_allocs_failed_limit: 0.
num_arena_births: 226.
num_arena_deaths: 0.
num_vsnodes_births: 2.
num_vsnodes_deaths: 0.
num_space_committed: 143.
num_space_uncommitted: 0.
num_chunks_returned_to_freelist: 0.
num_chunks_taken_from_freelist: 298.
num_chunk_merges: 0.
num_chunk_splits: 206.
num_chunks_enlarged: 134.
num_inconsistent_stats: 0.

CodeHeap 'non-profiled nmethods': size=120000Kb used=1128Kb max_used=1128Kb free=118871Kb
 bounds [0x0000016acca20000, 0x0000016accc90000, 0x0000016ad3f50000]
CodeHeap 'profiled nmethods': size=120000Kb used=4086Kb max_used=4086Kb free=115913Kb
 bounds [0x0000016ac4f50000, 0x0000016ac5350000, 0x0000016acc480000]
CodeHeap 'non-nmethods': size=5760Kb used=1380Kb max_used=1453Kb free=4379Kb
 bounds [0x0000016acc480000, 0x0000016acc6f0000, 0x0000016acca20000]
 total_blobs=2740 nmethods=2116 adapters=534
 compilation: enabled
              stopped_count=0, restarted_count=0
 full_count=0

Compilation events (20 events):
Event: 123.159 Thread 0x0000016adb7cb4d0 2109       3       sun.font.FileFontStrike::getCachedGlyphPtrInternal (120 bytes)
Event: 123.160 Thread 0x0000016adb7cb4d0 nmethod 2109 0x0000016ac5348910 code [0x0000016ac5348b00, 0x0000016ac5348fb8]
Event: 123.162 Thread 0x0000016adb7cb4d0 2110       3       java.beans.PropertyChangeSupport::firePropertyChange (81 bytes)
Event: 123.165 Thread 0x0000016adb7cb4d0 nmethod 2110 0x0000016ac5349210 code [0x0000016ac5349480, 0x0000016ac534a1a8]
Event: 123.771 Thread 0x0000016adb7cb4d0 2111       3       CSAI.unipa.abstractrobot.SimpleN150ExploreSim::getVisualObjects (305 bytes)
Event: 123.776 Thread 0x0000016adb7cb4d0 nmethod 2111 0x0000016ac534a590 code [0x0000016ac534a880, 0x0000016ac534bc58]
Event: 123.804 Thread 0x0000016adb7cb4d0 2112       3       CSAI.unipa.knowledgment.NodeMap::getPosition (58 bytes)
Event: 123.805 Thread 0x0000016adb7cb4d0 nmethod 2112 0x0000016ac534c290 code [0x0000016ac534c460, 0x0000016ac534c838]
Event: 123.858 Thread 0x0000016adb7cb4d0 2113   !   3       java.lang.ref.NativeReferenceQueue::enqueue (20 bytes)
Event: 123.858 Thread 0x0000016adb7ca9c0 2115       4       java.lang.Object::equals (11 bytes)
Event: 123.858 Thread 0x0000016adb7cb4d0 nmethod 2113 0x0000016ac534c990 code [0x0000016ac534cb40, 0x0000016ac534cd68]
Event: 123.858 Thread 0x0000016adb7cb4d0 2114       3       java.lang.ref.NativeReferenceQueue::signal (8 bytes)
Event: 123.858 Thread 0x0000016adb7cb4d0 nmethod 2114 0x0000016ac534ce90 code [0x0000016ac534d040, 0x0000016ac534d188]
Event: 123.859 Thread 0x0000016adb7ca9c0 nmethod 2115 0x0000016accb39710 code [0x0000016accb39880, 0x0000016accb39918]
Event: 124.267 Thread 0x0000016adb7ca9c0 2116       4       EDU.gatech.cc.is.simulation.BinSim::getCenter (29 bytes)
Event: 124.274 Thread 0x0000016adb7ca9c0 nmethod 2116 0x0000016accb39a10 code [0x0000016accb39be0, 0x0000016accb39dd8]
Event: 124.357 Thread 0x0000016adb7cb4d0 2117       3       EDU.gatech.cc.is.simulation.AttractorSim::getCenter (48 bytes)
Event: 124.358 Thread 0x0000016adb7cb4d0 nmethod 2117 0x0000016ac534d290 code [0x0000016ac534d480, 0x0000016ac534d828]
Event: 124.673 Thread 0x0000016adb7cb4d0 2118       1       EDU.gatech.cc.is.simulation.AttractorSim::isPushable (2 bytes)
Event: 124.673 Thread 0x0000016adb7cb4d0 nmethod 2118 0x0000016accb3a010 code [0x0000016accb3a1a0, 0x0000016accb3a278]

GC Heap History (10 events):
Event: 2.429 GC heap before
{Heap before GC invocations=0 (full 0):
 garbage-first heap   total 131072K, used 24576K [0x0000000081e00000, 0x0000000100000000)
  region size 1024K, 23 young (23552K), 0 survivors (0K)
 Metaspace       used 7967K, committed 8192K, reserved 1114112K
  class space    used 867K, committed 960K, reserved 1048576K
}
Event: 2.438 GC heap after
{Heap after GC invocations=1 (full 0):
 garbage-first heap   total 131072K, used 5706K [0x0000000081e00000, 0x0000000100000000)
  region size 1024K, 3 young (3072K), 3 survivors (3072K)
 Metaspace       used 7967K, committed 8192K, reserved 1114112K
  class space    used 867K, committed 960K, reserved 1048576K
}
Event: 3.460 GC heap before
{Heap before GC invocations=1 (full 0):
 garbage-first heap   total 131072K, used 39498K [0x0000000081e00000, 0x0000000100000000)
  region size 1024K, 34 young (34816K), 3 survivors (3072K)
 Metaspace       used 8217K, committed 8512K, reserved 1114112K
  class space    used 889K, committed 1024K, reserved 1048576K
}
Event: 3.467 GC heap after
{Heap after GC invocations=2 (full 0):
 garbage-first heap   total 131072K, used 10659K [0x0000000081e00000, 0x0000000100000000)
  region size 1024K, 3 young (3072K), 3 survivors (3072K)
 Metaspace       used 8217K, committed 8512K, reserved 1114112K
  class space    used 889K, committed 1024K, reserved 1048576K
}
Event: 19.760 GC heap before
{Heap before GC invocations=2 (full 0):
 garbage-first heap   total 131072K, used 85411K [0x0000000081e00000, 0x0000000100000000)
  region size 1024K, 76 young (77824K), 3 survivors (3072K)
 Metaspace       used 8541K, committed 8768K, reserved 1114112K
  class space    used 894K, committed 1024K, reserved 1048576K
}
Event: 19.764 GC heap after
{Heap after GC invocations=3 (full 0):
 garbage-first heap   total 131072K, used 10643K [0x0000000081e00000, 0x0000000100000000)
  region size 1024K, 3 young (3072K), 3 survivors (3072K)
 Metaspace       used 8541K, committed 8768K, reserved 1114112K
  class space    used 894K, committed 1024K, reserved 1048576K
}
Event: 24.437 GC heap before
{Heap before GC invocations=3 (full 0):
 garbage-first heap   total 131072K, used 85395K [0x0000000081e00000, 0x0000000100000000)
  region size 1024K, 76 young (77824K), 3 survivors (3072K)
 Metaspace       used 8776K, committed 9024K, reserved 1114112K
  class space    used 895K, committed 1024K, reserved 1048576K
}
Event: 24.441 GC heap after
{Heap after GC invocations=4 (full 0):
 garbage-first heap   total 131072K, used 10586K [0x0000000081e00000, 0x0000000100000000)
  region size 1024K, 2 young (2048K), 2 survivors (2048K)
 Metaspace       used 8776K, committed 9024K, reserved 1114112K
  class space    used 895K, committed 1024K, reserved 1048576K
}
Event: 123.849 GC heap before
{Heap before GC invocations=4 (full 0):
 garbage-first heap   total 131072K, used 95578K [0x0000000081e00000, 0x0000000100000000)
  region size 1024K, 76 young (77824K), 2 survivors (2048K)
 Metaspace       used 8865K, committed 9152K, reserved 1114112K
  class space    used 898K, committed 1024K, reserved 1048576K
}
Event: 123.858 GC heap after
{Heap after GC invocations=5 (full 0):
 garbage-first heap   total 131072K, used 22863K [0x0000000081e00000, 0x0000000100000000)
  region size 1024K, 4 young (4096K), 4 survivors (4096K)
 Metaspace       used 8865K, committed 9152K, reserved 1114112K
  class space    used 898K, committed 1024K, reserved 1048576K
}

Dll operation events (12 events):
Event: 0.016 Loaded shared library C:\Program Files\Java\jdk-19\bin\java.dll
Event: 0.040 Loaded shared library C:\Program Files\Java\jdk-19\bin\jsvml.dll
Event: 0.122 Loaded shared library C:\Program Files\Java\jdk-19\bin\net.dll
Event: 0.127 Loaded shared library C:\Program Files\Java\jdk-19\bin\nio.dll
Event: 0.134 Loaded shared library C:\Program Files\Java\jdk-19\bin\zip.dll
Event: 0.151 Loaded shared library C:\Program Files\Java\jdk-19\bin\verify.dll
Event: 0.175 Loaded shared library C:\Program Files\Java\jdk-19\bin\jimage.dll
Event: 0.211 Loaded shared library C:\Program Files\Java\jdk-19\bin\awt.dll
Event: 0.452 Loaded shared library C:\Program Files\Java\jdk-19\bin\freetype.dll
Event: 0.455 Loaded shared library C:\Program Files\Java\jdk-19\bin\fontmanager.dll
Event: 1.847 Loaded shared library C:\TeamBots\eclipse_basic\lib\x86_64_nt\ec_java_load.dll
Event: 1.852 Loaded shared library C:\TeamBots\eclipse_basic\lib\x86_64_nt\ec_java.dll

Deoptimization events (20 events):
Event: 25.543 Thread 0x0000016adff72610 DEOPT PACKING pc=0x0000016ac516f7e6 sp=0x00000062727fe900
Event: 25.543 Thread 0x0000016adff72610 DEOPT UNPACKING pc=0x0000016acc4e7543 sp=0x00000062727fde50 mode 0
Event: 25.568 Thread 0x0000016adff72610 Uncommon trap: trap_request=0xffffffde fr.pc=0x0000016accae1ccc relative=0x000000000000016c
Event: 25.568 Thread 0x0000016adff72610 Uncommon trap: reason=class_check action=maybe_recompile pc=0x0000016accae1ccc method=sun.java2d.SunGraphics2D.drawRect(IIII)V @ 10 c2
Event: 25.568 Thread 0x0000016adff72610 DEOPT PACKING pc=0x0000016accae1ccc sp=0x00000062727fe3e0
Event: 25.568 Thread 0x0000016adff72610 DEOPT UNPACKING pc=0x0000016acc4e6da3 sp=0x00000062727fe380 mode 2
Event: 73.878 Thread 0x0000016adff72610 DEOPT PACKING pc=0x0000016ac521415d sp=0x00000062727fede0
Event: 73.878 Thread 0x0000016adff72610 DEOPT UNPACKING pc=0x0000016acc4e7543 sp=0x00000062727fe2b8 mode 0
Event: 120.218 Thread 0x0000016adff72610 Uncommon trap: trap_request=0xffffffde fr.pc=0x0000016accae1ccc relative=0x000000000000016c
Event: 120.218 Thread 0x0000016adff72610 Uncommon trap: reason=class_check action=maybe_recompile pc=0x0000016accae1ccc method=sun.java2d.SunGraphics2D.drawRect(IIII)V @ 10 c2
Event: 120.218 Thread 0x0000016adff72610 DEOPT PACKING pc=0x0000016accae1ccc sp=0x00000062727fe3e0
Event: 120.218 Thread 0x0000016adff72610 DEOPT UNPACKING pc=0x0000016acc4e6da3 sp=0x00000062727fe380 mode 2
Event: 123.685 Thread 0x0000016adff6c6a0 Uncommon trap: trap_request=0xffffff45 fr.pc=0x0000016accadf1b4 relative=0x0000000000000574
Event: 123.685 Thread 0x0000016adff6c6a0 Uncommon trap: reason=unstable_if action=reinterpret pc=0x0000016accadf1b4 method=CSAI.unipa.abstractrobot.SimpleN150ExploreSim.getVisualObjects(JI)[LEDU/gatech/cc/is/util/Vec2; @ 77 c2
Event: 123.685 Thread 0x0000016adff6c6a0 DEOPT PACKING pc=0x0000016accadf1b4 sp=0x00000062726fe9c0
Event: 123.685 Thread 0x0000016adff6c6a0 DEOPT UNPACKING pc=0x0000016acc4e6da3 sp=0x00000062726fe950 mode 2
Event: 123.858 Thread 0x0000016adfeefef0 Uncommon trap: trap_request=0xffffff45 fr.pc=0x0000016acca9fe98 relative=0x0000000000000278
Event: 123.858 Thread 0x0000016adfeefef0 Uncommon trap: reason=unstable_if action=reinterpret pc=0x0000016acca9fe98 method=java.util.Vector.removeElementAt(I)V @ 65 c2
Event: 123.858 Thread 0x0000016adfeefef0 DEOPT PACKING pc=0x0000016acca9fe98 sp=0x00000062723ff580
Event: 123.858 Thread 0x0000016adfeefef0 DEOPT UNPACKING pc=0x0000016acc4e6da3 sp=0x00000062723ff538 mode 2

Classes loaded (20 events):
Event: 3.073 Loading class java/awt/event/MouseWheelEvent
Event: 3.073 Loading class java/awt/event/MouseWheelEvent done
Event: 5.004 Loading class java/awt/Scrollbar
Event: 5.005 Loading class java/awt/Adjustable
Event: 5.005 Loading class java/awt/Adjustable done
Event: 5.005 Loading class java/awt/Scrollbar done
Event: 5.066 Loading class sun/awt/windows/WButtonPeer$1
Event: 5.066 Loading class sun/awt/windows/WButtonPeer$1 done
Event: 5.066 Loading class sun/awt/SunToolkit$2
Event: 5.066 Loading class sun/awt/SunToolkit$2 done
Event: 22.796 Loading class java/awt/event/TextEvent
Event: 22.796 Loading class java/awt/event/TextEvent done
Event: 24.646 Loading class java/awt/Window$1DisposeAction
Event: 24.646 Loading class java/awt/Window$1DisposeAction done
Event: 24.653 Loading class java/awt/LightweightDispatcher$2
Event: 24.654 Loading class java/awt/LightweightDispatcher$2 done
Event: 24.654 Loading class java/awt/event/AWTEventListenerProxy
Event: 24.654 Loading class java/awt/event/AWTEventListenerProxy done
Event: 24.655 Loading class java/awt/Toolkit$ToolkitEventMulticaster
Event: 24.655 Loading class java/awt/Toolkit$ToolkitEventMulticaster done

Classes unloaded (0 events):
No events

Classes redefined (0 events):
No events

Internal exceptions (14 events):
Event: 0.192 Thread 0x0000016abcfdf750 Exception <a 'java/lang/ClassNotFoundException'{0x0000000089c66200}: sun/awt/resources/spi/awtProvider> (0x0000000089c66200) 
thrown [s\open\src\hotspot\share\classfile\systemDictionary.cpp, line 255]
Event: 0.235 Thread 0x0000016abcfdf750 Exception <a 'java/io/FileNotFoundException'{0x0000000089b359c8}> (0x0000000089b359c8) 
thrown [s\open\src\hotspot\share\prims\jni.cpp, line 517]
Event: 0.247 Thread 0x0000016abcfdf750 Exception <a 'java/io/FileNotFoundException'{0x0000000089b61ee8}> (0x0000000089b61ee8) 
thrown [s\open\src\hotspot\share\prims\jni.cpp, line 517]
Event: 0.319 Thread 0x0000016abcfdf750 Exception <a 'java/lang/NoSuchMethodError'{0x0000000089ba1950}: 'java.lang.Object java.lang.invoke.DirectMethodHandle$Holder.invokeStaticInit(java.lang.Object)'> (0x0000000089ba1950) 
thrown [s\open\src\hotspot\share\interpreter\linkResolver.cpp, line 774]
Event: 0.417 Thread 0x0000016adfef6a90 Exception <a 'java/lang/NoSuchMethodError'{0x0000000089a0f858}: 'void java.lang.invoke.DirectMethodHandle$Holder.invokeVirtual(java.lang.Object, java.lang.Object)'> (0x0000000089a0f858) 
thrown [s\open\src\hotspot\share\interpreter\linkResolver.cpp, line 774]
Event: 0.446 Thread 0x0000016abcfdf750 Exception <a 'java/lang/NoSuchMethodError'{0x0000000089a9df58}: 'void java.lang.invoke.DirectMethodHandle$Holder.invokeStaticInit(java.lang.Object)'> (0x0000000089a9df58) 
thrown [s\open\src\hotspot\share\interpreter\linkResolver.cpp, line 774]
Event: 0.502 Thread 0x0000016abcfdf750 Exception <a 'java/lang/ClassNotFoundException'{0x00000000899f9cf0}: sun/awt/windows/spi/awtLocalizationProvider> (0x00000000899f9cf0) 
thrown [s\open\src\hotspot\share\classfile\systemDictionary.cpp, line 255]
Event: 0.659 Thread 0x0000016abcfdf750 Exception <a 'java/lang/NoSuchMethodError'{0x00000000898b13a8}: 'void java.lang.invoke.DirectMethodHandle$Holder.invokeSpecial(java.lang.Object, java.lang.Object, java.lang.Object)'> (0x00000000898b13a8) 
thrown [s\open\src\hotspot\share\interpreter\linkResolver.cpp, line 774]
Event: 0.674 Thread 0x0000016abcfdf750 Exception <a 'java/lang/NoSuchMethodError'{0x00000000898dbf20}: 'java.lang.Object java.lang.invoke.DirectMethodHandle$Holder.newInvokeSpecial(java.lang.Object, java.lang.Object, java.lang.Object, java.lang.Object, java.lang.Object)'> (0x00000000898dbf20) 
thrown [s\open\src\hotspot\share\interpreter\linkResolver.cpp, line 774]
Event: 0.687 Thread 0x0000016abcfdf750 Exception <a 'java/lang/NoSuchMethodError'{0x000000008970dc20}: 'java.lang.Object java.lang.invoke.DirectMethodHandle$Holder.invokeStatic(java.lang.Object, int, java.lang.Object)'> (0x000000008970dc20) 
thrown [s\open\src\hotspot\share\interpreter\linkResolver.cpp, line 774]
Event: 0.763 Thread 0x0000016abcfdf750 Exception <a 'java/lang/ClassNotFoundException'{0x00000000897c90b8}: com/sun/swing/internal/plaf/metal/resources/spi/metalProvider> (0x00000000897c90b8) 
thrown [s\open\src\hotspot\share\classfile\systemDictionary.cpp, line 255]
Event: 0.766 Thread 0x0000016abcfdf750 Exception <a 'java/lang/ClassNotFoundException'{0x00000000897cd038}: com/sun/swing/internal/plaf/basic/resources/spi/basicProvider> (0x00000000897cd038) 
thrown [s\open\src\hotspot\share\classfile\systemDictionary.cpp, line 255]
Event: 0.784 Thread 0x0000016abcfdf750 Exception <a 'java/lang/NoSuchMethodError'{0x00000000897edfb0}: 'int java.lang.invoke.Invokers$Holder.invokeExact_MT(java.lang.Object, java.lang.Object)'> (0x00000000897edfb0) 
thrown [s\open\src\hotspot\share\interpreter\linkResolver.cpp, line 774]
Event: 2.411 Thread 0x0000016abcfdf750 Exception <a 'java/lang/NoSuchMethodError'{0x0000000088a4c160}: 'java.lang.Object java.lang.invoke.DirectMethodHandle$Holder.invokeSpecial(java.lang.Object, java.lang.Object, java.lang.Object, int, java.lang.Object)'> (0x0000000088a4c160) 
thrown [s\open\src\hotspot\share\interpreter\linkResolver.cpp, line 774]

VM Operations (20 events):
Event: 29.658 Executing VM operation: Cleanup
Event: 29.658 Executing VM operation: Cleanup done
Event: 38.662 Executing VM operation: Cleanup
Event: 38.662 Executing VM operation: Cleanup done
Event: 52.669 Executing VM operation: Cleanup
Event: 52.669 Executing VM operation: Cleanup done
Event: 74.680 Executing VM operation: Cleanup
Event: 74.681 Executing VM operation: Cleanup done
Event: 118.703 Executing VM operation: Cleanup
Event: 118.704 Executing VM operation: Cleanup done
Event: 119.704 Executing VM operation: Cleanup
Event: 119.704 Executing VM operation: Cleanup done
Event: 120.704 Executing VM operation: Cleanup
Event: 120.705 Executing VM operation: Cleanup done
Event: 123.706 Executing VM operation: Cleanup
Event: 123.706 Executing VM operation: Cleanup done
Event: 123.849 Executing VM operation: G1CollectForAllocation
Event: 123.858 Executing VM operation: G1CollectForAllocation done
Event: 124.858 Executing VM operation: Cleanup
Event: 124.858 Executing VM operation: Cleanup done

Events (20 events):
Event: 0.323 Thread 0x0000016adfef2ef0 Thread added: 0x0000016adfef2ef0
Event: 0.326 Thread 0x0000016adfef6a90 Thread added: 0x0000016adfef6a90
Event: 0.404 Thread 0x0000016adff6c6a0 Thread added: 0x0000016adff6c6a0
Event: 0.421 Thread 0x0000016adff72610 Thread added: 0x0000016adff72610
Event: 1.445 Thread 0x0000016ae11f7530 Thread added: 0x0000016ae11f7530
Event: 2.048 Thread 0x0000016ae11f7530 Thread exited: 0x0000016ae11f7530
Event: 2.424 Thread 0x0000016ae12c8290 Thread added: 0x0000016ae12c8290
Event: 2.468 Thread 0x0000016ae1605ec0 Thread added: 0x0000016ae1605ec0
Event: 2.928 Thread 0x0000016ae12c8290 Thread exited: 0x0000016ae12c8290
Event: 2.928 Thread 0x0000016ae1605ec0 Thread exited: 0x0000016ae1605ec0
Event: 2.970 Thread 0x0000016ae12c8290 Thread added: 0x0000016ae12c8290
Event: 2.974 Thread 0x0000016ae1605ec0 Thread added: 0x0000016ae1605ec0
Event: 3.046 Thread 0x0000016abcfdf750 Thread exited: 0x0000016abcfdf750
Event: 3.046 Thread 0x0000016abcfdf750 Thread added: 0x0000016abcfdf750
Event: 3.543 Thread 0x0000016ae1605ec0 Thread exited: 0x0000016ae1605ec0
Event: 3.967 Thread 0x0000016ae12c8290 Thread exited: 0x0000016ae12c8290
Event: 24.679 Thread 0x0000016adfe7fc50 Thread added: 0x0000016adfe7fc50
Event: 25.336 Thread 0x0000016adfe7fc50 Thread exited: 0x0000016adfe7fc50
Event: 119.404 Thread 0x0000016adfe80d00 Thread added: 0x0000016adfe80d00
Event: 119.895 Thread 0x0000016adfe80d00 Thread exited: 0x0000016adfe80d00


Dynamic libraries:
0x00007ff6f6cc0000 - 0x00007ff6f6cd0000 	C:\Program Files\Java\jdk-19\bin\java.exe
0x00007ffd32b80000 - 0x00007ffd32d89000 	C:\WINDOWS\SYSTEM32\ntdll.dll
0x00007ffd31d90000 - 0x00007ffd31e4e000 	C:\WINDOWS\System32\KERNEL32.DLL
0x00007ffd30050000 - 0x00007ffd303cb000 	C:\WINDOWS\System32\KERNELBASE.dll
0x00007ffd30470000 - 0x00007ffd30581000 	C:\WINDOWS\System32\ucrtbase.dll
0x00007ffd2c400000 - 0x00007ffd2c41b000 	C:\Program Files\Java\jdk-19\bin\VCRUNTIME140.dll
0x00007ffd2a1e0000 - 0x00007ffd2a1f8000 	C:\Program Files\Java\jdk-19\bin\jli.dll
0x00007ffd31530000 - 0x00007ffd315de000 	C:\WINDOWS\System32\ADVAPI32.dll
0x00007ffd32780000 - 0x00007ffd32823000 	C:\WINDOWS\System32\msvcrt.dll
0x00007ffd31ff0000 - 0x00007ffd3208e000 	C:\WINDOWS\System32\sechost.dll
0x00007ffd329a0000 - 0x00007ffd32ac0000 	C:\WINDOWS\System32\RPCRT4.dll
0x00007ffd30ad0000 - 0x00007ffd30c7d000 	C:\WINDOWS\System32\USER32.dll
0x00007ffd1b1b0000 - 0x00007ffd1b455000 	C:\WINDOWS\WinSxS\amd64_microsoft.windows.common-controls_6595b64144ccf1df_6.0.22000.120_none_9d947278b86cc467\COMCTL32.dll
0x00007ffd303d0000 - 0x00007ffd303f6000 	C:\WINDOWS\System32\win32u.dll
0x00007ffd32830000 - 0x00007ffd32859000 	C:\WINDOWS\System32\GDI32.dll
0x00007ffd30820000 - 0x00007ffd30938000 	C:\WINDOWS\System32\gdi32full.dll
0x00007ffd30590000 - 0x00007ffd3062d000 	C:\WINDOWS\System32\msvcp_win.dll
0x00007ffd2ee80000 - 0x00007ffd2ee8a000 	C:\WINDOWS\SYSTEM32\VERSION.dll
0x00007ffd315f0000 - 0x00007ffd31622000 	C:\WINDOWS\System32\IMM32.DLL
0x00007ffd2c4c0000 - 0x00007ffd2c4cc000 	C:\Program Files\Java\jdk-19\bin\vcruntime140_1.dll
0x00007ffd29bf0000 - 0x00007ffd29c7e000 	C:\Program Files\Java\jdk-19\bin\msvcp140.dll
0x00007ffcb0660000 - 0x00007ffcb1320000 	C:\Program Files\Java\jdk-19\bin\server\jvm.dll
0x00007ffd29ab0000 - 0x00007ffd29ab9000 	C:\WINDOWS\SYSTEM32\WSOCK32.dll
0x00007ffd28470000 - 0x00007ffd284a3000 	C:\WINDOWS\SYSTEM32\WINMM.dll
0x00007ffd32090000 - 0x00007ffd320ff000 	C:\WINDOWS\System32\WS2_32.dll
0x00007ffd2f1c0000 - 0x00007ffd2f1d8000 	C:\WINDOWS\SYSTEM32\kernel.appcore.dll
0x00007ffd2c450000 - 0x00007ffd2c45a000 	C:\Program Files\Java\jdk-19\bin\jimage.dll
0x00007ffd2da20000 - 0x00007ffd2dc41000 	C:\WINDOWS\SYSTEM32\DBGHELP.DLL
0x00007ffd1bf80000 - 0x00007ffd1bfb1000 	C:\WINDOWS\SYSTEM32\dbgcore.DLL
0x00007ffd30630000 - 0x00007ffd306af000 	C:\WINDOWS\System32\bcryptPrimitives.dll
0x00007ffd2a070000 - 0x00007ffd2a096000 	C:\Program Files\Java\jdk-19\bin\java.dll
0x00007ffd201e0000 - 0x00007ffd202b7000 	C:\Program Files\Java\jdk-19\bin\jsvml.dll
0x00007ffd30c80000 - 0x00007ffd31437000 	C:\WINDOWS\System32\SHELL32.dll
0x00007ffd2e590000 - 0x00007ffd2edf5000 	C:\WINDOWS\SYSTEM32\windows.storage.dll
0x00007ffd31650000 - 0x00007ffd319c8000 	C:\WINDOWS\System32\combase.dll
0x00007ffd2e420000 - 0x00007ffd2e586000 	C:\WINDOWS\SYSTEM32\wintypes.dll
0x00007ffd31ba0000 - 0x00007ffd31c8a000 	C:\WINDOWS\System32\SHCORE.dll
0x00007ffd32ac0000 - 0x00007ffd32b1d000 	C:\WINDOWS\System32\shlwapi.dll
0x00007ffd2ff80000 - 0x00007ffd2ffa1000 	C:\WINDOWS\SYSTEM32\profapi.dll
0x00007ffd2a050000 - 0x00007ffd2a063000 	C:\Program Files\Java\jdk-19\bin\net.dll
0x00007ffd29080000 - 0x00007ffd29194000 	C:\WINDOWS\SYSTEM32\WINHTTP.dll
0x00007ffd2f660000 - 0x00007ffd2f6c7000 	C:\WINDOWS\system32\mswsock.dll
0x00007ffd29bd0000 - 0x00007ffd29be6000 	C:\Program Files\Java\jdk-19\bin\nio.dll
0x00007ffd29bb0000 - 0x00007ffd29bc8000 	C:\Program Files\Java\jdk-19\bin\zip.dll
0x00007ffd2c430000 - 0x00007ffd2c440000 	C:\Program Files\Java\jdk-19\bin\verify.dll
0x00007ffd1e800000 - 0x00007ffd1e991000 	C:\Program Files\Java\jdk-19\bin\awt.dll
0x00007ffd31440000 - 0x00007ffd31516000 	C:\WINDOWS\System32\OLEAUT32.dll
0x00007ffd2d030000 - 0x00007ffd2d0c2000 	C:\WINDOWS\SYSTEM32\apphelp.dll
0x00007ffd2d550000 - 0x00007ffd2d57f000 	C:\WINDOWS\system32\DWMAPI.DLL
0x00007ffd2d120000 - 0x00007ffd2d1cc000 	C:\WINDOWS\system32\uxtheme.dll
0x00007ffd13f20000 - 0x00007ffd14021000 	C:\WINDOWS\system32\opengl32.dll
0x00007ffd19d70000 - 0x00007ffd19d9d000 	C:\WINDOWS\SYSTEM32\GLU32.dll
0x00007ffd2d3d0000 - 0x00007ffd2d408000 	C:\WINDOWS\SYSTEM32\dxcore.dll
0x00007ffd32660000 - 0x00007ffd3277d000 	C:\WINDOWS\System32\MSCTF.dll
0x00007ffd31e50000 - 0x00007ffd31fea000 	C:\WINDOWS\System32\ole32.dll
0x00007ffcf2da0000 - 0x00007ffcf2db7000 	C:\WINDOWS\system32\napinsp.dll
0x00007ffcf3460000 - 0x00007ffcf347b000 	C:\WINDOWS\system32\pnrpnsp.dll
0x00007ffd2e120000 - 0x00007ffd2e208000 	C:\WINDOWS\SYSTEM32\DNSAPI.dll
0x00007ffd2e0f0000 - 0x00007ffd2e11d000 	C:\WINDOWS\SYSTEM32\IPHLPAPI.DLL
0x00007ffd319d0000 - 0x00007ffd319d9000 	C:\WINDOWS\System32\NSI.dll
0x00007ffd07310000 - 0x00007ffd07322000 	C:\WINDOWS\System32\winrnr.dll
0x00007ffd27660000 - 0x00007ffd27675000 	C:\WINDOWS\system32\wshbth.dll
0x00007ffce5d30000 - 0x00007ffce5d4f000 	C:\WINDOWS\system32\nlansp_c.dll
0x00007ffd21a40000 - 0x00007ffd21a4a000 	C:\Windows\System32\rasadhlp.dll
0x00007ffd271f0000 - 0x00007ffd27271000 	C:\WINDOWS\System32\fwpuclnt.dll
0x00007ffd29b20000 - 0x00007ffd29ba6000 	C:\Program Files\Java\jdk-19\bin\freetype.dll
0x00007ffd1bbd0000 - 0x00007ffd1bc95000 	C:\Program Files\Java\jdk-19\bin\fontmanager.dll
0x00007ffd19f30000 - 0x00007ffd1a05d000 	C:\WINDOWS\SYSTEM32\textinputframework.dll
0x00007ffd2cd40000 - 0x00007ffd2ce71000 	C:\WINDOWS\SYSTEM32\CoreMessaging.dll
0x00007ffd2a360000 - 0x00007ffd2a6cd000 	C:\WINDOWS\SYSTEM32\CoreUIComponents.dll
0x00007ffd2f8a0000 - 0x00007ffd2f8ac000 	C:\WINDOWS\SYSTEM32\CRYPTBASE.DLL
0x00007ffd1e6b0000 - 0x00007ffd1e750000 	C:\WINDOWS\system32\RICHED20.DLL
0x00007ffd212b0000 - 0x00007ffd212ea000 	C:\WINDOWS\SYSTEM32\msls31.dll
0x00007ffd2a1b0000 - 0x00007ffd2a1c9000 	C:\WINDOWS\SYSTEM32\USP10.dll
0x00007ffd32860000 - 0x00007ffd32915000 	C:\WINDOWS\System32\clbcatq.dll
0x00007ffd146c0000 - 0x00007ffd1471d000 	C:\WINDOWS\system32\dataexchange.dll
0x00007ffd291a0000 - 0x00007ffd29406000 	C:\WINDOWS\system32\twinapi.appcore.dll
0x000000006f280000 - 0x000000006f2d0000 	C:\TeamBots\eclipse_basic\lib\x86_64_nt\ec_java_load.dll
0x0000000068d80000 - 0x0000000068dd1000 	C:\TeamBots\eclipse_basic\lib\x86_64_nt\ec_java.dll
0x0000000066dc0000 - 0x0000000066f08000 	C:\TeamBots\eclipse_basic\lib\x86_64_nt\eclipse.dll
0x00007ffd2eec0000 - 0x00007ffd2eed9000 	C:\WINDOWS\SYSTEM32\NETAPI32.dll
0x00000002599e0000 - 0x0000000259abe000 	C:\TeamBots\eclipse_basic\lib\x86_64_nt\libgmp-10.dll

dbghelp: loaded successfully - version: 4.0.5 - missing functions: none
symbol engine: initialized successfully - sym options: 0x614 - pdb path: .;C:\Program Files\Java\jdk-19\bin;C:\WINDOWS\SYSTEM32;C:\WINDOWS\WinSxS\amd64_microsoft.windows.common-controls_6595b64144ccf1df_6.0.22000.120_none_9d947278b86cc467;C:\Program Files\Java\jdk-19\bin\server;C:\TeamBots\eclipse_basic\lib\x86_64_nt

VM Arguments:
jvm_args: -Declipse.directory=C:\TeamBots\eclipse_basic 
java_command: TBSim.TBSim Competition.dsc
java_class_path (initial): C:\TeamBots\eclipse_basic\lib\eclipse.jar;C:\TeamBots\src;.
Launcher Type: SUN_STANDARD

[Global flags]
     intx CICompilerCount                          = 4                                         {product} {ergonomic}
     uint ConcGCThreads                            = 2                                         {product} {ergonomic}
     uint G1ConcRefinementThreads                  = 8                                         {product} {ergonomic}
   size_t G1HeapRegionSize                         = 1048576                                   {product} {ergonomic}
    uintx GCDrainStackTargetSize                   = 64                                        {product} {ergonomic}
   size_t InitialHeapSize                          = 134217728                                 {product} {ergonomic}
   size_t MarkStackSize                            = 4194304                                   {product} {ergonomic}
   size_t MaxHeapSize                              = 2116026368                                {product} {ergonomic}
   size_t MaxNewSize                               = 1268776960                                {product} {ergonomic}
   size_t MinHeapDeltaBytes                        = 1048576                                   {product} {ergonomic}
   size_t MinHeapSize                              = 8388608                                   {product} {ergonomic}
    uintx NonNMethodCodeHeapSize                   = 5839372                                {pd product} {ergonomic}
    uintx NonProfiledCodeHeapSize                  = 122909434                              {pd product} {ergonomic}
    uintx ProfiledCodeHeapSize                     = 122909434                              {pd product} {ergonomic}
    uintx ReservedCodeCacheSize                    = 251658240                              {pd product} {ergonomic}
     bool SegmentedCodeCache                       = true                                      {product} {ergonomic}
   size_t SoftMaxHeapSize                          = 2116026368                             {manageable} {ergonomic}
     bool UseCompressedClassPointers               = true                           {product lp64_product} {ergonomic}
     bool UseCompressedOops                        = true                           {product lp64_product} {ergonomic}
     bool UseG1GC                                  = true                                      {product} {ergonomic}
     bool UseLargePagesIndividualAllocation        = false                                  {pd product} {ergonomic}

Logging:
Log output configuration:
 #0: stdout all=warning uptime,level,tags foldmultilines=false
 #1: stderr all=off uptime,level,tags foldmultilines=false

Environment Variables:
CLASSPATH=C:\TeamBots\eclipse_basic\lib\eclipse.jar;C:\TeamBots\src;.
PATH=C:\Program Files\Common Files\Oracle\Java\javapath;C:\Program Files (x86)\Common Files\Oracle\Java\javapath;C:\Program Files\Python310\Scripts\;C:\Program Files\Python310\;C:\Program Files (x86)\Intel\iCLS Client\;C:\Program Files\Intel\iCLS Client\;C:\WINDOWS\system32;C:\WINDOWS;C:\WINDOWS\System32\Wbem;C:\WINDOWS\System32\WindowsPowerShell\v1.0\;C:\Program Files (x86)\Intel\Intel(R) Management Engine Components\DAL;C:\Program Files\Intel\Intel(R) Management Engine Components\DAL;C:\Program Files (x86)\Intel\Intel(R) Management Engine Components\IPT;C:\Program Files\Intel\Intel(R) Management Engine Components\IPT;C:\WINDOWS\System32\OpenSSH\;C:\Program Files\Git\cmd;C:\Users\gaeta\AppData\Local\Microsoft\WindowsApps;;C:\Users\gaeta\AppData\Local\Programs\Microsoft VS Code\bin
USERNAME=gaeta
OS=Windows_NT
PROCESSOR_IDENTIFIER=Intel64 Family 6 Model 142 Stepping 10, GenuineIntel
TMP=C:\Users\gaeta\AppData\Local\Temp
TEMP=C:\Users\gaeta\AppData\Local\Temp



---------------  S Y S T E M  ---------------

OS:
 Windows 11 , 64 bit Build 22000 (10.0.22000.1335)
OS uptime: 7 days 4:15 hours

CPU: total 8 (initial active 8) (4 cores per cpu, 2 threads per core) family 6 model 142 stepping 10 microcode 0xe0, cx8, cmov, fxsr, ht, mmx, 3dnowpref, sse, sse2, sse3, ssse3, sse4.1, sse4.2, popcnt, lzcnt, tsc, tscinvbit, avx, avx2, aes, erms, clmul, bmi1, bmi2, adx, fma, vzeroupper, clflush, clflushopt, rdtscp

Memory: 4k page, system-wide physical 8066M (2562M free)
TotalPageFile size 10593M (AvailPageFile size 2988M)
current process WorkingSet (physical memory assigned to process): 213M, peak: 225M
current process commit charge ("private bytes"): 312M, peak: 328M

vm_info: Java HotSpot(TM) 64-Bit Server VM (19.0.1+10-21) for windows-amd64 JRE (19.0.1+10-21), built on 2022-09-14T12:45:06Z by "mach5one" with MS VC++ 17.1 (VS2022)

END.
