#
# A fatal error has been detected by the Java Runtime Environment:
#
#  EXCEPTION_ACCESS_VIOLATION (0xc0000005) at pc=0x00007ffe5393d4d1, pid=16824, tid=16104
#
# JRE version: Java(TM) SE Runtime Environment (19.0.1+10) (build 19.0.1+10-21)
# Java VM: Java HotSpot(TM) 64-Bit Server VM (19.0.1+10-21, mixed mode, sharing, tiered, compressed oops, compressed class ptrs, g1 gc, windows-amd64)
# Problematic frame:
# C  [ntdll.dll+0x1d4d1]
#
# No core dump will be written. Minidumps are not enabled by default on client versions of Windows
#
# If you would like to submit a bug report, please visit:
#   https://bugreport.java.com/bugreport/crash.jsp
# The crash happened outside the Java Virtual Machine in native code.
# See problematic frame for where to report the bug.
#

---------------  S U M M A R Y ------------

Command Line: -Declipse.directory=C:\TeamBots\eclipse_basic TBSim.TBSim Competition.dsc

Host: Intel(R) Core(TM) i5-8250U CPU @ 1.60GHz, 8 cores, 7G,  Windows 11 , 64 bit Build 22000 (10.0.22000.1219)
Time: Tue Nov 15 09:53:27 2022 ora solare Europa occidentale elapsed time: 41.410064 seconds (0d 0h 0m 41s)

---------------  T H R E A D  ---------------

Current thread (0x000002cd23256820):  JavaThread "Finalizer" daemon [_thread_in_native, id=16104, stack(0x000000d704f00000,0x000000d705000000)]

Stack: [0x000000d704f00000,0x000000d705000000],  sp=0x000000d704ffec50,  free space=1019k
Native frames: (J=compiled Java code, j=interpreted, Vv=VM code, C=native code)
C  [ntdll.dll+0x1d4d1]
C  [ntdll.dll+0x3a76c]
C  [ntdll.dll+0x3a5d2]
C  [eclipse.dll+0xc5c9a]

Java frames: (J=compiled Java code, j=interpreted, Vv=VM code)
j  com.parctechnologies.eclipse.NativeEclipse.Cleanup()V+0
j  com.parctechnologies.eclipse.EmbeddedEclipse.destroy()V+14
j  com.parctechnologies.eclipse.EmbeddedEclipse.finalize()V+1
j  java.lang.System$2.invokeFinalize(Ljava/lang/Object;)V+1 java.base@19.0.1
j  java.lang.ref.Finalizer.runFinalizer(Ljdk/internal/access/JavaLangAccess;)V+115 java.base@19.0.1
j  java.lang.ref.Finalizer$FinalizerThread.run()V+29 java.base@19.0.1
v  ~StubRoutines::call_stub 0x000002cd1373100e

siginfo: EXCEPTION_ACCESS_VIOLATION (0xc0000005), writing address 0x0000000000000024


Registers:
RAX=0xffffffffffffffff, RBX=0x0000000000000000, RCX=0x0000000000000000, RDX=0x0000000000000000
RSP=0x000000d704ffec50, RBP=0x0000000000000000, RSI=0x00000000fffffffa, RDI=0x0000000000000000
R8 =0x0000000000000000, R9 =0x0000000066eaa050, R10=0x000002cd1374f92e, R11=0x00000000822fb230
R12=0x00007ffe53a94360, R13=0x0000000000000001, R14=0x0000000000000000, R15=0x0000000066eaa048
RIP=0x00007ffe5393d4d1, EFLAGS=0x0000000000010213


Register to memory mapping:

RIP=0x00007ffe5393d4d1 ntdll.dll
RAX=0xffffffffffffffff is an unknown value
RBX=0x0 is NULL
RCX=0x0 is NULL
RDX=0x0 is NULL
RSP=0x000000d704ffec50 is pointing into the stack for thread: 0x000002cd23256820
RBP=0x0 is NULL
RSI=0x00000000fffffffa is an unallocated location in the heap
RDI=0x0 is NULL
R8 =0x0 is NULL
R9 =0x0000000066eaa050 eclipse.dll
R10=0x000002cd1374f92e is at code_begin+1006 in an Interpreter codelet
method entry point (kind = native)  [0x000002cd1374f540, 0x000002cd13750050]  2832 bytes
R11=0x00000000822fb230 is an oop: java.lang.Class 
{0x00000000822fb230} - klass: 'java/lang/Class'
 - ---- fields (total size 14 words):
 - private volatile transient 'classRedefinedCount' 'I' @12  0
 - abstract internal 'klass' 'J' @16  34377134112 (1097020 8)
 - abstract internal 'array_klass' 'J' @24  0 (0 0)
 - abstract internal 'oop_size' 'I' @32  14 (e)
 - abstract internal 'static_oop_field_count' 'I' @36  0
 - private volatile transient 'cachedConstructor' 'Ljava/lang/reflect/Constructor;' @40  NULL (0)
 - private transient 'name' 'Ljava/lang/String;' @44  "com.parctechnologies.eclipse.NativeEclipse"{0x00000000822fbe50} (822fbe50)
 - private transient 'module' 'Ljava/lang/Module;' @48  a 'java/lang/Module'{0x0000000082254c00} (82254c00)
 - private final 'classLoader' 'Ljava/lang/ClassLoader;' @52  a 'jdk/internal/loader/ClassLoaders$AppClassLoader'{0x00000000821b5010} (821b5010)
 - private transient 'classData' 'Ljava/lang/Object;' @56  NULL (0)
 - private transient 'packageName' 'Ljava/lang/String;' @60  "com.parctechnologies.eclipse"{0x00000000822f2790} (822f2790)
 - private final 'componentType' 'Ljava/lang/Class;' @64  NULL (0)
 - private volatile transient 'reflectionData' 'Ljava/lang/ref/SoftReference;' @68  NULL (0)
 - private volatile transient 'genericInfo' 'Lsun/reflect/generics/repository/ClassRepository;' @72  NULL (0)
 - private volatile transient 'enumConstants' '[Ljava/lang/Object;' @76  NULL (0)
 - private volatile transient 'enumConstantDirectory' 'Ljava/util/Map;' @80  NULL (0)
 - private volatile transient 'annotationData' 'Ljava/lang/Class$AnnotationData;' @84  NULL (0)
 - private volatile transient 'annotationType' 'Lsun/reflect/annotation/AnnotationType;' @88  NULL (0)
 - transient 'classValueMap' 'Ljava/lang/ClassValue$ClassValueMap;' @92  NULL (0)
 - abstract internal 'protection_domain' 'Ljava/lang/Object;' @96  a 'java/security/ProtectionDomain'{0x00000000822f27e8} (822f27e8)
 - abstract internal 'signers_name' 'Ljava/lang/Object;' @100  NULL (0)
 - abstract internal 'source_file' 'Ljava/lang/Object;' @104  NULL (0)
 - signature: Lcom/parctechnologies/eclipse/NativeEclipse;
 - ---- static fields (0):
R12=0x00007ffe53a94360 ntdll.dll
R13=0x0000000000000001 is an unknown value
R14=0x0 is NULL
R15=0x0000000066eaa048 eclipse.dll


Top of Stack: (sp=0x000000d704ffec50)
0x000000d704ffec50:   ffffffffffffffff 0000000000000000
0x000000d704ffec60:   0000000000000000 000000d704ffecb8
0x000000d704ffec70:   000000d704ffed10 000002cd1374b8ef
0x000000d704ffec80:   0000000000000000 0000000000000000
0x000000d704ffec90:   0000000000000000 0000000000000000
0x000000d704ffeca0:   000000d704293000 0000000000000000
0x000000d704ffecb0:   0000000089d80c00 0000000089d80c00
0x000000d704ffecc0:   00000000854c7f90 000000d704ffecc8
0x000000d704ffecd0:   000000080086a806 000000d704ffed20
0x000000d704ffece0:   00000008001c8628 0000000000000000
0x000000d704ffecf0:   00000000821767c8 00000008001c8960
0x000000d704ffed00:   0000000000000000 000000d704ffed20
0x000000d704ffed10:   000061f91411784c 000002cd1374bd4b
0x000000d704ffed20:   000002cd23256800 0000000000000001
0x000000d704ffed30:   0000000000000001 0000000000000001
0x000000d704ffed40:   0000000000000000 00007ffe5395a76c 

Instructions: (pc=0x00007ffe5393d4d1)
0x00007ffe5393d3d1:   08 e9 40 ff ff ff cc cc cc cc cc cc cc cc cc 48
0x00007ffe5393d3e1:   89 5c 24 08 48 89 74 24 10 57 48 83 ec 20 48 8b
0x00007ffe5393d3f1:   1d 52 b8 15 00 48 85 db 0f 85 4f ba 09 00 33 c0
0x00007ffe5393d401:   48 8b 5c 24 30 48 8b 74 24 38 48 83 c4 20 5f c3
0x00007ffe5393d411:   cc cc cc cc cc cc cc cc cc cc cc cc cc cc cc 48
0x00007ffe5393d421:   89 5c 24 10 48 89 6c 24 18 48 89 74 24 20 57 41
0x00007ffe5393d431:   54 41 55 41 56 41 57 48 81 ec d0 00 00 00 48 8b
0x00007ffe5393d441:   05 ca 50 17 00 48 33 c4 48 89 84 24 c0 00 00 00
0x00007ffe5393d451:   65 48 8b 1c 25 30 00 00 00 4c 8d 25 ff 6e 15 00
0x00007ffe5393d461:   8b f2 c6 44 24 40 00 33 d2 48 89 5c 24 50 89 54
0x00007ffe5393d471:   24 44 4c 8b f9 8b ea 49 3b cc 0f 84 66 02 00 00
0x00007ffe5393d481:   38 15 e1 cc 15 00 0f 85 d6 02 00 00 39 15 f5 cc
0x00007ffe5393d491:   15 00 0f 85 99 02 00 00 40 38 2d 98 c7 15 00 4c
0x00007ffe5393d4a1:   8d 35 99 c7 15 00 48 8b dd 4c 0f 45 f3 49 39 5f
0x00007ffe5393d4b1:   18 0f 84 f4 01 00 00 49 8b 0f 48 83 f9 ff 0f 84
0x00007ffe5393d4c1:   fc 01 00 00 89 5c 24 48 8b fb 48 83 f9 ff 74 03
0x00007ffe5393d4d1:   ff 41 24 4d 8b 6f 18 e8 a3 a2 00 00 85 c0 0f 85
0x00007ffe5393d4e1:   a3 b9 09 00 b9 82 03 fe 7f 80 39 00 0f 85 b1 b9
0x00007ffe5393d4f1:   09 00 49 83 fd ff 0f 85 7c 02 00 00 4c 8d 64 24
0x00007ffe5393d501:   58 49 83 e4 fc 49 8d 7f 08 48 89 5c 24 70 48 89
0x00007ffe5393d511:   5c 24 68 48 89 5c 24 78 48 89 7c 24 58 c7 84 24
0x00007ffe5393d521:   80 00 00 00 01 00 00 00 65 48 8b 0c 25 30 00 00
0x00007ffe5393d531:   00 48 8b 41 48 48 89 44 24 60 48 8b c7 48 8b 59
0x00007ffe5393d541:   60 48 c1 e8 05 48 81 c3 a0 03 00 00 83 e0 7f 48
0x00007ffe5393d551:   8b 0c c3 4c 8d 0c c3 45 33 db 48 8b d1 48 8d 44
0x00007ffe5393d561:   24 58 83 e2 03 4c 8b c1 49 0b d4 49 83 e0 fc 4d
0x00007ffe5393d571:   85 c0 4c 89 44 24 68 49 0f 45 c3 48 89 44 24 78
0x00007ffe5393d581:   48 8b c2 48 83 c8 02 4d 85 c0 48 0f 45 d0 48 8b
0x00007ffe5393d591:   c1 f0 49 0f b1 11 0f 85 1c 01 00 00 32 d1 f6 c2
0x00007ffe5393d5a1:   02 75 7b 8b 07 48 8d 54 24 58 48 8b cb 3b c6 0f
0x00007ffe5393d5b1:   85 e3 00 00 00 45 33 c9 4d 8b c6 e8 5b 02 00 00
0x00007ffe5393d5c1:   3d 02 01 00 00 0f 84 83 b9 09 00 33 db 8b 37 40 


Stack slot to memory mapping:
stack at sp + 0 slots: 0xffffffffffffffff is an unknown value
stack at sp + 1 slots: 0x0 is NULL
stack at sp + 2 slots: 0x0 is NULL
stack at sp + 3 slots: 0x000000d704ffecb8 is pointing into the stack for thread: 0x000002cd23256820
stack at sp + 4 slots: 0x000000d704ffed10 is pointing into the stack for thread: 0x000002cd23256820
stack at sp + 5 slots: 0x000002cd1374b8ef is at code_begin+1455 in an Interpreter codelet
return entry points  [0x000002cd1374b340, 0x000002cd1374be20]  2784 bytes
stack at sp + 6 slots: 0x0 is NULL
stack at sp + 7 slots: 0x0 is NULL


---------------  P R O C E S S  ---------------

Threads class SMR info:
_java_thread_list=0x000002cd285d9770, length=17, elements={
0x000002cd23255ef0, 0x000002cd23256820, 0x000002cd232594a0, 0x000002cd2325cdf0,
0x000002cd2325d8c0, 0x000002cd2325f3a0, 0x000002cd232616b0, 0x000002cd23264030,
0x000002cd2326c9b0, 0x000002cd27523e50, 0x000002cd27529380, 0x000002cd27727a00,
0x000002cd2772aa00, 0x000002cd2772e5a0, 0x000002cd277a69c0, 0x000002cd277ac3b0,
0x000002cd02acbc70
}

Java Threads: ( => current thread )
  0x000002cd23255ef0 JavaThread "Reference Handler" daemon [_thread_blocked, id=5656, stack(0x000000d704e00000,0x000000d704f00000)]
=>0x000002cd23256820 JavaThread "Finalizer" daemon [_thread_in_native, id=16104, stack(0x000000d704f00000,0x000000d705000000)]
  0x000002cd232594a0 JavaThread "Signal Dispatcher" daemon [_thread_blocked, id=12332, stack(0x000000d705000000,0x000000d705100000)]
  0x000002cd2325cdf0 JavaThread "Attach Listener" daemon [_thread_blocked, id=6460, stack(0x000000d705100000,0x000000d705200000)]
  0x000002cd2325d8c0 JavaThread "Service Thread" daemon [_thread_blocked, id=9708, stack(0x000000d705200000,0x000000d705300000)]
  0x000002cd2325f3a0 JavaThread "Monitor Deflation Thread" daemon [_thread_blocked, id=12636, stack(0x000000d705300000,0x000000d705400000)]
  0x000002cd232616b0 JavaThread "C2 CompilerThread0" daemon [_thread_blocked, id=9428, stack(0x000000d705400000,0x000000d705500000)]
  0x000002cd23264030 JavaThread "C1 CompilerThread0" daemon [_thread_blocked, id=9632, stack(0x000000d705500000,0x000000d705600000)]
  0x000002cd2326c9b0 JavaThread "Sweeper thread" daemon [_thread_blocked, id=17664, stack(0x000000d705600000,0x000000d705700000)]
  0x000002cd27523e50 JavaThread "Notification Thread" daemon [_thread_blocked, id=9112, stack(0x000000d705700000,0x000000d705800000)]
  0x000002cd27529380 JavaThread "Common-Cleaner" daemon [_thread_blocked, id=2024, stack(0x000000d705900000,0x000000d705a00000)]
  0x000002cd27727a00 JavaThread "Java2D Disposer" daemon [_thread_blocked, id=14424, stack(0x000000d705a00000,0x000000d705b00000)]
  0x000002cd2772aa00 JavaThread "AWT-Shutdown" [_thread_blocked, id=17304, stack(0x000000d705b00000,0x000000d705c00000)]
  0x000002cd2772e5a0 JavaThread "AWT-Windows" daemon [_thread_in_native, id=15136, stack(0x000000d705c00000,0x000000d705d00000)]
  0x000002cd277a69c0 JavaThread "Thread-0" [_thread_blocked, id=8064, stack(0x000000d705d00000,0x000000d705e00000)]
  0x000002cd277ac3b0 JavaThread "AWT-EventQueue-0" [_thread_blocked, id=8276, stack(0x000000d705e00000,0x000000d705f00000)]
  0x000002cd02acbc70 JavaThread "DestroyJavaVM" [_thread_blocked, id=7992, stack(0x000000d704700000,0x000000d704800000)]

Other Threads:
  0x000002cd2323bc10 VMThread "VM Thread" [stack: 0x000000d704d00000,0x000000d704e00000] [id=8668]
  0x000002cd2746e070 WatcherThread "VM Periodic Task Thread" [stack: 0x000000d705800000,0x000000d705900000] [id=10268]
  0x000002cd02b2dde0 WorkerThread "GC Thread#0" [stack: 0x000000d704800000,0x000000d704900000] [id=6484]
  0x000002cd283f5ea0 WorkerThread "GC Thread#1" [stack: 0x000000d706300000,0x000000d706400000] [id=2208]
  0x000002cd283f6170 WorkerThread "GC Thread#2" [stack: 0x000000d706500000,0x000000d706600000] [id=6436]
  0x000002cd283f6440 WorkerThread "GC Thread#3" [stack: 0x000000d706600000,0x000000d706700000] [id=4720]
  0x000002cd2843e1e0 WorkerThread "GC Thread#4" [stack: 0x000000d706700000,0x000000d706800000] [id=10196]
  0x000002cd2843df10 WorkerThread "GC Thread#5" [stack: 0x000000d706800000,0x000000d706900000] [id=15280]
  0x000002cd2843f860 WorkerThread "GC Thread#6" [stack: 0x000000d706900000,0x000000d706a00000] [id=3096]
  0x000002cd2843e4b0 WorkerThread "GC Thread#7" [stack: 0x000000d706a00000,0x000000d706b00000] [id=12056]
  0x000002cd02b3f890 ConcurrentGCThread "G1 Main Marker" [stack: 0x000000d704900000,0x000000d704a00000] [id=13184]
  0x000002cd02b404c0 WorkerThread "G1 Conc#0" [stack: 0x000000d704a00000,0x000000d704b00000] [id=13352]
  0x000002cd230f9100 ConcurrentGCThread "G1 Refine#0" [stack: 0x000000d704b00000,0x000000d704c00000] [id=4148]
  0x000002cd230f98f0 ConcurrentGCThread "G1 Service" [stack: 0x000000d704c00000,0x000000d704d00000] [id=12836]

Threads with active compile tasks:

VM state: not at safepoint (normal execution)

VM Mutex/Monitor currently owned by a thread: None

Heap address: 0x0000000081e00000, size: 2018 MB, Compressed Oops mode: 32-bit

CDS archive(s) mapped at: [0x0000000800000000-0x0000000800c40000-0x0000000800c40000), size 12845056, SharedBaseAddress: 0x0000000800000000, ArchiveRelocationMode: 0.
Compressed class space mapped at: 0x0000000801000000-0x0000000841000000, reserved size: 1073741824
Narrow klass base: 0x0000000800000000, Narrow klass shift: 0, Narrow klass range: 0x100000000

GC Precious Log:
 CardTable entry size: 512
 Card Set container configuration: InlinePtr #cards 5 size 8 Array Of Cards #cards 12 size 40 Howl #buckets 4 coarsen threshold 1843 Howl Bitmap #cards 512 size 80 coarsen threshold 460 Card regions per heap region 1 cards per card region 2048
 CPUs: 8 total, 8 available
 Memory: 8066M
 Large Page Support: Disabled
 NUMA Support: Disabled
 Compressed Oops: Enabled (32-bit)
 Heap Region Size: 1M
 Heap Min Capacity: 8M
 Heap Initial Capacity: 128M
 Heap Max Capacity: 2018M
 Pre-touch: Disabled
 Parallel Workers: 8
 Concurrent Workers: 2
 Concurrent Refinement Workers: 8
 Periodic GC: Disabled

Heap:
 garbage-first heap   total 131072K, used 29899K [0x0000000081e00000, 0x0000000100000000)
  region size 1024K, 20 young (20480K), 2 survivors (2048K)
 Metaspace       used 8370K, committed 8640K, reserved 1114112K
  class space    used 862K, committed 960K, reserved 1048576K

Heap Regions: E=young(eden), S=young(survivor), O=old, HS=humongous(starts), HC=humongous(continues), CS=collection set, F=free, OA=open archive, CA=closed archive, TAMS=top-at-mark-start (previous, next)
|   0|0x0000000081e00000, 0x0000000081f00000, 0x0000000081f00000|100%|HS|  |TAMS 0x0000000081e00000, 0x0000000081e00000| Complete 
|   1|0x0000000081f00000, 0x0000000082000000, 0x0000000082000000|100%|HC|  |TAMS 0x0000000081f00000, 0x0000000081f00000| Complete 
|   2|0x0000000082000000, 0x0000000082100000, 0x0000000082100000|100%| O|  |TAMS 0x0000000082000000, 0x0000000082000000| Untracked 
|   3|0x0000000082100000, 0x0000000082200000, 0x0000000082200000|100%| O|  |TAMS 0x0000000082100000, 0x0000000082100000| Untracked 
|   4|0x0000000082200000, 0x0000000082300000, 0x0000000082300000|100%| O|  |TAMS 0x0000000082200000, 0x0000000082200000| Untracked 
|   5|0x0000000082300000, 0x0000000082400000, 0x0000000082400000|100%| O|  |TAMS 0x0000000082300000, 0x0000000082300000| Untracked 
|   6|0x0000000082400000, 0x0000000082462400, 0x0000000082500000| 38%| O|  |TAMS 0x0000000082400000, 0x0000000082400000| Untracked 
|   7|0x0000000082500000, 0x0000000082600000, 0x0000000082600000|100%|HS|  |TAMS 0x0000000082500000, 0x0000000082500000| Complete 
|   8|0x0000000082600000, 0x0000000082700000, 0x0000000082700000|100%|HC|  |TAMS 0x0000000082600000, 0x0000000082600000| Complete 
|   9|0x0000000082700000, 0x0000000082800000, 0x0000000082800000|100%|HS|  |TAMS 0x0000000082700000, 0x0000000082700000| Complete 
|  10|0x0000000082800000, 0x0000000082900000, 0x0000000082900000|100%|HC|  |TAMS 0x0000000082800000, 0x0000000082800000| Complete 
|  11|0x0000000082900000, 0x0000000082900000, 0x0000000082a00000|  0%| F|  |TAMS 0x0000000082900000, 0x0000000082900000| Untracked 
|  12|0x0000000082a00000, 0x0000000082a00000, 0x0000000082b00000|  0%| F|  |TAMS 0x0000000082a00000, 0x0000000082a00000| Untracked 
|  13|0x0000000082b00000, 0x0000000082b00000, 0x0000000082c00000|  0%| F|  |TAMS 0x0000000082b00000, 0x0000000082b00000| Untracked 
|  14|0x0000000082c00000, 0x0000000082c00000, 0x0000000082d00000|  0%| F|  |TAMS 0x0000000082c00000, 0x0000000082c00000| Untracked 
|  15|0x0000000082d00000, 0x0000000082d00000, 0x0000000082e00000|  0%| F|  |TAMS 0x0000000082d00000, 0x0000000082d00000| Untracked 
|  16|0x0000000082e00000, 0x0000000082e00000, 0x0000000082f00000|  0%| F|  |TAMS 0x0000000082e00000, 0x0000000082e00000| Untracked 
|  17|0x0000000082f00000, 0x0000000082f00000, 0x0000000083000000|  0%| F|  |TAMS 0x0000000082f00000, 0x0000000082f00000| Untracked 
|  18|0x0000000083000000, 0x0000000083000000, 0x0000000083100000|  0%| F|  |TAMS 0x0000000083000000, 0x0000000083000000| Untracked 
|  19|0x0000000083100000, 0x0000000083100000, 0x0000000083200000|  0%| F|  |TAMS 0x0000000083100000, 0x0000000083100000| Untracked 
|  20|0x0000000083200000, 0x0000000083200000, 0x0000000083300000|  0%| F|  |TAMS 0x0000000083200000, 0x0000000083200000| Untracked 
|  21|0x0000000083300000, 0x0000000083300000, 0x0000000083400000|  0%| F|  |TAMS 0x0000000083300000, 0x0000000083300000| Untracked 
|  22|0x0000000083400000, 0x0000000083400000, 0x0000000083500000|  0%| F|  |TAMS 0x0000000083400000, 0x0000000083400000| Untracked 
|  23|0x0000000083500000, 0x0000000083500000, 0x0000000083600000|  0%| F|  |TAMS 0x0000000083500000, 0x0000000083500000| Untracked 
|  24|0x0000000083600000, 0x0000000083600000, 0x0000000083700000|  0%| F|  |TAMS 0x0000000083600000, 0x0000000083600000| Untracked 
|  25|0x0000000083700000, 0x0000000083700000, 0x0000000083800000|  0%| F|  |TAMS 0x0000000083700000, 0x0000000083700000| Untracked 
|  26|0x0000000083800000, 0x0000000083800000, 0x0000000083900000|  0%| F|  |TAMS 0x0000000083800000, 0x0000000083800000| Untracked 
|  27|0x0000000083900000, 0x0000000083900000, 0x0000000083a00000|  0%| F|  |TAMS 0x0000000083900000, 0x0000000083900000| Untracked 
|  28|0x0000000083a00000, 0x0000000083a00000, 0x0000000083b00000|  0%| F|  |TAMS 0x0000000083a00000, 0x0000000083a00000| Untracked 
|  29|0x0000000083b00000, 0x0000000083b00000, 0x0000000083c00000|  0%| F|  |TAMS 0x0000000083b00000, 0x0000000083b00000| Untracked 
|  30|0x0000000083c00000, 0x0000000083c00000, 0x0000000083d00000|  0%| F|  |TAMS 0x0000000083c00000, 0x0000000083c00000| Untracked 
|  31|0x0000000083d00000, 0x0000000083d00000, 0x0000000083e00000|  0%| F|  |TAMS 0x0000000083d00000, 0x0000000083d00000| Untracked 
|  32|0x0000000083e00000, 0x0000000083e00000, 0x0000000083f00000|  0%| F|  |TAMS 0x0000000083e00000, 0x0000000083e00000| Untracked 
|  33|0x0000000083f00000, 0x0000000083f00000, 0x0000000084000000|  0%| F|  |TAMS 0x0000000083f00000, 0x0000000083f00000| Untracked 
|  34|0x0000000084000000, 0x0000000084000000, 0x0000000084100000|  0%| F|  |TAMS 0x0000000084000000, 0x0000000084000000| Untracked 
|  35|0x0000000084100000, 0x0000000084100000, 0x0000000084200000|  0%| F|  |TAMS 0x0000000084100000, 0x0000000084100000| Untracked 
|  36|0x0000000084200000, 0x0000000084200000, 0x0000000084300000|  0%| F|  |TAMS 0x0000000084200000, 0x0000000084200000| Untracked 
|  37|0x0000000084300000, 0x0000000084300000, 0x0000000084400000|  0%| F|  |TAMS 0x0000000084300000, 0x0000000084300000| Untracked 
|  38|0x0000000084400000, 0x0000000084400000, 0x0000000084500000|  0%| F|  |TAMS 0x0000000084400000, 0x0000000084400000| Untracked 
|  39|0x0000000084500000, 0x0000000084500000, 0x0000000084600000|  0%| F|  |TAMS 0x0000000084500000, 0x0000000084500000| Untracked 
|  40|0x0000000084600000, 0x0000000084600000, 0x0000000084700000|  0%| F|  |TAMS 0x0000000084600000, 0x0000000084600000| Untracked 
|  41|0x0000000084700000, 0x0000000084700000, 0x0000000084800000|  0%| F|  |TAMS 0x0000000084700000, 0x0000000084700000| Untracked 
|  42|0x0000000084800000, 0x0000000084800000, 0x0000000084900000|  0%| F|  |TAMS 0x0000000084800000, 0x0000000084800000| Untracked 
|  43|0x0000000084900000, 0x0000000084900000, 0x0000000084a00000|  0%| F|  |TAMS 0x0000000084900000, 0x0000000084900000| Untracked 
|  44|0x0000000084a00000, 0x0000000084a00000, 0x0000000084b00000|  0%| F|  |TAMS 0x0000000084a00000, 0x0000000084a00000| Untracked 
|  45|0x0000000084b00000, 0x0000000084b00000, 0x0000000084c00000|  0%| F|  |TAMS 0x0000000084b00000, 0x0000000084b00000| Untracked 
|  46|0x0000000084c00000, 0x0000000084c00000, 0x0000000084d00000|  0%| F|  |TAMS 0x0000000084c00000, 0x0000000084c00000| Untracked 
|  47|0x0000000084d00000, 0x0000000084d00000, 0x0000000084e00000|  0%| F|  |TAMS 0x0000000084d00000, 0x0000000084d00000| Untracked 
|  48|0x0000000084e00000, 0x0000000084e00000, 0x0000000084f00000|  0%| F|  |TAMS 0x0000000084e00000, 0x0000000084e00000| Untracked 
|  49|0x0000000084f00000, 0x0000000084f00000, 0x0000000085000000|  0%| F|  |TAMS 0x0000000084f00000, 0x0000000084f00000| Untracked 
|  50|0x0000000085000000, 0x0000000085000000, 0x0000000085100000|  0%| F|  |TAMS 0x0000000085000000, 0x0000000085000000| Untracked 
|  51|0x0000000085100000, 0x0000000085100000, 0x0000000085200000|  0%| F|  |TAMS 0x0000000085100000, 0x0000000085100000| Untracked 
|  52|0x0000000085200000, 0x0000000085200000, 0x0000000085300000|  0%| F|  |TAMS 0x0000000085200000, 0x0000000085200000| Untracked 
|  53|0x0000000085300000, 0x0000000085300000, 0x0000000085400000|  0%| F|  |TAMS 0x0000000085300000, 0x0000000085300000| Untracked 
|  54|0x0000000085400000, 0x00000000854d0980, 0x0000000085500000| 81%| S|CS|TAMS 0x0000000085400000, 0x0000000085400000| Complete 
|  55|0x0000000085500000, 0x0000000085600000, 0x0000000085600000|100%| S|CS|TAMS 0x0000000085500000, 0x0000000085500000| Complete 
|  56|0x0000000085600000, 0x0000000085600000, 0x0000000085700000|  0%| F|  |TAMS 0x0000000085600000, 0x0000000085600000| Untracked 
|  57|0x0000000085700000, 0x0000000085700000, 0x0000000085800000|  0%| F|  |TAMS 0x0000000085700000, 0x0000000085700000| Untracked 
|  58|0x0000000085800000, 0x0000000085800000, 0x0000000085900000|  0%| F|  |TAMS 0x0000000085800000, 0x0000000085800000| Untracked 
|  59|0x0000000085900000, 0x0000000085900000, 0x0000000085a00000|  0%| F|  |TAMS 0x0000000085900000, 0x0000000085900000| Untracked 
|  60|0x0000000085a00000, 0x0000000085a00000, 0x0000000085b00000|  0%| F|  |TAMS 0x0000000085a00000, 0x0000000085a00000| Untracked 
|  61|0x0000000085b00000, 0x0000000085b00000, 0x0000000085c00000|  0%| F|  |TAMS 0x0000000085b00000, 0x0000000085b00000| Untracked 
|  62|0x0000000085c00000, 0x0000000085c00000, 0x0000000085d00000|  0%| F|  |TAMS 0x0000000085c00000, 0x0000000085c00000| Untracked 
|  63|0x0000000085d00000, 0x0000000085d00000, 0x0000000085e00000|  0%| F|  |TAMS 0x0000000085d00000, 0x0000000085d00000| Untracked 
|  64|0x0000000085e00000, 0x0000000085e00000, 0x0000000085f00000|  0%| F|  |TAMS 0x0000000085e00000, 0x0000000085e00000| Untracked 
|  65|0x0000000085f00000, 0x0000000085f00000, 0x0000000086000000|  0%| F|  |TAMS 0x0000000085f00000, 0x0000000085f00000| Untracked 
|  66|0x0000000086000000, 0x0000000086000000, 0x0000000086100000|  0%| F|  |TAMS 0x0000000086000000, 0x0000000086000000| Untracked 
|  67|0x0000000086100000, 0x0000000086100000, 0x0000000086200000|  0%| F|  |TAMS 0x0000000086100000, 0x0000000086100000| Untracked 
|  68|0x0000000086200000, 0x0000000086200000, 0x0000000086300000|  0%| F|  |TAMS 0x0000000086200000, 0x0000000086200000| Untracked 
|  69|0x0000000086300000, 0x0000000086300000, 0x0000000086400000|  0%| F|  |TAMS 0x0000000086300000, 0x0000000086300000| Untracked 
|  70|0x0000000086400000, 0x0000000086400000, 0x0000000086500000|  0%| F|  |TAMS 0x0000000086400000, 0x0000000086400000| Untracked 
|  71|0x0000000086500000, 0x0000000086500000, 0x0000000086600000|  0%| F|  |TAMS 0x0000000086500000, 0x0000000086500000| Untracked 
|  72|0x0000000086600000, 0x0000000086600000, 0x0000000086700000|  0%| F|  |TAMS 0x0000000086600000, 0x0000000086600000| Untracked 
|  73|0x0000000086700000, 0x0000000086700000, 0x0000000086800000|  0%| F|  |TAMS 0x0000000086700000, 0x0000000086700000| Untracked 
|  74|0x0000000086800000, 0x0000000086800000, 0x0000000086900000|  0%| F|  |TAMS 0x0000000086800000, 0x0000000086800000| Untracked 
|  75|0x0000000086900000, 0x0000000086900000, 0x0000000086a00000|  0%| F|  |TAMS 0x0000000086900000, 0x0000000086900000| Untracked 
|  76|0x0000000086a00000, 0x0000000086a00000, 0x0000000086b00000|  0%| F|  |TAMS 0x0000000086a00000, 0x0000000086a00000| Untracked 
|  77|0x0000000086b00000, 0x0000000086b00000, 0x0000000086c00000|  0%| F|  |TAMS 0x0000000086b00000, 0x0000000086b00000| Untracked 
|  78|0x0000000086c00000, 0x0000000086c00000, 0x0000000086d00000|  0%| F|  |TAMS 0x0000000086c00000, 0x0000000086c00000| Untracked 
|  79|0x0000000086d00000, 0x0000000086d00000, 0x0000000086e00000|  0%| F|  |TAMS 0x0000000086d00000, 0x0000000086d00000| Untracked 
|  80|0x0000000086e00000, 0x0000000086e00000, 0x0000000086f00000|  0%| F|  |TAMS 0x0000000086e00000, 0x0000000086e00000| Untracked 
|  81|0x0000000086f00000, 0x0000000086f00000, 0x0000000087000000|  0%| F|  |TAMS 0x0000000086f00000, 0x0000000086f00000| Untracked 
|  82|0x0000000087000000, 0x0000000087000000, 0x0000000087100000|  0%| F|  |TAMS 0x0000000087000000, 0x0000000087000000| Untracked 
|  83|0x0000000087100000, 0x0000000087100000, 0x0000000087200000|  0%| F|  |TAMS 0x0000000087100000, 0x0000000087100000| Untracked 
|  84|0x0000000087200000, 0x0000000087200000, 0x0000000087300000|  0%| F|  |TAMS 0x0000000087200000, 0x0000000087200000| Untracked 
|  85|0x0000000087300000, 0x0000000087300000, 0x0000000087400000|  0%| F|  |TAMS 0x0000000087300000, 0x0000000087300000| Untracked 
|  86|0x0000000087400000, 0x0000000087400000, 0x0000000087500000|  0%| F|  |TAMS 0x0000000087400000, 0x0000000087400000| Untracked 
|  87|0x0000000087500000, 0x0000000087500000, 0x0000000087600000|  0%| F|  |TAMS 0x0000000087500000, 0x0000000087500000| Untracked 
|  88|0x0000000087600000, 0x0000000087600000, 0x0000000087700000|  0%| F|  |TAMS 0x0000000087600000, 0x0000000087600000| Untracked 
|  89|0x0000000087700000, 0x0000000087700000, 0x0000000087800000|  0%| F|  |TAMS 0x0000000087700000, 0x0000000087700000| Untracked 
|  90|0x0000000087800000, 0x0000000087800000, 0x0000000087900000|  0%| F|  |TAMS 0x0000000087800000, 0x0000000087800000| Untracked 
|  91|0x0000000087900000, 0x0000000087900000, 0x0000000087a00000|  0%| F|  |TAMS 0x0000000087900000, 0x0000000087900000| Untracked 
|  92|0x0000000087a00000, 0x0000000087a00000, 0x0000000087b00000|  0%| F|  |TAMS 0x0000000087a00000, 0x0000000087a00000| Untracked 
|  93|0x0000000087b00000, 0x0000000087b00000, 0x0000000087c00000|  0%| F|  |TAMS 0x0000000087b00000, 0x0000000087b00000| Untracked 
|  94|0x0000000087c00000, 0x0000000087c00000, 0x0000000087d00000|  0%| F|  |TAMS 0x0000000087c00000, 0x0000000087c00000| Untracked 
|  95|0x0000000087d00000, 0x0000000087d00000, 0x0000000087e00000|  0%| F|  |TAMS 0x0000000087d00000, 0x0000000087d00000| Untracked 
|  96|0x0000000087e00000, 0x0000000087e00000, 0x0000000087f00000|  0%| F|  |TAMS 0x0000000087e00000, 0x0000000087e00000| Untracked 
|  97|0x0000000087f00000, 0x0000000087f00000, 0x0000000088000000|  0%| F|  |TAMS 0x0000000087f00000, 0x0000000087f00000| Untracked 
|  98|0x0000000088000000, 0x0000000088000000, 0x0000000088100000|  0%| F|  |TAMS 0x0000000088000000, 0x0000000088000000| Untracked 
|  99|0x0000000088100000, 0x0000000088100000, 0x0000000088200000|  0%| F|  |TAMS 0x0000000088100000, 0x0000000088100000| Untracked 
| 100|0x0000000088200000, 0x0000000088200000, 0x0000000088300000|  0%| F|  |TAMS 0x0000000088200000, 0x0000000088200000| Untracked 
| 101|0x0000000088300000, 0x0000000088300000, 0x0000000088400000|  0%| F|  |TAMS 0x0000000088300000, 0x0000000088300000| Untracked 
| 102|0x0000000088400000, 0x0000000088400000, 0x0000000088500000|  0%| F|  |TAMS 0x0000000088400000, 0x0000000088400000| Untracked 
| 103|0x0000000088500000, 0x0000000088500000, 0x0000000088600000|  0%| F|  |TAMS 0x0000000088500000, 0x0000000088500000| Untracked 
| 104|0x0000000088600000, 0x0000000088600000, 0x0000000088700000|  0%| F|  |TAMS 0x0000000088600000, 0x0000000088600000| Untracked 
| 105|0x0000000088700000, 0x0000000088700000, 0x0000000088800000|  0%| F|  |TAMS 0x0000000088700000, 0x0000000088700000| Untracked 
| 106|0x0000000088800000, 0x0000000088800000, 0x0000000088900000|  0%| F|  |TAMS 0x0000000088800000, 0x0000000088800000| Untracked 
| 107|0x0000000088900000, 0x0000000088900000, 0x0000000088a00000|  0%| F|  |TAMS 0x0000000088900000, 0x0000000088900000| Untracked 
| 108|0x0000000088a00000, 0x0000000088a00000, 0x0000000088b00000|  0%| F|  |TAMS 0x0000000088a00000, 0x0000000088a00000| Untracked 
| 109|0x0000000088b00000, 0x0000000088b00000, 0x0000000088c00000|  0%| F|  |TAMS 0x0000000088b00000, 0x0000000088b00000| Untracked 
| 110|0x0000000088c00000, 0x0000000088c80800, 0x0000000088d00000| 50%| E|  |TAMS 0x0000000088c00000, 0x0000000088c00000| Complete 
| 111|0x0000000088d00000, 0x0000000088e00000, 0x0000000088e00000|100%| E|CS|TAMS 0x0000000088d00000, 0x0000000088d00000| Complete 
| 112|0x0000000088e00000, 0x0000000088f00000, 0x0000000088f00000|100%| E|CS|TAMS 0x0000000088e00000, 0x0000000088e00000| Complete 
| 113|0x0000000088f00000, 0x0000000089000000, 0x0000000089000000|100%| E|CS|TAMS 0x0000000088f00000, 0x0000000088f00000| Complete 
| 114|0x0000000089000000, 0x0000000089100000, 0x0000000089100000|100%| E|CS|TAMS 0x0000000089000000, 0x0000000089000000| Complete 
| 115|0x0000000089100000, 0x0000000089200000, 0x0000000089200000|100%| E|CS|TAMS 0x0000000089100000, 0x0000000089100000| Complete 
| 116|0x0000000089200000, 0x0000000089300000, 0x0000000089300000|100%| E|CS|TAMS 0x0000000089200000, 0x0000000089200000| Complete 
| 117|0x0000000089300000, 0x0000000089400000, 0x0000000089400000|100%| E|CS|TAMS 0x0000000089300000, 0x0000000089300000| Complete 
| 118|0x0000000089400000, 0x0000000089500000, 0x0000000089500000|100%| E|CS|TAMS 0x0000000089400000, 0x0000000089400000| Complete 
| 119|0x0000000089500000, 0x0000000089600000, 0x0000000089600000|100%| E|CS|TAMS 0x0000000089500000, 0x0000000089500000| Complete 
| 120|0x0000000089600000, 0x0000000089700000, 0x0000000089700000|100%| E|CS|TAMS 0x0000000089600000, 0x0000000089600000| Complete 
| 121|0x0000000089700000, 0x0000000089800000, 0x0000000089800000|100%| E|CS|TAMS 0x0000000089700000, 0x0000000089700000| Complete 
| 122|0x0000000089800000, 0x0000000089900000, 0x0000000089900000|100%| E|CS|TAMS 0x0000000089800000, 0x0000000089800000| Complete 
| 123|0x0000000089900000, 0x0000000089a00000, 0x0000000089a00000|100%| E|CS|TAMS 0x0000000089900000, 0x0000000089900000| Complete 
| 124|0x0000000089a00000, 0x0000000089b00000, 0x0000000089b00000|100%| E|CS|TAMS 0x0000000089a00000, 0x0000000089a00000| Complete 
| 125|0x0000000089b00000, 0x0000000089c00000, 0x0000000089c00000|100%| E|CS|TAMS 0x0000000089b00000, 0x0000000089b00000| Complete 
| 126|0x0000000089c00000, 0x0000000089d00000, 0x0000000089d00000|100%| E|CS|TAMS 0x0000000089c00000, 0x0000000089c00000| Complete 
| 127|0x0000000089d00000, 0x0000000089e00000, 0x0000000089e00000|100%| E|CS|TAMS 0x0000000089d00000, 0x0000000089d00000| Complete 

Card table byte_map: [0x000002cd1c070000,0x000002cd1c470000] _byte_map_base: 0x000002cd1bc61000

Marking Bits (Prev, Next): (CMBitMap*) 0x000002cd02b2e310, (CMBitMap*) 0x000002cd02b2e350
 Prev Bits: [0x000002cd1c870000, 0x000002cd1e7f8000)
 Next Bits: [0x000002cd1e800000, 0x000002cd20788000)

Polling page: 0x000002cd028c0000

Metaspace:

Usage:
  Non-class:      7.33 MB used.
      Class:    862.70 KB used.
       Both:      8.17 MB used.

Virtual space:
  Non-class space:       64.00 MB reserved,       7.50 MB ( 12%) committed,  1 nodes.
      Class space:        1.00 GB reserved,     960.00 KB ( <1%) committed,  1 nodes.
             Both:        1.06 GB reserved,       8.44 MB ( <1%) committed. 

Chunk freelists:
   Non-Class:  554.00 KB
       Class:  3.00 MB
        Both:  3.54 MB

MaxMetaspaceSize: unlimited
CompressedClassSpaceSize: 1.00 GB
Initial GC threshold: 21.00 MB
Current GC threshold: 21.00 MB
CDS: on
MetaspaceReclaimPolicy: balanced
 - commit_granule_bytes: 65536.
 - commit_granule_words: 8192.
 - virtual_space_node_default_size: 8388608.
 - enlarge_chunks_in_place: 1.
 - new_chunks_are_fully_committed: 0.
 - uncommit_free_chunks: 1.
 - use_allocation_guard: 0.


Internal statistics:

num_allocs_failed_limit: 0.
num_arena_births: 184.
num_arena_deaths: 0.
num_vsnodes_births: 2.
num_vsnodes_deaths: 0.
num_space_committed: 135.
num_space_uncommitted: 0.
num_chunks_returned_to_freelist: 0.
num_chunks_taken_from_freelist: 242.
num_chunk_merges: 0.
num_chunk_splits: 165.
num_chunks_enlarged: 110.
num_inconsistent_stats: 0.

CodeHeap 'non-profiled nmethods': size=120000Kb used=992Kb max_used=992Kb free=119007Kb
 bounds [0x000002cd13cd0000, 0x000002cd13f40000, 0x000002cd1b200000]
CodeHeap 'profiled nmethods': size=120000Kb used=3265Kb max_used=3265Kb free=116734Kb
 bounds [0x000002cd0c200000, 0x000002cd0c540000, 0x000002cd13730000]
CodeHeap 'non-nmethods': size=5760Kb used=1373Kb max_used=1438Kb free=4386Kb
 bounds [0x000002cd13730000, 0x000002cd139a0000, 0x000002cd13cd0000]
 total_blobs=2469 nmethods=1853 adapters=526
 compilation: enabled
              stopped_count=0, restarted_count=0
 full_count=0

Compilation events (20 events):
Event: 40.254 Thread 0x000002cd232616b0 1849       4       java.util.concurrent.locks.AbstractQueuedSynchronizer$ConditionObject::signalAll (34 bytes)
Event: 40.254 Thread 0x000002cd23264030 1847   !   3       java.lang.ref.ReferenceQueue::enqueue (32 bytes)
Event: 40.255 Thread 0x000002cd23264030 nmethod 1847 0x000002cd0c52cb10 code [0x000002cd0c52cd40, 0x000002cd0c52d688]
Event: 40.255 Thread 0x000002cd23264030 1848       3       java.lang.ref.ReferenceQueue::signal (10 bytes)
Event: 40.256 Thread 0x000002cd23264030 nmethod 1848 0x000002cd0c52da10 code [0x000002cd0c52dc00, 0x000002cd0c52e008]
Event: 40.265 Thread 0x000002cd232616b0 nmethod 1849 0x000002cd13dc5790 code [0x000002cd13dc5920, 0x000002cd13dc5f58]
Event: 40.268 Thread 0x000002cd23264030 1850       1       CSAI.unipa.SGolog.NodeAction::triggerValue (5 bytes)
Event: 40.268 Thread 0x000002cd23264030 nmethod 1850 0x000002cd13dc6210 code [0x000002cd13dc63a0, 0x000002cd13dc6458]
Event: 40.300 Thread 0x000002cd23264030 1851   !   3       CSAI.unipa.SGolog.SGologPlan::setRobotConfiguration (284 bytes)
Event: 40.301 Thread 0x000002cd23264030 nmethod 1851 0x000002cd0c52e190 code [0x000002cd0c52e4c0, 0x000002cd0c52fd48]
Event: 40.319 Thread 0x000002cd232616b0 1852       4       sun.font.CompositeGlyphMapper::charsToGlyphsNS (166 bytes)
Event: 40.324 Thread 0x000002cd232616b0 nmethod 1852 0x000002cd13dc6510 code [0x000002cd13dc66a0, 0x000002cd13dc6948]
Event: 40.351 Thread 0x000002cd232616b0 1853       4       sun.font.FileFontStrike::getSlot0GlyphImagePtrs (130 bytes)
Event: 40.359 Thread 0x000002cd232616b0 nmethod 1853 0x000002cd13dc6b90 code [0x000002cd13dc6d40, 0x000002cd13dc7148]
Event: 40.365 Thread 0x000002cd232616b0 1854       4       jdk.internal.misc.InternalLock::unlock (8 bytes)
Event: 40.369 Thread 0x000002cd232616b0 nmethod 1854 0x000002cd13dc7490 code [0x000002cd13dc7620, 0x000002cd13dc77d8]
Event: 40.488 Thread 0x000002cd232616b0 1855       4       EDU.gatech.cc.is.simulation.ObstacleSim::getCenter (29 bytes)
Event: 40.493 Thread 0x000002cd232616b0 nmethod 1855 0x000002cd13dc7990 code [0x000002cd13dc7b60, 0x000002cd13dc7d38]
Event: 40.634 Thread 0x000002cd232616b0 1856       4       java.lang.StrictMath::ceil (10 bytes)
Event: 40.640 Thread 0x000002cd232616b0 nmethod 1856 0x000002cd13dc7f10 code [0x000002cd13dc80c0, 0x000002cd13dc81d8]

GC Heap History (8 events):
Event: 1.789 GC heap before
{Heap before GC invocations=0 (full 0):
 garbage-first heap   total 131072K, used 24576K [0x0000000081e00000, 0x0000000100000000)
  region size 1024K, 23 young (23552K), 0 survivors (0K)
 Metaspace       used 7737K, committed 7936K, reserved 1114112K
  class space    used 856K, committed 960K, reserved 1048576K
}
Event: 1.796 GC heap after
{Heap after GC invocations=1 (full 0):
 garbage-first heap   total 131072K, used 6849K [0x0000000081e00000, 0x0000000100000000)
  region size 1024K, 3 young (3072K), 3 survivors (3072K)
 Metaspace       used 7737K, committed 7936K, reserved 1114112K
  class space    used 856K, committed 960K, reserved 1048576K
}
Event: 5.953 GC heap before
{Heap before GC invocations=1 (full 0):
 garbage-first heap   total 131072K, used 38593K [0x0000000081e00000, 0x0000000100000000)
  region size 1024K, 34 young (34816K), 3 survivors (3072K)
 Metaspace       used 8076K, committed 8320K, reserved 1114112K
  class space    used 856K, committed 960K, reserved 1048576K
}
Event: 5.960 GC heap after
{Heap after GC invocations=2 (full 0):
 garbage-first heap   total 131072K, used 6823K [0x0000000081e00000, 0x0000000100000000)
  region size 1024K, 1 young (1024K), 1 survivors (1024K)
 Metaspace       used 8076K, committed 8320K, reserved 1114112K
  class space    used 856K, committed 960K, reserved 1048576K
}
Event: 34.767 GC heap before
{Heap before GC invocations=2 (full 0):
 garbage-first heap   total 131072K, used 84647K [0x0000000081e00000, 0x0000000100000000)
  region size 1024K, 76 young (77824K), 1 survivors (1024K)
 Metaspace       used 8230K, committed 8448K, reserved 1114112K
  class space    used 861K, committed 960K, reserved 1048576K
}
Event: 34.769 GC heap after
{Heap after GC invocations=3 (full 0):
 garbage-first heap   total 131072K, used 12585K [0x0000000081e00000, 0x0000000100000000)
  region size 1024K, 4 young (4096K), 4 survivors (4096K)
 Metaspace       used 8230K, committed 8448K, reserved 1114112K
  class space    used 861K, committed 960K, reserved 1048576K
}
Event: 40.252 GC heap before
{Heap before GC invocations=3 (full 0):
 garbage-first heap   total 131072K, used 87337K [0x0000000081e00000, 0x0000000100000000)
  region size 1024K, 76 young (77824K), 4 survivors (4096K)
 Metaspace       used 8367K, committed 8640K, reserved 1114112K
  class space    used 862K, committed 960K, reserved 1048576K
}
Event: 40.254 GC heap after
{Heap after GC invocations=4 (full 0):
 garbage-first heap   total 131072K, used 12491K [0x0000000081e00000, 0x0000000100000000)
  region size 1024K, 2 young (2048K), 2 survivors (2048K)
 Metaspace       used 8367K, committed 8640K, reserved 1114112K
  class space    used 862K, committed 960K, reserved 1048576K
}

Dll operation events (12 events):
Event: 0.006 Loaded shared library C:\Program Files\Java\jdk-19\bin\java.dll
Event: 0.017 Loaded shared library C:\Program Files\Java\jdk-19\bin\jsvml.dll
Event: 0.051 Loaded shared library C:\Program Files\Java\jdk-19\bin\net.dll
Event: 0.053 Loaded shared library C:\Program Files\Java\jdk-19\bin\nio.dll
Event: 0.065 Loaded shared library C:\Program Files\Java\jdk-19\bin\zip.dll
Event: 0.073 Loaded shared library C:\Program Files\Java\jdk-19\bin\verify.dll
Event: 0.083 Loaded shared library C:\Program Files\Java\jdk-19\bin\jimage.dll
Event: 0.098 Loaded shared library C:\Program Files\Java\jdk-19\bin\awt.dll
Event: 0.204 Loaded shared library C:\Program Files\Java\jdk-19\bin\freetype.dll
Event: 0.205 Loaded shared library C:\Program Files\Java\jdk-19\bin\fontmanager.dll
Event: 0.584 Loaded shared library C:\TeamBots\eclipse_basic\lib\x86_64_nt\ec_java_load.dll
Event: 0.689 Loaded shared library C:\TeamBots\eclipse_basic\lib\x86_64_nt\ec_java.dll

Deoptimization events (20 events):
Event: 38.748 Thread 0x000002cd277ac3b0 DEOPT PACKING pc=0x000002cd13dbe748 sp=0x000000d705efe2b0
Event: 38.748 Thread 0x000002cd277ac3b0 DEOPT UNPACKING pc=0x000002cd13796da3 sp=0x000000d705efe238 mode 2
Event: 38.748 Thread 0x000002cd277ac3b0 Uncommon trap: trap_request=0xffffffde fr.pc=0x000002cd13dbe748 relative=0x0000000000000128
Event: 38.748 Thread 0x000002cd277ac3b0 Uncommon trap: reason=class_check action=maybe_recompile pc=0x000002cd13dbe748 method=jdk.internal.misc.Unsafe.allocateUninitializedArray(Ljava/lang/Class;I)Ljava/lang/Object; @ 51 c2
Event: 38.748 Thread 0x000002cd277ac3b0 DEOPT PACKING pc=0x000002cd13dbe748 sp=0x000000d705efe2b0
Event: 38.748 Thread 0x000002cd277ac3b0 DEOPT UNPACKING pc=0x000002cd13796da3 sp=0x000000d705efe238 mode 2
Event: 38.748 Thread 0x000002cd277ac3b0 Uncommon trap: trap_request=0xffffffde fr.pc=0x000002cd13dbe748 relative=0x0000000000000128
Event: 38.748 Thread 0x000002cd277ac3b0 Uncommon trap: reason=class_check action=maybe_recompile pc=0x000002cd13dbe748 method=jdk.internal.misc.Unsafe.allocateUninitializedArray(Ljava/lang/Class;I)Ljava/lang/Object; @ 51 c2
Event: 38.748 Thread 0x000002cd277ac3b0 DEOPT PACKING pc=0x000002cd13dbe748 sp=0x000000d705efe2b0
Event: 38.748 Thread 0x000002cd277ac3b0 DEOPT UNPACKING pc=0x000002cd13796da3 sp=0x000000d705efe238 mode 2
Event: 38.753 Thread 0x000002cd277ac3b0 Uncommon trap: trap_request=0xffffffde fr.pc=0x000002cd13dbe748 relative=0x0000000000000128
Event: 38.753 Thread 0x000002cd277ac3b0 Uncommon trap: reason=class_check action=maybe_recompile pc=0x000002cd13dbe748 method=jdk.internal.misc.Unsafe.allocateUninitializedArray(Ljava/lang/Class;I)Ljava/lang/Object; @ 51 c2
Event: 38.753 Thread 0x000002cd277ac3b0 DEOPT PACKING pc=0x000002cd13dbe748 sp=0x000000d705efe280
Event: 38.753 Thread 0x000002cd277ac3b0 DEOPT UNPACKING pc=0x000002cd13796da3 sp=0x000000d705efe208 mode 2
Event: 40.127 Thread 0x000002cd277ac3b0 DEOPT PACKING pc=0x000002cd0c4e51ad sp=0x000000d705efeb10
Event: 40.127 Thread 0x000002cd277ac3b0 DEOPT UNPACKING pc=0x000002cd13797543 sp=0x000000d705efdfe8 mode 0
Event: 40.300 Thread 0x000002cd277a69c0 DEOPT PACKING pc=0x000002cd0c3cff2f sp=0x000000d705dff320
Event: 40.300 Thread 0x000002cd277a69c0 DEOPT UNPACKING pc=0x000002cd13797543 sp=0x000000d705dfe798 mode 0
Event: 41.262 Thread 0x000002cd277ac3b0 DEOPT PACKING pc=0x000002cd0c4e51ad sp=0x000000d705efeb10
Event: 41.262 Thread 0x000002cd277ac3b0 DEOPT UNPACKING pc=0x000002cd13797543 sp=0x000000d705efdfe8 mode 0

Classes loaded (20 events):
Event: 1.579 Loading class sun/awt/AWTAccessor$MouseEventAccessor done
Event: 1.579 Loading class java/awt/event/MouseEvent$1 done
Event: 1.579 Loading class java/awt/Event
Event: 1.580 Loading class java/awt/Event done
Event: 1.580 Loading class java/awt/event/MouseWheelEvent
Event: 1.580 Loading class java/awt/event/MouseWheelEvent done
Event: 6.002 Loading class sun/awt/windows/WButtonPeer$1
Event: 6.003 Loading class sun/awt/windows/WButtonPeer$1 done
Event: 6.003 Loading class sun/awt/SunToolkit$2
Event: 6.003 Loading class sun/awt/SunToolkit$2 done
Event: 27.343 Loading class java/awt/Scrollbar
Event: 27.346 Loading class java/awt/Adjustable
Event: 27.346 Loading class java/awt/Adjustable done
Event: 27.347 Loading class java/awt/Scrollbar done
Event: 35.345 Loading class sun/awt/windows/WCheckboxMenuItemPeer$1
Event: 35.345 Loading class sun/awt/windows/WCheckboxMenuItemPeer$1 done
Event: 38.460 Loading class java/lang/foreign/MemorySegment
Event: 38.461 Loading class java/lang/foreign/Addressable
Event: 38.461 Loading class java/lang/foreign/Addressable done
Event: 38.461 Loading class java/lang/foreign/MemorySegment done

Classes unloaded (0 events):
No events

Classes redefined (0 events):
No events

Internal exceptions (20 events):
Event: 41.336 Thread 0x000002cd277a69c0 Exception <a 'java/lang/ClassCastException'{0x0000000088e8f7d0}> (0x0000000088e8f7d0) 
thrown [s\open\src\hotspot\share\runtime\sharedRuntime.cpp, line 630]
Event: 41.336 Thread 0x000002cd277a69c0 Exception <a 'java/lang/ClassCastException'{0x0000000088e92640}> (0x0000000088e92640) 
thrown [s\open\src\hotspot\share\runtime\sharedRuntime.cpp, line 630]
Event: 41.336 Thread 0x000002cd277a69c0 Exception <a 'java/lang/ClassCastException'{0x0000000088e936a8}> (0x0000000088e936a8) 
thrown [s\open\src\hotspot\share\runtime\sharedRuntime.cpp, line 630]
Event: 41.336 Thread 0x000002cd277a69c0 Exception <a 'java/lang/ClassCastException'{0x0000000088e93ab8}> (0x0000000088e93ab8) 
thrown [s\open\src\hotspot\share\runtime\sharedRuntime.cpp, line 630]
Event: 41.336 Thread 0x000002cd277a69c0 Exception <a 'java/lang/ClassCastException'{0x0000000088e94bc8}> (0x0000000088e94bc8) 
thrown [s\open\src\hotspot\share\runtime\sharedRuntime.cpp, line 630]
Event: 41.336 Thread 0x000002cd277a69c0 Exception <a 'java/lang/ClassCastException'{0x0000000088e94fd8}> (0x0000000088e94fd8) 
thrown [s\open\src\hotspot\share\runtime\sharedRuntime.cpp, line 630]
Event: 41.352 Thread 0x000002cd277a69c0 Exception <a 'java/lang/ClassCastException'{0x0000000088ebaac0}> (0x0000000088ebaac0) 
thrown [s\open\src\hotspot\share\runtime\sharedRuntime.cpp, line 630]
Event: 41.352 Thread 0x000002cd277a69c0 Exception <a 'java/lang/ClassCastException'{0x0000000088ebaed0}> (0x0000000088ebaed0) 
thrown [s\open\src\hotspot\share\runtime\sharedRuntime.cpp, line 630]
Event: 41.352 Thread 0x000002cd277a69c0 Exception <a 'java/lang/ClassCastException'{0x0000000088ebdd40}> (0x0000000088ebdd40) 
thrown [s\open\src\hotspot\share\runtime\sharedRuntime.cpp, line 630]
Event: 41.352 Thread 0x000002cd277a69c0 Exception <a 'java/lang/ClassCastException'{0x0000000088ebeda8}> (0x0000000088ebeda8) 
thrown [s\open\src\hotspot\share\runtime\sharedRuntime.cpp, line 630]
Event: 41.352 Thread 0x000002cd277a69c0 Exception <a 'java/lang/ClassCastException'{0x0000000088ebf1b8}> (0x0000000088ebf1b8) 
thrown [s\open\src\hotspot\share\runtime\sharedRuntime.cpp, line 630]
Event: 41.352 Thread 0x000002cd277a69c0 Exception <a 'java/lang/ClassCastException'{0x0000000088ec02c8}> (0x0000000088ec02c8) 
thrown [s\open\src\hotspot\share\runtime\sharedRuntime.cpp, line 630]
Event: 41.352 Thread 0x000002cd277a69c0 Exception <a 'java/lang/ClassCastException'{0x0000000088ec06d8}> (0x0000000088ec06d8) 
thrown [s\open\src\hotspot\share\runtime\sharedRuntime.cpp, line 630]
Event: 41.367 Thread 0x000002cd277a69c0 Exception <a 'java/lang/ClassCastException'{0x0000000088ee5710}> (0x0000000088ee5710) 
thrown [s\open\src\hotspot\share\runtime\sharedRuntime.cpp, line 630]
Event: 41.367 Thread 0x000002cd277a69c0 Exception <a 'java/lang/ClassCastException'{0x0000000088ee5b20}> (0x0000000088ee5b20) 
thrown [s\open\src\hotspot\share\runtime\sharedRuntime.cpp, line 630]
Event: 41.368 Thread 0x000002cd277a69c0 Exception <a 'java/lang/ClassCastException'{0x0000000088ee8990}> (0x0000000088ee8990) 
thrown [s\open\src\hotspot\share\runtime\sharedRuntime.cpp, line 630]
Event: 41.368 Thread 0x000002cd277a69c0 Exception <a 'java/lang/ClassCastException'{0x0000000088ee99f8}> (0x0000000088ee99f8) 
thrown [s\open\src\hotspot\share\runtime\sharedRuntime.cpp, line 630]
Event: 41.368 Thread 0x000002cd277a69c0 Exception <a 'java/lang/ClassCastException'{0x0000000088ee9e08}> (0x0000000088ee9e08) 
thrown [s\open\src\hotspot\share\runtime\sharedRuntime.cpp, line 630]
Event: 41.368 Thread 0x000002cd277a69c0 Exception <a 'java/lang/ClassCastException'{0x0000000088eeaf18}> (0x0000000088eeaf18) 
thrown [s\open\src\hotspot\share\runtime\sharedRuntime.cpp, line 630]
Event: 41.368 Thread 0x000002cd277a69c0 Exception <a 'java/lang/ClassCastException'{0x0000000088eeb328}> (0x0000000088eeb328) 
thrown [s\open\src\hotspot\share\runtime\sharedRuntime.cpp, line 630]

VM Operations (20 events):
Event: 33.173 Executing VM operation: Cleanup
Event: 33.174 Executing VM operation: Cleanup done
Event: 34.180 Executing VM operation: Cleanup
Event: 34.180 Executing VM operation: Cleanup done
Event: 34.767 Executing VM operation: G1CollectForAllocation
Event: 34.769 Executing VM operation: G1CollectForAllocation done
Event: 35.772 Executing VM operation: Cleanup
Event: 35.772 Executing VM operation: Cleanup done
Event: 36.776 Executing VM operation: Cleanup
Event: 36.776 Executing VM operation: Cleanup done
Event: 37.780 Executing VM operation: Cleanup
Event: 37.780 Executing VM operation: Cleanup done
Event: 38.786 Executing VM operation: Cleanup
Event: 38.786 Executing VM operation: Cleanup done
Event: 39.793 Executing VM operation: Cleanup
Event: 39.793 Executing VM operation: Cleanup done
Event: 40.252 Executing VM operation: G1CollectForAllocation
Event: 40.254 Executing VM operation: G1CollectForAllocation done
Event: 41.256 Executing VM operation: Cleanup
Event: 41.257 Executing VM operation: Cleanup done

Events (20 events):
Event: 0.048 Thread 0x000002cd27529380 Thread added: 0x000002cd27529380
Event: 0.146 Thread 0x000002cd27727a00 Thread added: 0x000002cd27727a00
Event: 0.146 Thread 0x000002cd2772aa00 Thread added: 0x000002cd2772aa00
Event: 0.147 Thread 0x000002cd2772e5a0 Thread added: 0x000002cd2772e5a0
Event: 0.183 Thread 0x000002cd277a69c0 Thread added: 0x000002cd277a69c0
Event: 0.190 Thread 0x000002cd277ac3b0 Thread added: 0x000002cd277ac3b0
Event: 0.297 Thread 0x000002cd2825c660 Thread added: 0x000002cd2825c660
Event: 0.787 Thread 0x000002cd2825c660 Thread exited: 0x000002cd2825c660
Event: 1.375 Thread 0x000002cd285c4130 Thread added: 0x000002cd285c4130
Event: 1.553 Thread 0x000002cd285c4130 Thread exited: 0x000002cd285c4130
Event: 1.572 Thread 0x000002cd02acbc70 Thread exited: 0x000002cd02acbc70
Event: 1.572 Thread 0x000002cd02acbc70 Thread added: 0x000002cd02acbc70
Event: 6.006 Thread 0x000002cd2742f900 Thread added: 0x000002cd2742f900
Event: 6.009 Thread 0x000002cd2843ca20 Thread added: 0x000002cd2843ca20
Event: 6.274 Thread 0x000002cd2843ca20 Thread exited: 0x000002cd2843ca20
Event: 6.288 Thread 0x000002cd2742f900 Thread exited: 0x000002cd2742f900
Event: 38.462 Thread 0x000002cd287233d0 Thread added: 0x000002cd287233d0
Event: 38.462 Thread 0x000002cd2829e060 Thread added: 0x000002cd2829e060
Event: 38.745 Thread 0x000002cd2829e060 Thread exited: 0x000002cd2829e060
Event: 39.106 Thread 0x000002cd287233d0 Thread exited: 0x000002cd287233d0


Dynamic libraries:
0x00007ff74a0c0000 - 0x00007ff74a0d0000 	C:\Program Files\Java\jdk-19\bin\java.exe
0x00007ffe53920000 - 0x00007ffe53b29000 	C:\WINDOWS\SYSTEM32\ntdll.dll
0x00007ffe52180000 - 0x00007ffe5223e000 	C:\WINDOWS\System32\KERNEL32.DLL
0x00007ffe510f0000 - 0x00007ffe5146b000 	C:\WINDOWS\System32\KERNELBASE.dll
0x00007ffe50df0000 - 0x00007ffe50f01000 	C:\WINDOWS\System32\ucrtbase.dll
0x00007ffe3acc0000 - 0x00007ffe3acd8000 	C:\Program Files\Java\jdk-19\bin\jli.dll
0x00007ffe3ac70000 - 0x00007ffe3ac8b000 	C:\Program Files\Java\jdk-19\bin\VCRUNTIME140.dll
0x00007ffe52030000 - 0x00007ffe520de000 	C:\WINDOWS\System32\ADVAPI32.dll
0x00007ffe51a50000 - 0x00007ffe51af3000 	C:\WINDOWS\System32\msvcrt.dll
0x00007ffe536e0000 - 0x00007ffe5377e000 	C:\WINDOWS\System32\sechost.dll
0x00007ffe51cb0000 - 0x00007ffe51dd0000 	C:\WINDOWS\System32\RPCRT4.dll
0x00007ffe51b00000 - 0x00007ffe51cad000 	C:\WINDOWS\System32\USER32.dll
0x00007ffe3e960000 - 0x00007ffe3ec05000 	C:\WINDOWS\WinSxS\amd64_microsoft.windows.common-controls_6595b64144ccf1df_6.0.22000.120_none_9d947278b86cc467\COMCTL32.dll
0x00007ffe51700000 - 0x00007ffe51726000 	C:\WINDOWS\System32\win32u.dll
0x00007ffe52300000 - 0x00007ffe52329000 	C:\WINDOWS\System32\GDI32.dll
0x00007ffe515e0000 - 0x00007ffe516f8000 	C:\WINDOWS\System32\gdi32full.dll
0x00007ffe50f10000 - 0x00007ffe50fad000 	C:\WINDOWS\System32\msvcp_win.dll
0x00007ffe44340000 - 0x00007ffe4434a000 	C:\WINDOWS\SYSTEM32\VERSION.dll
0x00007ffe520e0000 - 0x00007ffe52112000 	C:\WINDOWS\System32\IMM32.DLL
0x00007ffe4d710000 - 0x00007ffe4d71c000 	C:\Program Files\Java\jdk-19\bin\vcruntime140_1.dll
0x00007ffe29c60000 - 0x00007ffe29cee000 	C:\Program Files\Java\jdk-19\bin\msvcp140.dll
0x00007ffdcaa90000 - 0x00007ffdcb750000 	C:\Program Files\Java\jdk-19\bin\server\jvm.dll
0x00007ffe498f0000 - 0x00007ffe49923000 	C:\WINDOWS\SYSTEM32\WINMM.dll
0x00007ffe4c9d0000 - 0x00007ffe4c9d9000 	C:\WINDOWS\SYSTEM32\WSOCK32.dll
0x00007ffe52d90000 - 0x00007ffe52dff000 	C:\WINDOWS\System32\WS2_32.dll
0x00007ffe4ff60000 - 0x00007ffe4ff78000 	C:\WINDOWS\SYSTEM32\kernel.appcore.dll
0x00007ffe4c900000 - 0x00007ffe4c90a000 	C:\Program Files\Java\jdk-19\bin\jimage.dll
0x00007ffe4cb60000 - 0x00007ffe4cd81000 	C:\WINDOWS\SYSTEM32\DBGHELP.DLL
0x00007ffe3f5f0000 - 0x00007ffe3f621000 	C:\WINDOWS\SYSTEM32\dbgcore.DLL
0x00007ffe50fb0000 - 0x00007ffe5102f000 	C:\WINDOWS\System32\bcryptPrimitives.dll
0x00007ffe32e00000 - 0x00007ffe32e26000 	C:\Program Files\Java\jdk-19\bin\java.dll
0x00007ffdf0af0000 - 0x00007ffdf0bc7000 	C:\Program Files\Java\jdk-19\bin\jsvml.dll
0x00007ffe52f20000 - 0x00007ffe536d8000 	C:\WINDOWS\System32\SHELL32.dll
0x00007ffe4eef0000 - 0x00007ffe4f755000 	C:\WINDOWS\SYSTEM32\windows.storage.dll
0x00007ffe52330000 - 0x00007ffe526a8000 	C:\WINDOWS\System32\combase.dll
0x00007ffe4ed80000 - 0x00007ffe4eee6000 	C:\WINDOWS\SYSTEM32\wintypes.dll
0x00007ffe52e30000 - 0x00007ffe52f1a000 	C:\WINDOWS\System32\SHCORE.dll
0x00007ffe53880000 - 0x00007ffe538dd000 	C:\WINDOWS\System32\shlwapi.dll
0x00007ffe50d20000 - 0x00007ffe50d41000 	C:\WINDOWS\SYSTEM32\profapi.dll
0x00007ffe3a1a0000 - 0x00007ffe3a1b3000 	C:\Program Files\Java\jdk-19\bin\net.dll
0x00007ffe49240000 - 0x00007ffe49354000 	C:\WINDOWS\SYSTEM32\WINHTTP.dll
0x00007ffe50400000 - 0x00007ffe50467000 	C:\WINDOWS\system32\mswsock.dll
0x00007ffe39870000 - 0x00007ffe39886000 	C:\Program Files\Java\jdk-19\bin\nio.dll
0x00007ffe36210000 - 0x00007ffe36228000 	C:\Program Files\Java\jdk-19\bin\zip.dll
0x00007ffe42d00000 - 0x00007ffe42d10000 	C:\Program Files\Java\jdk-19\bin\verify.dll
0x00007ffdf0340000 - 0x00007ffdf04d1000 	C:\Program Files\Java\jdk-19\bin\awt.dll
0x00007ffe537a0000 - 0x00007ffe53876000 	C:\WINDOWS\System32\OLEAUT32.dll
0x00007ffe4e350000 - 0x00007ffe4e3e2000 	C:\WINDOWS\SYSTEM32\apphelp.dll
0x00007ffe4e870000 - 0x00007ffe4e89f000 	C:\WINDOWS\system32\DWMAPI.DLL
0x00007ffe4e440000 - 0x00007ffe4e4ec000 	C:\WINDOWS\system32\uxtheme.dll
0x00007ffe38db0000 - 0x00007ffe38eb1000 	C:\WINDOWS\system32\opengl32.dll
0x00007ffe3d650000 - 0x00007ffe3d67d000 	C:\WINDOWS\SYSTEM32\GLU32.dll
0x00007ffe4e6f0000 - 0x00007ffe4e728000 	C:\WINDOWS\SYSTEM32\dxcore.dll
0x00007ffe526b0000 - 0x00007ffe527cd000 	C:\WINDOWS\System32\MSCTF.dll
0x00007ffe518b0000 - 0x00007ffe51a4a000 	C:\WINDOWS\System32\ole32.dll
0x00007ffe396d0000 - 0x00007ffe396e7000 	C:\WINDOWS\system32\napinsp.dll
0x00007ffe396f0000 - 0x00007ffe3970b000 	C:\WINDOWS\system32\pnrpnsp.dll
0x00007ffe4fac0000 - 0x00007ffe4fba8000 	C:\WINDOWS\SYSTEM32\DNSAPI.dll
0x00007ffe4fa90000 - 0x00007ffe4fabd000 	C:\WINDOWS\SYSTEM32\IPHLPAPI.DLL
0x00007ffe51dd0000 - 0x00007ffe51dd9000 	C:\WINDOWS\System32\NSI.dll
0x00007ffe3a460000 - 0x00007ffe3a472000 	C:\WINDOWS\System32\winrnr.dll
0x00007ffe488e0000 - 0x00007ffe488f5000 	C:\WINDOWS\system32\wshbth.dll
0x00007ffe267d0000 - 0x00007ffe267ef000 	C:\WINDOWS\system32\nlansp_c.dll
0x00007ffe42cb0000 - 0x00007ffe42cba000 	C:\Windows\System32\rasadhlp.dll
0x00007ffe480e0000 - 0x00007ffe48161000 	C:\WINDOWS\System32\fwpuclnt.dll
0x00007ffdf0a60000 - 0x00007ffdf0ae6000 	C:\Program Files\Java\jdk-19\bin\freetype.dll
0x00007ffdf0270000 - 0x00007ffdf0335000 	C:\Program Files\Java\jdk-19\bin\fontmanager.dll
0x00007ffe3d010000 - 0x00007ffe3d13d000 	C:\WINDOWS\SYSTEM32\textinputframework.dll
0x00007ffe4e060000 - 0x00007ffe4e191000 	C:\WINDOWS\SYSTEM32\CoreMessaging.dll
0x00007ffe4b380000 - 0x00007ffe4b6ed000 	C:\WINDOWS\SYSTEM32\CoreUIComponents.dll
0x00007ffe50640000 - 0x00007ffe5064c000 	C:\WINDOWS\SYSTEM32\CRYPTBASE.DLL
0x000000006f280000 - 0x000000006f2d0000 	C:\TeamBots\eclipse_basic\lib\x86_64_nt\ec_java_load.dll
0x0000000068d80000 - 0x0000000068dd1000 	C:\TeamBots\eclipse_basic\lib\x86_64_nt\ec_java.dll
0x0000000066dc0000 - 0x0000000066f08000 	C:\TeamBots\eclipse_basic\lib\x86_64_nt\eclipse.dll
0x00007ffe40760000 - 0x00007ffe40779000 	C:\WINDOWS\SYSTEM32\NETAPI32.dll
0x00000002599e0000 - 0x0000000259abe000 	C:\TeamBots\eclipse_basic\lib\x86_64_nt\libgmp-10.dll

dbghelp: loaded successfully - version: 4.0.5 - missing functions: none
symbol engine: initialized successfully - sym options: 0x614 - pdb path: .;C:\Program Files\Java\jdk-19\bin;C:\WINDOWS\SYSTEM32;C:\WINDOWS\WinSxS\amd64_microsoft.windows.common-controls_6595b64144ccf1df_6.0.22000.120_none_9d947278b86cc467;C:\Program Files\Java\jdk-19\bin\server;C:\TeamBots\eclipse_basic\lib\x86_64_nt

VM Arguments:
jvm_args: -Declipse.directory=C:\TeamBots\eclipse_basic 
java_command: TBSim.TBSim Competition.dsc
java_class_path (initial): C:\TeamBots\eclipse_basic\lib\eclipse.jar;C:\TeamBots\src;.
Launcher Type: SUN_STANDARD

[Global flags]
     intx CICompilerCount                          = 4                                         {product} {ergonomic}
     uint ConcGCThreads                            = 2                                         {product} {ergonomic}
     uint G1ConcRefinementThreads                  = 8                                         {product} {ergonomic}
   size_t G1HeapRegionSize                         = 1048576                                   {product} {ergonomic}
    uintx GCDrainStackTargetSize                   = 64                                        {product} {ergonomic}
   size_t InitialHeapSize                          = 134217728                                 {product} {ergonomic}
   size_t MarkStackSize                            = 4194304                                   {product} {ergonomic}
   size_t MaxHeapSize                              = 2116026368                                {product} {ergonomic}
   size_t MaxNewSize                               = 1268776960                                {product} {ergonomic}
   size_t MinHeapDeltaBytes                        = 1048576                                   {product} {ergonomic}
   size_t MinHeapSize                              = 8388608                                   {product} {ergonomic}
    uintx NonNMethodCodeHeapSize                   = 5839372                                {pd product} {ergonomic}
    uintx NonProfiledCodeHeapSize                  = 122909434                              {pd product} {ergonomic}
    uintx ProfiledCodeHeapSize                     = 122909434                              {pd product} {ergonomic}
    uintx ReservedCodeCacheSize                    = 251658240                              {pd product} {ergonomic}
     bool SegmentedCodeCache                       = true                                      {product} {ergonomic}
   size_t SoftMaxHeapSize                          = 2116026368                             {manageable} {ergonomic}
     bool UseCompressedClassPointers               = true                           {product lp64_product} {ergonomic}
     bool UseCompressedOops                        = true                           {product lp64_product} {ergonomic}
     bool UseG1GC                                  = true                                      {product} {ergonomic}
     bool UseLargePagesIndividualAllocation        = false                                  {pd product} {ergonomic}

Logging:
Log output configuration:
 #0: stdout all=warning uptime,level,tags foldmultilines=false
 #1: stderr all=off uptime,level,tags foldmultilines=false

Environment Variables:
CLASSPATH=C:\TeamBots\eclipse_basic\lib\eclipse.jar;C:\TeamBots\src;.
PATH=C:\Program Files\Common Files\Oracle\Java\javapath;C:\Program Files (x86)\Common Files\Oracle\Java\javapath;C:\Program Files\Python310\Scripts\;C:\Program Files\Python310\;C:\Program Files (x86)\Intel\iCLS Client\;C:\Program Files\Intel\iCLS Client\;C:\WINDOWS\system32;C:\WINDOWS;C:\WINDOWS\System32\Wbem;C:\WINDOWS\System32\WindowsPowerShell\v1.0\;C:\Program Files (x86)\Intel\Intel(R) Management Engine Components\DAL;C:\Program Files\Intel\Intel(R) Management Engine Components\DAL;C:\Program Files (x86)\Intel\Intel(R) Management Engine Components\IPT;C:\Program Files\Intel\Intel(R) Management Engine Components\IPT;C:\WINDOWS\System32\OpenSSH\;C:\Users\gaeta\AppData\Local\Microsoft\WindowsApps;;C:\Users\gaeta\AppData\Local\Programs\Microsoft VS Code\bin
USERNAME=gaeta
OS=Windows_NT
PROCESSOR_IDENTIFIER=Intel64 Family 6 Model 142 Stepping 10, GenuineIntel
TMP=C:\Users\gaeta\AppData\Local\Temp
TEMP=C:\Users\gaeta\AppData\Local\Temp



---------------  S Y S T E M  ---------------

OS:
 Windows 11 , 64 bit Build 22000 (10.0.22000.1219)
OS uptime: 3 days 2:33 hours

CPU: total 8 (initial active 8) (4 cores per cpu, 2 threads per core) family 6 model 142 stepping 10 microcode 0xe0, cx8, cmov, fxsr, ht, mmx, 3dnowpref, sse, sse2, sse3, ssse3, sse4.1, sse4.2, popcnt, lzcnt, tsc, tscinvbit, avx, avx2, aes, erms, clmul, bmi1, bmi2, adx, fma, vzeroupper, clflush, clflushopt, rdtscp

Memory: 4k page, system-wide physical 8066M (3594M free)
TotalPageFile size 9666M (AvailPageFile size 4139M)
current process WorkingSet (physical memory assigned to process): 260M, peak: 272M
current process commit charge ("private bytes"): 393M, peak: 404M

vm_info: Java HotSpot(TM) 64-Bit Server VM (19.0.1+10-21) for windows-amd64 JRE (19.0.1+10-21), built on 2022-09-14T12:45:06Z by "mach5one" with MS VC++ 17.1 (VS2022)

END.
