#
# A fatal error has been detected by the Java Runtime Environment:
#
#  EXCEPTION_ACCESS_VIOLATION (0xc0000005) at pc=0x00007ffd32b9d4d1, pid=22216, tid=18720
#
# JRE version: Java(TM) SE Runtime Environment (19.0.1+10) (build 19.0.1+10-21)
# Java VM: Java HotSpot(TM) 64-Bit Server VM (19.0.1+10-21, mixed mode, sharing, tiered, compressed oops, compressed class ptrs, g1 gc, windows-amd64)
# Problematic frame:
# C  [ntdll.dll+0x1d4d1]
#
# No core dump will be written. Minidumps are not enabled by default on client versions of Windows
#
# If you would like to submit a bug report, please visit:
#   https://bugreport.java.com/bugreport/crash.jsp
# The crash happened outside the Java Virtual Machine in native code.
# See problematic frame for where to report the bug.
#

---------------  S U M M A R Y ------------

Command Line: -Declipse.directory=C:\TeamBots\eclipse_basic TBSim.TBSim Competition.dsc

Host: Intel(R) Core(TM) i5-8250U CPU @ 1.60GHz, 8 cores, 7G,  Windows 11 , 64 bit Build 22000 (10.0.22000.1335)
Time: Tue Jan  3 17:27:32 2023 ora solare Europa occidentale elapsed time: 32.485065 seconds (0d 0h 0m 32s)

---------------  T H R E A D  ---------------

Current thread (0x0000028d48deeb00):  JavaThread "Finalizer" daemon [_thread_in_native, id=18720, stack(0x0000009c4ba00000,0x0000009c4bb00000)]

Stack: [0x0000009c4ba00000,0x0000009c4bb00000],  sp=0x0000009c4baff1f0,  free space=1020k
Native frames: (J=compiled Java code, j=interpreted, Vv=VM code, C=native code)
C  [ntdll.dll+0x1d4d1]
C  [ntdll.dll+0x3a76c]
C  [ntdll.dll+0x3a5d2]
C  [eclipse.dll+0xc5c9a]

Java frames: (J=compiled Java code, j=interpreted, Vv=VM code)
j  com.parctechnologies.eclipse.NativeEclipse.Cleanup()V+0
j  com.parctechnologies.eclipse.EmbeddedEclipse.destroy()V+14
j  com.parctechnologies.eclipse.EmbeddedEclipse.finalize()V+1
j  java.lang.System$2.invokeFinalize(Ljava/lang/Object;)V+1 java.base@19.0.1
j  java.lang.ref.Finalizer.runFinalizer(Ljdk/internal/access/JavaLangAccess;)V+115 java.base@19.0.1
j  java.lang.ref.Finalizer$FinalizerThread.run()V+29 java.base@19.0.1
v  ~StubRoutines::call_stub 0x0000028d39a9100e

siginfo: EXCEPTION_ACCESS_VIOLATION (0xc0000005), writing address 0x0000000000000024


Registers:
RAX=0xffffffffffffffff, RBX=0x0000000000000000, RCX=0x0000000000000000, RDX=0x0000000000000000
RSP=0x0000009c4baff1f0, RBP=0x0000000000000000, RSI=0x00000000fffffffa, RDI=0x0000000000000000
R8 =0x0000000000000000, R9 =0x0000000066eaa050, R10=0x0000028d39aaf92e, R11=0x000000008248eae8
R12=0x00007ffd32cf4360, R13=0x0000000000000001, R14=0x0000000000000000, R15=0x0000000066eaa048
RIP=0x00007ffd32b9d4d1, EFLAGS=0x0000000000010213


Register to memory mapping:

RIP=0x00007ffd32b9d4d1 ntdll.dll
RAX=0xffffffffffffffff is an unknown value
RBX=0x0 is NULL
RCX=0x0 is NULL
RDX=0x0 is NULL
RSP=0x0000009c4baff1f0 is pointing into the stack for thread: 0x0000028d48deeb00
RBP=0x0 is NULL
RSI=0x00000000fffffffa is an unallocated location in the heap
RDI=0x0 is NULL
R8 =0x0 is NULL
R9 =0x0000000066eaa050 eclipse.dll
R10=0x0000028d39aaf92e is at code_begin+1006 in an Interpreter codelet
method entry point (kind = native)  [0x0000028d39aaf540, 0x0000028d39ab0050]  2832 bytes
R11=0x000000008248eae8 is an oop: java.lang.Class 
{0x000000008248eae8} - klass: 'java/lang/Class'
 - ---- fields (total size 14 words):
 - private volatile transient 'classRedefinedCount' 'I' @12  0
 - abstract internal 'klass' 'J' @16  34377127696 (1095710 8)
 - abstract internal 'array_klass' 'J' @24  0 (0 0)
 - abstract internal 'oop_size' 'I' @32  14 (e)
 - abstract internal 'static_oop_field_count' 'I' @36  0
 - private volatile transient 'cachedConstructor' 'Ljava/lang/reflect/Constructor;' @40  NULL (0)
 - private transient 'name' 'Ljava/lang/String;' @44  "com.parctechnologies.eclipse.NativeEclipse"{0x00000000824aaaf8} (824aaaf8)
 - private transient 'module' 'Ljava/lang/Module;' @48  a 'java/lang/Module'{0x000000008248db28} (8248db28)
 - private final 'classLoader' 'Ljava/lang/ClassLoader;' @52  a 'jdk/internal/loader/ClassLoaders$AppClassLoader'{0x00000000820eb768} (820eb768)
 - private transient 'classData' 'Ljava/lang/Object;' @56  NULL (0)
 - private transient 'packageName' 'Ljava/lang/String;' @60  "com.parctechnologies.eclipse"{0x00000000824aa5c0} (824aa5c0)
 - private final 'componentType' 'Ljava/lang/Class;' @64  NULL (0)
 - private volatile transient 'reflectionData' 'Ljava/lang/ref/SoftReference;' @68  NULL (0)
 - private volatile transient 'genericInfo' 'Lsun/reflect/generics/repository/ClassRepository;' @72  NULL (0)
 - private volatile transient 'enumConstants' '[Ljava/lang/Object;' @76  NULL (0)
 - private volatile transient 'enumConstantDirectory' 'Ljava/util/Map;' @80  NULL (0)
 - private volatile transient 'annotationData' 'Ljava/lang/Class$AnnotationData;' @84  NULL (0)
 - private volatile transient 'annotationType' 'Lsun/reflect/annotation/AnnotationType;' @88  NULL (0)
 - transient 'classValueMap' 'Ljava/lang/ClassValue$ClassValueMap;' @92  NULL (0)
 - abstract internal 'protection_domain' 'Ljava/lang/Object;' @96  a 'java/security/ProtectionDomain'{0x00000000824aa608} (824aa608)
 - abstract internal 'signers_name' 'Ljava/lang/Object;' @100  NULL (0)
 - abstract internal 'source_file' 'Ljava/lang/Object;' @104  NULL (0)
 - signature: Lcom/parctechnologies/eclipse/NativeEclipse;
 - ---- static fields (0):
R12=0x00007ffd32cf4360 ntdll.dll
R13=0x0000000000000001 is an unknown value
R14=0x0 is NULL
R15=0x0000000066eaa048 eclipse.dll


Top of Stack: (sp=0x0000009c4baff1f0)
0x0000009c4baff1f0:   ffffffffffffffff 0000000000000000
0x0000009c4baff200:   0000000000000000 0000009c4baff258
0x0000009c4baff210:   0000009c4baff2b0 0000028d39aab8ef
0x0000009c4baff220:   0000000000000000 0000000000000000
0x0000009c4baff230:   0000000000000000 0000000000000000
0x0000009c4baff240:   0000009c4ac1d000 0000000000000000
0x0000009c4baff250:   0000000089d80b58 0000000089d80b58
0x0000009c4baff260:   0000000084d43c40 0000009c4baff268
0x0000009c4baff270:   000000080086a806 0000009c4baff2c0
0x0000009c4baff280:   00000008001c8628 0000000000000000
0x0000009c4baff290:   000000008209ec48 00000008001c8960
0x0000009c4baff2a0:   0000000000000000 0000009c4baff2c0
0x0000009c4baff2b0:   0000b34edbef28ef 0000028d39aabd4b
0x0000009c4baff2c0:   0000028d48deeb00 0000000000000001
0x0000009c4baff2d0:   0000000000000001 0000000000000001
0x0000009c4baff2e0:   0000000000000000 00007ffd32bba76c 

Instructions: (pc=0x00007ffd32b9d4d1)
0x00007ffd32b9d3d1:   08 e9 40 ff ff ff cc cc cc cc cc cc cc cc cc 48
0x00007ffd32b9d3e1:   89 5c 24 08 48 89 74 24 10 57 48 83 ec 20 48 8b
0x00007ffd32b9d3f1:   1d 52 b8 15 00 48 85 db 0f 85 4f ba 09 00 33 c0
0x00007ffd32b9d401:   48 8b 5c 24 30 48 8b 74 24 38 48 83 c4 20 5f c3
0x00007ffd32b9d411:   cc cc cc cc cc cc cc cc cc cc cc cc cc cc cc 48
0x00007ffd32b9d421:   89 5c 24 10 48 89 6c 24 18 48 89 74 24 20 57 41
0x00007ffd32b9d431:   54 41 55 41 56 41 57 48 81 ec d0 00 00 00 48 8b
0x00007ffd32b9d441:   05 ca 50 17 00 48 33 c4 48 89 84 24 c0 00 00 00
0x00007ffd32b9d451:   65 48 8b 1c 25 30 00 00 00 4c 8d 25 ff 6e 15 00
0x00007ffd32b9d461:   8b f2 c6 44 24 40 00 33 d2 48 89 5c 24 50 89 54
0x00007ffd32b9d471:   24 44 4c 8b f9 8b ea 49 3b cc 0f 84 66 02 00 00
0x00007ffd32b9d481:   38 15 e1 cc 15 00 0f 85 d6 02 00 00 39 15 f5 cc
0x00007ffd32b9d491:   15 00 0f 85 99 02 00 00 40 38 2d 98 c7 15 00 4c
0x00007ffd32b9d4a1:   8d 35 99 c7 15 00 48 8b dd 4c 0f 45 f3 49 39 5f
0x00007ffd32b9d4b1:   18 0f 84 f4 01 00 00 49 8b 0f 48 83 f9 ff 0f 84
0x00007ffd32b9d4c1:   fc 01 00 00 89 5c 24 48 8b fb 48 83 f9 ff 74 03
0x00007ffd32b9d4d1:   ff 41 24 4d 8b 6f 18 e8 a3 a2 00 00 85 c0 0f 85
0x00007ffd32b9d4e1:   a3 b9 09 00 b9 82 03 fe 7f 80 39 00 0f 85 b1 b9
0x00007ffd32b9d4f1:   09 00 49 83 fd ff 0f 85 7c 02 00 00 4c 8d 64 24
0x00007ffd32b9d501:   58 49 83 e4 fc 49 8d 7f 08 48 89 5c 24 70 48 89
0x00007ffd32b9d511:   5c 24 68 48 89 5c 24 78 48 89 7c 24 58 c7 84 24
0x00007ffd32b9d521:   80 00 00 00 01 00 00 00 65 48 8b 0c 25 30 00 00
0x00007ffd32b9d531:   00 48 8b 41 48 48 89 44 24 60 48 8b c7 48 8b 59
0x00007ffd32b9d541:   60 48 c1 e8 05 48 81 c3 a0 03 00 00 83 e0 7f 48
0x00007ffd32b9d551:   8b 0c c3 4c 8d 0c c3 45 33 db 48 8b d1 48 8d 44
0x00007ffd32b9d561:   24 58 83 e2 03 4c 8b c1 49 0b d4 49 83 e0 fc 4d
0x00007ffd32b9d571:   85 c0 4c 89 44 24 68 49 0f 45 c3 48 89 44 24 78
0x00007ffd32b9d581:   48 8b c2 48 83 c8 02 4d 85 c0 48 0f 45 d0 48 8b
0x00007ffd32b9d591:   c1 f0 49 0f b1 11 0f 85 1c 01 00 00 32 d1 f6 c2
0x00007ffd32b9d5a1:   02 75 7b 8b 07 48 8d 54 24 58 48 8b cb 3b c6 0f
0x00007ffd32b9d5b1:   85 e3 00 00 00 45 33 c9 4d 8b c6 e8 5b 02 00 00
0x00007ffd32b9d5c1:   3d 02 01 00 00 0f 84 83 b9 09 00 33 db 8b 37 40 


Stack slot to memory mapping:
stack at sp + 0 slots: 0xffffffffffffffff is an unknown value
stack at sp + 1 slots: 0x0 is NULL
stack at sp + 2 slots: 0x0 is NULL
stack at sp + 3 slots: 0x0000009c4baff258 is pointing into the stack for thread: 0x0000028d48deeb00
stack at sp + 4 slots: 0x0000009c4baff2b0 is pointing into the stack for thread: 0x0000028d48deeb00
stack at sp + 5 slots: 0x0000028d39aab8ef is at code_begin+1455 in an Interpreter codelet
return entry points  [0x0000028d39aab340, 0x0000028d39aabe20]  2784 bytes
stack at sp + 6 slots: 0x0 is NULL
stack at sp + 7 slots: 0x0 is NULL


---------------  P R O C E S S  ---------------

Threads class SMR info:
_java_thread_list=0x0000028d4f1cae30, length=17, elements={
0x0000028d48dee030, 0x0000028d48deeb00, 0x0000028d48df2870, 0x0000028d48df3340,
0x0000028d48df3e10, 0x0000028d48df9df0, 0x0000028d48dfbc00, 0x0000028d48dfc710,
0x0000028d48e06c60, 0x0000028d4d0f3820, 0x0000028d4d0f3d70, 0x0000028d4d0f22e0,
0x0000028d4d0f0850, 0x0000028d4d0f0da0, 0x0000028d4d0f12f0, 0x0000028d4d0f1840,
0x0000028d4d0f32d0
}

Java Threads: ( => current thread )
  0x0000028d48dee030 JavaThread "Reference Handler" daemon [_thread_blocked, id=5100, stack(0x0000009c4b900000,0x0000009c4ba00000)]
=>0x0000028d48deeb00 JavaThread "Finalizer" daemon [_thread_in_native, id=18720, stack(0x0000009c4ba00000,0x0000009c4bb00000)]
  0x0000028d48df2870 JavaThread "Signal Dispatcher" daemon [_thread_blocked, id=19648, stack(0x0000009c4bb00000,0x0000009c4bc00000)]
  0x0000028d48df3340 JavaThread "Attach Listener" daemon [_thread_blocked, id=24156, stack(0x0000009c4bc00000,0x0000009c4bd00000)]
  0x0000028d48df3e10 JavaThread "Service Thread" daemon [_thread_blocked, id=11468, stack(0x0000009c4bd00000,0x0000009c4be00000)]
  0x0000028d48df9df0 JavaThread "Monitor Deflation Thread" daemon [_thread_blocked, id=16876, stack(0x0000009c4be00000,0x0000009c4bf00000)]
  0x0000028d48dfbc00 JavaThread "C2 CompilerThread0" daemon [_thread_blocked, id=18772, stack(0x0000009c4bf00000,0x0000009c4c000000)]
  0x0000028d48dfc710 JavaThread "C1 CompilerThread0" daemon [_thread_blocked, id=17632, stack(0x0000009c4c000000,0x0000009c4c100000)]
  0x0000028d48e06c60 JavaThread "Sweeper thread" daemon [_thread_blocked, id=9028, stack(0x0000009c4c100000,0x0000009c4c200000)]
  0x0000028d4d0f3820 JavaThread "Notification Thread" daemon [_thread_blocked, id=6792, stack(0x0000009c4c200000,0x0000009c4c300000)]
  0x0000028d4d0f3d70 JavaThread "Common-Cleaner" daemon [_thread_blocked, id=12236, stack(0x0000009c4c400000,0x0000009c4c500000)]
  0x0000028d4d0f22e0 JavaThread "Java2D Disposer" daemon [_thread_blocked, id=16592, stack(0x0000009c4c500000,0x0000009c4c600000)]
  0x0000028d4d0f0850 JavaThread "AWT-Shutdown" [_thread_blocked, id=15956, stack(0x0000009c4c600000,0x0000009c4c700000)]
  0x0000028d4d0f0da0 JavaThread "AWT-Windows" daemon [_thread_in_native, id=15948, stack(0x0000009c4c700000,0x0000009c4c800000)]
  0x0000028d4d0f12f0 JavaThread "Thread-0" [_thread_blocked, id=18476, stack(0x0000009c4c800000,0x0000009c4c900000)]
  0x0000028d4d0f1840 JavaThread "AWT-EventQueue-0" [_thread_blocked, id=5908, stack(0x0000009c4c900000,0x0000009c4ca00000)]
  0x0000028d4d0f32d0 JavaThread "DestroyJavaVM" [_thread_blocked, id=11368, stack(0x0000009c4b200000,0x0000009c4b300000)]

Other Threads:
  0x0000028d48dc9d90 VMThread "VM Thread" [stack: 0x0000009c4b800000,0x0000009c4b900000] [id=22672]
  0x0000028d4d0f8c30 WatcherThread "VM Periodic Task Thread" [stack: 0x0000009c4c300000,0x0000009c4c400000] [id=11020]
  0x0000028d2a64f710 WorkerThread "GC Thread#0" [stack: 0x0000009c4b300000,0x0000009c4b400000] [id=4332]
  0x0000028d4f03f210 WorkerThread "GC Thread#1" [stack: 0x0000009c4d000000,0x0000009c4d100000] [id=4840]
  0x0000028d4f03d050 WorkerThread "GC Thread#2" [stack: 0x0000009c4d100000,0x0000009c4d200000] [id=6488]
  0x0000028d4f03c240 WorkerThread "GC Thread#3" [stack: 0x0000009c4d200000,0x0000009c4d300000] [id=16736]
  0x0000028d4f03b9d0 WorkerThread "GC Thread#4" [stack: 0x0000009c4d300000,0x0000009c4d400000] [id=11500]
  0x0000028d4f03d8c0 WorkerThread "GC Thread#5" [stack: 0x0000009c4d400000,0x0000009c4d500000] [id=18656]
  0x0000028d4f03cd80 WorkerThread "GC Thread#6" [stack: 0x0000009c4d500000,0x0000009c4d600000] [id=17172]
  0x0000028d4f03c510 WorkerThread "GC Thread#7" [stack: 0x0000009c4d600000,0x0000009c4d700000] [id=8476]
  0x0000028d2a6603c0 ConcurrentGCThread "G1 Main Marker" [stack: 0x0000009c4b400000,0x0000009c4b500000] [id=13712]
  0x0000028d2a6613a0 WorkerThread "G1 Conc#0" [stack: 0x0000009c4b500000,0x0000009c4b600000] [id=19068]
  0x0000028d2a6be340 ConcurrentGCThread "G1 Refine#0" [stack: 0x0000009c4b600000,0x0000009c4b700000] [id=17392]
  0x0000028d2a6beb30 ConcurrentGCThread "G1 Service" [stack: 0x0000009c4b700000,0x0000009c4b800000] [id=13368]

Threads with active compile tasks:

VM state: not at safepoint (normal execution)

VM Mutex/Monitor currently owned by a thread: None

Heap address: 0x0000000081e00000, size: 2018 MB, Compressed Oops mode: 32-bit

CDS archive(s) mapped at: [0x0000000800000000-0x0000000800c40000-0x0000000800c40000), size 12845056, SharedBaseAddress: 0x0000000800000000, ArchiveRelocationMode: 0.
Compressed class space mapped at: 0x0000000801000000-0x0000000841000000, reserved size: 1073741824
Narrow klass base: 0x0000000800000000, Narrow klass shift: 0, Narrow klass range: 0x100000000

GC Precious Log:
 CardTable entry size: 512
 Card Set container configuration: InlinePtr #cards 5 size 8 Array Of Cards #cards 12 size 40 Howl #buckets 4 coarsen threshold 1843 Howl Bitmap #cards 512 size 80 coarsen threshold 460 Card regions per heap region 1 cards per card region 2048
 CPUs: 8 total, 8 available
 Memory: 8066M
 Large Page Support: Disabled
 NUMA Support: Disabled
 Compressed Oops: Enabled (32-bit)
 Heap Region Size: 1M
 Heap Min Capacity: 8M
 Heap Initial Capacity: 128M
 Heap Max Capacity: 2018M
 Pre-touch: Disabled
 Parallel Workers: 8
 Concurrent Workers: 2
 Concurrent Refinement Workers: 8
 Periodic GC: Disabled

Heap:
 garbage-first heap   total 131072K, used 24677K [0x0000000081e00000, 0x0000000100000000)
  region size 1024K, 8 young (8192K), 5 survivors (5120K)
 Metaspace       used 8999K, committed 9216K, reserved 1114112K
  class space    used 908K, committed 1024K, reserved 1048576K

Heap Regions: E=young(eden), S=young(survivor), O=old, HS=humongous(starts), HC=humongous(continues), CS=collection set, F=free, OA=open archive, CA=closed archive, TAMS=top-at-mark-start (previous, next)
|   0|0x0000000081e00000, 0x0000000081f00000, 0x0000000081f00000|100%|HS|  |TAMS 0x0000000081e00000, 0x0000000081e00000| Complete 
|   1|0x0000000081f00000, 0x0000000082000000, 0x0000000082000000|100%|HC|  |TAMS 0x0000000081f00000, 0x0000000081f00000| Complete 
|   2|0x0000000082000000, 0x0000000082100000, 0x0000000082100000|100%| O|  |TAMS 0x0000000082000000, 0x0000000082000000| Untracked 
|   3|0x0000000082100000, 0x0000000082200000, 0x0000000082200000|100%|HS|  |TAMS 0x0000000082100000, 0x0000000082100000| Complete 
|   4|0x0000000082200000, 0x0000000082300000, 0x0000000082300000|100%|HC|  |TAMS 0x0000000082200000, 0x0000000082200000| Complete 
|   5|0x0000000082300000, 0x0000000082300000, 0x0000000082400000|  0%| F|  |TAMS 0x0000000082300000, 0x0000000082300000| Untracked 
|   6|0x0000000082400000, 0x0000000082500000, 0x0000000082500000|100%| O|  |TAMS 0x0000000082400000, 0x0000000082400000| Untracked 
|   7|0x0000000082500000, 0x0000000082600000, 0x0000000082600000|100%| O|  |TAMS 0x0000000082500000, 0x0000000082500000| Untracked 
|   8|0x0000000082600000, 0x00000000826ada00, 0x0000000082700000| 67%| O|  |TAMS 0x0000000082600000, 0x0000000082600000| Untracked 
|   9|0x0000000082700000, 0x0000000082800000, 0x0000000082800000|100%|HS|  |TAMS 0x0000000082700000, 0x0000000082700000| Complete 
|  10|0x0000000082800000, 0x0000000082900000, 0x0000000082900000|100%|HC|  |TAMS 0x0000000082800000, 0x0000000082800000| Complete 
|  11|0x0000000082900000, 0x0000000082a00000, 0x0000000082a00000|100%|HS|  |TAMS 0x0000000082900000, 0x0000000082900000| Complete 
|  12|0x0000000082a00000, 0x0000000082b00000, 0x0000000082b00000|100%|HC|  |TAMS 0x0000000082a00000, 0x0000000082a00000| Complete 
|  13|0x0000000082b00000, 0x0000000082c00000, 0x0000000082c00000|100%|HS|  |TAMS 0x0000000082b00000, 0x0000000082b00000| Complete 
|  14|0x0000000082c00000, 0x0000000082d00000, 0x0000000082d00000|100%|HS|  |TAMS 0x0000000082c00000, 0x0000000082c00000| Complete 
|  15|0x0000000082d00000, 0x0000000082e00000, 0x0000000082e00000|100%|HC|  |TAMS 0x0000000082d00000, 0x0000000082d00000| Complete 
|  16|0x0000000082e00000, 0x0000000082f00000, 0x0000000082f00000|100%|HS|  |TAMS 0x0000000082e00000, 0x0000000082e00000| Complete 
|  17|0x0000000082f00000, 0x0000000083000000, 0x0000000083000000|100%|HC|  |TAMS 0x0000000082f00000, 0x0000000082f00000| Complete 
|  18|0x0000000083000000, 0x0000000083100000, 0x0000000083100000|100%|HS|  |TAMS 0x0000000083000000, 0x0000000083000000| Complete 
|  19|0x0000000083100000, 0x0000000083100000, 0x0000000083200000|  0%| F|  |TAMS 0x0000000083100000, 0x0000000083100000| Untracked 
|  20|0x0000000083200000, 0x0000000083200000, 0x0000000083300000|  0%| F|  |TAMS 0x0000000083200000, 0x0000000083200000| Untracked 
|  21|0x0000000083300000, 0x0000000083300000, 0x0000000083400000|  0%| F|  |TAMS 0x0000000083300000, 0x0000000083300000| Untracked 
|  22|0x0000000083400000, 0x0000000083400000, 0x0000000083500000|  0%| F|  |TAMS 0x0000000083400000, 0x0000000083400000| Untracked 
|  23|0x0000000083500000, 0x0000000083500000, 0x0000000083600000|  0%| F|  |TAMS 0x0000000083500000, 0x0000000083500000| Untracked 
|  24|0x0000000083600000, 0x0000000083600000, 0x0000000083700000|  0%| F|  |TAMS 0x0000000083600000, 0x0000000083600000| Untracked 
|  25|0x0000000083700000, 0x0000000083700000, 0x0000000083800000|  0%| F|  |TAMS 0x0000000083700000, 0x0000000083700000| Untracked 
|  26|0x0000000083800000, 0x0000000083800000, 0x0000000083900000|  0%| F|  |TAMS 0x0000000083800000, 0x0000000083800000| Untracked 
|  27|0x0000000083900000, 0x0000000083900000, 0x0000000083a00000|  0%| F|  |TAMS 0x0000000083900000, 0x0000000083900000| Untracked 
|  28|0x0000000083a00000, 0x0000000083a00000, 0x0000000083b00000|  0%| F|  |TAMS 0x0000000083a00000, 0x0000000083a00000| Untracked 
|  29|0x0000000083b00000, 0x0000000083b00000, 0x0000000083c00000|  0%| F|  |TAMS 0x0000000083b00000, 0x0000000083b00000| Untracked 
|  30|0x0000000083c00000, 0x0000000083c00000, 0x0000000083d00000|  0%| F|  |TAMS 0x0000000083c00000, 0x0000000083c00000| Untracked 
|  31|0x0000000083d00000, 0x0000000083d00000, 0x0000000083e00000|  0%| F|  |TAMS 0x0000000083d00000, 0x0000000083d00000| Untracked 
|  32|0x0000000083e00000, 0x0000000083e00000, 0x0000000083f00000|  0%| F|  |TAMS 0x0000000083e00000, 0x0000000083e00000| Untracked 
|  33|0x0000000083f00000, 0x0000000083f00000, 0x0000000084000000|  0%| F|  |TAMS 0x0000000083f00000, 0x0000000083f00000| Untracked 
|  34|0x0000000084000000, 0x0000000084000000, 0x0000000084100000|  0%| F|  |TAMS 0x0000000084000000, 0x0000000084000000| Untracked 
|  35|0x0000000084100000, 0x0000000084100000, 0x0000000084200000|  0%| F|  |TAMS 0x0000000084100000, 0x0000000084100000| Untracked 
|  36|0x0000000084200000, 0x0000000084200000, 0x0000000084300000|  0%| F|  |TAMS 0x0000000084200000, 0x0000000084200000| Untracked 
|  37|0x0000000084300000, 0x0000000084300000, 0x0000000084400000|  0%| F|  |TAMS 0x0000000084300000, 0x0000000084300000| Untracked 
|  38|0x0000000084400000, 0x0000000084400000, 0x0000000084500000|  0%| F|  |TAMS 0x0000000084400000, 0x0000000084400000| Untracked 
|  39|0x0000000084500000, 0x0000000084500000, 0x0000000084600000|  0%| F|  |TAMS 0x0000000084500000, 0x0000000084500000| Untracked 
|  40|0x0000000084600000, 0x0000000084600000, 0x0000000084700000|  0%| F|  |TAMS 0x0000000084600000, 0x0000000084600000| Untracked 
|  41|0x0000000084700000, 0x0000000084700000, 0x0000000084800000|  0%| F|  |TAMS 0x0000000084700000, 0x0000000084700000| Untracked 
|  42|0x0000000084800000, 0x0000000084800000, 0x0000000084900000|  0%| F|  |TAMS 0x0000000084800000, 0x0000000084800000| Untracked 
|  43|0x0000000084900000, 0x0000000084900000, 0x0000000084a00000|  0%| F|  |TAMS 0x0000000084900000, 0x0000000084900000| Untracked 
|  44|0x0000000084a00000, 0x0000000084a00000, 0x0000000084b00000|  0%| F|  |TAMS 0x0000000084a00000, 0x0000000084a00000| Untracked 
|  45|0x0000000084b00000, 0x0000000084b00000, 0x0000000084c00000|  0%| F|  |TAMS 0x0000000084b00000, 0x0000000084b00000| Untracked 
|  46|0x0000000084c00000, 0x0000000084c00000, 0x0000000084d00000|  0%| F|  |TAMS 0x0000000084c00000, 0x0000000084c00000| Untracked 
|  47|0x0000000084d00000, 0x0000000084d6bad0, 0x0000000084e00000| 42%| S|CS|TAMS 0x0000000084d00000, 0x0000000084d00000| Complete 
|  48|0x0000000084e00000, 0x0000000084f00000, 0x0000000084f00000|100%| S|CS|TAMS 0x0000000084e00000, 0x0000000084e00000| Complete 
|  49|0x0000000084f00000, 0x0000000085000000, 0x0000000085000000|100%| S|CS|TAMS 0x0000000084f00000, 0x0000000084f00000| Complete 
|  50|0x0000000085000000, 0x0000000085100000, 0x0000000085100000|100%| S|CS|TAMS 0x0000000085000000, 0x0000000085000000| Complete 
|  51|0x0000000085100000, 0x0000000085200000, 0x0000000085200000|100%| S|CS|TAMS 0x0000000085100000, 0x0000000085100000| Complete 
|  52|0x0000000085200000, 0x0000000085200000, 0x0000000085300000|  0%| F|  |TAMS 0x0000000085200000, 0x0000000085200000| Untracked 
|  53|0x0000000085300000, 0x0000000085300000, 0x0000000085400000|  0%| F|  |TAMS 0x0000000085300000, 0x0000000085300000| Untracked 
|  54|0x0000000085400000, 0x0000000085400000, 0x0000000085500000|  0%| F|  |TAMS 0x0000000085400000, 0x0000000085400000| Untracked 
|  55|0x0000000085500000, 0x0000000085500000, 0x0000000085600000|  0%| F|  |TAMS 0x0000000085500000, 0x0000000085500000| Untracked 
|  56|0x0000000085600000, 0x0000000085600000, 0x0000000085700000|  0%| F|  |TAMS 0x0000000085600000, 0x0000000085600000| Untracked 
|  57|0x0000000085700000, 0x0000000085700000, 0x0000000085800000|  0%| F|  |TAMS 0x0000000085700000, 0x0000000085700000| Untracked 
|  58|0x0000000085800000, 0x0000000085800000, 0x0000000085900000|  0%| F|  |TAMS 0x0000000085800000, 0x0000000085800000| Untracked 
|  59|0x0000000085900000, 0x0000000085900000, 0x0000000085a00000|  0%| F|  |TAMS 0x0000000085900000, 0x0000000085900000| Untracked 
|  60|0x0000000085a00000, 0x0000000085a00000, 0x0000000085b00000|  0%| F|  |TAMS 0x0000000085a00000, 0x0000000085a00000| Untracked 
|  61|0x0000000085b00000, 0x0000000085b00000, 0x0000000085c00000|  0%| F|  |TAMS 0x0000000085b00000, 0x0000000085b00000| Untracked 
|  62|0x0000000085c00000, 0x0000000085c00000, 0x0000000085d00000|  0%| F|  |TAMS 0x0000000085c00000, 0x0000000085c00000| Untracked 
|  63|0x0000000085d00000, 0x0000000085d00000, 0x0000000085e00000|  0%| F|  |TAMS 0x0000000085d00000, 0x0000000085d00000| Untracked 
|  64|0x0000000085e00000, 0x0000000085e00000, 0x0000000085f00000|  0%| F|  |TAMS 0x0000000085e00000, 0x0000000085e00000| Untracked 
|  65|0x0000000085f00000, 0x0000000085f00000, 0x0000000086000000|  0%| F|  |TAMS 0x0000000085f00000, 0x0000000085f00000| Untracked 
|  66|0x0000000086000000, 0x0000000086000000, 0x0000000086100000|  0%| F|  |TAMS 0x0000000086000000, 0x0000000086000000| Untracked 
|  67|0x0000000086100000, 0x0000000086100000, 0x0000000086200000|  0%| F|  |TAMS 0x0000000086100000, 0x0000000086100000| Untracked 
|  68|0x0000000086200000, 0x0000000086200000, 0x0000000086300000|  0%| F|  |TAMS 0x0000000086200000, 0x0000000086200000| Untracked 
|  69|0x0000000086300000, 0x0000000086300000, 0x0000000086400000|  0%| F|  |TAMS 0x0000000086300000, 0x0000000086300000| Untracked 
|  70|0x0000000086400000, 0x0000000086400000, 0x0000000086500000|  0%| F|  |TAMS 0x0000000086400000, 0x0000000086400000| Untracked 
|  71|0x0000000086500000, 0x0000000086500000, 0x0000000086600000|  0%| F|  |TAMS 0x0000000086500000, 0x0000000086500000| Untracked 
|  72|0x0000000086600000, 0x0000000086600000, 0x0000000086700000|  0%| F|  |TAMS 0x0000000086600000, 0x0000000086600000| Untracked 
|  73|0x0000000086700000, 0x0000000086700000, 0x0000000086800000|  0%| F|  |TAMS 0x0000000086700000, 0x0000000086700000| Untracked 
|  74|0x0000000086800000, 0x0000000086800000, 0x0000000086900000|  0%| F|  |TAMS 0x0000000086800000, 0x0000000086800000| Untracked 
|  75|0x0000000086900000, 0x0000000086900000, 0x0000000086a00000|  0%| F|  |TAMS 0x0000000086900000, 0x0000000086900000| Untracked 
|  76|0x0000000086a00000, 0x0000000086a00000, 0x0000000086b00000|  0%| F|  |TAMS 0x0000000086a00000, 0x0000000086a00000| Untracked 
|  77|0x0000000086b00000, 0x0000000086b00000, 0x0000000086c00000|  0%| F|  |TAMS 0x0000000086b00000, 0x0000000086b00000| Untracked 
|  78|0x0000000086c00000, 0x0000000086c00000, 0x0000000086d00000|  0%| F|  |TAMS 0x0000000086c00000, 0x0000000086c00000| Untracked 
|  79|0x0000000086d00000, 0x0000000086d00000, 0x0000000086e00000|  0%| F|  |TAMS 0x0000000086d00000, 0x0000000086d00000| Untracked 
|  80|0x0000000086e00000, 0x0000000086e00000, 0x0000000086f00000|  0%| F|  |TAMS 0x0000000086e00000, 0x0000000086e00000| Untracked 
|  81|0x0000000086f00000, 0x0000000086f00000, 0x0000000087000000|  0%| F|  |TAMS 0x0000000086f00000, 0x0000000086f00000| Untracked 
|  82|0x0000000087000000, 0x0000000087000000, 0x0000000087100000|  0%| F|  |TAMS 0x0000000087000000, 0x0000000087000000| Untracked 
|  83|0x0000000087100000, 0x0000000087100000, 0x0000000087200000|  0%| F|  |TAMS 0x0000000087100000, 0x0000000087100000| Untracked 
|  84|0x0000000087200000, 0x0000000087200000, 0x0000000087300000|  0%| F|  |TAMS 0x0000000087200000, 0x0000000087200000| Untracked 
|  85|0x0000000087300000, 0x0000000087300000, 0x0000000087400000|  0%| F|  |TAMS 0x0000000087300000, 0x0000000087300000| Untracked 
|  86|0x0000000087400000, 0x0000000087400000, 0x0000000087500000|  0%| F|  |TAMS 0x0000000087400000, 0x0000000087400000| Untracked 
|  87|0x0000000087500000, 0x0000000087500000, 0x0000000087600000|  0%| F|  |TAMS 0x0000000087500000, 0x0000000087500000| Untracked 
|  88|0x0000000087600000, 0x0000000087600000, 0x0000000087700000|  0%| F|  |TAMS 0x0000000087600000, 0x0000000087600000| Untracked 
|  89|0x0000000087700000, 0x0000000087700000, 0x0000000087800000|  0%| F|  |TAMS 0x0000000087700000, 0x0000000087700000| Untracked 
|  90|0x0000000087800000, 0x0000000087800000, 0x0000000087900000|  0%| F|  |TAMS 0x0000000087800000, 0x0000000087800000| Untracked 
|  91|0x0000000087900000, 0x0000000087900000, 0x0000000087a00000|  0%| F|  |TAMS 0x0000000087900000, 0x0000000087900000| Untracked 
|  92|0x0000000087a00000, 0x0000000087a00000, 0x0000000087b00000|  0%| F|  |TAMS 0x0000000087a00000, 0x0000000087a00000| Untracked 
|  93|0x0000000087b00000, 0x0000000087b00000, 0x0000000087c00000|  0%| F|  |TAMS 0x0000000087b00000, 0x0000000087b00000| Untracked 
|  94|0x0000000087c00000, 0x0000000087c00000, 0x0000000087d00000|  0%| F|  |TAMS 0x0000000087c00000, 0x0000000087c00000| Untracked 
|  95|0x0000000087d00000, 0x0000000087d00000, 0x0000000087e00000|  0%| F|  |TAMS 0x0000000087d00000, 0x0000000087d00000| Untracked 
|  96|0x0000000087e00000, 0x0000000087e00000, 0x0000000087f00000|  0%| F|  |TAMS 0x0000000087e00000, 0x0000000087e00000| Untracked 
|  97|0x0000000087f00000, 0x0000000087f00000, 0x0000000088000000|  0%| F|  |TAMS 0x0000000087f00000, 0x0000000087f00000| Untracked 
|  98|0x0000000088000000, 0x0000000088000000, 0x0000000088100000|  0%| F|  |TAMS 0x0000000088000000, 0x0000000088000000| Untracked 
|  99|0x0000000088100000, 0x0000000088100000, 0x0000000088200000|  0%| F|  |TAMS 0x0000000088100000, 0x0000000088100000| Untracked 
| 100|0x0000000088200000, 0x0000000088200000, 0x0000000088300000|  0%| F|  |TAMS 0x0000000088200000, 0x0000000088200000| Untracked 
| 101|0x0000000088300000, 0x0000000088300000, 0x0000000088400000|  0%| F|  |TAMS 0x0000000088300000, 0x0000000088300000| Untracked 
| 102|0x0000000088400000, 0x0000000088400000, 0x0000000088500000|  0%| F|  |TAMS 0x0000000088400000, 0x0000000088400000| Untracked 
| 103|0x0000000088500000, 0x0000000088500000, 0x0000000088600000|  0%| F|  |TAMS 0x0000000088500000, 0x0000000088500000| Untracked 
| 104|0x0000000088600000, 0x0000000088600000, 0x0000000088700000|  0%| F|  |TAMS 0x0000000088600000, 0x0000000088600000| Untracked 
| 105|0x0000000088700000, 0x0000000088700000, 0x0000000088800000|  0%| F|  |TAMS 0x0000000088700000, 0x0000000088700000| Untracked 
| 106|0x0000000088800000, 0x0000000088800000, 0x0000000088900000|  0%| F|  |TAMS 0x0000000088800000, 0x0000000088800000| Untracked 
| 107|0x0000000088900000, 0x0000000088900000, 0x0000000088a00000|  0%| F|  |TAMS 0x0000000088900000, 0x0000000088900000| Untracked 
| 108|0x0000000088a00000, 0x0000000088a00000, 0x0000000088b00000|  0%| F|  |TAMS 0x0000000088a00000, 0x0000000088a00000| Untracked 
| 109|0x0000000088b00000, 0x0000000088b00000, 0x0000000088c00000|  0%| F|  |TAMS 0x0000000088b00000, 0x0000000088b00000| Untracked 
| 110|0x0000000088c00000, 0x0000000088c00000, 0x0000000088d00000|  0%| F|  |TAMS 0x0000000088c00000, 0x0000000088c00000| Untracked 
| 111|0x0000000088d00000, 0x0000000088d00000, 0x0000000088e00000|  0%| F|  |TAMS 0x0000000088d00000, 0x0000000088d00000| Untracked 
| 112|0x0000000088e00000, 0x0000000088e00000, 0x0000000088f00000|  0%| F|  |TAMS 0x0000000088e00000, 0x0000000088e00000| Untracked 
| 113|0x0000000088f00000, 0x0000000088f00000, 0x0000000089000000|  0%| F|  |TAMS 0x0000000088f00000, 0x0000000088f00000| Untracked 
| 114|0x0000000089000000, 0x0000000089000000, 0x0000000089100000|  0%| F|  |TAMS 0x0000000089000000, 0x0000000089000000| Untracked 
| 115|0x0000000089100000, 0x0000000089100000, 0x0000000089200000|  0%| F|  |TAMS 0x0000000089100000, 0x0000000089100000| Untracked 
| 116|0x0000000089200000, 0x0000000089200000, 0x0000000089300000|  0%| F|  |TAMS 0x0000000089200000, 0x0000000089200000| Untracked 
| 117|0x0000000089300000, 0x0000000089300000, 0x0000000089400000|  0%| F|  |TAMS 0x0000000089300000, 0x0000000089300000| Untracked 
| 118|0x0000000089400000, 0x0000000089400000, 0x0000000089500000|  0%| F|  |TAMS 0x0000000089400000, 0x0000000089400000| Untracked 
| 119|0x0000000089500000, 0x0000000089500000, 0x0000000089600000|  0%| F|  |TAMS 0x0000000089500000, 0x0000000089500000| Untracked 
| 120|0x0000000089600000, 0x0000000089600000, 0x0000000089700000|  0%| F|  |TAMS 0x0000000089600000, 0x0000000089600000| Untracked 
| 121|0x0000000089700000, 0x0000000089700000, 0x0000000089800000|  0%| F|  |TAMS 0x0000000089700000, 0x0000000089700000| Untracked 
| 122|0x0000000089800000, 0x0000000089800000, 0x0000000089900000|  0%| F|  |TAMS 0x0000000089800000, 0x0000000089800000| Untracked 
| 123|0x0000000089900000, 0x0000000089900000, 0x0000000089a00000|  0%| F|  |TAMS 0x0000000089900000, 0x0000000089900000| Untracked 
| 124|0x0000000089a00000, 0x0000000089a00000, 0x0000000089b00000|  0%| F|  |TAMS 0x0000000089a00000, 0x0000000089a00000| Untracked 
| 125|0x0000000089b00000, 0x0000000089b80800, 0x0000000089c00000| 50%| E|  |TAMS 0x0000000089b00000, 0x0000000089b00000| Complete 
| 126|0x0000000089c00000, 0x0000000089d00000, 0x0000000089d00000|100%| E|CS|TAMS 0x0000000089c00000, 0x0000000089c00000| Complete 
| 127|0x0000000089d00000, 0x0000000089e00000, 0x0000000089e00000|100%| E|CS|TAMS 0x0000000089d00000, 0x0000000089d00000| Complete 

Card table byte_map: [0x0000028d41c90000,0x0000028d42090000] _byte_map_base: 0x0000028d41881000

Marking Bits (Prev, Next): (CMBitMap*) 0x0000028d2a64fb50, (CMBitMap*) 0x0000028d2a64fb90
 Prev Bits: [0x0000028d42490000, 0x0000028d44418000)
 Next Bits: [0x0000028d44420000, 0x0000028d463a8000)

Polling page: 0x0000028d29dc0000

Metaspace:

Usage:
  Non-class:      7.90 MB used.
      Class:    908.15 KB used.
       Both:      8.79 MB used.

Virtual space:
  Non-class space:       64.00 MB reserved,       8.00 MB ( 12%) committed,  1 nodes.
      Class space:        1.00 GB reserved,       1.00 MB ( <1%) committed,  1 nodes.
             Both:        1.06 GB reserved,       9.00 MB ( <1%) committed. 

Chunk freelists:
   Non-Class:  17.00 KB
       Class:  2.97 MB
        Both:  2.99 MB

MaxMetaspaceSize: unlimited
CompressedClassSpaceSize: 1.00 GB
Initial GC threshold: 21.00 MB
Current GC threshold: 21.00 MB
CDS: on
MetaspaceReclaimPolicy: balanced
 - commit_granule_bytes: 65536.
 - commit_granule_words: 8192.
 - virtual_space_node_default_size: 8388608.
 - enlarge_chunks_in_place: 1.
 - new_chunks_are_fully_committed: 0.
 - uncommit_free_chunks: 1.
 - use_allocation_guard: 0.


Internal statistics:

num_allocs_failed_limit: 0.
num_arena_births: 238.
num_arena_deaths: 0.
num_vsnodes_births: 2.
num_vsnodes_deaths: 0.
num_space_committed: 144.
num_space_uncommitted: 0.
num_chunks_returned_to_freelist: 0.
num_chunks_taken_from_freelist: 316.
num_chunk_merges: 0.
num_chunk_splits: 217.
num_chunks_enlarged: 138.
num_inconsistent_stats: 0.

CodeHeap 'non-profiled nmethods': size=120000Kb used=1475Kb max_used=1475Kb free=118524Kb
 bounds [0x0000028d3a030000, 0x0000028d3a2a0000, 0x0000028d41560000]
CodeHeap 'profiled nmethods': size=120000Kb used=4238Kb max_used=4238Kb free=115761Kb
 bounds [0x0000028d32560000, 0x0000028d32990000, 0x0000028d39a90000]
CodeHeap 'non-nmethods': size=5760Kb used=1379Kb max_used=1454Kb free=4380Kb
 bounds [0x0000028d39a90000, 0x0000028d39d00000, 0x0000028d3a030000]
 total_blobs=2951 nmethods=2327 adapters=534
 compilation: enabled
              stopped_count=0, restarted_count=0
 full_count=0

Compilation events (20 events):
Event: 30.064 Thread 0x0000028d48dfc710 nmethod 2318 0x0000028d3a194790 code [0x0000028d3a194920, 0x0000028d3a1949f8]
Event: 30.114 Thread 0x0000028d48dfbc00 nmethod 2316 0x0000028d3a194a90 code [0x0000028d3a194f80, 0x0000028d3a19bdf0]
Event: 30.173 Thread 0x0000028d48dfc710 2321       3       java.awt.Component::getLocationOnScreen_NoTreeLock (107 bytes)
Event: 30.173 Thread 0x0000028d48dfc710 nmethod 2321 0x0000028d3297eb90 code [0x0000028d3297ee00, 0x0000028d3297f968]
Event: 30.173 Thread 0x0000028d48dfc710 2323       3       java.awt.Component::isRecursivelyVisible (30 bytes)
Event: 30.173 Thread 0x0000028d48dfc710 nmethod 2323 0x0000028d3297fc10 code [0x0000028d3297fdc0, 0x0000028d32980068]
Event: 30.200 Thread 0x0000028d48dfbc00 2324       4       java.util.concurrent.locks.ReentrantLock$Sync::isHeldExclusively (16 bytes)
Event: 30.201 Thread 0x0000028d48dfbc00 nmethod 2324 0x0000028d3a19f910 code [0x0000028d3a19faa0, 0x0000028d3a19fb58]
Event: 30.407 Thread 0x0000028d48dfbc00 2325   !   4       sun.awt.AWTAutoShutdown::setToolkitBusy (124 bytes)
Event: 30.409 Thread 0x0000028d48dfbc00 nmethod 2325 0x0000028d3a19fc10 code [0x0000028d3a19fdc0, 0x0000028d3a1a0338]
Event: 30.536 Thread 0x0000028d48dfbc00 2326       4       java.awt.EventQueue::eventToCacheIndex (80 bytes)
Event: 30.537 Thread 0x0000028d48dfbc00 nmethod 2326 0x0000028d3a1a0690 code [0x0000028d3a1a0820, 0x0000028d3a1a0918]
Event: 31.127 Thread 0x0000028d48dfbc00 2327   !   4       CSAI.unipa.abstractrobot.SimpleN150ExploreSim::turnOnSonar (38 bytes)
Event: 31.128 Thread 0x0000028d48dfbc00 nmethod 2327 0x0000028d3a1a0a10 code [0x0000028d3a1a0ba0, 0x0000028d3a1a0c58]
Event: 31.450 Thread 0x0000028d48dfc710 2328   !   3       java.lang.ref.ReferenceQueue::enqueue (32 bytes)
Event: 31.450 Thread 0x0000028d48dfc710 nmethod 2328 0x0000028d32980110 code [0x0000028d32980340, 0x0000028d32980c88]
Event: 31.450 Thread 0x0000028d48dfc710 2329       3       java.lang.ref.ReferenceQueue::signal (10 bytes)
Event: 31.451 Thread 0x0000028d48dfc710 nmethod 2329 0x0000028d32981010 code [0x0000028d32981200, 0x0000028d32981608]
Event: 31.467 Thread 0x0000028d48dfc710 2330 % !   3       TBSim.SimulationCanvas::run @ 112 (362 bytes)
Event: 31.468 Thread 0x0000028d48dfc710 nmethod 2330% 0x0000028d32981790 code [0x0000028d32981ac0, 0x0000028d32983178]

GC Heap History (10 events):
Event: 1.297 GC heap before
{Heap before GC invocations=0 (full 0):
 garbage-first heap   total 131072K, used 24576K [0x0000000081e00000, 0x0000000100000000)
  region size 1024K, 23 young (23552K), 0 survivors (0K)
 Metaspace       used 7988K, committed 8192K, reserved 1114112K
  class space    used 868K, committed 960K, reserved 1048576K
}
Event: 1.301 GC heap after
{Heap after GC invocations=1 (full 0):
 garbage-first heap   total 131072K, used 6044K [0x0000000081e00000, 0x0000000100000000)
  region size 1024K, 3 young (3072K), 3 survivors (3072K)
 Metaspace       used 7988K, committed 8192K, reserved 1114112K
  class space    used 868K, committed 960K, reserved 1048576K
}
Event: 2.416 GC heap before
{Heap before GC invocations=1 (full 0):
 garbage-first heap   total 131072K, used 39836K [0x0000000081e00000, 0x0000000100000000)
  region size 1024K, 34 young (34816K), 3 survivors (3072K)
 Metaspace       used 8307K, committed 8512K, reserved 1114112K
  class space    used 896K, committed 1024K, reserved 1048576K
}
Event: 2.419 GC heap after
{Heap after GC invocations=2 (full 0):
 garbage-first heap   total 131072K, used 11063K [0x0000000081e00000, 0x0000000100000000)
  region size 1024K, 3 young (3072K), 3 survivors (3072K)
 Metaspace       used 8307K, committed 8512K, reserved 1114112K
  class space    used 896K, committed 1024K, reserved 1048576K
}
Event: 8.284 GC heap before
{Heap before GC invocations=2 (full 0):
 garbage-first heap   total 131072K, used 88887K [0x0000000081e00000, 0x0000000100000000)
  region size 1024K, 76 young (77824K), 3 survivors (3072K)
 Metaspace       used 8782K, committed 9024K, reserved 1114112K
  class space    used 900K, committed 1024K, reserved 1048576K
}
Event: 8.287 GC heap after
{Heap after GC invocations=3 (full 0):
 garbage-first heap   total 131072K, used 16545K [0x0000000081e00000, 0x0000000100000000)
  region size 1024K, 4 young (4096K), 4 survivors (4096K)
 Metaspace       used 8782K, committed 9024K, reserved 1114112K
  class space    used 900K, committed 1024K, reserved 1048576K
}
Event: 18.906 GC heap before
{Heap before GC invocations=3 (full 0):
 garbage-first heap   total 131072K, used 90273K [0x0000000081e00000, 0x0000000100000000)
  region size 1024K, 76 young (77824K), 4 survivors (4096K)
 Metaspace       used 8904K, committed 9152K, reserved 1114112K
  class space    used 905K, committed 1024K, reserved 1048576K
}
Event: 18.909 GC heap after
{Heap after GC invocations=4 (full 0):
 garbage-first heap   total 131072K, used 17914K [0x0000000081e00000, 0x0000000100000000)
  region size 1024K, 4 young (4096K), 4 survivors (4096K)
 Metaspace       used 8904K, committed 9152K, reserved 1114112K
  class space    used 905K, committed 1024K, reserved 1048576K
}
Event: 31.447 GC heap before
{Heap before GC invocations=4 (full 0):
 garbage-first heap   total 131072K, used 95738K [0x0000000081e00000, 0x0000000100000000)
  region size 1024K, 76 young (77824K), 4 survivors (4096K)
 Metaspace       used 8987K, committed 9216K, reserved 1114112K
  class space    used 908K, committed 1024K, reserved 1048576K
}
Event: 31.450 GC heap after
{Heap after GC invocations=5 (full 0):
 garbage-first heap   total 131072K, used 22629K [0x0000000081e00000, 0x0000000100000000)
  region size 1024K, 5 young (5120K), 5 survivors (5120K)
 Metaspace       used 8987K, committed 9216K, reserved 1114112K
  class space    used 908K, committed 1024K, reserved 1048576K
}

Dll operation events (12 events):
Event: 0.014 Loaded shared library C:\Program Files\Java\jdk-19\bin\java.dll
Event: 0.033 Loaded shared library C:\Program Files\Java\jdk-19\bin\jsvml.dll
Event: 0.093 Loaded shared library C:\Program Files\Java\jdk-19\bin\net.dll
Event: 0.095 Loaded shared library C:\Program Files\Java\jdk-19\bin\nio.dll
Event: 0.100 Loaded shared library C:\Program Files\Java\jdk-19\bin\zip.dll
Event: 0.113 Loaded shared library C:\Program Files\Java\jdk-19\bin\verify.dll
Event: 0.132 Loaded shared library C:\Program Files\Java\jdk-19\bin\jimage.dll
Event: 0.158 Loaded shared library C:\Program Files\Java\jdk-19\bin\awt.dll
Event: 0.281 Loaded shared library C:\Program Files\Java\jdk-19\bin\freetype.dll
Event: 0.282 Loaded shared library C:\Program Files\Java\jdk-19\bin\fontmanager.dll
Event: 1.010 Loaded shared library C:\TeamBots\eclipse_basic\lib\x86_64_nt\ec_java_load.dll
Event: 1.012 Loaded shared library C:\TeamBots\eclipse_basic\lib\x86_64_nt\ec_java.dll

Deoptimization events (20 events):
Event: 22.668 Thread 0x0000028d4d0f1840 Uncommon trap: trap_request=0xffffffde fr.pc=0x0000028d3a12d8cc relative=0x000000000000016c
Event: 22.668 Thread 0x0000028d4d0f1840 Uncommon trap: reason=class_check action=maybe_recompile pc=0x0000028d3a12d8cc method=sun.java2d.SunGraphics2D.drawRect(IIII)V @ 10 c2
Event: 22.668 Thread 0x0000028d4d0f1840 DEOPT PACKING pc=0x0000028d3a12d8cc sp=0x0000009c4c9fe360
Event: 22.668 Thread 0x0000028d4d0f1840 DEOPT UNPACKING pc=0x0000028d39af6da3 sp=0x0000009c4c9fe300 mode 2
Event: 27.645 Thread 0x0000028d4d0f1840 Uncommon trap: trap_request=0xffffffbe fr.pc=0x0000028d3a14bce8 relative=0x0000000000001428
Event: 27.645 Thread 0x0000028d4d0f1840 Uncommon trap: reason=profile_predicate action=maybe_recompile pc=0x0000028d3a14bce8 method=TBSim.SimulationCanvas.update(Ljava/awt/Graphics;)V @ 143 c2
Event: 27.645 Thread 0x0000028d4d0f1840 DEOPT PACKING pc=0x0000028d3a14bce8 sp=0x0000009c4c9fed60
Event: 27.645 Thread 0x0000028d4d0f1840 DEOPT UNPACKING pc=0x0000028d39af6da3 sp=0x0000009c4c9fed48 mode 2
Event: 27.845 Thread 0x0000028d4d0f1840 Uncommon trap: trap_request=0xffffffbe fr.pc=0x0000028d3a14bce8 relative=0x0000000000001428
Event: 27.845 Thread 0x0000028d4d0f1840 Uncommon trap: reason=profile_predicate action=maybe_recompile pc=0x0000028d3a14bce8 method=TBSim.SimulationCanvas.update(Ljava/awt/Graphics;)V @ 143 c2
Event: 27.845 Thread 0x0000028d4d0f1840 DEOPT PACKING pc=0x0000028d3a14bce8 sp=0x0000009c4c9fed60
Event: 27.845 Thread 0x0000028d4d0f1840 DEOPT UNPACKING pc=0x0000028d39af6da3 sp=0x0000009c4c9fed48 mode 2
Event: 28.045 Thread 0x0000028d4d0f1840 Uncommon trap: trap_request=0xffffffbe fr.pc=0x0000028d3a14bce8 relative=0x0000000000001428
Event: 28.045 Thread 0x0000028d4d0f1840 Uncommon trap: reason=profile_predicate action=maybe_recompile pc=0x0000028d3a14bce8 method=TBSim.SimulationCanvas.update(Ljava/awt/Graphics;)V @ 143 c2
Event: 28.045 Thread 0x0000028d4d0f1840 DEOPT PACKING pc=0x0000028d3a14bce8 sp=0x0000009c4c9fed60
Event: 28.045 Thread 0x0000028d4d0f1840 DEOPT UNPACKING pc=0x0000028d39af6da3 sp=0x0000009c4c9fed48 mode 2
Event: 28.246 Thread 0x0000028d4d0f1840 Uncommon trap: trap_request=0xffffffbe fr.pc=0x0000028d3a14bce8 relative=0x0000000000001428
Event: 28.246 Thread 0x0000028d4d0f1840 Uncommon trap: reason=profile_predicate action=maybe_recompile pc=0x0000028d3a14bce8 method=TBSim.SimulationCanvas.update(Ljava/awt/Graphics;)V @ 143 c2
Event: 28.246 Thread 0x0000028d4d0f1840 DEOPT PACKING pc=0x0000028d3a14bce8 sp=0x0000009c4c9fed60
Event: 28.246 Thread 0x0000028d4d0f1840 DEOPT UNPACKING pc=0x0000028d39af6da3 sp=0x0000009c4c9fed48 mode 2

Classes loaded (20 events):
Event: 7.542 Loading class java/awt/Toolkit$ToolkitEventMulticaster
Event: 7.542 Loading class java/awt/Toolkit$ToolkitEventMulticaster done
Event: 10.236 Loading class sun/awt/windows/WCheckboxMenuItemPeer$1
Event: 10.236 Loading class sun/awt/windows/WCheckboxMenuItemPeer$1 done
Event: 13.137 Loading class java/awt/Scrollbar
Event: 13.137 Loading class java/awt/Adjustable
Event: 13.137 Loading class java/awt/Adjustable done
Event: 13.137 Loading class java/awt/Scrollbar done
Event: 18.999 Loading class sun/font/CMap$CMapFormat12
Event: 18.999 Loading class sun/font/CMap$CMapFormat12 done
Event: 19.000 Loading class sun/font/CMap$UVS
Event: 19.000 Loading class sun/font/CMap$UVS done
Event: 22.661 Loading class java/awt/Container$MouseEventTargetFilter
Event: 22.661 Loading class java/awt/Container$EventTargetFilter
Event: 22.661 Loading class java/awt/Container$EventTargetFilter done
Event: 22.661 Loading class java/awt/Container$MouseEventTargetFilter done
Event: 22.661 Loading class java/awt/LightweightDispatcher$1
Event: 22.661 Loading class java/awt/LightweightDispatcher$1 done
Event: 22.661 Loading class java/awt/Toolkit$SelectiveAWTEventListener
Event: 22.661 Loading class java/awt/Toolkit$SelectiveAWTEventListener done

Classes unloaded (0 events):
No events

Classes redefined (0 events):
No events

Internal exceptions (20 events):
Event: 31.495 Thread 0x0000028d4d0f12f0 Exception <a 'java/lang/ClassCastException'{0x0000000089d55c98}> (0x0000000089d55c98) 
thrown [s\open\src\hotspot\share\runtime\sharedRuntime.cpp, line 630]
Event: 31.495 Thread 0x0000028d4d0f12f0 Exception <a 'java/lang/ClassCastException'{0x0000000089d56f48}> (0x0000000089d56f48) 
thrown [s\open\src\hotspot\share\runtime\sharedRuntime.cpp, line 630]
Event: 31.500 Thread 0x0000028d4d0f12f0 Exception <a 'java/lang/ClassCastException'{0x0000000089d5a3b0}> (0x0000000089d5a3b0) 
thrown [s\open\src\hotspot\share\runtime\sharedRuntime.cpp, line 630]
Event: 31.500 Thread 0x0000028d4d0f12f0 Exception <a 'java/lang/ClassCastException'{0x0000000089d5a7c0}> (0x0000000089d5a7c0) 
thrown [s\open\src\hotspot\share\runtime\sharedRuntime.cpp, line 630]
Event: 31.515 Thread 0x0000028d4d0f12f0 Exception <a 'java/lang/ClassCastException'{0x0000000089d78240}> (0x0000000089d78240) 
thrown [s\open\src\hotspot\share\runtime\sharedRuntime.cpp, line 630]
Event: 31.515 Thread 0x0000028d4d0f12f0 Exception <a 'java/lang/ClassCastException'{0x0000000089d794f0}> (0x0000000089d794f0) 
thrown [s\open\src\hotspot\share\runtime\sharedRuntime.cpp, line 630]
Event: 31.516 Thread 0x0000028d4d0f12f0 Exception <a 'java/lang/ClassCastException'{0x0000000089d7ca00}> (0x0000000089d7ca00) 
thrown [s\open\src\hotspot\share\runtime\sharedRuntime.cpp, line 630]
Event: 31.516 Thread 0x0000028d4d0f12f0 Exception <a 'java/lang/ClassCastException'{0x0000000089d7ce10}> (0x0000000089d7ce10) 
thrown [s\open\src\hotspot\share\runtime\sharedRuntime.cpp, line 630]
Event: 31.529 Thread 0x0000028d4d0f12f0 Exception <a 'java/lang/ClassCastException'{0x0000000089c9c0c8}> (0x0000000089c9c0c8) 
thrown [s\open\src\hotspot\share\runtime\sharedRuntime.cpp, line 630]
Event: 31.529 Thread 0x0000028d4d0f12f0 Exception <a 'java/lang/ClassCastException'{0x0000000089c9d378}> (0x0000000089c9d378) 
thrown [s\open\src\hotspot\share\runtime\sharedRuntime.cpp, line 630]
Event: 31.530 Thread 0x0000028d4d0f12f0 Exception <a 'java/lang/ClassCastException'{0x0000000089ca0888}> (0x0000000089ca0888) 
thrown [s\open\src\hotspot\share\runtime\sharedRuntime.cpp, line 630]
Event: 31.530 Thread 0x0000028d4d0f12f0 Exception <a 'java/lang/ClassCastException'{0x0000000089ca0c98}> (0x0000000089ca0c98) 
thrown [s\open\src\hotspot\share\runtime\sharedRuntime.cpp, line 630]
Event: 31.545 Thread 0x0000028d4d0f12f0 Exception <a 'java/lang/ClassCastException'{0x0000000089cc11d8}> (0x0000000089cc11d8) 
thrown [s\open\src\hotspot\share\runtime\sharedRuntime.cpp, line 630]
Event: 31.545 Thread 0x0000028d4d0f12f0 Exception <a 'java/lang/ClassCastException'{0x0000000089cc2488}> (0x0000000089cc2488) 
thrown [s\open\src\hotspot\share\runtime\sharedRuntime.cpp, line 630]
Event: 31.546 Thread 0x0000028d4d0f12f0 Exception <a 'java/lang/ClassCastException'{0x0000000089cc5998}> (0x0000000089cc5998) 
thrown [s\open\src\hotspot\share\runtime\sharedRuntime.cpp, line 630]
Event: 31.546 Thread 0x0000028d4d0f12f0 Exception <a 'java/lang/ClassCastException'{0x0000000089cc5da8}> (0x0000000089cc5da8) 
thrown [s\open\src\hotspot\share\runtime\sharedRuntime.cpp, line 630]
Event: 31.561 Thread 0x0000028d4d0f12f0 Exception <a 'java/lang/ClassCastException'{0x0000000089ce6738}> (0x0000000089ce6738) 
thrown [s\open\src\hotspot\share\runtime\sharedRuntime.cpp, line 630]
Event: 31.561 Thread 0x0000028d4d0f12f0 Exception <a 'java/lang/ClassCastException'{0x0000000089ce79e8}> (0x0000000089ce79e8) 
thrown [s\open\src\hotspot\share\runtime\sharedRuntime.cpp, line 630]
Event: 31.568 Thread 0x0000028d4d0f12f0 Exception <a 'java/lang/ClassCastException'{0x0000000089ceaef8}> (0x0000000089ceaef8) 
thrown [s\open\src\hotspot\share\runtime\sharedRuntime.cpp, line 630]
Event: 31.568 Thread 0x0000028d4d0f12f0 Exception <a 'java/lang/ClassCastException'{0x0000000089ceb308}> (0x0000000089ceb308) 
thrown [s\open\src\hotspot\share\runtime\sharedRuntime.cpp, line 630]

VM Operations (20 events):
Event: 17.291 Executing VM operation: Cleanup
Event: 17.292 Executing VM operation: Cleanup done
Event: 18.905 Executing VM operation: G1CollectForAllocation
Event: 18.909 Executing VM operation: G1CollectForAllocation done
Event: 19.909 Executing VM operation: Cleanup
Event: 19.909 Executing VM operation: Cleanup done
Event: 20.909 Executing VM operation: Cleanup
Event: 20.909 Executing VM operation: Cleanup done
Event: 21.910 Executing VM operation: Cleanup
Event: 21.910 Executing VM operation: Cleanup done
Event: 22.910 Executing VM operation: Cleanup
Event: 22.910 Executing VM operation: Cleanup done
Event: 28.912 Executing VM operation: Cleanup
Event: 28.913 Executing VM operation: Cleanup done
Event: 29.913 Executing VM operation: Cleanup
Event: 29.913 Executing VM operation: Cleanup done
Event: 30.913 Executing VM operation: Cleanup
Event: 30.914 Executing VM operation: Cleanup done
Event: 31.447 Executing VM operation: G1CollectForAllocation
Event: 31.450 Executing VM operation: G1CollectForAllocation done

Events (20 events):
Event: 0.343 Thread 0x0000028d4d3e20b0 Thread added: 0x0000028d4d3e20b0
Event: 0.346 Thread 0x0000028d4d3f88d0 Thread added: 0x0000028d4d3f88d0
Event: 0.917 Thread 0x0000028d4d3f88d0 Thread exited: 0x0000028d4d3f88d0
Event: 1.237 Thread 0x0000028d4d3e20b0 Thread exited: 0x0000028d4d3e20b0
Event: 1.295 Thread 0x0000028d4f03fb90 Thread added: 0x0000028d4f03fb90
Event: 1.312 Thread 0x0000028d4ef484d0 Thread added: 0x0000028d4ef484d0
Event: 1.532 Thread 0x0000028d4ef484d0 Thread exited: 0x0000028d4ef484d0
Event: 1.532 Thread 0x0000028d4f03fb90 Thread exited: 0x0000028d4f03fb90
Event: 1.559 Thread 0x0000028d4f03fb90 Thread added: 0x0000028d4f03fb90
Event: 1.559 Thread 0x0000028d4e77d510 Thread added: 0x0000028d4e77d510
Event: 1.601 Thread 0x0000028d2a5ef830 Thread exited: 0x0000028d2a5ef830
Event: 1.601 Thread 0x0000028d4d0f32d0 Thread added: 0x0000028d4d0f32d0
Event: 1.856 Thread 0x0000028d4f03fb90 Thread exited: 0x0000028d4f03fb90
Event: 1.856 Thread 0x0000028d4e77d510 Thread exited: 0x0000028d4e77d510
Event: 7.551 Thread 0x0000028d4ef3b1c0 Thread added: 0x0000028d4ef3b1c0
Event: 7.551 Thread 0x0000028d4ef3c270 Thread added: 0x0000028d4ef3c270
Event: 7.951 Thread 0x0000028d4ef3c270 Thread exited: 0x0000028d4ef3c270
Event: 9.081 Thread 0x0000028d4ef3b1c0 Thread exited: 0x0000028d4ef3b1c0
Event: 14.759 Thread 0x0000028d4ef3b1c0 Thread added: 0x0000028d4ef3b1c0
Event: 15.040 Thread 0x0000028d4ef3b1c0 Thread exited: 0x0000028d4ef3b1c0


Dynamic libraries:
0x00007ff6b9940000 - 0x00007ff6b9950000 	C:\Program Files\Java\jdk-19\bin\java.exe
0x00007ffd32b80000 - 0x00007ffd32d89000 	C:\WINDOWS\SYSTEM32\ntdll.dll
0x00007ffd31d90000 - 0x00007ffd31e4e000 	C:\WINDOWS\System32\KERNEL32.DLL
0x00007ffd30050000 - 0x00007ffd303cb000 	C:\WINDOWS\System32\KERNELBASE.dll
0x00007ffd30470000 - 0x00007ffd30581000 	C:\WINDOWS\System32\ucrtbase.dll
0x00007ffd17c20000 - 0x00007ffd17c38000 	C:\Program Files\Java\jdk-19\bin\jli.dll
0x00007ffd26750000 - 0x00007ffd2676b000 	C:\Program Files\Java\jdk-19\bin\VCRUNTIME140.dll
0x00007ffd31530000 - 0x00007ffd315de000 	C:\WINDOWS\System32\ADVAPI32.dll
0x00007ffd32780000 - 0x00007ffd32823000 	C:\WINDOWS\System32\msvcrt.dll
0x00007ffd31ff0000 - 0x00007ffd3208e000 	C:\WINDOWS\System32\sechost.dll
0x00007ffd329a0000 - 0x00007ffd32ac0000 	C:\WINDOWS\System32\RPCRT4.dll
0x00007ffd30ad0000 - 0x00007ffd30c7d000 	C:\WINDOWS\System32\USER32.dll
0x00007ffd1b1b0000 - 0x00007ffd1b455000 	C:\WINDOWS\WinSxS\amd64_microsoft.windows.common-controls_6595b64144ccf1df_6.0.22000.120_none_9d947278b86cc467\COMCTL32.dll
0x00007ffd303d0000 - 0x00007ffd303f6000 	C:\WINDOWS\System32\win32u.dll
0x00007ffd32830000 - 0x00007ffd32859000 	C:\WINDOWS\System32\GDI32.dll
0x00007ffd30820000 - 0x00007ffd30938000 	C:\WINDOWS\System32\gdi32full.dll
0x00007ffd30590000 - 0x00007ffd3062d000 	C:\WINDOWS\System32\msvcp_win.dll
0x00007ffd2ee80000 - 0x00007ffd2ee8a000 	C:\WINDOWS\SYSTEM32\VERSION.dll
0x00007ffd315f0000 - 0x00007ffd31622000 	C:\WINDOWS\System32\IMM32.DLL
0x00007ffd1ff10000 - 0x00007ffd1ff1c000 	C:\Program Files\Java\jdk-19\bin\vcruntime140_1.dll
0x00007ffd02b50000 - 0x00007ffd02bde000 	C:\Program Files\Java\jdk-19\bin\msvcp140.dll
0x00007ffccf710000 - 0x00007ffcd03d0000 	C:\Program Files\Java\jdk-19\bin\server\jvm.dll
0x00007ffd28470000 - 0x00007ffd284a3000 	C:\WINDOWS\SYSTEM32\WINMM.dll
0x00007ffd1a980000 - 0x00007ffd1a989000 	C:\WINDOWS\SYSTEM32\WSOCK32.dll
0x00007ffd32090000 - 0x00007ffd320ff000 	C:\WINDOWS\System32\WS2_32.dll
0x00007ffd2f1c0000 - 0x00007ffd2f1d8000 	C:\WINDOWS\SYSTEM32\kernel.appcore.dll
0x00007ffd160b0000 - 0x00007ffd160ba000 	C:\Program Files\Java\jdk-19\bin\jimage.dll
0x00007ffd2da20000 - 0x00007ffd2dc41000 	C:\WINDOWS\SYSTEM32\DBGHELP.DLL
0x00007ffd1bf80000 - 0x00007ffd1bfb1000 	C:\WINDOWS\SYSTEM32\dbgcore.DLL
0x00007ffd30630000 - 0x00007ffd306af000 	C:\WINDOWS\System32\bcryptPrimitives.dll
0x00007ffd02b20000 - 0x00007ffd02b46000 	C:\Program Files\Java\jdk-19\bin\java.dll
0x00007ffcf2c80000 - 0x00007ffcf2d57000 	C:\Program Files\Java\jdk-19\bin\jsvml.dll
0x00007ffd30c80000 - 0x00007ffd31437000 	C:\WINDOWS\System32\SHELL32.dll
0x00007ffd2e590000 - 0x00007ffd2edf5000 	C:\WINDOWS\SYSTEM32\windows.storage.dll
0x00007ffd31650000 - 0x00007ffd319c8000 	C:\WINDOWS\System32\combase.dll
0x00007ffd2e420000 - 0x00007ffd2e586000 	C:\WINDOWS\SYSTEM32\wintypes.dll
0x00007ffd31ba0000 - 0x00007ffd31c8a000 	C:\WINDOWS\System32\SHCORE.dll
0x00007ffd32ac0000 - 0x00007ffd32b1d000 	C:\WINDOWS\System32\shlwapi.dll
0x00007ffd2ff80000 - 0x00007ffd2ffa1000 	C:\WINDOWS\SYSTEM32\profapi.dll
0x00007ffd02b00000 - 0x00007ffd02b13000 	C:\Program Files\Java\jdk-19\bin\net.dll
0x00007ffd29080000 - 0x00007ffd29194000 	C:\WINDOWS\SYSTEM32\WINHTTP.dll
0x00007ffd2f660000 - 0x00007ffd2f6c7000 	C:\WINDOWS\system32\mswsock.dll
0x00007ffd02ae0000 - 0x00007ffd02af6000 	C:\Program Files\Java\jdk-19\bin\nio.dll
0x00007ffcffa90000 - 0x00007ffcffaa8000 	C:\Program Files\Java\jdk-19\bin\zip.dll
0x00007ffd15bc0000 - 0x00007ffd15bd0000 	C:\Program Files\Java\jdk-19\bin\verify.dll
0x00007ffcf2690000 - 0x00007ffcf2821000 	C:\Program Files\Java\jdk-19\bin\awt.dll
0x00007ffd31440000 - 0x00007ffd31516000 	C:\WINDOWS\System32\OLEAUT32.dll
0x00007ffd2d030000 - 0x00007ffd2d0c2000 	C:\WINDOWS\SYSTEM32\apphelp.dll
0x00007ffd2d550000 - 0x00007ffd2d57f000 	C:\WINDOWS\system32\DWMAPI.DLL
0x00007ffd2d120000 - 0x00007ffd2d1cc000 	C:\WINDOWS\system32\uxtheme.dll
0x00007ffd1c360000 - 0x00007ffd1c461000 	C:\WINDOWS\system32\opengl32.dll
0x00007ffd20150000 - 0x00007ffd2017d000 	C:\WINDOWS\SYSTEM32\GLU32.dll
0x00007ffd2d3d0000 - 0x00007ffd2d408000 	C:\WINDOWS\SYSTEM32\dxcore.dll
0x00007ffd32660000 - 0x00007ffd3277d000 	C:\WINDOWS\System32\MSCTF.dll
0x00007ffd31e50000 - 0x00007ffd31fea000 	C:\WINDOWS\System32\ole32.dll
0x00007ffcf2da0000 - 0x00007ffcf2db7000 	C:\WINDOWS\system32\napinsp.dll
0x00007ffcf3460000 - 0x00007ffcf347b000 	C:\WINDOWS\system32\pnrpnsp.dll
0x00007ffd2e120000 - 0x00007ffd2e208000 	C:\WINDOWS\SYSTEM32\DNSAPI.dll
0x00007ffd2e0f0000 - 0x00007ffd2e11d000 	C:\WINDOWS\SYSTEM32\IPHLPAPI.DLL
0x00007ffd319d0000 - 0x00007ffd319d9000 	C:\WINDOWS\System32\NSI.dll
0x00007ffd07310000 - 0x00007ffd07322000 	C:\WINDOWS\System32\winrnr.dll
0x00007ffd27660000 - 0x00007ffd27675000 	C:\WINDOWS\system32\wshbth.dll
0x00007ffce5d30000 - 0x00007ffce5d4f000 	C:\WINDOWS\system32\nlansp_c.dll
0x00007ffd21a40000 - 0x00007ffd21a4a000 	C:\Windows\System32\rasadhlp.dll
0x00007ffd271f0000 - 0x00007ffd27271000 	C:\WINDOWS\System32\fwpuclnt.dll
0x00007ffcf9960000 - 0x00007ffcf99e6000 	C:\Program Files\Java\jdk-19\bin\freetype.dll
0x00007ffcf3480000 - 0x00007ffcf3545000 	C:\Program Files\Java\jdk-19\bin\fontmanager.dll
0x00007ffd1def0000 - 0x00007ffd1e01d000 	C:\WINDOWS\SYSTEM32\textinputframework.dll
0x00007ffd2cd40000 - 0x00007ffd2ce71000 	C:\WINDOWS\SYSTEM32\CoreMessaging.dll
0x00007ffd2a360000 - 0x00007ffd2a6cd000 	C:\WINDOWS\SYSTEM32\CoreUIComponents.dll
0x00007ffd2f8a0000 - 0x00007ffd2f8ac000 	C:\WINDOWS\SYSTEM32\CRYPTBASE.DLL
0x00007ffd211e0000 - 0x00007ffd21280000 	C:\WINDOWS\system32\RICHED20.DLL
0x00007ffd214e0000 - 0x00007ffd2151a000 	C:\WINDOWS\SYSTEM32\msls31.dll
0x00007ffd2b940000 - 0x00007ffd2b959000 	C:\WINDOWS\SYSTEM32\USP10.dll
0x00007ffd32860000 - 0x00007ffd32915000 	C:\WINDOWS\System32\clbcatq.dll
0x00007ffd16d20000 - 0x00007ffd16d7d000 	C:\WINDOWS\system32\dataexchange.dll
0x00007ffd291a0000 - 0x00007ffd29406000 	C:\WINDOWS\system32\twinapi.appcore.dll
0x000000006f280000 - 0x000000006f2d0000 	C:\TeamBots\eclipse_basic\lib\x86_64_nt\ec_java_load.dll
0x0000000068d80000 - 0x0000000068dd1000 	C:\TeamBots\eclipse_basic\lib\x86_64_nt\ec_java.dll
0x0000000066dc0000 - 0x0000000066f08000 	C:\TeamBots\eclipse_basic\lib\x86_64_nt\eclipse.dll
0x00007ffd2eec0000 - 0x00007ffd2eed9000 	C:\WINDOWS\SYSTEM32\NETAPI32.dll
0x00000002599e0000 - 0x0000000259abe000 	C:\TeamBots\eclipse_basic\lib\x86_64_nt\libgmp-10.dll

dbghelp: loaded successfully - version: 4.0.5 - missing functions: none
symbol engine: initialized successfully - sym options: 0x614 - pdb path: .;C:\Program Files\Java\jdk-19\bin;C:\WINDOWS\SYSTEM32;C:\WINDOWS\WinSxS\amd64_microsoft.windows.common-controls_6595b64144ccf1df_6.0.22000.120_none_9d947278b86cc467;C:\Program Files\Java\jdk-19\bin\server;C:\TeamBots\eclipse_basic\lib\x86_64_nt

VM Arguments:
jvm_args: -Declipse.directory=C:\TeamBots\eclipse_basic 
java_command: TBSim.TBSim Competition.dsc
java_class_path (initial): C:\TeamBots\eclipse_basic\lib\eclipse.jar;C:\TeamBots\src;.
Launcher Type: SUN_STANDARD

[Global flags]
     intx CICompilerCount                          = 4                                         {product} {ergonomic}
     uint ConcGCThreads                            = 2                                         {product} {ergonomic}
     uint G1ConcRefinementThreads                  = 8                                         {product} {ergonomic}
   size_t G1HeapRegionSize                         = 1048576                                   {product} {ergonomic}
    uintx GCDrainStackTargetSize                   = 64                                        {product} {ergonomic}
   size_t InitialHeapSize                          = 134217728                                 {product} {ergonomic}
   size_t MarkStackSize                            = 4194304                                   {product} {ergonomic}
   size_t MaxHeapSize                              = 2116026368                                {product} {ergonomic}
   size_t MaxNewSize                               = 1268776960                                {product} {ergonomic}
   size_t MinHeapDeltaBytes                        = 1048576                                   {product} {ergonomic}
   size_t MinHeapSize                              = 8388608                                   {product} {ergonomic}
    uintx NonNMethodCodeHeapSize                   = 5839372                                {pd product} {ergonomic}
    uintx NonProfiledCodeHeapSize                  = 122909434                              {pd product} {ergonomic}
    uintx ProfiledCodeHeapSize                     = 122909434                              {pd product} {ergonomic}
    uintx ReservedCodeCacheSize                    = 251658240                              {pd product} {ergonomic}
     bool SegmentedCodeCache                       = true                                      {product} {ergonomic}
   size_t SoftMaxHeapSize                          = 2116026368                             {manageable} {ergonomic}
     bool UseCompressedClassPointers               = true                           {product lp64_product} {ergonomic}
     bool UseCompressedOops                        = true                           {product lp64_product} {ergonomic}
     bool UseG1GC                                  = true                                      {product} {ergonomic}
     bool UseLargePagesIndividualAllocation        = false                                  {pd product} {ergonomic}

Logging:
Log output configuration:
 #0: stdout all=warning uptime,level,tags foldmultilines=false
 #1: stderr all=off uptime,level,tags foldmultilines=false

Environment Variables:
CLASSPATH=C:\TeamBots\eclipse_basic\lib\eclipse.jar;C:\TeamBots\src;.
PATH=C:\Program Files\Common Files\Oracle\Java\javapath;C:\Program Files (x86)\Common Files\Oracle\Java\javapath;C:\Program Files\Python310\Scripts\;C:\Program Files\Python310\;C:\Program Files (x86)\Intel\iCLS Client\;C:\Program Files\Intel\iCLS Client\;C:\WINDOWS\system32;C:\WINDOWS;C:\WINDOWS\System32\Wbem;C:\WINDOWS\System32\WindowsPowerShell\v1.0\;C:\Program Files (x86)\Intel\Intel(R) Management Engine Components\DAL;C:\Program Files\Intel\Intel(R) Management Engine Components\DAL;C:\Program Files (x86)\Intel\Intel(R) Management Engine Components\IPT;C:\Program Files\Intel\Intel(R) Management Engine Components\IPT;C:\WINDOWS\System32\OpenSSH\;C:\Program Files\Git\cmd;C:\Users\gaeta\AppData\Local\Microsoft\WindowsApps;;C:\Users\gaeta\AppData\Local\Programs\Microsoft VS Code\bin
USERNAME=gaeta
OS=Windows_NT
PROCESSOR_IDENTIFIER=Intel64 Family 6 Model 142 Stepping 10, GenuineIntel
TMP=C:\Users\gaeta\AppData\Local\Temp
TEMP=C:\Users\gaeta\AppData\Local\Temp



---------------  S Y S T E M  ---------------

OS:
 Windows 11 , 64 bit Build 22000 (10.0.22000.1335)
OS uptime: 11 days 4:48 hours

CPU: total 8 (initial active 8) (4 cores per cpu, 2 threads per core) family 6 model 142 stepping 10 microcode 0xe0, cx8, cmov, fxsr, ht, mmx, 3dnowpref, sse, sse2, sse3, ssse3, sse4.1, sse4.2, popcnt, lzcnt, tsc, tscinvbit, avx, avx2, aes, erms, clmul, bmi1, bmi2, adx, fma, vzeroupper, clflush, clflushopt, rdtscp

Memory: 4k page, system-wide physical 8066M (2143M free)
TotalPageFile size 10593M (AvailPageFile size 2231M)
current process WorkingSet (physical memory assigned to process): 215M, peak: 233M
current process commit charge ("private bytes"): 313M, peak: 334M

vm_info: Java HotSpot(TM) 64-Bit Server VM (19.0.1+10-21) for windows-amd64 JRE (19.0.1+10-21), built on 2022-09-14T12:45:06Z by "mach5one" with MS VC++ 17.1 (VS2022)

END.
