#
# A fatal error has been detected by the Java Runtime Environment:
#
#  EXCEPTION_ACCESS_VIOLATION (0xc0000005) at pc=0x00007ffd32b9d4d1, pid=4536, tid=16320
#
# JRE version: Java(TM) SE Runtime Environment (19.0.1+10) (build 19.0.1+10-21)
# Java VM: Java HotSpot(TM) 64-Bit Server VM (19.0.1+10-21, mixed mode, sharing, tiered, compressed oops, compressed class ptrs, g1 gc, windows-amd64)
# Problematic frame:
# C  [ntdll.dll+0x1d4d1]
#
# No core dump will be written. Minidumps are not enabled by default on client versions of Windows
#
# If you would like to submit a bug report, please visit:
#   https://bugreport.java.com/bugreport/crash.jsp
# The crash happened outside the Java Virtual Machine in native code.
# See problematic frame for where to report the bug.
#

---------------  S U M M A R Y ------------

Command Line: -Declipse.directory=C:\TeamBots\eclipse_basic TBSim.TBSim Competition.dsc

Host: Intel(R) Core(TM) i5-8250U CPU @ 1.60GHz, 8 cores, 7G,  Windows 11 , 64 bit Build 22000 (10.0.22000.1335)
Time: Tue Jan  3 17:28:16 2023 ora solare Europa occidentale elapsed time: 41.089072 seconds (0d 0h 0m 41s)

---------------  T H R E A D  ---------------

Current thread (0x00000260f9d5e430):  JavaThread "Finalizer" daemon [_thread_in_native, id=16320, stack(0x000000dfc9100000,0x000000dfc9200000)]

Stack: [0x000000dfc9100000,0x000000dfc9200000],  sp=0x000000dfc91fee70,  free space=1019k
Native frames: (J=compiled Java code, j=interpreted, Vv=VM code, C=native code)
C  [ntdll.dll+0x1d4d1]
C  [ntdll.dll+0x3a76c]
C  [ntdll.dll+0x3a5d2]
C  [eclipse.dll+0xc5c9a]

Java frames: (J=compiled Java code, j=interpreted, Vv=VM code)
j  com.parctechnologies.eclipse.NativeEclipse.Cleanup()V+0
j  com.parctechnologies.eclipse.EmbeddedEclipse.destroy()V+14
j  com.parctechnologies.eclipse.EmbeddedEclipse.finalize()V+1
j  java.lang.System$2.invokeFinalize(Ljava/lang/Object;)V+1 java.base@19.0.1
j  java.lang.ref.Finalizer.runFinalizer(Ljdk/internal/access/JavaLangAccess;)V+115 java.base@19.0.1
j  java.lang.ref.Finalizer$FinalizerThread.run()V+29 java.base@19.0.1
v  ~StubRoutines::call_stub 0x000002608753100e

siginfo: EXCEPTION_ACCESS_VIOLATION (0xc0000005), writing address 0x0000000000000024


Registers:
RAX=0xffffffffffffffff, RBX=0x0000000000000000, RCX=0x0000000000000000, RDX=0x0000000000000000
RSP=0x000000dfc91fee70, RBP=0x0000000000000000, RSI=0x00000000fffffffa, RDI=0x0000000000000000
R8 =0x0000000000000000, R9 =0x0000000066eaa050, R10=0x000002608754f92e, R11=0x00000000824989f0
R12=0x00007ffd32cf4360, R13=0x0000000000000001, R14=0x0000000000000000, R15=0x0000000066eaa048
RIP=0x00007ffd32b9d4d1, EFLAGS=0x0000000000010213


Register to memory mapping:

RIP=0x00007ffd32b9d4d1 ntdll.dll
RAX=0xffffffffffffffff is an unknown value
RBX=0x0 is NULL
RCX=0x0 is NULL
RDX=0x0 is NULL
RSP=0x000000dfc91fee70 is pointing into the stack for thread: 0x00000260f9d5e430
RBP=0x0 is NULL
RSI=0x00000000fffffffa is an unallocated location in the heap
RDI=0x0 is NULL
R8 =0x0 is NULL
R9 =0x0000000066eaa050 eclipse.dll
R10=0x000002608754f92e is at code_begin+1006 in an Interpreter codelet
method entry point (kind = native)  [0x000002608754f540, 0x0000026087550050]  2832 bytes
R11=0x00000000824989f0 is an oop: java.lang.Class 
{0x00000000824989f0} - klass: 'java/lang/Class'
 - ---- fields (total size 14 words):
 - private volatile transient 'classRedefinedCount' 'I' @12  0
 - abstract internal 'klass' 'J' @16  34377127696 (1095710 8)
 - abstract internal 'array_klass' 'J' @24  0 (0 0)
 - abstract internal 'oop_size' 'I' @32  14 (e)
 - abstract internal 'static_oop_field_count' 'I' @36  0
 - private volatile transient 'cachedConstructor' 'Ljava/lang/reflect/Constructor;' @40  NULL (0)
 - private transient 'name' 'Ljava/lang/String;' @44  "com.parctechnologies.eclipse.NativeEclipse"{0x00000000824998c0} (824998c0)
 - private transient 'module' 'Ljava/lang/Module;' @48  a 'java/lang/Module'{0x0000000082475eb0} (82475eb0)
 - private final 'classLoader' 'Ljava/lang/ClassLoader;' @52  a 'jdk/internal/loader/ClassLoaders$AppClassLoader'{0x00000000820cb578} (820cb578)
 - private transient 'classData' 'Ljava/lang/Object;' @56  NULL (0)
 - private transient 'packageName' 'Ljava/lang/String;' @60  "com.parctechnologies.eclipse"{0x0000000082499388} (82499388)
 - private final 'componentType' 'Ljava/lang/Class;' @64  NULL (0)
 - private volatile transient 'reflectionData' 'Ljava/lang/ref/SoftReference;' @68  NULL (0)
 - private volatile transient 'genericInfo' 'Lsun/reflect/generics/repository/ClassRepository;' @72  NULL (0)
 - private volatile transient 'enumConstants' '[Ljava/lang/Object;' @76  NULL (0)
 - private volatile transient 'enumConstantDirectory' 'Ljava/util/Map;' @80  NULL (0)
 - private volatile transient 'annotationData' 'Ljava/lang/Class$AnnotationData;' @84  NULL (0)
 - private volatile transient 'annotationType' 'Lsun/reflect/annotation/AnnotationType;' @88  NULL (0)
 - transient 'classValueMap' 'Ljava/lang/ClassValue$ClassValueMap;' @92  NULL (0)
 - abstract internal 'protection_domain' 'Ljava/lang/Object;' @96  a 'java/security/ProtectionDomain'{0x00000000824993d0} (824993d0)
 - abstract internal 'signers_name' 'Ljava/lang/Object;' @100  NULL (0)
 - abstract internal 'source_file' 'Ljava/lang/Object;' @104  NULL (0)
 - signature: Lcom/parctechnologies/eclipse/NativeEclipse;
 - ---- static fields (0):
R12=0x00007ffd32cf4360 ntdll.dll
R13=0x0000000000000001 is an unknown value
R14=0x0 is NULL
R15=0x0000000066eaa048 eclipse.dll


Top of Stack: (sp=0x000000dfc91fee70)
0x000000dfc91fee70:   ffffffffffffffff 0000000000000000
0x000000dfc91fee80:   0000000000000000 000000dfc91feed8
0x000000dfc91fee90:   000000dfc91fef30 000002608754b8ef
0x000000dfc91feea0:   0000000000000000 0000000000000000
0x000000dfc91feeb0:   0000000000000000 0000000000000000
0x000000dfc91feec0:   000000dfc843e000 0000000000000000
0x000000dfc91feed0:   0000000089c00b58 0000000089c00b58
0x000000dfc91feee0:   0000000084f638a0 000000dfc91feee8
0x000000dfc91feef0:   000000080086a806 000000dfc91fef40
0x000000dfc91fef00:   00000008001c8628 0000000000000000
0x000000dfc91fef10:   000000008207e730 00000008001c8960
0x000000dfc91fef20:   0000000000000000 000000dfc91fef40
0x000000dfc91fef30:   0000a07a0fe707ac 000002608754bd4b
0x000000dfc91fef40:   00000260f9d5e400 0000000000000001
0x000000dfc91fef50:   0000000000000001 0000000000000001
0x000000dfc91fef60:   0000000000000000 00007ffd32bba76c 

Instructions: (pc=0x00007ffd32b9d4d1)
0x00007ffd32b9d3d1:   08 e9 40 ff ff ff cc cc cc cc cc cc cc cc cc 48
0x00007ffd32b9d3e1:   89 5c 24 08 48 89 74 24 10 57 48 83 ec 20 48 8b
0x00007ffd32b9d3f1:   1d 52 b8 15 00 48 85 db 0f 85 4f ba 09 00 33 c0
0x00007ffd32b9d401:   48 8b 5c 24 30 48 8b 74 24 38 48 83 c4 20 5f c3
0x00007ffd32b9d411:   cc cc cc cc cc cc cc cc cc cc cc cc cc cc cc 48
0x00007ffd32b9d421:   89 5c 24 10 48 89 6c 24 18 48 89 74 24 20 57 41
0x00007ffd32b9d431:   54 41 55 41 56 41 57 48 81 ec d0 00 00 00 48 8b
0x00007ffd32b9d441:   05 ca 50 17 00 48 33 c4 48 89 84 24 c0 00 00 00
0x00007ffd32b9d451:   65 48 8b 1c 25 30 00 00 00 4c 8d 25 ff 6e 15 00
0x00007ffd32b9d461:   8b f2 c6 44 24 40 00 33 d2 48 89 5c 24 50 89 54
0x00007ffd32b9d471:   24 44 4c 8b f9 8b ea 49 3b cc 0f 84 66 02 00 00
0x00007ffd32b9d481:   38 15 e1 cc 15 00 0f 85 d6 02 00 00 39 15 f5 cc
0x00007ffd32b9d491:   15 00 0f 85 99 02 00 00 40 38 2d 98 c7 15 00 4c
0x00007ffd32b9d4a1:   8d 35 99 c7 15 00 48 8b dd 4c 0f 45 f3 49 39 5f
0x00007ffd32b9d4b1:   18 0f 84 f4 01 00 00 49 8b 0f 48 83 f9 ff 0f 84
0x00007ffd32b9d4c1:   fc 01 00 00 89 5c 24 48 8b fb 48 83 f9 ff 74 03
0x00007ffd32b9d4d1:   ff 41 24 4d 8b 6f 18 e8 a3 a2 00 00 85 c0 0f 85
0x00007ffd32b9d4e1:   a3 b9 09 00 b9 82 03 fe 7f 80 39 00 0f 85 b1 b9
0x00007ffd32b9d4f1:   09 00 49 83 fd ff 0f 85 7c 02 00 00 4c 8d 64 24
0x00007ffd32b9d501:   58 49 83 e4 fc 49 8d 7f 08 48 89 5c 24 70 48 89
0x00007ffd32b9d511:   5c 24 68 48 89 5c 24 78 48 89 7c 24 58 c7 84 24
0x00007ffd32b9d521:   80 00 00 00 01 00 00 00 65 48 8b 0c 25 30 00 00
0x00007ffd32b9d531:   00 48 8b 41 48 48 89 44 24 60 48 8b c7 48 8b 59
0x00007ffd32b9d541:   60 48 c1 e8 05 48 81 c3 a0 03 00 00 83 e0 7f 48
0x00007ffd32b9d551:   8b 0c c3 4c 8d 0c c3 45 33 db 48 8b d1 48 8d 44
0x00007ffd32b9d561:   24 58 83 e2 03 4c 8b c1 49 0b d4 49 83 e0 fc 4d
0x00007ffd32b9d571:   85 c0 4c 89 44 24 68 49 0f 45 c3 48 89 44 24 78
0x00007ffd32b9d581:   48 8b c2 48 83 c8 02 4d 85 c0 48 0f 45 d0 48 8b
0x00007ffd32b9d591:   c1 f0 49 0f b1 11 0f 85 1c 01 00 00 32 d1 f6 c2
0x00007ffd32b9d5a1:   02 75 7b 8b 07 48 8d 54 24 58 48 8b cb 3b c6 0f
0x00007ffd32b9d5b1:   85 e3 00 00 00 45 33 c9 4d 8b c6 e8 5b 02 00 00
0x00007ffd32b9d5c1:   3d 02 01 00 00 0f 84 83 b9 09 00 33 db 8b 37 40 


Stack slot to memory mapping:
stack at sp + 0 slots: 0xffffffffffffffff is an unknown value
stack at sp + 1 slots: 0x0 is NULL
stack at sp + 2 slots: 0x0 is NULL
stack at sp + 3 slots: 0x000000dfc91feed8 is pointing into the stack for thread: 0x00000260f9d5e430
stack at sp + 4 slots: 0x000000dfc91fef30 is pointing into the stack for thread: 0x00000260f9d5e430
stack at sp + 5 slots: 0x000002608754b8ef is at code_begin+1455 in an Interpreter codelet
return entry points  [0x000002608754b340, 0x000002608754be20]  2784 bytes
stack at sp + 6 slots: 0x0 is NULL
stack at sp + 7 slots: 0x0 is NULL


---------------  P R O C E S S  ---------------

Threads class SMR info:
_java_thread_list=0x000002608f0e3160, length=17, elements={
0x00000260f9d5baf0, 0x00000260f9d5e430, 0x00000260f9d609a0, 0x00000260f9d61b60,
0x00000260f9d62490, 0x00000260f9d64dd0, 0x00000260f9d6be50, 0x00000260f9d700d0,
0x00000260f9d70e50, 0x00000260fe0e4520, 0x00000260fe10d710, 0x00000260fe16a2a0,
0x00000260fe16abf0, 0x00000260fe340180, 0x00000260fe3b3790, 0x00000260fe3c4bf0,
0x00000260ea56f180
}

Java Threads: ( => current thread )
  0x00000260f9d5baf0 JavaThread "Reference Handler" daemon [_thread_blocked, id=10972, stack(0x000000dfc9000000,0x000000dfc9100000)]
=>0x00000260f9d5e430 JavaThread "Finalizer" daemon [_thread_in_native, id=16320, stack(0x000000dfc9100000,0x000000dfc9200000)]
  0x00000260f9d609a0 JavaThread "Signal Dispatcher" daemon [_thread_blocked, id=3828, stack(0x000000dfc9200000,0x000000dfc9300000)]
  0x00000260f9d61b60 JavaThread "Attach Listener" daemon [_thread_blocked, id=18348, stack(0x000000dfc9300000,0x000000dfc9400000)]
  0x00000260f9d62490 JavaThread "Service Thread" daemon [_thread_blocked, id=5416, stack(0x000000dfc9400000,0x000000dfc9500000)]
  0x00000260f9d64dd0 JavaThread "Monitor Deflation Thread" daemon [_thread_blocked, id=10684, stack(0x000000dfc9500000,0x000000dfc9600000)]
  0x00000260f9d6be50 JavaThread "C2 CompilerThread0" daemon [_thread_blocked, id=7084, stack(0x000000dfc9600000,0x000000dfc9700000)]
  0x00000260f9d700d0 JavaThread "C1 CompilerThread0" daemon [_thread_blocked, id=15060, stack(0x000000dfc9700000,0x000000dfc9800000)]
  0x00000260f9d70e50 JavaThread "Sweeper thread" daemon [_thread_blocked, id=20828, stack(0x000000dfc9800000,0x000000dfc9900000)]
  0x00000260fe0e4520 JavaThread "Notification Thread" daemon [_thread_blocked, id=5748, stack(0x000000dfc9900000,0x000000dfc9a00000)]
  0x00000260fe10d710 JavaThread "Common-Cleaner" daemon [_thread_blocked, id=11412, stack(0x000000dfc9b00000,0x000000dfc9c00000)]
  0x00000260fe16a2a0 JavaThread "Java2D Disposer" daemon [_thread_blocked, id=22548, stack(0x000000dfc9c00000,0x000000dfc9d00000)]
  0x00000260fe16abf0 JavaThread "AWT-Shutdown" [_thread_blocked, id=20820, stack(0x000000dfc9d00000,0x000000dfc9e00000)]
  0x00000260fe340180 JavaThread "AWT-Windows" daemon [_thread_in_native, id=4924, stack(0x000000dfc9e00000,0x000000dfc9f00000)]
  0x00000260fe3b3790 JavaThread "Thread-0" [_thread_blocked, id=24028, stack(0x000000dfc9f00000,0x000000dfca000000)]
  0x00000260fe3c4bf0 JavaThread "AWT-EventQueue-0" [_thread_blocked, id=5328, stack(0x000000dfca000000,0x000000dfca100000)]
  0x00000260ea56f180 JavaThread "DestroyJavaVM" [_thread_blocked, id=22192, stack(0x000000dfc8900000,0x000000dfc8a00000)]

Other Threads:
  0x00000260f9d3f310 VMThread "VM Thread" [stack: 0x000000dfc8f00000,0x000000dfc9000000] [id=2064]
  0x00000260fe1092a0 WatcherThread "VM Periodic Task Thread" [stack: 0x000000dfc9a00000,0x000000dfc9b00000] [id=10944]
  0x00000260ea5cf050 WorkerThread "GC Thread#0" [stack: 0x000000dfc8a00000,0x000000dfc8b00000] [id=14592]
  0x000002608f26a150 WorkerThread "GC Thread#1" [stack: 0x000000dfca200000,0x000000dfca300000] [id=18164]
  0x00000260e847b000 WorkerThread "GC Thread#2" [stack: 0x000000dfca800000,0x000000dfca900000] [id=8744]
  0x00000260ffd8a4c0 WorkerThread "GC Thread#3" [stack: 0x000000dfca900000,0x000000dfcaa00000] [id=14812]
  0x00000260ffd89f20 WorkerThread "GC Thread#4" [stack: 0x000000dfcaa00000,0x000000dfcab00000] [id=16228]
  0x00000260ffd8a1f0 WorkerThread "GC Thread#5" [stack: 0x000000dfcab00000,0x000000dfcac00000] [id=8332]
  0x00000260ffd8b000 WorkerThread "GC Thread#6" [stack: 0x000000dfcac00000,0x000000dfcad00000] [id=3864]
  0x00000260ffd8b2d0 WorkerThread "GC Thread#7" [stack: 0x000000dfcad00000,0x000000dfcae00000] [id=15276]
  0x00000260ea5dfef0 ConcurrentGCThread "G1 Main Marker" [stack: 0x000000dfc8b00000,0x000000dfc8c00000] [id=19500]
  0x00000260ea5e1f70 WorkerThread "G1 Conc#0" [stack: 0x000000dfc8c00000,0x000000dfc8d00000] [id=8032]
  0x00000260f9bf80f0 ConcurrentGCThread "G1 Refine#0" [stack: 0x000000dfc8d00000,0x000000dfc8e00000] [id=7788]
  0x00000260f9bf8ad0 ConcurrentGCThread "G1 Service" [stack: 0x000000dfc8e00000,0x000000dfc8f00000] [id=14856]

Threads with active compile tasks:

VM state: not at safepoint (normal execution)

VM Mutex/Monitor currently owned by a thread: None

Heap address: 0x0000000081e00000, size: 2018 MB, Compressed Oops mode: 32-bit

CDS archive(s) mapped at: [0x0000000800000000-0x0000000800c40000-0x0000000800c40000), size 12845056, SharedBaseAddress: 0x0000000800000000, ArchiveRelocationMode: 0.
Compressed class space mapped at: 0x0000000801000000-0x0000000841000000, reserved size: 1073741824
Narrow klass base: 0x0000000800000000, Narrow klass shift: 0, Narrow klass range: 0x100000000

GC Precious Log:
 CardTable entry size: 512
 Card Set container configuration: InlinePtr #cards 5 size 8 Array Of Cards #cards 12 size 40 Howl #buckets 4 coarsen threshold 1843 Howl Bitmap #cards 512 size 80 coarsen threshold 460 Card regions per heap region 1 cards per card region 2048
 CPUs: 8 total, 8 available
 Memory: 8066M
 Large Page Support: Disabled
 NUMA Support: Disabled
 Compressed Oops: Enabled (32-bit)
 Heap Region Size: 1M
 Heap Min Capacity: 8M
 Heap Initial Capacity: 128M
 Heap Max Capacity: 2018M
 Pre-touch: Disabled
 Parallel Workers: 8
 Concurrent Workers: 2
 Concurrent Refinement Workers: 8
 Periodic GC: Disabled

Heap:
 garbage-first heap   total 131072K, used 34909K [0x0000000081e00000, 0x0000000100000000)
  region size 1024K, 18 young (18432K), 5 survivors (5120K)
 Metaspace       used 8991K, committed 9216K, reserved 1114112K
  class space    used 909K, committed 1024K, reserved 1048576K

Heap Regions: E=young(eden), S=young(survivor), O=old, HS=humongous(starts), HC=humongous(continues), CS=collection set, F=free, OA=open archive, CA=closed archive, TAMS=top-at-mark-start (previous, next)
|   0|0x0000000081e00000, 0x0000000081f00000, 0x0000000081f00000|100%|HS|  |TAMS 0x0000000081e00000, 0x0000000081e00000| Complete 
|   1|0x0000000081f00000, 0x0000000082000000, 0x0000000082000000|100%|HC|  |TAMS 0x0000000081f00000, 0x0000000081f00000| Complete 
|   2|0x0000000082000000, 0x0000000082100000, 0x0000000082100000|100%| O|  |TAMS 0x0000000082000000, 0x0000000082000000| Untracked 
|   3|0x0000000082100000, 0x0000000082200000, 0x0000000082200000|100%|HS|  |TAMS 0x0000000082100000, 0x0000000082100000| Complete 
|   4|0x0000000082200000, 0x0000000082300000, 0x0000000082300000|100%|HC|  |TAMS 0x0000000082200000, 0x0000000082200000| Complete 
|   5|0x0000000082300000, 0x0000000082300000, 0x0000000082400000|  0%| F|  |TAMS 0x0000000082300000, 0x0000000082300000| Untracked 
|   6|0x0000000082400000, 0x0000000082500000, 0x0000000082500000|100%| O|  |TAMS 0x0000000082400000, 0x0000000082400000| Untracked 
|   7|0x0000000082500000, 0x0000000082600000, 0x0000000082600000|100%| O|  |TAMS 0x0000000082500000, 0x0000000082500000| Untracked 
|   8|0x0000000082600000, 0x00000000826a1000, 0x0000000082700000| 62%| O|  |TAMS 0x0000000082600000, 0x0000000082600000| Untracked 
|   9|0x0000000082700000, 0x0000000082800000, 0x0000000082800000|100%|HS|  |TAMS 0x0000000082700000, 0x0000000082700000| Complete 
|  10|0x0000000082800000, 0x0000000082900000, 0x0000000082900000|100%|HC|  |TAMS 0x0000000082800000, 0x0000000082800000| Complete 
|  11|0x0000000082900000, 0x0000000082a00000, 0x0000000082a00000|100%|HS|  |TAMS 0x0000000082900000, 0x0000000082900000| Complete 
|  12|0x0000000082a00000, 0x0000000082b00000, 0x0000000082b00000|100%|HC|  |TAMS 0x0000000082a00000, 0x0000000082a00000| Complete 
|  13|0x0000000082b00000, 0x0000000082c00000, 0x0000000082c00000|100%|HS|  |TAMS 0x0000000082b00000, 0x0000000082b00000| Complete 
|  14|0x0000000082c00000, 0x0000000082d00000, 0x0000000082d00000|100%|HS|  |TAMS 0x0000000082c00000, 0x0000000082c00000| Complete 
|  15|0x0000000082d00000, 0x0000000082e00000, 0x0000000082e00000|100%|HC|  |TAMS 0x0000000082d00000, 0x0000000082d00000| Complete 
|  16|0x0000000082e00000, 0x0000000082f00000, 0x0000000082f00000|100%|HS|  |TAMS 0x0000000082e00000, 0x0000000082e00000| Complete 
|  17|0x0000000082f00000, 0x0000000083000000, 0x0000000083000000|100%|HC|  |TAMS 0x0000000082f00000, 0x0000000082f00000| Complete 
|  18|0x0000000083000000, 0x0000000083100000, 0x0000000083100000|100%|HS|  |TAMS 0x0000000083000000, 0x0000000083000000| Complete 
|  19|0x0000000083100000, 0x0000000083100000, 0x0000000083200000|  0%| F|  |TAMS 0x0000000083100000, 0x0000000083100000| Untracked 
|  20|0x0000000083200000, 0x0000000083200000, 0x0000000083300000|  0%| F|  |TAMS 0x0000000083200000, 0x0000000083200000| Untracked 
|  21|0x0000000083300000, 0x0000000083300000, 0x0000000083400000|  0%| F|  |TAMS 0x0000000083300000, 0x0000000083300000| Untracked 
|  22|0x0000000083400000, 0x0000000083400000, 0x0000000083500000|  0%| F|  |TAMS 0x0000000083400000, 0x0000000083400000| Untracked 
|  23|0x0000000083500000, 0x0000000083500000, 0x0000000083600000|  0%| F|  |TAMS 0x0000000083500000, 0x0000000083500000| Untracked 
|  24|0x0000000083600000, 0x0000000083600000, 0x0000000083700000|  0%| F|  |TAMS 0x0000000083600000, 0x0000000083600000| Untracked 
|  25|0x0000000083700000, 0x0000000083700000, 0x0000000083800000|  0%| F|  |TAMS 0x0000000083700000, 0x0000000083700000| Untracked 
|  26|0x0000000083800000, 0x0000000083800000, 0x0000000083900000|  0%| F|  |TAMS 0x0000000083800000, 0x0000000083800000| Untracked 
|  27|0x0000000083900000, 0x0000000083900000, 0x0000000083a00000|  0%| F|  |TAMS 0x0000000083900000, 0x0000000083900000| Untracked 
|  28|0x0000000083a00000, 0x0000000083a00000, 0x0000000083b00000|  0%| F|  |TAMS 0x0000000083a00000, 0x0000000083a00000| Untracked 
|  29|0x0000000083b00000, 0x0000000083b00000, 0x0000000083c00000|  0%| F|  |TAMS 0x0000000083b00000, 0x0000000083b00000| Untracked 
|  30|0x0000000083c00000, 0x0000000083c00000, 0x0000000083d00000|  0%| F|  |TAMS 0x0000000083c00000, 0x0000000083c00000| Untracked 
|  31|0x0000000083d00000, 0x0000000083d00000, 0x0000000083e00000|  0%| F|  |TAMS 0x0000000083d00000, 0x0000000083d00000| Untracked 
|  32|0x0000000083e00000, 0x0000000083e00000, 0x0000000083f00000|  0%| F|  |TAMS 0x0000000083e00000, 0x0000000083e00000| Untracked 
|  33|0x0000000083f00000, 0x0000000083f00000, 0x0000000084000000|  0%| F|  |TAMS 0x0000000083f00000, 0x0000000083f00000| Untracked 
|  34|0x0000000084000000, 0x0000000084000000, 0x0000000084100000|  0%| F|  |TAMS 0x0000000084000000, 0x0000000084000000| Untracked 
|  35|0x0000000084100000, 0x0000000084100000, 0x0000000084200000|  0%| F|  |TAMS 0x0000000084100000, 0x0000000084100000| Untracked 
|  36|0x0000000084200000, 0x0000000084200000, 0x0000000084300000|  0%| F|  |TAMS 0x0000000084200000, 0x0000000084200000| Untracked 
|  37|0x0000000084300000, 0x0000000084300000, 0x0000000084400000|  0%| F|  |TAMS 0x0000000084300000, 0x0000000084300000| Untracked 
|  38|0x0000000084400000, 0x0000000084400000, 0x0000000084500000|  0%| F|  |TAMS 0x0000000084400000, 0x0000000084400000| Untracked 
|  39|0x0000000084500000, 0x0000000084500000, 0x0000000084600000|  0%| F|  |TAMS 0x0000000084500000, 0x0000000084500000| Untracked 
|  40|0x0000000084600000, 0x0000000084600000, 0x0000000084700000|  0%| F|  |TAMS 0x0000000084600000, 0x0000000084600000| Untracked 
|  41|0x0000000084700000, 0x0000000084700000, 0x0000000084800000|  0%| F|  |TAMS 0x0000000084700000, 0x0000000084700000| Untracked 
|  42|0x0000000084800000, 0x0000000084800000, 0x0000000084900000|  0%| F|  |TAMS 0x0000000084800000, 0x0000000084800000| Untracked 
|  43|0x0000000084900000, 0x0000000084900000, 0x0000000084a00000|  0%| F|  |TAMS 0x0000000084900000, 0x0000000084900000| Untracked 
|  44|0x0000000084a00000, 0x0000000084a00000, 0x0000000084b00000|  0%| F|  |TAMS 0x0000000084a00000, 0x0000000084a00000| Untracked 
|  45|0x0000000084b00000, 0x0000000084b00000, 0x0000000084c00000|  0%| F|  |TAMS 0x0000000084b00000, 0x0000000084b00000| Untracked 
|  46|0x0000000084c00000, 0x0000000084c00000, 0x0000000084d00000|  0%| F|  |TAMS 0x0000000084c00000, 0x0000000084c00000| Untracked 
|  47|0x0000000084d00000, 0x0000000084d00000, 0x0000000084e00000|  0%| F|  |TAMS 0x0000000084d00000, 0x0000000084d00000| Untracked 
|  48|0x0000000084e00000, 0x0000000084e00000, 0x0000000084f00000|  0%| F|  |TAMS 0x0000000084e00000, 0x0000000084e00000| Untracked 
|  49|0x0000000084f00000, 0x0000000084f76560, 0x0000000085000000| 46%| S|CS|TAMS 0x0000000084f00000, 0x0000000084f00000| Complete 
|  50|0x0000000085000000, 0x0000000085100000, 0x0000000085100000|100%| S|CS|TAMS 0x0000000085000000, 0x0000000085000000| Complete 
|  51|0x0000000085100000, 0x0000000085200000, 0x0000000085200000|100%| S|CS|TAMS 0x0000000085100000, 0x0000000085100000| Complete 
|  52|0x0000000085200000, 0x0000000085200000, 0x0000000085300000|  0%| F|  |TAMS 0x0000000085200000, 0x0000000085200000| Untracked 
|  53|0x0000000085300000, 0x0000000085300000, 0x0000000085400000|  0%| F|  |TAMS 0x0000000085300000, 0x0000000085300000| Untracked 
|  54|0x0000000085400000, 0x0000000085400000, 0x0000000085500000|  0%| F|  |TAMS 0x0000000085400000, 0x0000000085400000| Untracked 
|  55|0x0000000085500000, 0x0000000085600000, 0x0000000085600000|100%| S|CS|TAMS 0x0000000085500000, 0x0000000085500000| Complete 
|  56|0x0000000085600000, 0x0000000085700000, 0x0000000085700000|100%| S|CS|TAMS 0x0000000085600000, 0x0000000085600000| Complete 
|  57|0x0000000085700000, 0x0000000085700000, 0x0000000085800000|  0%| F|  |TAMS 0x0000000085700000, 0x0000000085700000| Untracked 
|  58|0x0000000085800000, 0x0000000085800000, 0x0000000085900000|  0%| F|  |TAMS 0x0000000085800000, 0x0000000085800000| Untracked 
|  59|0x0000000085900000, 0x0000000085900000, 0x0000000085a00000|  0%| F|  |TAMS 0x0000000085900000, 0x0000000085900000| Untracked 
|  60|0x0000000085a00000, 0x0000000085a00000, 0x0000000085b00000|  0%| F|  |TAMS 0x0000000085a00000, 0x0000000085a00000| Untracked 
|  61|0x0000000085b00000, 0x0000000085b00000, 0x0000000085c00000|  0%| F|  |TAMS 0x0000000085b00000, 0x0000000085b00000| Untracked 
|  62|0x0000000085c00000, 0x0000000085c00000, 0x0000000085d00000|  0%| F|  |TAMS 0x0000000085c00000, 0x0000000085c00000| Untracked 
|  63|0x0000000085d00000, 0x0000000085d00000, 0x0000000085e00000|  0%| F|  |TAMS 0x0000000085d00000, 0x0000000085d00000| Untracked 
|  64|0x0000000085e00000, 0x0000000085e00000, 0x0000000085f00000|  0%| F|  |TAMS 0x0000000085e00000, 0x0000000085e00000| Untracked 
|  65|0x0000000085f00000, 0x0000000085f00000, 0x0000000086000000|  0%| F|  |TAMS 0x0000000085f00000, 0x0000000085f00000| Untracked 
|  66|0x0000000086000000, 0x0000000086000000, 0x0000000086100000|  0%| F|  |TAMS 0x0000000086000000, 0x0000000086000000| Untracked 
|  67|0x0000000086100000, 0x0000000086100000, 0x0000000086200000|  0%| F|  |TAMS 0x0000000086100000, 0x0000000086100000| Untracked 
|  68|0x0000000086200000, 0x0000000086200000, 0x0000000086300000|  0%| F|  |TAMS 0x0000000086200000, 0x0000000086200000| Untracked 
|  69|0x0000000086300000, 0x0000000086300000, 0x0000000086400000|  0%| F|  |TAMS 0x0000000086300000, 0x0000000086300000| Untracked 
|  70|0x0000000086400000, 0x0000000086400000, 0x0000000086500000|  0%| F|  |TAMS 0x0000000086400000, 0x0000000086400000| Untracked 
|  71|0x0000000086500000, 0x0000000086500000, 0x0000000086600000|  0%| F|  |TAMS 0x0000000086500000, 0x0000000086500000| Untracked 
|  72|0x0000000086600000, 0x0000000086600000, 0x0000000086700000|  0%| F|  |TAMS 0x0000000086600000, 0x0000000086600000| Untracked 
|  73|0x0000000086700000, 0x0000000086700000, 0x0000000086800000|  0%| F|  |TAMS 0x0000000086700000, 0x0000000086700000| Untracked 
|  74|0x0000000086800000, 0x0000000086800000, 0x0000000086900000|  0%| F|  |TAMS 0x0000000086800000, 0x0000000086800000| Untracked 
|  75|0x0000000086900000, 0x0000000086900000, 0x0000000086a00000|  0%| F|  |TAMS 0x0000000086900000, 0x0000000086900000| Untracked 
|  76|0x0000000086a00000, 0x0000000086a00000, 0x0000000086b00000|  0%| F|  |TAMS 0x0000000086a00000, 0x0000000086a00000| Untracked 
|  77|0x0000000086b00000, 0x0000000086b00000, 0x0000000086c00000|  0%| F|  |TAMS 0x0000000086b00000, 0x0000000086b00000| Untracked 
|  78|0x0000000086c00000, 0x0000000086c00000, 0x0000000086d00000|  0%| F|  |TAMS 0x0000000086c00000, 0x0000000086c00000| Untracked 
|  79|0x0000000086d00000, 0x0000000086d00000, 0x0000000086e00000|  0%| F|  |TAMS 0x0000000086d00000, 0x0000000086d00000| Untracked 
|  80|0x0000000086e00000, 0x0000000086e00000, 0x0000000086f00000|  0%| F|  |TAMS 0x0000000086e00000, 0x0000000086e00000| Untracked 
|  81|0x0000000086f00000, 0x0000000086f00000, 0x0000000087000000|  0%| F|  |TAMS 0x0000000086f00000, 0x0000000086f00000| Untracked 
|  82|0x0000000087000000, 0x0000000087000000, 0x0000000087100000|  0%| F|  |TAMS 0x0000000087000000, 0x0000000087000000| Untracked 
|  83|0x0000000087100000, 0x0000000087100000, 0x0000000087200000|  0%| F|  |TAMS 0x0000000087100000, 0x0000000087100000| Untracked 
|  84|0x0000000087200000, 0x0000000087200000, 0x0000000087300000|  0%| F|  |TAMS 0x0000000087200000, 0x0000000087200000| Untracked 
|  85|0x0000000087300000, 0x0000000087300000, 0x0000000087400000|  0%| F|  |TAMS 0x0000000087300000, 0x0000000087300000| Untracked 
|  86|0x0000000087400000, 0x0000000087400000, 0x0000000087500000|  0%| F|  |TAMS 0x0000000087400000, 0x0000000087400000| Untracked 
|  87|0x0000000087500000, 0x0000000087500000, 0x0000000087600000|  0%| F|  |TAMS 0x0000000087500000, 0x0000000087500000| Untracked 
|  88|0x0000000087600000, 0x0000000087600000, 0x0000000087700000|  0%| F|  |TAMS 0x0000000087600000, 0x0000000087600000| Untracked 
|  89|0x0000000087700000, 0x0000000087700000, 0x0000000087800000|  0%| F|  |TAMS 0x0000000087700000, 0x0000000087700000| Untracked 
|  90|0x0000000087800000, 0x0000000087800000, 0x0000000087900000|  0%| F|  |TAMS 0x0000000087800000, 0x0000000087800000| Untracked 
|  91|0x0000000087900000, 0x0000000087900000, 0x0000000087a00000|  0%| F|  |TAMS 0x0000000087900000, 0x0000000087900000| Untracked 
|  92|0x0000000087a00000, 0x0000000087a00000, 0x0000000087b00000|  0%| F|  |TAMS 0x0000000087a00000, 0x0000000087a00000| Untracked 
|  93|0x0000000087b00000, 0x0000000087b00000, 0x0000000087c00000|  0%| F|  |TAMS 0x0000000087b00000, 0x0000000087b00000| Untracked 
|  94|0x0000000087c00000, 0x0000000087c00000, 0x0000000087d00000|  0%| F|  |TAMS 0x0000000087c00000, 0x0000000087c00000| Untracked 
|  95|0x0000000087d00000, 0x0000000087d00000, 0x0000000087e00000|  0%| F|  |TAMS 0x0000000087d00000, 0x0000000087d00000| Untracked 
|  96|0x0000000087e00000, 0x0000000087e00000, 0x0000000087f00000|  0%| F|  |TAMS 0x0000000087e00000, 0x0000000087e00000| Untracked 
|  97|0x0000000087f00000, 0x0000000087f00000, 0x0000000088000000|  0%| F|  |TAMS 0x0000000087f00000, 0x0000000087f00000| Untracked 
|  98|0x0000000088000000, 0x0000000088000000, 0x0000000088100000|  0%| F|  |TAMS 0x0000000088000000, 0x0000000088000000| Untracked 
|  99|0x0000000088100000, 0x0000000088100000, 0x0000000088200000|  0%| F|  |TAMS 0x0000000088100000, 0x0000000088100000| Untracked 
| 100|0x0000000088200000, 0x0000000088200000, 0x0000000088300000|  0%| F|  |TAMS 0x0000000088200000, 0x0000000088200000| Untracked 
| 101|0x0000000088300000, 0x0000000088300000, 0x0000000088400000|  0%| F|  |TAMS 0x0000000088300000, 0x0000000088300000| Untracked 
| 102|0x0000000088400000, 0x0000000088400000, 0x0000000088500000|  0%| F|  |TAMS 0x0000000088400000, 0x0000000088400000| Untracked 
| 103|0x0000000088500000, 0x0000000088500000, 0x0000000088600000|  0%| F|  |TAMS 0x0000000088500000, 0x0000000088500000| Untracked 
| 104|0x0000000088600000, 0x0000000088600000, 0x0000000088700000|  0%| F|  |TAMS 0x0000000088600000, 0x0000000088600000| Untracked 
| 105|0x0000000088700000, 0x0000000088700000, 0x0000000088800000|  0%| F|  |TAMS 0x0000000088700000, 0x0000000088700000| Untracked 
| 106|0x0000000088800000, 0x0000000088800000, 0x0000000088900000|  0%| F|  |TAMS 0x0000000088800000, 0x0000000088800000| Untracked 
| 107|0x0000000088900000, 0x0000000088900000, 0x0000000088a00000|  0%| F|  |TAMS 0x0000000088900000, 0x0000000088900000| Untracked 
| 108|0x0000000088a00000, 0x0000000088a00000, 0x0000000088b00000|  0%| F|  |TAMS 0x0000000088a00000, 0x0000000088a00000| Untracked 
| 109|0x0000000088b00000, 0x0000000088b00000, 0x0000000088c00000|  0%| F|  |TAMS 0x0000000088b00000, 0x0000000088b00000| Untracked 
| 110|0x0000000088c00000, 0x0000000088c00000, 0x0000000088d00000|  0%| F|  |TAMS 0x0000000088c00000, 0x0000000088c00000| Untracked 
| 111|0x0000000088d00000, 0x0000000088d00000, 0x0000000088e00000|  0%| F|  |TAMS 0x0000000088d00000, 0x0000000088d00000| Untracked 
| 112|0x0000000088e00000, 0x0000000088e00000, 0x0000000088f00000|  0%| F|  |TAMS 0x0000000088e00000, 0x0000000088e00000| Untracked 
| 113|0x0000000088f00000, 0x0000000088f00000, 0x0000000089000000|  0%| F|  |TAMS 0x0000000088f00000, 0x0000000088f00000| Untracked 
| 114|0x0000000089000000, 0x0000000089000000, 0x0000000089100000|  0%| F|  |TAMS 0x0000000089000000, 0x0000000089000000| Untracked 
| 115|0x0000000089100000, 0x0000000089200000, 0x0000000089200000|100%| E|  |TAMS 0x0000000089100000, 0x0000000089100000| Complete 
| 116|0x0000000089200000, 0x0000000089300000, 0x0000000089300000|100%| E|CS|TAMS 0x0000000089200000, 0x0000000089200000| Complete 
| 117|0x0000000089300000, 0x0000000089400000, 0x0000000089400000|100%| E|CS|TAMS 0x0000000089300000, 0x0000000089300000| Complete 
| 118|0x0000000089400000, 0x0000000089500000, 0x0000000089500000|100%| E|CS|TAMS 0x0000000089400000, 0x0000000089400000| Complete 
| 119|0x0000000089500000, 0x0000000089600000, 0x0000000089600000|100%| E|CS|TAMS 0x0000000089500000, 0x0000000089500000| Complete 
| 120|0x0000000089600000, 0x0000000089700000, 0x0000000089700000|100%| E|CS|TAMS 0x0000000089600000, 0x0000000089600000| Complete 
| 121|0x0000000089700000, 0x0000000089800000, 0x0000000089800000|100%| E|CS|TAMS 0x0000000089700000, 0x0000000089700000| Complete 
| 122|0x0000000089800000, 0x0000000089900000, 0x0000000089900000|100%| E|CS|TAMS 0x0000000089800000, 0x0000000089800000| Complete 
| 123|0x0000000089900000, 0x0000000089a00000, 0x0000000089a00000|100%| E|CS|TAMS 0x0000000089900000, 0x0000000089900000| Complete 
| 124|0x0000000089a00000, 0x0000000089b00000, 0x0000000089b00000|100%| E|CS|TAMS 0x0000000089a00000, 0x0000000089a00000| Complete 
| 125|0x0000000089b00000, 0x0000000089c00000, 0x0000000089c00000|100%| E|CS|TAMS 0x0000000089b00000, 0x0000000089b00000| Complete 
| 126|0x0000000089c00000, 0x0000000089d00000, 0x0000000089d00000|100%| E|CS|TAMS 0x0000000089c00000, 0x0000000089c00000| Complete 
| 127|0x0000000089d00000, 0x0000000089e00000, 0x0000000089e00000|100%| E|CS|TAMS 0x0000000089d00000, 0x0000000089d00000| Complete 

Card table byte_map: [0x00000260f2c10000,0x00000260f3010000] _byte_map_base: 0x00000260f2801000

Marking Bits (Prev, Next): (CMBitMap*) 0x00000260ea5cf680, (CMBitMap*) 0x00000260ea5cf6c0
 Prev Bits: [0x00000260f3410000, 0x00000260f5398000)
 Next Bits: [0x00000260f53a0000, 0x00000260f7328000)

Polling page: 0x00000260e9d40000

Metaspace:

Usage:
  Non-class:      7.89 MB used.
      Class:    909.12 KB used.
       Both:      8.78 MB used.

Virtual space:
  Non-class space:       64.00 MB reserved,       8.00 MB ( 12%) committed,  1 nodes.
      Class space:        1.00 GB reserved,       1.00 MB ( <1%) committed,  1 nodes.
             Both:        1.06 GB reserved,       9.00 MB ( <1%) committed. 

Chunk freelists:
   Non-Class:  17.00 KB
       Class:  2.97 MB
        Both:  2.99 MB

MaxMetaspaceSize: unlimited
CompressedClassSpaceSize: 1.00 GB
Initial GC threshold: 21.00 MB
Current GC threshold: 21.00 MB
CDS: on
MetaspaceReclaimPolicy: balanced
 - commit_granule_bytes: 65536.
 - commit_granule_words: 8192.
 - virtual_space_node_default_size: 8388608.
 - enlarge_chunks_in_place: 1.
 - new_chunks_are_fully_committed: 0.
 - uncommit_free_chunks: 1.
 - use_allocation_guard: 0.


Internal statistics:

num_allocs_failed_limit: 0.
num_arena_births: 238.
num_arena_deaths: 0.
num_vsnodes_births: 2.
num_vsnodes_deaths: 0.
num_space_committed: 144.
num_space_uncommitted: 0.
num_chunks_returned_to_freelist: 0.
num_chunks_taken_from_freelist: 317.
num_chunk_merges: 0.
num_chunk_splits: 217.
num_chunks_enlarged: 138.
num_inconsistent_stats: 0.

CodeHeap 'non-profiled nmethods': size=120000Kb used=1434Kb max_used=1434Kb free=118565Kb
 bounds [0x0000026087ad0000, 0x0000026087d40000, 0x000002608f000000]
CodeHeap 'profiled nmethods': size=120000Kb used=4192Kb max_used=4192Kb free=115807Kb
 bounds [0x0000026080000000, 0x0000026080420000, 0x0000026087530000]
CodeHeap 'non-nmethods': size=5760Kb used=1380Kb max_used=1456Kb free=4379Kb
 bounds [0x0000026087530000, 0x00000260877a0000, 0x0000026087ad0000]
 total_blobs=2939 nmethods=2315 adapters=534
 compilation: enabled
              stopped_count=0, restarted_count=0
 full_count=0

Compilation events (20 events):
Event: 39.681 Thread 0x00000260f9d700d0 nmethod 2308 0x0000026080410c10 code [0x0000026080410de0, 0x0000026080411318]
Event: 39.681 Thread 0x00000260f9d700d0 2309       3       java.awt.Component::getAccessControlContext (22 bytes)
Event: 39.682 Thread 0x00000260f9d700d0 nmethod 2309 0x0000026080411490 code [0x0000026080411640, 0x0000026080411808]
Event: 39.682 Thread 0x00000260f9d700d0 2310   !   3       sun.awt.FontDescriptor::useUnicode (48 bytes)
Event: 39.683 Thread 0x00000260f9d700d0 nmethod 2310 0x0000026080411910 code [0x0000026080411b00, 0x0000026080412038]
Event: 39.882 Thread 0x00000260f9d6be50 2311  s    4       java.awt.Toolkit::getDefaultToolkit (53 bytes)
Event: 39.883 Thread 0x00000260f9d6be50 nmethod 2311 0x0000026087c35d10 code [0x0000026087c35ea0, 0x0000026087c36058]
Event: 40.037 Thread 0x00000260f9d700d0 2312   !   3       java.lang.ref.ReferenceQueue::enqueue (32 bytes)
Event: 40.038 Thread 0x00000260f9d700d0 nmethod 2312 0x0000026080412290 code [0x00000260804124c0, 0x0000026080412e08]
Event: 40.038 Thread 0x00000260f9d700d0 2313       3       java.lang.ref.ReferenceQueue::signal (10 bytes)
Event: 40.038 Thread 0x00000260f9d700d0 nmethod 2313 0x0000026080413190 code [0x0000026080413380, 0x0000026080413788]
Event: 40.409 Thread 0x00000260f9d6be50 2314   !   4       CSAI.unipa.abstractrobot.SimpleN150ExploreSim::turnOnSonar (38 bytes)
Event: 40.410 Thread 0x00000260f9d6be50 nmethod 2314 0x0000026087c36110 code [0x0000026087c362a0, 0x0000026087c36358]
Event: 40.421 Thread 0x00000260f9d6be50 2315       4       java.lang.invoke.LambdaForm$MH/0x0000000801003400::invoke (45 bytes)
Event: 40.423 Thread 0x00000260f9d6be50 nmethod 2315 0x0000026087c36410 code [0x0000026087c365c0, 0x0000026087c36788]
Event: 40.781 Thread 0x00000260f9d700d0 2316       3       EDU.gatech.cc.is.clay.v_Closest_va::Value (123 bytes)
Event: 40.781 Thread 0x00000260f9d700d0 nmethod 2316 0x0000026080413910 code [0x0000026080413b20, 0x00000260804140e8]
Event: 40.829 Thread 0x00000260f9d700d0 2317 % !   3       TBSim.SimulationCanvas::run @ 112 (362 bytes)
Event: 40.830 Thread 0x00000260f9d700d0 nmethod 2317% 0x0000026080414310 code [0x0000026080414640, 0x0000026080415cf8]
Event: 41.048 Thread 0x00000260f9d700d0 2318   !   3       TBSim.SimulationCanvas::run (362 bytes)

GC Heap History (10 events):
Event: 1.393 GC heap before
{Heap before GC invocations=0 (full 0):
 garbage-first heap   total 131072K, used 24576K [0x0000000081e00000, 0x0000000100000000)
  region size 1024K, 23 young (23552K), 0 survivors (0K)
 Metaspace       used 7987K, committed 8192K, reserved 1114112K
  class space    used 869K, committed 960K, reserved 1048576K
}
Event: 1.398 GC heap after
{Heap after GC invocations=1 (full 0):
 garbage-first heap   total 131072K, used 5899K [0x0000000081e00000, 0x0000000100000000)
  region size 1024K, 3 young (3072K), 3 survivors (3072K)
 Metaspace       used 7987K, committed 8192K, reserved 1114112K
  class space    used 869K, committed 960K, reserved 1048576K
}
Event: 2.932 GC heap before
{Heap before GC invocations=1 (full 0):
 garbage-first heap   total 131072K, used 39691K [0x0000000081e00000, 0x0000000100000000)
  region size 1024K, 34 young (34816K), 3 survivors (3072K)
 Metaspace       used 8415K, committed 8640K, reserved 1114112K
  class space    used 907K, committed 1024K, reserved 1048576K
}
Event: 2.937 GC heap after
{Heap after GC invocations=2 (full 0):
 garbage-first heap   total 131072K, used 11011K [0x0000000081e00000, 0x0000000100000000)
  region size 1024K, 3 young (3072K), 3 survivors (3072K)
 Metaspace       used 8415K, committed 8640K, reserved 1114112K
  class space    used 907K, committed 1024K, reserved 1048576K
}
Event: 15.261 GC heap before
{Heap before GC invocations=2 (full 0):
 garbage-first heap   total 131072K, used 85763K [0x0000000081e00000, 0x0000000100000000)
  region size 1024K, 76 young (77824K), 3 survivors (3072K)
 Metaspace       used 8883K, committed 9152K, reserved 1114112K
  class space    used 908K, committed 1024K, reserved 1048576K
}
Event: 15.263 GC heap after
{Heap after GC invocations=3 (full 0):
 garbage-first heap   total 131072K, used 10985K [0x0000000081e00000, 0x0000000100000000)
  region size 1024K, 3 young (3072K), 3 survivors (3072K)
 Metaspace       used 8883K, committed 9152K, reserved 1114112K
  class space    used 908K, committed 1024K, reserved 1048576K
}
Event: 34.148 GC heap before
{Heap before GC invocations=3 (full 0):
 garbage-first heap   total 131072K, used 89833K [0x0000000081e00000, 0x0000000100000000)
  region size 1024K, 76 young (77824K), 3 survivors (3072K)
 Metaspace       used 8931K, committed 9216K, reserved 1114112K
  class space    used 909K, committed 1024K, reserved 1048576K
}
Event: 34.151 GC heap after
{Heap after GC invocations=4 (full 0):
 garbage-first heap   total 131072K, used 18232K [0x0000000081e00000, 0x0000000100000000)
  region size 1024K, 5 young (5120K), 5 survivors (5120K)
 Metaspace       used 8931K, committed 9216K, reserved 1114112K
  class space    used 909K, committed 1024K, reserved 1048576K
}
Event: 40.034 GC heap before
{Heap before GC invocations=4 (full 0):
 garbage-first heap   total 131072K, used 95032K [0x0000000081e00000, 0x0000000100000000)
  region size 1024K, 76 young (77824K), 5 survivors (5120K)
 Metaspace       used 8977K, committed 9216K, reserved 1114112K
  class space    used 909K, committed 1024K, reserved 1048576K
}
Event: 40.037 GC heap after
{Heap after GC invocations=5 (full 0):
 garbage-first heap   total 131072K, used 22621K [0x0000000081e00000, 0x0000000100000000)
  region size 1024K, 5 young (5120K), 5 survivors (5120K)
 Metaspace       used 8977K, committed 9216K, reserved 1114112K
  class space    used 909K, committed 1024K, reserved 1048576K
}

Dll operation events (12 events):
Event: 0.012 Loaded shared library C:\Program Files\Java\jdk-19\bin\java.dll
Event: 0.030 Loaded shared library C:\Program Files\Java\jdk-19\bin\jsvml.dll
Event: 0.084 Loaded shared library C:\Program Files\Java\jdk-19\bin\net.dll
Event: 0.086 Loaded shared library C:\Program Files\Java\jdk-19\bin\nio.dll
Event: 0.094 Loaded shared library C:\Program Files\Java\jdk-19\bin\zip.dll
Event: 0.109 Loaded shared library C:\Program Files\Java\jdk-19\bin\verify.dll
Event: 0.127 Loaded shared library C:\Program Files\Java\jdk-19\bin\jimage.dll
Event: 0.150 Loaded shared library C:\Program Files\Java\jdk-19\bin\awt.dll
Event: 0.278 Loaded shared library C:\Program Files\Java\jdk-19\bin\freetype.dll
Event: 0.279 Loaded shared library C:\Program Files\Java\jdk-19\bin\fontmanager.dll
Event: 1.092 Loaded shared library C:\TeamBots\eclipse_basic\lib\x86_64_nt\ec_java_load.dll
Event: 1.095 Loaded shared library C:\TeamBots\eclipse_basic\lib\x86_64_nt\ec_java.dll

Deoptimization events (20 events):
Event: 19.086 Thread 0x00000260fe3b3790 Uncommon trap: trap_request=0xffffff45 fr.pc=0x0000026087b7e354 relative=0x0000000000000254
Event: 19.086 Thread 0x00000260fe3b3790 Uncommon trap: reason=unstable_if action=reinterpret pc=0x0000026087b7e354 method=EDU.gatech.cc.is.util.Vec2.sub(LEDU/gatech/cc/is/util/Vec2;)V @ 58 c2
Event: 19.086 Thread 0x00000260fe3b3790 DEOPT PACKING pc=0x0000026087b7e354 sp=0x000000dfc9ffee70
Event: 19.086 Thread 0x00000260fe3b3790 DEOPT UNPACKING pc=0x0000026087596da3 sp=0x000000dfc9ffeda0 mode 2
Event: 21.314 Thread 0x00000260fe3c4bf0 DEOPT PACKING pc=0x000002608031b9dd sp=0x000000dfca0feb50
Event: 21.314 Thread 0x00000260fe3c4bf0 DEOPT UNPACKING pc=0x0000026087597543 sp=0x000000dfca0fe028 mode 0
Event: 28.094 Thread 0x00000260fe3b3790 DEOPT PACKING pc=0x0000026080307a07 sp=0x000000dfc9ffee00
Event: 28.094 Thread 0x00000260fe3b3790 DEOPT UNPACKING pc=0x0000026087597543 sp=0x000000dfc9ffe298 mode 0
Event: 35.526 Thread 0x00000260fe3b3790 DEOPT PACKING pc=0x00000260803a6951 sp=0x000000dfc9ffed00
Event: 35.526 Thread 0x00000260fe3b3790 DEOPT UNPACKING pc=0x0000026087597543 sp=0x000000dfc9ffe180 mode 0
Event: 38.052 Thread 0x00000260fe3c4bf0 Uncommon trap: trap_request=0xffffff45 fr.pc=0x0000026087bd2408 relative=0x0000000000003bc8
Event: 38.053 Thread 0x00000260fe3c4bf0 Uncommon trap: reason=unstable_if action=reinterpret pc=0x0000026087bd2408 method=java.io.Reader.read()I @ 12 c2
Event: 38.053 Thread 0x00000260fe3c4bf0 DEOPT PACKING pc=0x0000026087bd2408 sp=0x000000dfca0fe900
Event: 38.053 Thread 0x00000260fe3c4bf0 DEOPT UNPACKING pc=0x0000026087596da3 sp=0x000000dfca0fe800 mode 2
Event: 38.303 Thread 0x00000260fe3c4bf0 DEOPT PACKING pc=0x00000260803d5e9f sp=0x000000dfca0fe6a0
Event: 38.303 Thread 0x00000260fe3c4bf0 DEOPT UNPACKING pc=0x0000026087597543 sp=0x000000dfca0fdbb8 mode 0
Event: 38.563 Thread 0x00000260fe3c4bf0 Uncommon trap: trap_request=0xffffffde fr.pc=0x0000026087baa24c relative=0x000000000000016c
Event: 38.563 Thread 0x00000260fe3c4bf0 Uncommon trap: reason=class_check action=maybe_recompile pc=0x0000026087baa24c method=sun.java2d.SunGraphics2D.drawRect(IIII)V @ 10 c2
Event: 38.563 Thread 0x00000260fe3c4bf0 DEOPT PACKING pc=0x0000026087baa24c sp=0x000000dfca0fe150
Event: 38.563 Thread 0x00000260fe3c4bf0 DEOPT UNPACKING pc=0x0000026087596da3 sp=0x000000dfca0fe0f0 mode 2

Classes loaded (20 events):
Event: 1.707 Loading class java/awt/Event
Event: 1.708 Loading class java/awt/Event done
Event: 2.389 Loading class java/awt/event/TextEvent
Event: 2.389 Loading class java/awt/event/TextEvent done
Event: 2.418 Loading class java/awt/Scrollbar
Event: 2.418 Loading class java/awt/Adjustable
Event: 2.418 Loading class java/awt/Adjustable done
Event: 2.419 Loading class java/awt/Scrollbar done
Event: 2.515 Loading class sun/awt/windows/WButtonPeer$1
Event: 2.515 Loading class sun/awt/windows/WButtonPeer$1 done
Event: 2.516 Loading class sun/awt/SunToolkit$2
Event: 2.516 Loading class sun/awt/SunToolkit$2 done
Event: 3.872 Loading class sun/awt/windows/WCheckboxMenuItemPeer$1
Event: 3.873 Loading class sun/awt/windows/WCheckboxMenuItemPeer$1 done
Event: 14.552 Loading class sun/font/CMap$CMapFormat12
Event: 14.552 Loading class sun/font/CMap$CMapFormat12 done
Event: 14.553 Loading class sun/font/CMap$UVS
Event: 14.553 Loading class sun/font/CMap$UVS done
Event: 16.156 Loading class java/awt/Window$1DisposeAction
Event: 16.156 Loading class java/awt/Window$1DisposeAction done

Classes unloaded (0 events):
No events

Classes redefined (0 events):
No events

Internal exceptions (20 events):
Event: 40.980 Thread 0x00000260fe3b3790 Exception <a 'java/lang/ClassCastException'{0x0000000089383bd8}> (0x0000000089383bd8) 
thrown [s\open\src\hotspot\share\runtime\sharedRuntime.cpp, line 630]
Event: 40.980 Thread 0x00000260fe3b3790 Exception <a 'java/lang/ClassCastException'{0x0000000089384e88}> (0x0000000089384e88) 
thrown [s\open\src\hotspot\share\runtime\sharedRuntime.cpp, line 630]
Event: 40.981 Thread 0x00000260fe3b3790 Exception <a 'java/lang/ClassCastException'{0x0000000089387fa0}> (0x0000000089387fa0) 
thrown [s\open\src\hotspot\share\runtime\sharedRuntime.cpp, line 630]
Event: 40.981 Thread 0x00000260fe3b3790 Exception <a 'java/lang/ClassCastException'{0x00000000893883b0}> (0x00000000893883b0) 
thrown [s\open\src\hotspot\share\runtime\sharedRuntime.cpp, line 630]
Event: 40.997 Thread 0x00000260fe3b3790 Exception <a 'java/lang/ClassCastException'{0x00000000893abd20}> (0x00000000893abd20) 
thrown [s\open\src\hotspot\share\runtime\sharedRuntime.cpp, line 630]
Event: 40.997 Thread 0x00000260fe3b3790 Exception <a 'java/lang/ClassCastException'{0x00000000893acfd0}> (0x00000000893acfd0) 
thrown [s\open\src\hotspot\share\runtime\sharedRuntime.cpp, line 630]
Event: 40.999 Thread 0x00000260fe3b3790 Exception <a 'java/lang/ClassCastException'{0x00000000893b00e8}> (0x00000000893b00e8) 
thrown [s\open\src\hotspot\share\runtime\sharedRuntime.cpp, line 630]
Event: 40.999 Thread 0x00000260fe3b3790 Exception <a 'java/lang/ClassCastException'{0x00000000893b04f8}> (0x00000000893b04f8) 
thrown [s\open\src\hotspot\share\runtime\sharedRuntime.cpp, line 630]
Event: 41.013 Thread 0x00000260fe3b3790 Exception <a 'java/lang/ClassCastException'{0x00000000893d63b8}> (0x00000000893d63b8) 
thrown [s\open\src\hotspot\share\runtime\sharedRuntime.cpp, line 630]
Event: 41.013 Thread 0x00000260fe3b3790 Exception <a 'java/lang/ClassCastException'{0x00000000893d7668}> (0x00000000893d7668) 
thrown [s\open\src\hotspot\share\runtime\sharedRuntime.cpp, line 630]
Event: 41.016 Thread 0x00000260fe3b3790 Exception <a 'java/lang/ClassCastException'{0x00000000893da780}> (0x00000000893da780) 
thrown [s\open\src\hotspot\share\runtime\sharedRuntime.cpp, line 630]
Event: 41.016 Thread 0x00000260fe3b3790 Exception <a 'java/lang/ClassCastException'{0x00000000893dab90}> (0x00000000893dab90) 
thrown [s\open\src\hotspot\share\runtime\sharedRuntime.cpp, line 630]
Event: 41.029 Thread 0x00000260fe3b3790 Exception <a 'java/lang/ClassCastException'{0x00000000893ff310}> (0x00000000893ff310) 
thrown [s\open\src\hotspot\share\runtime\sharedRuntime.cpp, line 630]
Event: 41.029 Thread 0x00000260fe3b3790 Exception <a 'java/lang/ClassCastException'{0x0000000089200a88}> (0x0000000089200a88) 
thrown [s\open\src\hotspot\share\runtime\sharedRuntime.cpp, line 630]
Event: 41.031 Thread 0x00000260fe3b3790 Exception <a 'java/lang/ClassCastException'{0x0000000089203ba0}> (0x0000000089203ba0) 
thrown [s\open\src\hotspot\share\runtime\sharedRuntime.cpp, line 630]
Event: 41.031 Thread 0x00000260fe3b3790 Exception <a 'java/lang/ClassCastException'{0x0000000089203fb0}> (0x0000000089203fb0) 
thrown [s\open\src\hotspot\share\runtime\sharedRuntime.cpp, line 630]
Event: 41.046 Thread 0x00000260fe3b3790 Exception <a 'java/lang/ClassCastException'{0x0000000089229738}> (0x0000000089229738) 
thrown [s\open\src\hotspot\share\runtime\sharedRuntime.cpp, line 630]
Event: 41.046 Thread 0x00000260fe3b3790 Exception <a 'java/lang/ClassCastException'{0x000000008922a9e8}> (0x000000008922a9e8) 
thrown [s\open\src\hotspot\share\runtime\sharedRuntime.cpp, line 630]
Event: 41.048 Thread 0x00000260fe3b3790 Exception <a 'java/lang/ClassCastException'{0x000000008922db00}> (0x000000008922db00) 
thrown [s\open\src\hotspot\share\runtime\sharedRuntime.cpp, line 630]
Event: 41.048 Thread 0x00000260fe3b3790 Exception <a 'java/lang/ClassCastException'{0x000000008922df10}> (0x000000008922df10) 
thrown [s\open\src\hotspot\share\runtime\sharedRuntime.cpp, line 630]

VM Operations (20 events):
Event: 21.265 Executing VM operation: Cleanup
Event: 21.265 Executing VM operation: Cleanup done
Event: 22.265 Executing VM operation: Cleanup
Event: 22.265 Executing VM operation: Cleanup done
Event: 28.268 Executing VM operation: Cleanup
Event: 28.268 Executing VM operation: Cleanup done
Event: 29.269 Executing VM operation: Cleanup
Event: 29.269 Executing VM operation: Cleanup done
Event: 34.148 Executing VM operation: G1CollectForAllocation
Event: 34.151 Executing VM operation: G1CollectForAllocation done
Event: 35.151 Executing VM operation: Cleanup
Event: 35.151 Executing VM operation: Cleanup done
Event: 36.152 Executing VM operation: Cleanup
Event: 36.152 Executing VM operation: Cleanup done
Event: 38.153 Executing VM operation: Cleanup
Event: 38.153 Executing VM operation: Cleanup done
Event: 39.153 Executing VM operation: Cleanup
Event: 39.154 Executing VM operation: Cleanup done
Event: 40.034 Executing VM operation: G1CollectForAllocation
Event: 40.037 Executing VM operation: G1CollectForAllocation done

Events (20 events):
Event: 0.343 Thread 0x00000260ff7f4980 Thread added: 0x00000260ff7f4980
Event: 0.347 Thread 0x00000260ff816610 Thread added: 0x00000260ff816610
Event: 1.211 Thread 0x00000260ff816610 Thread exited: 0x00000260ff816610
Event: 1.329 Thread 0x00000260ff7f4980 Thread exited: 0x00000260ff7f4980
Event: 1.386 Thread 0x00000260ffd177d0 Thread added: 0x00000260ffd177d0
Event: 1.403 Thread 0x000002608f2371b0 Thread added: 0x000002608f2371b0
Event: 1.590 Thread 0x000002608f2371b0 Thread exited: 0x000002608f2371b0
Event: 1.590 Thread 0x00000260ffd177d0 Thread exited: 0x00000260ffd177d0
Event: 1.656 Thread 0x00000260ffda1800 Thread added: 0x00000260ffda1800
Event: 1.656 Thread 0x00000260fff22790 Thread added: 0x00000260fff22790
Event: 1.699 Thread 0x00000260ea56f180 Thread exited: 0x00000260ea56f180
Event: 1.699 Thread 0x00000260ea56f180 Thread added: 0x00000260ea56f180
Event: 1.858 Thread 0x00000260fff22790 Thread exited: 0x00000260fff22790
Event: 2.080 Thread 0x00000260ffda1800 Thread exited: 0x00000260ffda1800
Event: 16.172 Thread 0x00000260ffd6a6d0 Thread added: 0x00000260ffd6a6d0
Event: 16.172 Thread 0x00000260ffd6d350 Thread added: 0x00000260ffd6d350
Event: 16.349 Thread 0x00000260ffd6d350 Thread exited: 0x00000260ffd6d350
Event: 16.349 Thread 0x00000260ffd6a6d0 Thread exited: 0x00000260ffd6a6d0
Event: 18.676 Thread 0x00000260ffd6a6d0 Thread added: 0x00000260ffd6a6d0
Event: 18.857 Thread 0x00000260ffd6a6d0 Thread exited: 0x00000260ffd6a6d0


Dynamic libraries:
0x00007ff6b9940000 - 0x00007ff6b9950000 	C:\Program Files\Java\jdk-19\bin\java.exe
0x00007ffd32b80000 - 0x00007ffd32d89000 	C:\WINDOWS\SYSTEM32\ntdll.dll
0x00007ffd31d90000 - 0x00007ffd31e4e000 	C:\WINDOWS\System32\KERNEL32.DLL
0x00007ffd30050000 - 0x00007ffd303cb000 	C:\WINDOWS\System32\KERNELBASE.dll
0x00007ffd30470000 - 0x00007ffd30581000 	C:\WINDOWS\System32\ucrtbase.dll
0x00007ffd26750000 - 0x00007ffd26768000 	C:\Program Files\Java\jdk-19\bin\jli.dll
0x00007ffd17c20000 - 0x00007ffd17c3b000 	C:\Program Files\Java\jdk-19\bin\VCRUNTIME140.dll
0x00007ffd31530000 - 0x00007ffd315de000 	C:\WINDOWS\System32\ADVAPI32.dll
0x00007ffd32780000 - 0x00007ffd32823000 	C:\WINDOWS\System32\msvcrt.dll
0x00007ffd31ff0000 - 0x00007ffd3208e000 	C:\WINDOWS\System32\sechost.dll
0x00007ffd329a0000 - 0x00007ffd32ac0000 	C:\WINDOWS\System32\RPCRT4.dll
0x00007ffd30ad0000 - 0x00007ffd30c7d000 	C:\WINDOWS\System32\USER32.dll
0x00007ffd1b1b0000 - 0x00007ffd1b455000 	C:\WINDOWS\WinSxS\amd64_microsoft.windows.common-controls_6595b64144ccf1df_6.0.22000.120_none_9d947278b86cc467\COMCTL32.dll
0x00007ffd303d0000 - 0x00007ffd303f6000 	C:\WINDOWS\System32\win32u.dll
0x00007ffd32830000 - 0x00007ffd32859000 	C:\WINDOWS\System32\GDI32.dll
0x00007ffd30820000 - 0x00007ffd30938000 	C:\WINDOWS\System32\gdi32full.dll
0x00007ffd30590000 - 0x00007ffd3062d000 	C:\WINDOWS\System32\msvcp_win.dll
0x00007ffd2ee80000 - 0x00007ffd2ee8a000 	C:\WINDOWS\SYSTEM32\VERSION.dll
0x00007ffd315f0000 - 0x00007ffd31622000 	C:\WINDOWS\System32\IMM32.DLL
0x00007ffd1ff10000 - 0x00007ffd1ff1c000 	C:\Program Files\Java\jdk-19\bin\vcruntime140_1.dll
0x00007ffd02b50000 - 0x00007ffd02bde000 	C:\Program Files\Java\jdk-19\bin\msvcp140.dll
0x00007ffccf710000 - 0x00007ffcd03d0000 	C:\Program Files\Java\jdk-19\bin\server\jvm.dll
0x00007ffd1a980000 - 0x00007ffd1a989000 	C:\WINDOWS\SYSTEM32\WSOCK32.dll
0x00007ffd28470000 - 0x00007ffd284a3000 	C:\WINDOWS\SYSTEM32\WINMM.dll
0x00007ffd32090000 - 0x00007ffd320ff000 	C:\WINDOWS\System32\WS2_32.dll
0x00007ffd2f1c0000 - 0x00007ffd2f1d8000 	C:\WINDOWS\SYSTEM32\kernel.appcore.dll
0x00007ffd160b0000 - 0x00007ffd160ba000 	C:\Program Files\Java\jdk-19\bin\jimage.dll
0x00007ffd2da20000 - 0x00007ffd2dc41000 	C:\WINDOWS\SYSTEM32\DBGHELP.DLL
0x00007ffd1bf80000 - 0x00007ffd1bfb1000 	C:\WINDOWS\SYSTEM32\dbgcore.DLL
0x00007ffd30630000 - 0x00007ffd306af000 	C:\WINDOWS\System32\bcryptPrimitives.dll
0x00007ffd02b20000 - 0x00007ffd02b46000 	C:\Program Files\Java\jdk-19\bin\java.dll
0x00007ffcf2c80000 - 0x00007ffcf2d57000 	C:\Program Files\Java\jdk-19\bin\jsvml.dll
0x00007ffd30c80000 - 0x00007ffd31437000 	C:\WINDOWS\System32\SHELL32.dll
0x00007ffd2e590000 - 0x00007ffd2edf5000 	C:\WINDOWS\SYSTEM32\windows.storage.dll
0x00007ffd31650000 - 0x00007ffd319c8000 	C:\WINDOWS\System32\combase.dll
0x00007ffd2e420000 - 0x00007ffd2e586000 	C:\WINDOWS\SYSTEM32\wintypes.dll
0x00007ffd31ba0000 - 0x00007ffd31c8a000 	C:\WINDOWS\System32\SHCORE.dll
0x00007ffd32ac0000 - 0x00007ffd32b1d000 	C:\WINDOWS\System32\shlwapi.dll
0x00007ffd2ff80000 - 0x00007ffd2ffa1000 	C:\WINDOWS\SYSTEM32\profapi.dll
0x00007ffd02b00000 - 0x00007ffd02b13000 	C:\Program Files\Java\jdk-19\bin\net.dll
0x00007ffd29080000 - 0x00007ffd29194000 	C:\WINDOWS\SYSTEM32\WINHTTP.dll
0x00007ffd2f660000 - 0x00007ffd2f6c7000 	C:\WINDOWS\system32\mswsock.dll
0x00007ffd02ae0000 - 0x00007ffd02af6000 	C:\Program Files\Java\jdk-19\bin\nio.dll
0x00007ffcffa90000 - 0x00007ffcffaa8000 	C:\Program Files\Java\jdk-19\bin\zip.dll
0x00007ffd15bc0000 - 0x00007ffd15bd0000 	C:\Program Files\Java\jdk-19\bin\verify.dll
0x00007ffcf2690000 - 0x00007ffcf2821000 	C:\Program Files\Java\jdk-19\bin\awt.dll
0x00007ffd31440000 - 0x00007ffd31516000 	C:\WINDOWS\System32\OLEAUT32.dll
0x00007ffd2d030000 - 0x00007ffd2d0c2000 	C:\WINDOWS\SYSTEM32\apphelp.dll
0x00007ffd2d550000 - 0x00007ffd2d57f000 	C:\WINDOWS\system32\DWMAPI.DLL
0x00007ffd2d120000 - 0x00007ffd2d1cc000 	C:\WINDOWS\system32\uxtheme.dll
0x00007ffd1c360000 - 0x00007ffd1c461000 	C:\WINDOWS\system32\opengl32.dll
0x00007ffd20150000 - 0x00007ffd2017d000 	C:\WINDOWS\SYSTEM32\GLU32.dll
0x00007ffd2d3d0000 - 0x00007ffd2d408000 	C:\WINDOWS\SYSTEM32\dxcore.dll
0x00007ffd32660000 - 0x00007ffd3277d000 	C:\WINDOWS\System32\MSCTF.dll
0x00007ffd31e50000 - 0x00007ffd31fea000 	C:\WINDOWS\System32\ole32.dll
0x00007ffcf2da0000 - 0x00007ffcf2db7000 	C:\WINDOWS\system32\napinsp.dll
0x00007ffcf3460000 - 0x00007ffcf347b000 	C:\WINDOWS\system32\pnrpnsp.dll
0x00007ffd2e120000 - 0x00007ffd2e208000 	C:\WINDOWS\SYSTEM32\DNSAPI.dll
0x00007ffd2e0f0000 - 0x00007ffd2e11d000 	C:\WINDOWS\SYSTEM32\IPHLPAPI.DLL
0x00007ffd319d0000 - 0x00007ffd319d9000 	C:\WINDOWS\System32\NSI.dll
0x00007ffd07310000 - 0x00007ffd07322000 	C:\WINDOWS\System32\winrnr.dll
0x00007ffd27660000 - 0x00007ffd27675000 	C:\WINDOWS\system32\wshbth.dll
0x00007ffce5d30000 - 0x00007ffce5d4f000 	C:\WINDOWS\system32\nlansp_c.dll
0x00007ffd21a40000 - 0x00007ffd21a4a000 	C:\Windows\System32\rasadhlp.dll
0x00007ffd271f0000 - 0x00007ffd27271000 	C:\WINDOWS\System32\fwpuclnt.dll
0x00007ffcf9960000 - 0x00007ffcf99e6000 	C:\Program Files\Java\jdk-19\bin\freetype.dll
0x00007ffcf3480000 - 0x00007ffcf3545000 	C:\Program Files\Java\jdk-19\bin\fontmanager.dll
0x00007ffd1def0000 - 0x00007ffd1e01d000 	C:\WINDOWS\SYSTEM32\textinputframework.dll
0x00007ffd2cd40000 - 0x00007ffd2ce71000 	C:\WINDOWS\SYSTEM32\CoreMessaging.dll
0x00007ffd2a360000 - 0x00007ffd2a6cd000 	C:\WINDOWS\SYSTEM32\CoreUIComponents.dll
0x00007ffd2f8a0000 - 0x00007ffd2f8ac000 	C:\WINDOWS\SYSTEM32\CRYPTBASE.DLL
0x00007ffd211e0000 - 0x00007ffd21280000 	C:\WINDOWS\system32\RICHED20.DLL
0x00007ffd2b940000 - 0x00007ffd2b959000 	C:\WINDOWS\SYSTEM32\USP10.dll
0x00007ffd214e0000 - 0x00007ffd2151a000 	C:\WINDOWS\SYSTEM32\msls31.dll
0x00007ffd32860000 - 0x00007ffd32915000 	C:\WINDOWS\System32\clbcatq.dll
0x00007ffd16d20000 - 0x00007ffd16d7d000 	C:\WINDOWS\system32\dataexchange.dll
0x00007ffd291a0000 - 0x00007ffd29406000 	C:\WINDOWS\system32\twinapi.appcore.dll
0x000000006f280000 - 0x000000006f2d0000 	C:\TeamBots\eclipse_basic\lib\x86_64_nt\ec_java_load.dll
0x0000000068d80000 - 0x0000000068dd1000 	C:\TeamBots\eclipse_basic\lib\x86_64_nt\ec_java.dll
0x0000000066dc0000 - 0x0000000066f08000 	C:\TeamBots\eclipse_basic\lib\x86_64_nt\eclipse.dll
0x00007ffd2eec0000 - 0x00007ffd2eed9000 	C:\WINDOWS\SYSTEM32\NETAPI32.dll
0x00000002599e0000 - 0x0000000259abe000 	C:\TeamBots\eclipse_basic\lib\x86_64_nt\libgmp-10.dll

dbghelp: loaded successfully - version: 4.0.5 - missing functions: none
symbol engine: initialized successfully - sym options: 0x614 - pdb path: .;C:\Program Files\Java\jdk-19\bin;C:\WINDOWS\SYSTEM32;C:\WINDOWS\WinSxS\amd64_microsoft.windows.common-controls_6595b64144ccf1df_6.0.22000.120_none_9d947278b86cc467;C:\Program Files\Java\jdk-19\bin\server;C:\TeamBots\eclipse_basic\lib\x86_64_nt

VM Arguments:
jvm_args: -Declipse.directory=C:\TeamBots\eclipse_basic 
java_command: TBSim.TBSim Competition.dsc
java_class_path (initial): C:\TeamBots\eclipse_basic\lib\eclipse.jar;C:\TeamBots\src;.
Launcher Type: SUN_STANDARD

[Global flags]
     intx CICompilerCount                          = 4                                         {product} {ergonomic}
     uint ConcGCThreads                            = 2                                         {product} {ergonomic}
     uint G1ConcRefinementThreads                  = 8                                         {product} {ergonomic}
   size_t G1HeapRegionSize                         = 1048576                                   {product} {ergonomic}
    uintx GCDrainStackTargetSize                   = 64                                        {product} {ergonomic}
   size_t InitialHeapSize                          = 134217728                                 {product} {ergonomic}
   size_t MarkStackSize                            = 4194304                                   {product} {ergonomic}
   size_t MaxHeapSize                              = 2116026368                                {product} {ergonomic}
   size_t MaxNewSize                               = 1268776960                                {product} {ergonomic}
   size_t MinHeapDeltaBytes                        = 1048576                                   {product} {ergonomic}
   size_t MinHeapSize                              = 8388608                                   {product} {ergonomic}
    uintx NonNMethodCodeHeapSize                   = 5839372                                {pd product} {ergonomic}
    uintx NonProfiledCodeHeapSize                  = 122909434                              {pd product} {ergonomic}
    uintx ProfiledCodeHeapSize                     = 122909434                              {pd product} {ergonomic}
    uintx ReservedCodeCacheSize                    = 251658240                              {pd product} {ergonomic}
     bool SegmentedCodeCache                       = true                                      {product} {ergonomic}
   size_t SoftMaxHeapSize                          = 2116026368                             {manageable} {ergonomic}
     bool UseCompressedClassPointers               = true                           {product lp64_product} {ergonomic}
     bool UseCompressedOops                        = true                           {product lp64_product} {ergonomic}
     bool UseG1GC                                  = true                                      {product} {ergonomic}
     bool UseLargePagesIndividualAllocation        = false                                  {pd product} {ergonomic}

Logging:
Log output configuration:
 #0: stdout all=warning uptime,level,tags foldmultilines=false
 #1: stderr all=off uptime,level,tags foldmultilines=false

Environment Variables:
CLASSPATH=C:\TeamBots\eclipse_basic\lib\eclipse.jar;C:\TeamBots\src;.
PATH=C:\Program Files\Common Files\Oracle\Java\javapath;C:\Program Files (x86)\Common Files\Oracle\Java\javapath;C:\Program Files\Python310\Scripts\;C:\Program Files\Python310\;C:\Program Files (x86)\Intel\iCLS Client\;C:\Program Files\Intel\iCLS Client\;C:\WINDOWS\system32;C:\WINDOWS;C:\WINDOWS\System32\Wbem;C:\WINDOWS\System32\WindowsPowerShell\v1.0\;C:\Program Files (x86)\Intel\Intel(R) Management Engine Components\DAL;C:\Program Files\Intel\Intel(R) Management Engine Components\DAL;C:\Program Files (x86)\Intel\Intel(R) Management Engine Components\IPT;C:\Program Files\Intel\Intel(R) Management Engine Components\IPT;C:\WINDOWS\System32\OpenSSH\;C:\Program Files\Git\cmd;C:\Users\gaeta\AppData\Local\Microsoft\WindowsApps;;C:\Users\gaeta\AppData\Local\Programs\Microsoft VS Code\bin
USERNAME=gaeta
OS=Windows_NT
PROCESSOR_IDENTIFIER=Intel64 Family 6 Model 142 Stepping 10, GenuineIntel
TMP=C:\Users\gaeta\AppData\Local\Temp
TEMP=C:\Users\gaeta\AppData\Local\Temp



---------------  S Y S T E M  ---------------

OS:
 Windows 11 , 64 bit Build 22000 (10.0.22000.1335)
OS uptime: 11 days 4:49 hours

CPU: total 8 (initial active 8) (4 cores per cpu, 2 threads per core) family 6 model 142 stepping 10 microcode 0xe0, cx8, cmov, fxsr, ht, mmx, 3dnowpref, sse, sse2, sse3, ssse3, sse4.1, sse4.2, popcnt, lzcnt, tsc, tscinvbit, avx, avx2, aes, erms, clmul, bmi1, bmi2, adx, fma, vzeroupper, clflush, clflushopt, rdtscp

Memory: 4k page, system-wide physical 8066M (2197M free)
TotalPageFile size 10593M (AvailPageFile size 2280M)
current process WorkingSet (physical memory assigned to process): 213M, peak: 232M
current process commit charge ("private bytes"): 312M, peak: 333M

vm_info: Java HotSpot(TM) 64-Bit Server VM (19.0.1+10-21) for windows-amd64 JRE (19.0.1+10-21), built on 2022-09-14T12:45:06Z by "mach5one" with MS VC++ 17.1 (VS2022)

END.
