#
# A fatal error has been detected by the Java Runtime Environment:
#
#  EXCEPTION_ACCESS_VIOLATION (0xc0000005) at pc=0x00007ffa1affd4d1, pid=10824, tid=13776
#
# JRE version: Java(TM) SE Runtime Environment (19.0.1+10) (build 19.0.1+10-21)
# Java VM: Java HotSpot(TM) 64-Bit Server VM (19.0.1+10-21, mixed mode, sharing, tiered, compressed oops, compressed class ptrs, g1 gc, windows-amd64)
# Problematic frame:
# C  [ntdll.dll+0x1d4d1]
#
# No core dump will be written. Minidumps are not enabled by default on client versions of Windows
#
# If you would like to submit a bug report, please visit:
#   https://bugreport.java.com/bugreport/crash.jsp
# The crash happened outside the Java Virtual Machine in native code.
# See problematic frame for where to report the bug.
#

---------------  S U M M A R Y ------------

Command Line: -Declipse.directory=C:\TeamBots\eclipse_basic TBSim.TBSim Competition.dsc

Host: Intel(R) Core(TM) i5-8250U CPU @ 1.60GHz, 8 cores, 7G,  Windows 11 , 64 bit Build 22000 (10.0.22000.1219)
Time: Wed Nov 30 16:07:07 2022 ora solare Europa occidentale elapsed time: 1521.700008 seconds (0d 0h 25m 21s)

---------------  T H R E A D  ---------------

Current thread (0x000001a7ddeca650):  JavaThread "Finalizer" daemon [_thread_in_native, id=13776, stack(0x000000308f200000,0x000000308f300000)]

Stack: [0x000000308f200000,0x000000308f300000],  sp=0x000000308f2feea0,  free space=1019k
Native frames: (J=compiled Java code, j=interpreted, Vv=VM code, C=native code)
C  [ntdll.dll+0x1d4d1]
C  [ntdll.dll+0x3a76c]
C  [ntdll.dll+0x3a5d2]
C  [eclipse.dll+0xc5c9a]

Java frames: (J=compiled Java code, j=interpreted, Vv=VM code)
j  com.parctechnologies.eclipse.NativeEclipse.Cleanup()V+0
j  com.parctechnologies.eclipse.EmbeddedEclipse.destroy()V+14
j  com.parctechnologies.eclipse.EmbeddedEclipse.finalize()V+1
j  java.lang.System$2.invokeFinalize(Ljava/lang/Object;)V+1 java.base@19.0.1
j  java.lang.ref.Finalizer.runFinalizer(Ljdk/internal/access/JavaLangAccess;)V+115 java.base@19.0.1
j  java.lang.ref.Finalizer$FinalizerThread.run()V+29 java.base@19.0.1
v  ~StubRoutines::call_stub 0x000001a7ceb7100e

siginfo: EXCEPTION_ACCESS_VIOLATION (0xc0000005), writing address 0x0000000000000024


Registers:
RAX=0xffffffffffffffff, RBX=0x0000000000000000, RCX=0x0000000000000000, RDX=0x0000000000000000
RSP=0x000000308f2feea0, RBP=0x0000000000000000, RSI=0x00000000fffffffa, RDI=0x0000000000000000
R8 =0x0000000000000000, R9 =0x0000000066eaa050, R10=0x000001a7ceb8f92e, R11=0x00000000824c5ba0
R12=0x00007ffa1b154360, R13=0x0000000000000001, R14=0x0000000000000000, R15=0x0000000066eaa048
RIP=0x00007ffa1affd4d1, EFLAGS=0x0000000000010213


Register to memory mapping:

RIP=0x00007ffa1affd4d1 ntdll.dll
RAX=0xffffffffffffffff is an unknown value
RBX=0x0 is NULL
RCX=0x0 is NULL
RDX=0x0 is NULL
RSP=0x000000308f2feea0 is pointing into the stack for thread: 0x000001a7ddeca650
RBP=0x0 is NULL
RSI=0x00000000fffffffa is an unallocated location in the heap
RDI=0x0 is NULL
R8 =0x0 is NULL
R9 =0x0000000066eaa050 eclipse.dll
R10=0x000001a7ceb8f92e is at code_begin+1006 in an Interpreter codelet
method entry point (kind = native)  [0x000001a7ceb8f540, 0x000001a7ceb90050]  2832 bytes
R11=0x00000000824c5ba0 is an oop: java.lang.Class 
{0x00000000824c5ba0} - klass: 'java/lang/Class'
 - ---- fields (total size 14 words):
 - private volatile transient 'classRedefinedCount' 'I' @12  0
 - abstract internal 'klass' 'J' @16  34377127144 (10954e8 8)
 - abstract internal 'array_klass' 'J' @24  0 (0 0)
 - abstract internal 'oop_size' 'I' @32  14 (e)
 - abstract internal 'static_oop_field_count' 'I' @36  0
 - private volatile transient 'cachedConstructor' 'Ljava/lang/reflect/Constructor;' @40  NULL (0)
 - private transient 'name' 'Ljava/lang/String;' @44  "com.parctechnologies.eclipse.NativeEclipse"{0x00000000824c5c10} (824c5c10)
 - private transient 'module' 'Ljava/lang/Module;' @48  a 'java/lang/Module'{0x00000000820e59b0} (820e59b0)
 - private final 'classLoader' 'Ljava/lang/ClassLoader;' @52  a 'jdk/internal/loader/ClassLoaders$AppClassLoader'{0x0000000082045a28} (82045a28)
 - private transient 'classData' 'Ljava/lang/Object;' @56  NULL (0)
 - private transient 'packageName' 'Ljava/lang/String;' @60  "com.parctechnologies.eclipse"{0x0000000082492520} (82492520)
 - private final 'componentType' 'Ljava/lang/Class;' @64  NULL (0)
 - private volatile transient 'reflectionData' 'Ljava/lang/ref/SoftReference;' @68  NULL (0)
 - private volatile transient 'genericInfo' 'Lsun/reflect/generics/repository/ClassRepository;' @72  NULL (0)
 - private volatile transient 'enumConstants' '[Ljava/lang/Object;' @76  NULL (0)
 - private volatile transient 'enumConstantDirectory' 'Ljava/util/Map;' @80  NULL (0)
 - private volatile transient 'annotationData' 'Ljava/lang/Class$AnnotationData;' @84  NULL (0)
 - private volatile transient 'annotationType' 'Lsun/reflect/annotation/AnnotationType;' @88  NULL (0)
 - transient 'classValueMap' 'Ljava/lang/ClassValue$ClassValueMap;' @92  NULL (0)
 - abstract internal 'protection_domain' 'Ljava/lang/Object;' @96  a 'java/security/ProtectionDomain'{0x0000000082492038} (82492038)
 - abstract internal 'signers_name' 'Ljava/lang/Object;' @100  NULL (0)
 - abstract internal 'source_file' 'Ljava/lang/Object;' @104  NULL (0)
 - signature: Lcom/parctechnologies/eclipse/NativeEclipse;
 - ---- static fields (0):
R12=0x00007ffa1b154360 ntdll.dll
R13=0x0000000000000001 is an unknown value
R14=0x0 is NULL
R15=0x0000000066eaa048 eclipse.dll


Top of Stack: (sp=0x000000308f2feea0)
0x000000308f2feea0:   ffffffffffffffff 0000000000000000
0x000000308f2feeb0:   0000000000000000 000000308f2fef08
0x000000308f2feec0:   000000308f2fef60 000001a7ceb8b8ef
0x000000308f2feed0:   0000000000000000 0000000000000000
0x000000308f2feee0:   0000000000000000 0000000000000000
0x000000308f2feef0:   000000308e490000 0000000000000000
0x000000308f2fef00:   0000000089d80c00 0000000089d80c00
0x000000308f2fef10:   0000000084f85488 000000308f2fef18
0x000000308f2fef20:   000000080086a806 000000308f2fef70
0x000000308f2fef30:   00000008001c8628 0000000000000000
0x000000308f2fef40:   00000000825d7860 00000008001c8960
0x000000308f2fef50:   0000000000000000 000000308f2fef70
0x000000308f2fef60:   0000c058eab92176 000001a7ceb8bd4b
0x000000308f2fef70:   000001a7ddeca600 0000000000000001
0x000000308f2fef80:   0000000000000001 0000000000000001
0x000000308f2fef90:   0000000000000000 00007ffa1b01a76c 

Instructions: (pc=0x00007ffa1affd4d1)
0x00007ffa1affd3d1:   08 e9 40 ff ff ff cc cc cc cc cc cc cc cc cc 48
0x00007ffa1affd3e1:   89 5c 24 08 48 89 74 24 10 57 48 83 ec 20 48 8b
0x00007ffa1affd3f1:   1d 52 b8 15 00 48 85 db 0f 85 4f ba 09 00 33 c0
0x00007ffa1affd401:   48 8b 5c 24 30 48 8b 74 24 38 48 83 c4 20 5f c3
0x00007ffa1affd411:   cc cc cc cc cc cc cc cc cc cc cc cc cc cc cc 48
0x00007ffa1affd421:   89 5c 24 10 48 89 6c 24 18 48 89 74 24 20 57 41
0x00007ffa1affd431:   54 41 55 41 56 41 57 48 81 ec d0 00 00 00 48 8b
0x00007ffa1affd441:   05 ca 50 17 00 48 33 c4 48 89 84 24 c0 00 00 00
0x00007ffa1affd451:   65 48 8b 1c 25 30 00 00 00 4c 8d 25 ff 6e 15 00
0x00007ffa1affd461:   8b f2 c6 44 24 40 00 33 d2 48 89 5c 24 50 89 54
0x00007ffa1affd471:   24 44 4c 8b f9 8b ea 49 3b cc 0f 84 66 02 00 00
0x00007ffa1affd481:   38 15 e1 cc 15 00 0f 85 d6 02 00 00 39 15 f5 cc
0x00007ffa1affd491:   15 00 0f 85 99 02 00 00 40 38 2d 98 c7 15 00 4c
0x00007ffa1affd4a1:   8d 35 99 c7 15 00 48 8b dd 4c 0f 45 f3 49 39 5f
0x00007ffa1affd4b1:   18 0f 84 f4 01 00 00 49 8b 0f 48 83 f9 ff 0f 84
0x00007ffa1affd4c1:   fc 01 00 00 89 5c 24 48 8b fb 48 83 f9 ff 74 03
0x00007ffa1affd4d1:   ff 41 24 4d 8b 6f 18 e8 a3 a2 00 00 85 c0 0f 85
0x00007ffa1affd4e1:   a3 b9 09 00 b9 82 03 fe 7f 80 39 00 0f 85 b1 b9
0x00007ffa1affd4f1:   09 00 49 83 fd ff 0f 85 7c 02 00 00 4c 8d 64 24
0x00007ffa1affd501:   58 49 83 e4 fc 49 8d 7f 08 48 89 5c 24 70 48 89
0x00007ffa1affd511:   5c 24 68 48 89 5c 24 78 48 89 7c 24 58 c7 84 24
0x00007ffa1affd521:   80 00 00 00 01 00 00 00 65 48 8b 0c 25 30 00 00
0x00007ffa1affd531:   00 48 8b 41 48 48 89 44 24 60 48 8b c7 48 8b 59
0x00007ffa1affd541:   60 48 c1 e8 05 48 81 c3 a0 03 00 00 83 e0 7f 48
0x00007ffa1affd551:   8b 0c c3 4c 8d 0c c3 45 33 db 48 8b d1 48 8d 44
0x00007ffa1affd561:   24 58 83 e2 03 4c 8b c1 49 0b d4 49 83 e0 fc 4d
0x00007ffa1affd571:   85 c0 4c 89 44 24 68 49 0f 45 c3 48 89 44 24 78
0x00007ffa1affd581:   48 8b c2 48 83 c8 02 4d 85 c0 48 0f 45 d0 48 8b
0x00007ffa1affd591:   c1 f0 49 0f b1 11 0f 85 1c 01 00 00 32 d1 f6 c2
0x00007ffa1affd5a1:   02 75 7b 8b 07 48 8d 54 24 58 48 8b cb 3b c6 0f
0x00007ffa1affd5b1:   85 e3 00 00 00 45 33 c9 4d 8b c6 e8 5b 02 00 00
0x00007ffa1affd5c1:   3d 02 01 00 00 0f 84 83 b9 09 00 33 db 8b 37 40 


Stack slot to memory mapping:
stack at sp + 0 slots: 0xffffffffffffffff is an unknown value
stack at sp + 1 slots: 0x0 is NULL
stack at sp + 2 slots: 0x0 is NULL
stack at sp + 3 slots: 0x000000308f2fef08 is pointing into the stack for thread: 0x000001a7ddeca650
stack at sp + 4 slots: 0x000000308f2fef60 is pointing into the stack for thread: 0x000001a7ddeca650
stack at sp + 5 slots: 0x000001a7ceb8b8ef is at code_begin+1455 in an Interpreter codelet
return entry points  [0x000001a7ceb8b340, 0x000001a7ceb8be20]  2784 bytes
stack at sp + 6 slots: 0x0 is NULL
stack at sp + 7 slots: 0x0 is NULL


---------------  P R O C E S S  ---------------

Threads class SMR info:
_java_thread_list=0x000001a7e243ddd0, length=17, elements={
0x000001a7ddec9b20, 0x000001a7ddeca650, 0x000001a7dded0fb0, 0x000001a7dded18e0,
0x000001a7dded3580, 0x000001a7dded3eb0, 0x000001a7dded6b20, 0x000001a7ddeda990,
0x000001a7ddee6330, 0x000001a7e220e250, 0x000001a7e22160f0, 0x000001a7e240e4f0,
0x000001a7e2413500, 0x000001a7e24165e0, 0x000001a7e247fcb0, 0x000001a7e2484c80,
0x000001a7bf6ca900
}

Java Threads: ( => current thread )
  0x000001a7ddec9b20 JavaThread "Reference Handler" daemon [_thread_blocked, id=1684, stack(0x000000308f100000,0x000000308f200000)]
=>0x000001a7ddeca650 JavaThread "Finalizer" daemon [_thread_in_native, id=13776, stack(0x000000308f200000,0x000000308f300000)]
  0x000001a7dded0fb0 JavaThread "Signal Dispatcher" daemon [_thread_blocked, id=13784, stack(0x000000308f300000,0x000000308f400000)]
  0x000001a7dded18e0 JavaThread "Attach Listener" daemon [_thread_blocked, id=16560, stack(0x000000308f400000,0x000000308f500000)]
  0x000001a7dded3580 JavaThread "Service Thread" daemon [_thread_blocked, id=11432, stack(0x000000308f500000,0x000000308f600000)]
  0x000001a7dded3eb0 JavaThread "Monitor Deflation Thread" daemon [_thread_blocked, id=9464, stack(0x000000308f600000,0x000000308f700000)]
  0x000001a7dded6b20 JavaThread "C2 CompilerThread0" daemon [_thread_blocked, id=9476, stack(0x000000308f700000,0x000000308f800000)]
  0x000001a7ddeda990 JavaThread "C1 CompilerThread0" daemon [_thread_blocked, id=5400, stack(0x000000308f800000,0x000000308f900000)]
  0x000001a7ddee6330 JavaThread "Sweeper thread" daemon [_thread_blocked, id=12448, stack(0x000000308f900000,0x000000308fa00000)]
  0x000001a7e220e250 JavaThread "Notification Thread" daemon [_thread_blocked, id=15072, stack(0x000000308fa00000,0x000000308fb00000)]
  0x000001a7e22160f0 JavaThread "Common-Cleaner" daemon [_thread_blocked, id=720, stack(0x000000308fc00000,0x000000308fd00000)]
  0x000001a7e240e4f0 JavaThread "Java2D Disposer" daemon [_thread_blocked, id=12456, stack(0x000000308fd00000,0x000000308fe00000)]
  0x000001a7e2413500 JavaThread "AWT-Shutdown" [_thread_blocked, id=2092, stack(0x000000308fe00000,0x000000308ff00000)]
  0x000001a7e24165e0 JavaThread "AWT-Windows" daemon [_thread_in_native, id=9160, stack(0x000000308ff00000,0x0000003090000000)]
  0x000001a7e247fcb0 JavaThread "Thread-0" [_thread_blocked, id=8152, stack(0x0000003090000000,0x0000003090100000)]
  0x000001a7e2484c80 JavaThread "AWT-EventQueue-0" [_thread_blocked, id=15864, stack(0x0000003090100000,0x0000003090200000)]
  0x000001a7bf6ca900 JavaThread "DestroyJavaVM" [_thread_blocked, id=12108, stack(0x000000308ea00000,0x000000308eb00000)]

Other Threads:
  0x000001a7ddead660 VMThread "VM Thread" [stack: 0x000000308f000000,0x000000308f100000] [id=9200]
  0x000001a7e2213c80 WatcherThread "VM Periodic Task Thread" [stack: 0x000000308fb00000,0x000000308fc00000] [id=14180]
  0x000001a7bf72cb80 WorkerThread "GC Thread#0" [stack: 0x000000308eb00000,0x000000308ec00000] [id=5968]
  0x000001a7e42bdb60 WorkerThread "GC Thread#1" [stack: 0x0000003090500000,0x0000003090600000] [id=5564]
  0x000001a7bd45ab80 WorkerThread "GC Thread#2" [stack: 0x0000003090600000,0x0000003090700000] [id=10272]
  0x000001a7e444be20 WorkerThread "GC Thread#3" [stack: 0x0000003090700000,0x0000003090800000] [id=5328]
  0x000001a7e444bb50 WorkerThread "GC Thread#4" [stack: 0x0000003090800000,0x0000003090900000] [id=5852]
  0x000001a7e444c960 WorkerThread "GC Thread#5" [stack: 0x0000003090900000,0x0000003090a00000] [id=2740]
  0x000001a7e444b5b0 WorkerThread "GC Thread#6" [stack: 0x0000003090a00000,0x0000003090b00000] [id=4024]
  0x000001a7e444c0f0 WorkerThread "GC Thread#7" [stack: 0x0000003090b00000,0x0000003090c00000] [id=14112]
  0x000001a7bf73e730 ConcurrentGCThread "G1 Main Marker" [stack: 0x000000308ec00000,0x000000308ed00000] [id=11132]
  0x000001a7bf73f460 WorkerThread "G1 Conc#0" [stack: 0x000000308ed00000,0x000000308ee00000] [id=13832]
  0x000001a7bf79e990 ConcurrentGCThread "G1 Refine#0" [stack: 0x000000308ee00000,0x000000308ef00000] [id=17268]
  0x000001a7ddd6b500 ConcurrentGCThread "G1 Service" [stack: 0x000000308ef00000,0x000000308f000000] [id=5272]

Threads with active compile tasks:

VM state: not at safepoint (normal execution)

VM Mutex/Monitor currently owned by a thread: None

Heap address: 0x0000000081e00000, size: 2018 MB, Compressed Oops mode: 32-bit

CDS archive(s) mapped at: [0x0000000800000000-0x0000000800c40000-0x0000000800c40000), size 12845056, SharedBaseAddress: 0x0000000800000000, ArchiveRelocationMode: 0.
Compressed class space mapped at: 0x0000000801000000-0x0000000841000000, reserved size: 1073741824
Narrow klass base: 0x0000000800000000, Narrow klass shift: 0, Narrow klass range: 0x100000000

GC Precious Log:
 CardTable entry size: 512
 Card Set container configuration: InlinePtr #cards 5 size 8 Array Of Cards #cards 12 size 40 Howl #buckets 4 coarsen threshold 1843 Howl Bitmap #cards 512 size 80 coarsen threshold 460 Card regions per heap region 1 cards per card region 2048
 CPUs: 8 total, 8 available
 Memory: 8066M
 Large Page Support: Disabled
 NUMA Support: Disabled
 Compressed Oops: Enabled (32-bit)
 Heap Region Size: 1M
 Heap Min Capacity: 8M
 Heap Initial Capacity: 128M
 Heap Max Capacity: 2018M
 Pre-touch: Disabled
 Parallel Workers: 8
 Concurrent Workers: 2
 Concurrent Refinement Workers: 8
 Periodic GC: Disabled

Heap:
 garbage-first heap   total 131072K, used 63735K [0x0000000081e00000, 0x0000000100000000)
  region size 1024K, 45 young (46080K), 3 survivors (3072K)
 Metaspace       used 9223K, committed 9472K, reserved 1114112K
  class space    used 912K, committed 1024K, reserved 1048576K

Heap Regions: E=young(eden), S=young(survivor), O=old, HS=humongous(starts), HC=humongous(continues), CS=collection set, F=free, OA=open archive, CA=closed archive, TAMS=top-at-mark-start (previous, next)
|   0|0x0000000081e00000, 0x0000000081f00000, 0x0000000081f00000|100%|HS|  |TAMS 0x0000000081e00000, 0x0000000081e00000| Complete 
|   1|0x0000000081f00000, 0x0000000082000000, 0x0000000082000000|100%|HC|  |TAMS 0x0000000081f00000, 0x0000000081f00000| Complete 
|   2|0x0000000082000000, 0x0000000082100000, 0x0000000082100000|100%| O|  |TAMS 0x0000000082000000, 0x0000000082000000| Untracked 
|   3|0x0000000082100000, 0x0000000082200000, 0x0000000082200000|100%|HS|  |TAMS 0x0000000082100000, 0x0000000082100000| Complete 
|   4|0x0000000082200000, 0x0000000082300000, 0x0000000082300000|100%|HC|  |TAMS 0x0000000082200000, 0x0000000082200000| Complete 
|   5|0x0000000082300000, 0x00000000823a6800, 0x0000000082400000| 65%| O|  |TAMS 0x0000000082300000, 0x0000000082300000| Untracked 
|   6|0x0000000082400000, 0x0000000082500000, 0x0000000082500000|100%| O|  |TAMS 0x0000000082400000, 0x0000000082400000| Untracked 
|   7|0x0000000082500000, 0x0000000082600000, 0x0000000082600000|100%| O|  |TAMS 0x0000000082500000, 0x0000000082500000| Untracked 
|   8|0x0000000082600000, 0x0000000082700000, 0x0000000082700000|100%| O|  |TAMS 0x0000000082600000, 0x0000000082600000| Untracked 
|   9|0x0000000082700000, 0x0000000082800000, 0x0000000082800000|100%|HS|  |TAMS 0x0000000082700000, 0x0000000082700000| Complete 
|  10|0x0000000082800000, 0x0000000082900000, 0x0000000082900000|100%|HC|  |TAMS 0x0000000082800000, 0x0000000082800000| Complete 
|  11|0x0000000082900000, 0x0000000082a00000, 0x0000000082a00000|100%|HS|  |TAMS 0x0000000082900000, 0x0000000082900000| Complete 
|  12|0x0000000082a00000, 0x0000000082b00000, 0x0000000082b00000|100%|HC|  |TAMS 0x0000000082a00000, 0x0000000082a00000| Complete 
|  13|0x0000000082b00000, 0x0000000082c00000, 0x0000000082c00000|100%|HS|  |TAMS 0x0000000082b00000, 0x0000000082b00000| Complete 
|  14|0x0000000082c00000, 0x0000000082d00000, 0x0000000082d00000|100%|HS|  |TAMS 0x0000000082c00000, 0x0000000082c00000| Complete 
|  15|0x0000000082d00000, 0x0000000082e00000, 0x0000000082e00000|100%|HC|  |TAMS 0x0000000082d00000, 0x0000000082d00000| Complete 
|  16|0x0000000082e00000, 0x0000000082f00000, 0x0000000082f00000|100%|HS|  |TAMS 0x0000000082e00000, 0x0000000082e00000| Complete 
|  17|0x0000000082f00000, 0x0000000083000000, 0x0000000083000000|100%|HC|  |TAMS 0x0000000082f00000, 0x0000000082f00000| Complete 
|  18|0x0000000083000000, 0x0000000083100000, 0x0000000083100000|100%|HS|  |TAMS 0x0000000083000000, 0x0000000083000000| Complete 
|  19|0x0000000083100000, 0x0000000083100000, 0x0000000083200000|  0%| F|  |TAMS 0x0000000083100000, 0x0000000083100000| Untracked 
|  20|0x0000000083200000, 0x0000000083200000, 0x0000000083300000|  0%| F|  |TAMS 0x0000000083200000, 0x0000000083200000| Untracked 
|  21|0x0000000083300000, 0x0000000083300000, 0x0000000083400000|  0%| F|  |TAMS 0x0000000083300000, 0x0000000083300000| Untracked 
|  22|0x0000000083400000, 0x0000000083400000, 0x0000000083500000|  0%| F|  |TAMS 0x0000000083400000, 0x0000000083400000| Untracked 
|  23|0x0000000083500000, 0x0000000083500000, 0x0000000083600000|  0%| F|  |TAMS 0x0000000083500000, 0x0000000083500000| Untracked 
|  24|0x0000000083600000, 0x0000000083600000, 0x0000000083700000|  0%| F|  |TAMS 0x0000000083600000, 0x0000000083600000| Untracked 
|  25|0x0000000083700000, 0x0000000083700000, 0x0000000083800000|  0%| F|  |TAMS 0x0000000083700000, 0x0000000083700000| Untracked 
|  26|0x0000000083800000, 0x0000000083800000, 0x0000000083900000|  0%| F|  |TAMS 0x0000000083800000, 0x0000000083800000| Untracked 
|  27|0x0000000083900000, 0x0000000083900000, 0x0000000083a00000|  0%| F|  |TAMS 0x0000000083900000, 0x0000000083900000| Untracked 
|  28|0x0000000083a00000, 0x0000000083a00000, 0x0000000083b00000|  0%| F|  |TAMS 0x0000000083a00000, 0x0000000083a00000| Untracked 
|  29|0x0000000083b00000, 0x0000000083b00000, 0x0000000083c00000|  0%| F|  |TAMS 0x0000000083b00000, 0x0000000083b00000| Untracked 
|  30|0x0000000083c00000, 0x0000000083c00000, 0x0000000083d00000|  0%| F|  |TAMS 0x0000000083c00000, 0x0000000083c00000| Untracked 
|  31|0x0000000083d00000, 0x0000000083d00000, 0x0000000083e00000|  0%| F|  |TAMS 0x0000000083d00000, 0x0000000083d00000| Untracked 
|  32|0x0000000083e00000, 0x0000000083e00000, 0x0000000083f00000|  0%| F|  |TAMS 0x0000000083e00000, 0x0000000083e00000| Untracked 
|  33|0x0000000083f00000, 0x0000000083f00000, 0x0000000084000000|  0%| F|  |TAMS 0x0000000083f00000, 0x0000000083f00000| Untracked 
|  34|0x0000000084000000, 0x0000000084000000, 0x0000000084100000|  0%| F|  |TAMS 0x0000000084000000, 0x0000000084000000| Untracked 
|  35|0x0000000084100000, 0x0000000084100000, 0x0000000084200000|  0%| F|  |TAMS 0x0000000084100000, 0x0000000084100000| Untracked 
|  36|0x0000000084200000, 0x0000000084200000, 0x0000000084300000|  0%| F|  |TAMS 0x0000000084200000, 0x0000000084200000| Untracked 
|  37|0x0000000084300000, 0x0000000084300000, 0x0000000084400000|  0%| F|  |TAMS 0x0000000084300000, 0x0000000084300000| Untracked 
|  38|0x0000000084400000, 0x0000000084400000, 0x0000000084500000|  0%| F|  |TAMS 0x0000000084400000, 0x0000000084400000| Untracked 
|  39|0x0000000084500000, 0x0000000084500000, 0x0000000084600000|  0%| F|  |TAMS 0x0000000084500000, 0x0000000084500000| Untracked 
|  40|0x0000000084600000, 0x0000000084600000, 0x0000000084700000|  0%| F|  |TAMS 0x0000000084600000, 0x0000000084600000| Untracked 
|  41|0x0000000084700000, 0x0000000084700000, 0x0000000084800000|  0%| F|  |TAMS 0x0000000084700000, 0x0000000084700000| Untracked 
|  42|0x0000000084800000, 0x0000000084800000, 0x0000000084900000|  0%| F|  |TAMS 0x0000000084800000, 0x0000000084800000| Untracked 
|  43|0x0000000084900000, 0x0000000084900000, 0x0000000084a00000|  0%| F|  |TAMS 0x0000000084900000, 0x0000000084900000| Untracked 
|  44|0x0000000084a00000, 0x0000000084a00000, 0x0000000084b00000|  0%| F|  |TAMS 0x0000000084a00000, 0x0000000084a00000| Untracked 
|  45|0x0000000084b00000, 0x0000000084b00000, 0x0000000084c00000|  0%| F|  |TAMS 0x0000000084b00000, 0x0000000084b00000| Untracked 
|  46|0x0000000084c00000, 0x0000000084c00000, 0x0000000084d00000|  0%| F|  |TAMS 0x0000000084c00000, 0x0000000084c00000| Untracked 
|  47|0x0000000084d00000, 0x0000000084d00000, 0x0000000084e00000|  0%| F|  |TAMS 0x0000000084d00000, 0x0000000084d00000| Untracked 
|  48|0x0000000084e00000, 0x0000000084e00000, 0x0000000084f00000|  0%| F|  |TAMS 0x0000000084e00000, 0x0000000084e00000| Untracked 
|  49|0x0000000084f00000, 0x0000000084f97600, 0x0000000085000000| 59%| S|CS|TAMS 0x0000000084f00000, 0x0000000084f00000| Complete 
|  50|0x0000000085000000, 0x0000000085100000, 0x0000000085100000|100%| S|CS|TAMS 0x0000000085000000, 0x0000000085000000| Complete 
|  51|0x0000000085100000, 0x0000000085100000, 0x0000000085200000|  0%| F|  |TAMS 0x0000000085100000, 0x0000000085100000| Untracked 
|  52|0x0000000085200000, 0x0000000085300000, 0x0000000085300000|100%| S|CS|TAMS 0x0000000085200000, 0x0000000085200000| Complete 
|  53|0x0000000085300000, 0x0000000085300000, 0x0000000085400000|  0%| F|  |TAMS 0x0000000085300000, 0x0000000085300000| Untracked 
|  54|0x0000000085400000, 0x0000000085400000, 0x0000000085500000|  0%| F|  |TAMS 0x0000000085400000, 0x0000000085400000| Untracked 
|  55|0x0000000085500000, 0x0000000085500000, 0x0000000085600000|  0%| F|  |TAMS 0x0000000085500000, 0x0000000085500000| Untracked 
|  56|0x0000000085600000, 0x0000000085600000, 0x0000000085700000|  0%| F|  |TAMS 0x0000000085600000, 0x0000000085600000| Untracked 
|  57|0x0000000085700000, 0x0000000085700000, 0x0000000085800000|  0%| F|  |TAMS 0x0000000085700000, 0x0000000085700000| Untracked 
|  58|0x0000000085800000, 0x0000000085800000, 0x0000000085900000|  0%| F|  |TAMS 0x0000000085800000, 0x0000000085800000| Untracked 
|  59|0x0000000085900000, 0x0000000085900000, 0x0000000085a00000|  0%| F|  |TAMS 0x0000000085900000, 0x0000000085900000| Untracked 
|  60|0x0000000085a00000, 0x0000000085a00000, 0x0000000085b00000|  0%| F|  |TAMS 0x0000000085a00000, 0x0000000085a00000| Untracked 
|  61|0x0000000085b00000, 0x0000000085b00000, 0x0000000085c00000|  0%| F|  |TAMS 0x0000000085b00000, 0x0000000085b00000| Untracked 
|  62|0x0000000085c00000, 0x0000000085c00000, 0x0000000085d00000|  0%| F|  |TAMS 0x0000000085c00000, 0x0000000085c00000| Untracked 
|  63|0x0000000085d00000, 0x0000000085d00000, 0x0000000085e00000|  0%| F|  |TAMS 0x0000000085d00000, 0x0000000085d00000| Untracked 
|  64|0x0000000085e00000, 0x0000000085e00000, 0x0000000085f00000|  0%| F|  |TAMS 0x0000000085e00000, 0x0000000085e00000| Untracked 
|  65|0x0000000085f00000, 0x0000000085f00000, 0x0000000086000000|  0%| F|  |TAMS 0x0000000085f00000, 0x0000000085f00000| Untracked 
|  66|0x0000000086000000, 0x0000000086000000, 0x0000000086100000|  0%| F|  |TAMS 0x0000000086000000, 0x0000000086000000| Untracked 
|  67|0x0000000086100000, 0x0000000086100000, 0x0000000086200000|  0%| F|  |TAMS 0x0000000086100000, 0x0000000086100000| Untracked 
|  68|0x0000000086200000, 0x0000000086200000, 0x0000000086300000|  0%| F|  |TAMS 0x0000000086200000, 0x0000000086200000| Untracked 
|  69|0x0000000086300000, 0x0000000086300000, 0x0000000086400000|  0%| F|  |TAMS 0x0000000086300000, 0x0000000086300000| Untracked 
|  70|0x0000000086400000, 0x0000000086400000, 0x0000000086500000|  0%| F|  |TAMS 0x0000000086400000, 0x0000000086400000| Untracked 
|  71|0x0000000086500000, 0x0000000086500000, 0x0000000086600000|  0%| F|  |TAMS 0x0000000086500000, 0x0000000086500000| Untracked 
|  72|0x0000000086600000, 0x0000000086600000, 0x0000000086700000|  0%| F|  |TAMS 0x0000000086600000, 0x0000000086600000| Untracked 
|  73|0x0000000086700000, 0x0000000086700000, 0x0000000086800000|  0%| F|  |TAMS 0x0000000086700000, 0x0000000086700000| Untracked 
|  74|0x0000000086800000, 0x0000000086800000, 0x0000000086900000|  0%| F|  |TAMS 0x0000000086800000, 0x0000000086800000| Untracked 
|  75|0x0000000086900000, 0x0000000086900000, 0x0000000086a00000|  0%| F|  |TAMS 0x0000000086900000, 0x0000000086900000| Untracked 
|  76|0x0000000086a00000, 0x0000000086a00000, 0x0000000086b00000|  0%| F|  |TAMS 0x0000000086a00000, 0x0000000086a00000| Untracked 
|  77|0x0000000086b00000, 0x0000000086b00000, 0x0000000086c00000|  0%| F|  |TAMS 0x0000000086b00000, 0x0000000086b00000| Untracked 
|  78|0x0000000086c00000, 0x0000000086c00000, 0x0000000086d00000|  0%| F|  |TAMS 0x0000000086c00000, 0x0000000086c00000| Untracked 
|  79|0x0000000086d00000, 0x0000000086d00000, 0x0000000086e00000|  0%| F|  |TAMS 0x0000000086d00000, 0x0000000086d00000| Untracked 
|  80|0x0000000086e00000, 0x0000000086e00000, 0x0000000086f00000|  0%| F|  |TAMS 0x0000000086e00000, 0x0000000086e00000| Untracked 
|  81|0x0000000086f00000, 0x0000000086f00000, 0x0000000087000000|  0%| F|  |TAMS 0x0000000086f00000, 0x0000000086f00000| Untracked 
|  82|0x0000000087000000, 0x0000000087000000, 0x0000000087100000|  0%| F|  |TAMS 0x0000000087000000, 0x0000000087000000| Untracked 
|  83|0x0000000087100000, 0x0000000087100000, 0x0000000087200000|  0%| F|  |TAMS 0x0000000087100000, 0x0000000087100000| Untracked 
|  84|0x0000000087200000, 0x0000000087200000, 0x0000000087300000|  0%| F|  |TAMS 0x0000000087200000, 0x0000000087200000| Untracked 
|  85|0x0000000087300000, 0x0000000087300000, 0x0000000087400000|  0%| F|  |TAMS 0x0000000087300000, 0x0000000087300000| Untracked 
|  86|0x0000000087400000, 0x0000000087500000, 0x0000000087500000|100%| E|  |TAMS 0x0000000087400000, 0x0000000087400000| Complete 
|  87|0x0000000087500000, 0x0000000087600000, 0x0000000087600000|100%| E|CS|TAMS 0x0000000087500000, 0x0000000087500000| Complete 
|  88|0x0000000087600000, 0x0000000087700000, 0x0000000087700000|100%| E|CS|TAMS 0x0000000087600000, 0x0000000087600000| Complete 
|  89|0x0000000087700000, 0x0000000087800000, 0x0000000087800000|100%| E|CS|TAMS 0x0000000087700000, 0x0000000087700000| Complete 
|  90|0x0000000087800000, 0x0000000087900000, 0x0000000087900000|100%| E|CS|TAMS 0x0000000087800000, 0x0000000087800000| Complete 
|  91|0x0000000087900000, 0x0000000087a00000, 0x0000000087a00000|100%| E|CS|TAMS 0x0000000087900000, 0x0000000087900000| Complete 
|  92|0x0000000087a00000, 0x0000000087b00000, 0x0000000087b00000|100%| E|CS|TAMS 0x0000000087a00000, 0x0000000087a00000| Complete 
|  93|0x0000000087b00000, 0x0000000087c00000, 0x0000000087c00000|100%| E|CS|TAMS 0x0000000087b00000, 0x0000000087b00000| Complete 
|  94|0x0000000087c00000, 0x0000000087d00000, 0x0000000087d00000|100%| E|CS|TAMS 0x0000000087c00000, 0x0000000087c00000| Complete 
|  95|0x0000000087d00000, 0x0000000087e00000, 0x0000000087e00000|100%| E|CS|TAMS 0x0000000087d00000, 0x0000000087d00000| Complete 
|  96|0x0000000087e00000, 0x0000000087f00000, 0x0000000087f00000|100%| E|CS|TAMS 0x0000000087e00000, 0x0000000087e00000| Complete 
|  97|0x0000000087f00000, 0x0000000088000000, 0x0000000088000000|100%| E|CS|TAMS 0x0000000087f00000, 0x0000000087f00000| Complete 
|  98|0x0000000088000000, 0x0000000088100000, 0x0000000088100000|100%| E|CS|TAMS 0x0000000088000000, 0x0000000088000000| Complete 
|  99|0x0000000088100000, 0x0000000088200000, 0x0000000088200000|100%| E|CS|TAMS 0x0000000088100000, 0x0000000088100000| Complete 
| 100|0x0000000088200000, 0x0000000088300000, 0x0000000088300000|100%| E|CS|TAMS 0x0000000088200000, 0x0000000088200000| Complete 
| 101|0x0000000088300000, 0x0000000088400000, 0x0000000088400000|100%| E|CS|TAMS 0x0000000088300000, 0x0000000088300000| Complete 
| 102|0x0000000088400000, 0x0000000088500000, 0x0000000088500000|100%| E|CS|TAMS 0x0000000088400000, 0x0000000088400000| Complete 
| 103|0x0000000088500000, 0x0000000088600000, 0x0000000088600000|100%| E|CS|TAMS 0x0000000088500000, 0x0000000088500000| Complete 
| 104|0x0000000088600000, 0x0000000088700000, 0x0000000088700000|100%| E|CS|TAMS 0x0000000088600000, 0x0000000088600000| Complete 
| 105|0x0000000088700000, 0x0000000088800000, 0x0000000088800000|100%| E|CS|TAMS 0x0000000088700000, 0x0000000088700000| Complete 
| 106|0x0000000088800000, 0x0000000088900000, 0x0000000088900000|100%| E|CS|TAMS 0x0000000088800000, 0x0000000088800000| Complete 
| 107|0x0000000088900000, 0x0000000088a00000, 0x0000000088a00000|100%| E|CS|TAMS 0x0000000088900000, 0x0000000088900000| Complete 
| 108|0x0000000088a00000, 0x0000000088b00000, 0x0000000088b00000|100%| E|CS|TAMS 0x0000000088a00000, 0x0000000088a00000| Complete 
| 109|0x0000000088b00000, 0x0000000088c00000, 0x0000000088c00000|100%| E|CS|TAMS 0x0000000088b00000, 0x0000000088b00000| Complete 
| 110|0x0000000088c00000, 0x0000000088d00000, 0x0000000088d00000|100%| E|CS|TAMS 0x0000000088c00000, 0x0000000088c00000| Complete 
| 111|0x0000000088d00000, 0x0000000088e00000, 0x0000000088e00000|100%| E|CS|TAMS 0x0000000088d00000, 0x0000000088d00000| Complete 
| 112|0x0000000088e00000, 0x0000000088f00000, 0x0000000088f00000|100%| E|CS|TAMS 0x0000000088e00000, 0x0000000088e00000| Complete 
| 113|0x0000000088f00000, 0x0000000089000000, 0x0000000089000000|100%| E|CS|TAMS 0x0000000088f00000, 0x0000000088f00000| Complete 
| 114|0x0000000089000000, 0x0000000089100000, 0x0000000089100000|100%| E|CS|TAMS 0x0000000089000000, 0x0000000089000000| Complete 
| 115|0x0000000089100000, 0x0000000089200000, 0x0000000089200000|100%| E|CS|TAMS 0x0000000089100000, 0x0000000089100000| Complete 
| 116|0x0000000089200000, 0x0000000089300000, 0x0000000089300000|100%| E|CS|TAMS 0x0000000089200000, 0x0000000089200000| Complete 
| 117|0x0000000089300000, 0x0000000089400000, 0x0000000089400000|100%| E|CS|TAMS 0x0000000089300000, 0x0000000089300000| Complete 
| 118|0x0000000089400000, 0x0000000089500000, 0x0000000089500000|100%| E|CS|TAMS 0x0000000089400000, 0x0000000089400000| Complete 
| 119|0x0000000089500000, 0x0000000089600000, 0x0000000089600000|100%| E|CS|TAMS 0x0000000089500000, 0x0000000089500000| Complete 
| 120|0x0000000089600000, 0x0000000089700000, 0x0000000089700000|100%| E|CS|TAMS 0x0000000089600000, 0x0000000089600000| Complete 
| 121|0x0000000089700000, 0x0000000089800000, 0x0000000089800000|100%| E|CS|TAMS 0x0000000089700000, 0x0000000089700000| Complete 
| 122|0x0000000089800000, 0x0000000089900000, 0x0000000089900000|100%| E|CS|TAMS 0x0000000089800000, 0x0000000089800000| Complete 
| 123|0x0000000089900000, 0x0000000089a00000, 0x0000000089a00000|100%| E|CS|TAMS 0x0000000089900000, 0x0000000089900000| Complete 
| 124|0x0000000089a00000, 0x0000000089b00000, 0x0000000089b00000|100%| E|CS|TAMS 0x0000000089a00000, 0x0000000089a00000| Complete 
| 125|0x0000000089b00000, 0x0000000089c00000, 0x0000000089c00000|100%| E|CS|TAMS 0x0000000089b00000, 0x0000000089b00000| Complete 
| 126|0x0000000089c00000, 0x0000000089d00000, 0x0000000089d00000|100%| E|CS|TAMS 0x0000000089c00000, 0x0000000089c00000| Complete 
| 127|0x0000000089d00000, 0x0000000089e00000, 0x0000000089e00000|100%| E|CS|TAMS 0x0000000089d00000, 0x0000000089d00000| Complete 

Card table byte_map: [0x000001a7d6d80000,0x000001a7d7180000] _byte_map_base: 0x000001a7d6971000

Marking Bits (Prev, Next): (CMBitMap*) 0x000001a7bf72d1b0, (CMBitMap*) 0x000001a7bf72d1f0
 Prev Bits: [0x000001a7d7580000, 0x000001a7d9508000)
 Next Bits: [0x000001a7d9510000, 0x000001a7db498000)

Polling page: 0x000001a7beea0000

Metaspace:

Usage:
  Non-class:      8.12 MB used.
      Class:    912.43 KB used.
       Both:      9.01 MB used.

Virtual space:
  Non-class space:       64.00 MB reserved,       8.25 MB ( 13%) committed,  1 nodes.
      Class space:        1.00 GB reserved,       1.00 MB ( <1%) committed,  1 nodes.
             Both:        1.06 GB reserved,       9.25 MB ( <1%) committed. 

Chunk freelists:
   Non-Class:  2.98 MB
       Class:  3.00 MB
        Both:  5.99 MB

MaxMetaspaceSize: unlimited
CompressedClassSpaceSize: 1.00 GB
Initial GC threshold: 21.00 MB
Current GC threshold: 21.00 MB
CDS: on
MetaspaceReclaimPolicy: balanced
 - commit_granule_bytes: 65536.
 - commit_granule_words: 8192.
 - virtual_space_node_default_size: 8388608.
 - enlarge_chunks_in_place: 1.
 - new_chunks_are_fully_committed: 0.
 - uncommit_free_chunks: 1.
 - use_allocation_guard: 0.


Internal statistics:

num_allocs_failed_limit: 0.
num_arena_births: 184.
num_arena_deaths: 0.
num_vsnodes_births: 2.
num_vsnodes_deaths: 0.
num_space_committed: 148.
num_space_uncommitted: 0.
num_chunks_returned_to_freelist: 0.
num_chunks_taken_from_freelist: 250.
num_chunk_merges: 0.
num_chunk_splits: 173.
num_chunks_enlarged: 112.
num_inconsistent_stats: 0.

CodeHeap 'non-profiled nmethods': size=120000Kb used=2213Kb max_used=2213Kb free=117786Kb
 bounds [0x000001a7cf110000, 0x000001a7cf380000, 0x000001a7d6640000]
CodeHeap 'profiled nmethods': size=120000Kb used=4665Kb max_used=4665Kb free=115334Kb
 bounds [0x000001a7c7640000, 0x000001a7c7ad0000, 0x000001a7ceb70000]
CodeHeap 'non-nmethods': size=5760Kb used=1392Kb max_used=1482Kb free=4367Kb
 bounds [0x000001a7ceb70000, 0x000001a7cede0000, 0x000001a7cf110000]
 total_blobs=3221 nmethods=2582 adapters=548
 compilation: enabled
              stopped_count=0, restarted_count=0
 full_count=0

Compilation events (20 events):
Event: 1517.143 Thread 0x000001a7ddeda990 nmethod 2575 0x000001a7c7ac9790 code [0x000001a7c7ac9940, 0x000001a7c7ac9bd8]
Event: 1517.143 Thread 0x000001a7ddeda990 2576       3       java.util.ArrayList::grow (60 bytes)
Event: 1517.143 Thread 0x000001a7ddeda990 nmethod 2576 0x000001a7c7ac9d10 code [0x000001a7c7ac9f20, 0x000001a7c7aca578]
Event: 1517.143 Thread 0x000001a7ddeda990 2577       1       java.awt.Container::isFocusTraversalPolicyProvider (5 bytes)
Event: 1517.143 Thread 0x000001a7ddeda990 nmethod 2577 0x000001a7cf328e10 code [0x000001a7cf328fa0, 0x000001a7cf329078]
Event: 1517.255 Thread 0x000001a7dded6b20 nmethod 2565% 0x000001a7cf329110 code [0x000001a7cf3295e0, 0x000001a7cf32ffa8]
Event: 1517.256 Thread 0x000001a7dded6b20 2566 %     4       CSAI.unipa.SGolog.SGologPlan::formatQuery @ 18 (131 bytes)
Event: 1517.296 Thread 0x000001a7dded6b20 nmethod 2566% 0x000001a7cf331f90 code [0x000001a7cf3322e0, 0x000001a7cf335440]
Event: 1517.296 Thread 0x000001a7dded6b20 2573       4       java.util.ArrayList::elementData (7 bytes)
Event: 1517.297 Thread 0x000001a7dded6b20 nmethod 2573 0x000001a7cf336310 code [0x000001a7cf3364a0, 0x000001a7cf336558]
Event: 1520.055 Thread 0x000001a7ddeda990 2580       3       java.awt.Insets::<init> (26 bytes)
Event: 1520.056 Thread 0x000001a7ddeda990 nmethod 2580 0x000001a7c7aca790 code [0x000001a7c7aca940, 0x000001a7c7acaab8]
Event: 1520.423 Thread 0x000001a7dded6b20 2581       4       EDU.gatech.cc.is.clay.v_Swirl_vav::Value (291 bytes)
Event: 1520.470 Thread 0x000001a7dded6b20 nmethod 2581 0x000001a7cf336610 code [0x000001a7cf336940, 0x000001a7cf337a80]
Event: 1520.470 Thread 0x000001a7dded6b20 2582       4       EDU.gatech.cc.is.clay.i_InGripper_r::Value (47 bytes)
Event: 1520.480 Thread 0x000001a7dded6b20 nmethod 2582 0x000001a7cf338610 code [0x000001a7cf338840, 0x000001a7cf338f78]
Event: 1520.489 Thread 0x000001a7ddeda990 2583   !   3       java.io.BufferedWriter::flushBuffer (63 bytes)
Event: 1520.491 Thread 0x000001a7ddeda990 nmethod 2583 0x000001a7c7acab90 code [0x000001a7c7acaea0, 0x000001a7c7acc258]
Event: 1520.928 Thread 0x000001a7ddeda990 2584       3       java.awt.Toolkit$SelectiveAWTEventListener::eventDispatched (745 bytes)
Event: 1520.931 Thread 0x000001a7ddeda990 nmethod 2584 0x000001a7c7acc990 code [0x000001a7c7accc00, 0x000001a7c7ace168]

GC Heap History (20 events):
Event: 938.184 GC heap before
{Heap before GC invocations=10 (full 0):
 garbage-first heap   total 131072K, used 89980K [0x0000000081e00000, 0x0000000100000000)
  region size 1024K, 76 young (77824K), 4 survivors (4096K)
 Metaspace       used 9185K, committed 9472K, reserved 1114112K
  class space    used 911K, committed 1024K, reserved 1048576K
}
Event: 938.192 GC heap after
{Heap after GC invocations=11 (full 0):
 garbage-first heap   total 131072K, used 16286K [0x0000000081e00000, 0x0000000100000000)
  region size 1024K, 4 young (4096K), 4 survivors (4096K)
 Metaspace       used 9185K, committed 9472K, reserved 1114112K
  class space    used 911K, committed 1024K, reserved 1048576K
}
Event: 941.438 GC heap before
{Heap before GC invocations=11 (full 0):
 garbage-first heap   total 131072K, used 90014K [0x0000000081e00000, 0x0000000100000000)
  region size 1024K, 76 young (77824K), 4 survivors (4096K)
 Metaspace       used 9186K, committed 9472K, reserved 1114112K
  class space    used 911K, committed 1024K, reserved 1048576K
}
Event: 941.445 GC heap after
{Heap after GC invocations=12 (full 0):
 garbage-first heap   total 131072K, used 16052K [0x0000000081e00000, 0x0000000100000000)
  region size 1024K, 4 young (4096K), 4 survivors (4096K)
 Metaspace       used 9186K, committed 9472K, reserved 1114112K
  class space    used 911K, committed 1024K, reserved 1048576K
}
Event: 1048.606 GC heap before
{Heap before GC invocations=12 (full 0):
 garbage-first heap   total 131072K, used 89780K [0x0000000081e00000, 0x0000000100000000)
  region size 1024K, 76 young (77824K), 4 survivors (4096K)
 Metaspace       used 9189K, committed 9472K, reserved 1114112K
  class space    used 912K, committed 1024K, reserved 1048576K
}
Event: 1048.613 GC heap after
{Heap after GC invocations=13 (full 0):
 garbage-first heap   total 131072K, used 16422K [0x0000000081e00000, 0x0000000100000000)
  region size 1024K, 4 young (4096K), 4 survivors (4096K)
 Metaspace       used 9189K, committed 9472K, reserved 1114112K
  class space    used 912K, committed 1024K, reserved 1048576K
}
Event: 1068.550 GC heap before
{Heap before GC invocations=13 (full 0):
 garbage-first heap   total 131072K, used 90150K [0x0000000081e00000, 0x0000000100000000)
  region size 1024K, 76 young (77824K), 4 survivors (4096K)
 Metaspace       used 9192K, committed 9472K, reserved 1114112K
  class space    used 912K, committed 1024K, reserved 1048576K
}
Event: 1068.557 GC heap after
{Heap after GC invocations=14 (full 0):
 garbage-first heap   total 131072K, used 16246K [0x0000000081e00000, 0x0000000100000000)
  region size 1024K, 4 young (4096K), 4 survivors (4096K)
 Metaspace       used 9192K, committed 9472K, reserved 1114112K
  class space    used 912K, committed 1024K, reserved 1048576K
}
Event: 1071.907 GC heap before
{Heap before GC invocations=14 (full 0):
 garbage-first heap   total 131072K, used 89974K [0x0000000081e00000, 0x0000000100000000)
  region size 1024K, 76 young (77824K), 4 survivors (4096K)
 Metaspace       used 9192K, committed 9472K, reserved 1114112K
  class space    used 912K, committed 1024K, reserved 1048576K
}
Event: 1071.916 GC heap after
{Heap after GC invocations=15 (full 0):
 garbage-first heap   total 131072K, used 16344K [0x0000000081e00000, 0x0000000100000000)
  region size 1024K, 4 young (4096K), 4 survivors (4096K)
 Metaspace       used 9192K, committed 9472K, reserved 1114112K
  class space    used 912K, committed 1024K, reserved 1048576K
}
Event: 1075.418 GC heap before
{Heap before GC invocations=15 (full 0):
 garbage-first heap   total 131072K, used 90072K [0x0000000081e00000, 0x0000000100000000)
  region size 1024K, 76 young (77824K), 4 survivors (4096K)
 Metaspace       used 9195K, committed 9472K, reserved 1114112K
  class space    used 912K, committed 1024K, reserved 1048576K
}
Event: 1075.426 GC heap after
{Heap after GC invocations=16 (full 0):
 garbage-first heap   total 131072K, used 16345K [0x0000000081e00000, 0x0000000100000000)
  region size 1024K, 4 young (4096K), 4 survivors (4096K)
 Metaspace       used 9195K, committed 9472K, reserved 1114112K
  class space    used 912K, committed 1024K, reserved 1048576K
}
Event: 1078.598 GC heap before
{Heap before GC invocations=16 (full 0):
 garbage-first heap   total 131072K, used 90073K [0x0000000081e00000, 0x0000000100000000)
  region size 1024K, 76 young (77824K), 4 survivors (4096K)
 Metaspace       used 9195K, committed 9472K, reserved 1114112K
  class space    used 912K, committed 1024K, reserved 1048576K
}
Event: 1078.606 GC heap after
{Heap after GC invocations=17 (full 0):
 garbage-first heap   total 131072K, used 16360K [0x0000000081e00000, 0x0000000100000000)
  region size 1024K, 3 young (3072K), 3 survivors (3072K)
 Metaspace       used 9195K, committed 9472K, reserved 1114112K
  class space    used 912K, committed 1024K, reserved 1048576K
}
Event: 1082.392 GC heap before
{Heap before GC invocations=17 (full 0):
 garbage-first heap   total 131072K, used 91112K [0x0000000081e00000, 0x0000000100000000)
  region size 1024K, 76 young (77824K), 3 survivors (3072K)
 Metaspace       used 9197K, committed 9472K, reserved 1114112K
  class space    used 912K, committed 1024K, reserved 1048576K
}
Event: 1082.397 GC heap after
{Heap after GC invocations=18 (full 0):
 garbage-first heap   total 131072K, used 16203K [0x0000000081e00000, 0x0000000100000000)
  region size 1024K, 3 young (3072K), 3 survivors (3072K)
 Metaspace       used 9197K, committed 9472K, reserved 1114112K
  class space    used 912K, committed 1024K, reserved 1048576K
}
Event: 1267.242 GC heap before
{Heap before GC invocations=18 (full 0):
 garbage-first heap   total 131072K, used 90955K [0x0000000081e00000, 0x0000000100000000)
  region size 1024K, 76 young (77824K), 3 survivors (3072K)
 Metaspace       used 9198K, committed 9472K, reserved 1114112K
  class space    used 912K, committed 1024K, reserved 1048576K
}
Event: 1267.247 GC heap after
{Heap after GC invocations=19 (full 0):
 garbage-first heap   total 131072K, used 16229K [0x0000000081e00000, 0x0000000100000000)
  region size 1024K, 3 young (3072K), 3 survivors (3072K)
 Metaspace       used 9198K, committed 9472K, reserved 1114112K
  class space    used 912K, committed 1024K, reserved 1048576K
}
Event: 1520.522 GC heap before
{Heap before GC invocations=19 (full 0):
 garbage-first heap   total 131072K, used 95077K [0x0000000081e00000, 0x0000000100000000)
  region size 1024K, 76 young (77824K), 3 survivors (3072K)
 Metaspace       used 9221K, committed 9472K, reserved 1114112K
  class space    used 912K, committed 1024K, reserved 1048576K
}
Event: 1520.525 GC heap after
{Heap after GC invocations=20 (full 0):
 garbage-first heap   total 131072K, used 21751K [0x0000000081e00000, 0x0000000100000000)
  region size 1024K, 3 young (3072K), 3 survivors (3072K)
 Metaspace       used 9221K, committed 9472K, reserved 1114112K
  class space    used 912K, committed 1024K, reserved 1048576K
}

Dll operation events (12 events):
Event: 0.007 Loaded shared library C:\Program Files\Java\jdk-19\bin\java.dll
Event: 0.019 Loaded shared library C:\Program Files\Java\jdk-19\bin\jsvml.dll
Event: 0.056 Loaded shared library C:\Program Files\Java\jdk-19\bin\net.dll
Event: 0.058 Loaded shared library C:\Program Files\Java\jdk-19\bin\nio.dll
Event: 0.062 Loaded shared library C:\Program Files\Java\jdk-19\bin\zip.dll
Event: 0.072 Loaded shared library C:\Program Files\Java\jdk-19\bin\verify.dll
Event: 0.084 Loaded shared library C:\Program Files\Java\jdk-19\bin\jimage.dll
Event: 0.103 Loaded shared library C:\Program Files\Java\jdk-19\bin\awt.dll
Event: 0.235 Loaded shared library C:\Program Files\Java\jdk-19\bin\freetype.dll
Event: 0.236 Loaded shared library C:\Program Files\Java\jdk-19\bin\fontmanager.dll
Event: 0.853 Loaded shared library C:\TeamBots\eclipse_basic\lib\x86_64_nt\ec_java_load.dll
Event: 0.855 Loaded shared library C:\TeamBots\eclipse_basic\lib\x86_64_nt\ec_java.dll

Deoptimization events (20 events):
Event: 1516.478 Thread 0x000001a7e2484c80 Uncommon trap: trap_request=0xffffffde fr.pc=0x000001a7cf323ae8 relative=0x00000000000006e8
Event: 1516.478 Thread 0x000001a7e2484c80 Uncommon trap: reason=class_check action=maybe_recompile pc=0x000001a7cf323ae8 method=java.awt.LightweightDispatcher.eventDispatched(Ljava/awt/AWTEvent;)V @ 70 c2
Event: 1516.478 Thread 0x000001a7e2484c80 DEOPT PACKING pc=0x000001a7cf323ae8 sp=0x00000030901fee30
Event: 1516.478 Thread 0x000001a7e2484c80 DEOPT UNPACKING pc=0x000001a7cebd6da3 sp=0x00000030901fedc8 mode 2
Event: 1516.486 Thread 0x000001a7e2484c80 Uncommon trap: trap_request=0xffffffde fr.pc=0x000001a7cf323ae8 relative=0x00000000000006e8
Event: 1516.486 Thread 0x000001a7e2484c80 Uncommon trap: reason=class_check action=maybe_recompile pc=0x000001a7cf323ae8 method=java.awt.LightweightDispatcher.eventDispatched(Ljava/awt/AWTEvent;)V @ 70 c2
Event: 1516.486 Thread 0x000001a7e2484c80 DEOPT PACKING pc=0x000001a7cf323ae8 sp=0x00000030901fee30
Event: 1516.486 Thread 0x000001a7e2484c80 DEOPT UNPACKING pc=0x000001a7cebd6da3 sp=0x00000030901fedc8 mode 2
Event: 1516.534 Thread 0x000001a7e2484c80 Uncommon trap: trap_request=0xffffffde fr.pc=0x000001a7cf323ae8 relative=0x00000000000006e8
Event: 1516.534 Thread 0x000001a7e2484c80 Uncommon trap: reason=class_check action=maybe_recompile pc=0x000001a7cf323ae8 method=java.awt.LightweightDispatcher.eventDispatched(Ljava/awt/AWTEvent;)V @ 70 c2
Event: 1516.534 Thread 0x000001a7e2484c80 DEOPT PACKING pc=0x000001a7cf323ae8 sp=0x00000030901fee30
Event: 1516.534 Thread 0x000001a7e2484c80 DEOPT UNPACKING pc=0x000001a7cebd6da3 sp=0x00000030901fedc8 mode 2
Event: 1516.643 Thread 0x000001a7e2484c80 Uncommon trap: trap_request=0xffffff45 fr.pc=0x000001a7cf22d094 relative=0x0000000000003c54
Event: 1516.643 Thread 0x000001a7e2484c80 Uncommon trap: reason=unstable_if action=reinterpret pc=0x000001a7cf22d094 method=java.io.Reader.read()I @ 12 c2
Event: 1516.643 Thread 0x000001a7e2484c80 DEOPT PACKING pc=0x000001a7cf22d094 sp=0x00000030901feb50
Event: 1516.643 Thread 0x000001a7e2484c80 DEOPT UNPACKING pc=0x000001a7cebd6da3 sp=0x00000030901fea50 mode 2
Event: 1520.489 Thread 0x000001a7e247fcb0 Uncommon trap: trap_request=0xffffffbe fr.pc=0x000001a7cf3113fc relative=0x000000000000181c
Event: 1520.489 Thread 0x000001a7e247fcb0 Uncommon trap: reason=profile_predicate action=maybe_recompile pc=0x000001a7cf3113fc method=NodeMemory_Try_it.Value(J)[LEDU/gatech/cc/is/util/Vec2; @ 472 c2
Event: 1520.489 Thread 0x000001a7e247fcb0 DEOPT PACKING pc=0x000001a7cf3113fc sp=0x00000030900fef10
Event: 1520.489 Thread 0x000001a7e247fcb0 DEOPT UNPACKING pc=0x000001a7cebd6da3 sp=0x00000030900fee90 mode 2

Classes loaded (20 events):
Event: 127.855 Loading class sun/java2d/marlin/Renderer
Event: 127.856 Loading class sun/java2d/marlin/Renderer done
Event: 127.856 Loading class sun/java2d/marlin/MarlinTileGenerator
Event: 127.856 Loading class sun/java2d/pipe/AATileGenerator
Event: 127.856 Loading class sun/java2d/pipe/AATileGenerator done
Event: 127.856 Loading class sun/java2d/marlin/MarlinTileGenerator done
Event: 127.856 Loading class sun/java2d/marlin/Stroker
Event: 127.857 Loading class sun/java2d/marlin/Stroker done
Event: 127.857 Loading class sun/java2d/marlin/Dasher
Event: 127.857 Loading class sun/java2d/marlin/Dasher done
Event: 127.857 Loading class sun/java2d/marlin/Dasher$LengthIterator
Event: 127.857 Loading class sun/java2d/marlin/Dasher$LengthIterator done
Event: 127.858 Loading class java/awt/geom/LineIterator
Event: 127.858 Loading class java/awt/geom/LineIterator done
Event: 127.858 Loading class sun/java2d/marlin/Helpers
Event: 127.858 Loading class sun/java2d/marlin/Helpers done
Event: 127.858 Loading class sun/java2d/marlin/ArrayCacheConst
Event: 127.858 Loading class sun/java2d/marlin/ArrayCacheConst done
Event: 144.956 Loading class sun/awt/windows/WCheckboxMenuItemPeer$1
Event: 144.956 Loading class sun/awt/windows/WCheckboxMenuItemPeer$1 done

Classes unloaded (0 events):
No events

Classes redefined (0 events):
No events

Internal exceptions (20 events):
Event: 1082.698 Thread 0x000001a7e247fcb0 Exception <a 'java/lang/ClassCastException'{0x000000008972fee8}> (0x000000008972fee8) 
thrown [s\open\src\hotspot\share\runtime\sharedRuntime.cpp, line 630]
Event: 1082.698 Thread 0x000001a7e247fcb0 Exception <a 'java/lang/ClassCastException'{0x0000000089732040}> (0x0000000089732040) 
thrown [s\open\src\hotspot\share\runtime\sharedRuntime.cpp, line 630]
Event: 1082.714 Thread 0x000001a7e247fcb0 Exception <a 'java/lang/ClassCastException'{0x0000000089788080}> (0x0000000089788080) 
thrown [s\open\src\hotspot\share\runtime\sharedRuntime.cpp, line 630]
Event: 1082.714 Thread 0x000001a7e247fcb0 Exception <a 'java/lang/ClassCastException'{0x0000000089788490}> (0x0000000089788490) 
thrown [s\open\src\hotspot\share\runtime\sharedRuntime.cpp, line 630]
Event: 1082.715 Thread 0x000001a7e247fcb0 Exception <a 'java/lang/ClassCastException'{0x000000008978a5e8}> (0x000000008978a5e8) 
thrown [s\open\src\hotspot\share\runtime\sharedRuntime.cpp, line 630]
Event: 1082.731 Thread 0x000001a7e247fcb0 Exception <a 'java/lang/ClassCastException'{0x00000000897ded80}> (0x00000000897ded80) 
thrown [s\open\src\hotspot\share\runtime\sharedRuntime.cpp, line 630]
Event: 1082.731 Thread 0x000001a7e247fcb0 Exception <a 'java/lang/ClassCastException'{0x00000000897df190}> (0x00000000897df190) 
thrown [s\open\src\hotspot\share\runtime\sharedRuntime.cpp, line 630]
Event: 1082.731 Thread 0x000001a7e247fcb0 Exception <a 'java/lang/ClassCastException'{0x00000000897e12e8}> (0x00000000897e12e8) 
thrown [s\open\src\hotspot\share\runtime\sharedRuntime.cpp, line 630]
Event: 1082.747 Thread 0x000001a7e247fcb0 Exception <a 'java/lang/ClassCastException'{0x000000008966a878}> (0x000000008966a878) 
thrown [s\open\src\hotspot\share\runtime\sharedRuntime.cpp, line 630]
Event: 1082.747 Thread 0x000001a7e247fcb0 Exception <a 'java/lang/ClassCastException'{0x000000008966ac88}> (0x000000008966ac88) 
thrown [s\open\src\hotspot\share\runtime\sharedRuntime.cpp, line 630]
Event: 1082.747 Thread 0x000001a7e247fcb0 Exception <a 'java/lang/ClassCastException'{0x000000008966cde0}> (0x000000008966cde0) 
thrown [s\open\src\hotspot\share\runtime\sharedRuntime.cpp, line 630]
Event: 1082.765 Thread 0x000001a7e247fcb0 Exception <a 'java/lang/ClassCastException'{0x000000008950f520}> (0x000000008950f520) 
thrown [s\open\src\hotspot\share\runtime\sharedRuntime.cpp, line 630]
Event: 1082.765 Thread 0x000001a7e247fcb0 Exception <a 'java/lang/ClassCastException'{0x000000008950f930}> (0x000000008950f930) 
thrown [s\open\src\hotspot\share\runtime\sharedRuntime.cpp, line 630]
Event: 1082.765 Thread 0x000001a7e247fcb0 Exception <a 'java/lang/ClassCastException'{0x0000000089511a88}> (0x0000000089511a88) 
thrown [s\open\src\hotspot\share\runtime\sharedRuntime.cpp, line 630]
Event: 1082.780 Thread 0x000001a7e247fcb0 Exception <a 'java/lang/ClassCastException'{0x000000008956b600}> (0x000000008956b600) 
thrown [s\open\src\hotspot\share\runtime\sharedRuntime.cpp, line 630]
Event: 1082.780 Thread 0x000001a7e247fcb0 Exception <a 'java/lang/ClassCastException'{0x000000008956ba10}> (0x000000008956ba10) 
thrown [s\open\src\hotspot\share\runtime\sharedRuntime.cpp, line 630]
Event: 1082.780 Thread 0x000001a7e247fcb0 Exception <a 'java/lang/ClassCastException'{0x000000008956db68}> (0x000000008956db68) 
thrown [s\open\src\hotspot\share\runtime\sharedRuntime.cpp, line 630]
Event: 1082.796 Thread 0x000001a7e247fcb0 Exception <a 'java/lang/ClassCastException'{0x00000000895c9500}> (0x00000000895c9500) 
thrown [s\open\src\hotspot\share\runtime\sharedRuntime.cpp, line 630]
Event: 1082.796 Thread 0x000001a7e247fcb0 Exception <a 'java/lang/ClassCastException'{0x00000000895c9910}> (0x00000000895c9910) 
thrown [s\open\src\hotspot\share\runtime\sharedRuntime.cpp, line 630]
Event: 1082.796 Thread 0x000001a7e247fcb0 Exception <a 'java/lang/ClassCastException'{0x00000000895cba68}> (0x00000000895cba68) 
thrown [s\open\src\hotspot\share\runtime\sharedRuntime.cpp, line 630]

VM Operations (20 events):
Event: 1077.421 Executing VM operation: Cleanup
Event: 1077.421 Executing VM operation: Cleanup done
Event: 1078.597 Executing VM operation: G1CollectForAllocation
Event: 1078.606 Executing VM operation: G1CollectForAllocation done
Event: 1079.617 Executing VM operation: Cleanup
Event: 1079.618 Executing VM operation: Cleanup done
Event: 1081.632 Executing VM operation: Cleanup
Event: 1081.632 Executing VM operation: Cleanup done
Event: 1082.392 Executing VM operation: G1CollectForAllocation
Event: 1082.397 Executing VM operation: G1CollectForAllocation done
Event: 1083.401 Executing VM operation: Cleanup
Event: 1083.401 Executing VM operation: Cleanup done
Event: 1267.241 Executing VM operation: G1CollectForAllocation
Event: 1267.247 Executing VM operation: G1CollectForAllocation done
Event: 1516.927 Executing VM operation: Cleanup
Event: 1516.927 Executing VM operation: Cleanup done
Event: 1517.939 Executing VM operation: Cleanup
Event: 1517.939 Executing VM operation: Cleanup done
Event: 1520.522 Executing VM operation: G1CollectForAllocation
Event: 1520.525 Executing VM operation: G1CollectForAllocation done

Events (20 events):
Event: 0.162 Thread 0x000001a7e2413500 Thread added: 0x000001a7e2413500
Event: 0.163 Thread 0x000001a7e24165e0 Thread added: 0x000001a7e24165e0
Event: 0.205 Thread 0x000001a7e247fcb0 Thread added: 0x000001a7e247fcb0
Event: 0.215 Thread 0x000001a7e2484c80 Thread added: 0x000001a7e2484c80
Event: 0.308 Thread 0x000001a7e250d750 Thread added: 0x000001a7e250d750
Event: 1.084 Thread 0x000001a7e250d750 Thread exited: 0x000001a7e250d750
Event: 1.131 Thread 0x000001a7e25100e0 Thread added: 0x000001a7e25100e0
Event: 1.139 Thread 0x000001a7e34d16b0 Thread added: 0x000001a7e34d16b0
Event: 1.374 Thread 0x000001a7e25100e0 Thread exited: 0x000001a7e25100e0
Event: 1.374 Thread 0x000001a7e34d16b0 Thread exited: 0x000001a7e34d16b0
Event: 1.392 Thread 0x000001a7e25100e0 Thread added: 0x000001a7e25100e0
Event: 1.395 Thread 0x000001a7e34d28f0 Thread added: 0x000001a7e34d28f0
Event: 1.430 Thread 0x000001a7bf6ca900 Thread exited: 0x000001a7bf6ca900
Event: 1.430 Thread 0x000001a7bf6ca900 Thread added: 0x000001a7bf6ca900
Event: 1.981 Thread 0x000001a7e34d28f0 Thread exited: 0x000001a7e34d28f0
Event: 2.273 Thread 0x000001a7e25100e0 Thread exited: 0x000001a7e25100e0
Event: 123.075 Thread 0x000001a7e4440e80 Thread added: 0x000001a7e4440e80
Event: 123.075 Thread 0x000001a7e44419a0 Thread added: 0x000001a7e44419a0
Event: 123.262 Thread 0x000001a7e44419a0 Thread exited: 0x000001a7e44419a0
Event: 123.389 Thread 0x000001a7e4440e80 Thread exited: 0x000001a7e4440e80


Dynamic libraries:
0x00007ff68f400000 - 0x00007ff68f410000 	C:\Program Files\Java\jdk-19\bin\java.exe
0x00007ffa1afe0000 - 0x00007ffa1b1e9000 	C:\WINDOWS\SYSTEM32\ntdll.dll
0x00007ffa19ca0000 - 0x00007ffa19d5e000 	C:\WINDOWS\System32\KERNEL32.DLL
0x00007ffa18620000 - 0x00007ffa1899b000 	C:\WINDOWS\System32\KERNELBASE.dll
0x00007ffa18a70000 - 0x00007ffa18b81000 	C:\WINDOWS\System32\ucrtbase.dll
0x00007ffa07050000 - 0x00007ffa0706b000 	C:\Program Files\Java\jdk-19\bin\VCRUNTIME140.dll
0x00007ffa03660000 - 0x00007ffa03678000 	C:\Program Files\Java\jdk-19\bin\jli.dll
0x00007ffa190d0000 - 0x00007ffa1917e000 	C:\WINDOWS\System32\ADVAPI32.dll
0x00007ffa1a890000 - 0x00007ffa1a933000 	C:\WINDOWS\System32\msvcrt.dll
0x00007ffa19280000 - 0x00007ffa1931e000 	C:\WINDOWS\System32\sechost.dll
0x00007ffa1aae0000 - 0x00007ffa1ac00000 	C:\WINDOWS\System32\RPCRT4.dll
0x00007ffa195a0000 - 0x00007ffa1974d000 	C:\WINDOWS\System32\USER32.dll
0x00007ffa18a40000 - 0x00007ffa18a66000 	C:\WINDOWS\System32\win32u.dll
0x00007ffa05c40000 - 0x00007ffa05ee5000 	C:\WINDOWS\WinSxS\amd64_microsoft.windows.common-controls_6595b64144ccf1df_6.0.22000.120_none_9d947278b86cc467\COMCTL32.dll
0x00007ffa1aa50000 - 0x00007ffa1aa79000 	C:\WINDOWS\System32\GDI32.dll
0x00007ffa18c50000 - 0x00007ffa18d68000 	C:\WINDOWS\System32\gdi32full.dll
0x00007ffa189a0000 - 0x00007ffa18a3d000 	C:\WINDOWS\System32\msvcp_win.dll
0x00007ffa110a0000 - 0x00007ffa110aa000 	C:\WINDOWS\SYSTEM32\VERSION.dll
0x00007ffa18ed0000 - 0x00007ffa18f02000 	C:\WINDOWS\System32\IMM32.DLL
0x00007ffa14060000 - 0x00007ffa1406c000 	C:\Program Files\Java\jdk-19\bin\vcruntime140_1.dll
0x00007ff9cf5c0000 - 0x00007ff9cf64e000 	C:\Program Files\Java\jdk-19\bin\msvcp140.dll
0x00007ff999860000 - 0x00007ff99a520000 	C:\Program Files\Java\jdk-19\bin\server\jvm.dll
0x00007ffa11c30000 - 0x00007ffa11c63000 	C:\WINDOWS\SYSTEM32\WINMM.dll
0x00007ffa0aca0000 - 0x00007ffa0aca9000 	C:\WINDOWS\SYSTEM32\WSOCK32.dll
0x00007ffa1a9e0000 - 0x00007ffa1aa4f000 	C:\WINDOWS\System32\WS2_32.dll
0x00007ffa17620000 - 0x00007ffa17638000 	C:\WINDOWS\SYSTEM32\kernel.appcore.dll
0x00007ffa08270000 - 0x00007ffa0827a000 	C:\Program Files\Java\jdk-19\bin\jimage.dll
0x00007ffa16090000 - 0x00007ffa162b1000 	C:\WINDOWS\SYSTEM32\DBGHELP.DLL
0x00007ffa07860000 - 0x00007ffa07891000 	C:\WINDOWS\SYSTEM32\dbgcore.DLL
0x00007ffa18de0000 - 0x00007ffa18e5f000 	C:\WINDOWS\System32\bcryptPrimitives.dll
0x00007ffa021f0000 - 0x00007ffa02216000 	C:\Program Files\Java\jdk-19\bin\java.dll
0x00007ff9bb910000 - 0x00007ff9bb9e7000 	C:\Program Files\Java\jdk-19\bin\jsvml.dll
0x00007ffa1a0d0000 - 0x00007ffa1a888000 	C:\WINDOWS\System32\SHELL32.dll
0x00007ffa165b0000 - 0x00007ffa16e15000 	C:\WINDOWS\SYSTEM32\windows.storage.dll
0x00007ffa1ac20000 - 0x00007ffa1af98000 	C:\WINDOWS\System32\combase.dll
0x00007ffa16440000 - 0x00007ffa165a6000 	C:\WINDOWS\SYSTEM32\wintypes.dll
0x00007ffa19190000 - 0x00007ffa1927a000 	C:\WINDOWS\System32\SHCORE.dll
0x00007ffa18e70000 - 0x00007ffa18ecd000 	C:\WINDOWS\System32\shlwapi.dll
0x00007ffa183e0000 - 0x00007ffa18401000 	C:\WINDOWS\SYSTEM32\profapi.dll
0x00007ffa020b0000 - 0x00007ffa020c3000 	C:\Program Files\Java\jdk-19\bin\net.dll
0x00007ffa11520000 - 0x00007ffa11634000 	C:\WINDOWS\SYSTEM32\WINHTTP.dll
0x00007ffa17ac0000 - 0x00007ffa17b27000 	C:\WINDOWS\system32\mswsock.dll
0x00007ffa01d80000 - 0x00007ffa01d96000 	C:\Program Files\Java\jdk-19\bin\nio.dll
0x00007ffa01d60000 - 0x00007ffa01d78000 	C:\Program Files\Java\jdk-19\bin\zip.dll
0x00007ffa08070000 - 0x00007ffa08080000 	C:\Program Files\Java\jdk-19\bin\verify.dll
0x00007ff9b9470000 - 0x00007ff9b9601000 	C:\Program Files\Java\jdk-19\bin\awt.dll
0x00007ffa19440000 - 0x00007ffa19516000 	C:\WINDOWS\System32\OLEAUT32.dll
0x00007ffa156a0000 - 0x00007ffa15732000 	C:\WINDOWS\SYSTEM32\apphelp.dll
0x00007ffa15bc0000 - 0x00007ffa15bef000 	C:\WINDOWS\system32\DWMAPI.DLL
0x00007ffa15790000 - 0x00007ffa1583c000 	C:\WINDOWS\system32\uxtheme.dll
0x00007ffa01240000 - 0x00007ffa01341000 	C:\WINDOWS\system32\opengl32.dll
0x00007ffa07670000 - 0x00007ffa0769d000 	C:\WINDOWS\SYSTEM32\GLU32.dll
0x00007ffa15a40000 - 0x00007ffa15a78000 	C:\WINDOWS\SYSTEM32\dxcore.dll
0x00007ffa19320000 - 0x00007ffa1943d000 	C:\WINDOWS\System32\MSCTF.dll
0x00007ffa19f30000 - 0x00007ffa1a0ca000 	C:\WINDOWS\System32\ole32.dll
0x00007ffa07650000 - 0x00007ffa07667000 	C:\WINDOWS\system32\napinsp.dll
0x00007ffa06d20000 - 0x00007ffa06d3b000 	C:\WINDOWS\system32\pnrpnsp.dll
0x00007ffa17180000 - 0x00007ffa17268000 	C:\WINDOWS\SYSTEM32\DNSAPI.dll
0x00007ffa17150000 - 0x00007ffa1717d000 	C:\WINDOWS\SYSTEM32\IPHLPAPI.DLL
0x00007ffa19180000 - 0x00007ffa19189000 	C:\WINDOWS\System32\NSI.dll
0x00007ffa06730000 - 0x00007ffa06742000 	C:\WINDOWS\System32\winrnr.dll
0x00007ff9f7da0000 - 0x00007ff9f7db5000 	C:\WINDOWS\system32\wshbth.dll
0x00007ff9cdab0000 - 0x00007ff9cdacf000 	C:\WINDOWS\system32\nlansp_c.dll
0x00007ffa0b0d0000 - 0x00007ffa0b0da000 	C:\Windows\System32\rasadhlp.dll
0x00007ffa10670000 - 0x00007ffa106f1000 	C:\WINDOWS\System32\fwpuclnt.dll
0x00007ff9bd270000 - 0x00007ff9bd2f6000 	C:\Program Files\Java\jdk-19\bin\freetype.dll
0x00007ff9bb120000 - 0x00007ff9bb1e5000 	C:\Program Files\Java\jdk-19\bin\fontmanager.dll
0x00007ffa05a20000 - 0x00007ffa05b4d000 	C:\WINDOWS\SYSTEM32\textinputframework.dll
0x00007ffa153b0000 - 0x00007ffa154e1000 	C:\WINDOWS\SYSTEM32\CoreMessaging.dll
0x00007ffa13460000 - 0x00007ffa137cd000 	C:\WINDOWS\SYSTEM32\CoreUIComponents.dll
0x00007ffa17d20000 - 0x00007ffa17d2c000 	C:\WINDOWS\SYSTEM32\CRYPTBASE.DLL
0x000000006f280000 - 0x000000006f2d0000 	C:\TeamBots\eclipse_basic\lib\x86_64_nt\ec_java_load.dll
0x0000000068d80000 - 0x0000000068dd1000 	C:\TeamBots\eclipse_basic\lib\x86_64_nt\ec_java.dll
0x0000000066dc0000 - 0x0000000066f08000 	C:\TeamBots\eclipse_basic\lib\x86_64_nt\eclipse.dll
0x00007ffa09620000 - 0x00007ffa09639000 	C:\WINDOWS\SYSTEM32\NETAPI32.dll
0x00000002599e0000 - 0x0000000259abe000 	C:\TeamBots\eclipse_basic\lib\x86_64_nt\libgmp-10.dll
0x00007ffa07a10000 - 0x00007ffa07abe000 	C:\WINDOWS\SYSTEM32\TextShaping.dll

dbghelp: loaded successfully - version: 4.0.5 - missing functions: none
symbol engine: initialized successfully - sym options: 0x614 - pdb path: .;C:\Program Files\Java\jdk-19\bin;C:\WINDOWS\SYSTEM32;C:\WINDOWS\WinSxS\amd64_microsoft.windows.common-controls_6595b64144ccf1df_6.0.22000.120_none_9d947278b86cc467;C:\Program Files\Java\jdk-19\bin\server;C:\TeamBots\eclipse_basic\lib\x86_64_nt

VM Arguments:
jvm_args: -Declipse.directory=C:\TeamBots\eclipse_basic 
java_command: TBSim.TBSim Competition.dsc
java_class_path (initial): C:\TeamBots\eclipse_basic\lib\eclipse.jar;C:\TeamBots\src;.
Launcher Type: SUN_STANDARD

[Global flags]
     intx CICompilerCount                          = 4                                         {product} {ergonomic}
     uint ConcGCThreads                            = 2                                         {product} {ergonomic}
     uint G1ConcRefinementThreads                  = 8                                         {product} {ergonomic}
   size_t G1HeapRegionSize                         = 1048576                                   {product} {ergonomic}
    uintx GCDrainStackTargetSize                   = 64                                        {product} {ergonomic}
   size_t InitialHeapSize                          = 134217728                                 {product} {ergonomic}
   size_t MarkStackSize                            = 4194304                                   {product} {ergonomic}
   size_t MaxHeapSize                              = 2116026368                                {product} {ergonomic}
   size_t MaxNewSize                               = 1268776960                                {product} {ergonomic}
   size_t MinHeapDeltaBytes                        = 1048576                                   {product} {ergonomic}
   size_t MinHeapSize                              = 8388608                                   {product} {ergonomic}
    uintx NonNMethodCodeHeapSize                   = 5839372                                {pd product} {ergonomic}
    uintx NonProfiledCodeHeapSize                  = 122909434                              {pd product} {ergonomic}
    uintx ProfiledCodeHeapSize                     = 122909434                              {pd product} {ergonomic}
    uintx ReservedCodeCacheSize                    = 251658240                              {pd product} {ergonomic}
     bool SegmentedCodeCache                       = true                                      {product} {ergonomic}
   size_t SoftMaxHeapSize                          = 2116026368                             {manageable} {ergonomic}
     bool UseCompressedClassPointers               = true                           {product lp64_product} {ergonomic}
     bool UseCompressedOops                        = true                           {product lp64_product} {ergonomic}
     bool UseG1GC                                  = true                                      {product} {ergonomic}
     bool UseLargePagesIndividualAllocation        = false                                  {pd product} {ergonomic}

Logging:
Log output configuration:
 #0: stdout all=warning uptime,level,tags foldmultilines=false
 #1: stderr all=off uptime,level,tags foldmultilines=false

Environment Variables:
CLASSPATH=C:\TeamBots\eclipse_basic\lib\eclipse.jar;C:\TeamBots\src;.
PATH=C:\Program Files\Common Files\Oracle\Java\javapath;C:\Program Files (x86)\Common Files\Oracle\Java\javapath;C:\Program Files\Python310\Scripts\;C:\Program Files\Python310\;C:\Program Files (x86)\Intel\iCLS Client\;C:\Program Files\Intel\iCLS Client\;C:\WINDOWS\system32;C:\WINDOWS;C:\WINDOWS\System32\Wbem;C:\WINDOWS\System32\WindowsPowerShell\v1.0\;C:\Program Files (x86)\Intel\Intel(R) Management Engine Components\DAL;C:\Program Files\Intel\Intel(R) Management Engine Components\DAL;C:\Program Files (x86)\Intel\Intel(R) Management Engine Components\IPT;C:\Program Files\Intel\Intel(R) Management Engine Components\IPT;C:\WINDOWS\System32\OpenSSH\;C:\Program Files\Git\cmd;C:\Users\gaeta\AppData\Local\Microsoft\WindowsApps;;C:\Users\gaeta\AppData\Local\Programs\Microsoft VS Code\bin
USERNAME=gaeta
OS=Windows_NT
PROCESSOR_IDENTIFIER=Intel64 Family 6 Model 142 Stepping 10, GenuineIntel
TMP=C:\Users\gaeta\AppData\Local\Temp
TEMP=C:\Users\gaeta\AppData\Local\Temp



---------------  S Y S T E M  ---------------

OS:
 Windows 11 , 64 bit Build 22000 (10.0.22000.1219)
OS uptime: 0 days 8:51 hours

CPU: total 8 (initial active 8) (4 cores per cpu, 2 threads per core) family 6 model 142 stepping 10 microcode 0xe0, cx8, cmov, fxsr, ht, mmx, 3dnowpref, sse, sse2, sse3, ssse3, sse4.1, sse4.2, popcnt, lzcnt, tsc, tscinvbit, avx, avx2, aes, erms, clmul, bmi1, bmi2, adx, fma, vzeroupper, clflush, clflushopt, rdtscp

Memory: 4k page, system-wide physical 8066M (3481M free)
TotalPageFile size 9602M (AvailPageFile size 3347M)
current process WorkingSet (physical memory assigned to process): 223M, peak: 228M
current process commit charge ("private bytes"): 322M, peak: 330M

vm_info: Java HotSpot(TM) 64-Bit Server VM (19.0.1+10-21) for windows-amd64 JRE (19.0.1+10-21), built on 2022-09-14T12:45:06Z by "mach5one" with MS VC++ 17.1 (VS2022)

END.
