#
# A fatal error has been detected by the Java Runtime Environment:
#
#  EXCEPTION_ACCESS_VIOLATION (0xc0000005) at pc=0x00007ffd32b9d4d1, pid=1724, tid=24188
#
# JRE version: Java(TM) SE Runtime Environment (19.0.1+10) (build 19.0.1+10-21)
# Java VM: Java HotSpot(TM) 64-Bit Server VM (19.0.1+10-21, mixed mode, sharing, tiered, compressed oops, compressed class ptrs, g1 gc, windows-amd64)
# Problematic frame:
# C  [ntdll.dll+0x1d4d1]
#
# No core dump will be written. Minidumps are not enabled by default on client versions of Windows
#
# If you would like to submit a bug report, please visit:
#   https://bugreport.java.com/bugreport/crash.jsp
# The crash happened outside the Java Virtual Machine in native code.
# See problematic frame for where to report the bug.
#

---------------  S U M M A R Y ------------

Command Line: -Declipse.directory=C:\TeamBots\eclipse_basic TBSim.TBSim Competition.dsc

Host: Intel(R) Core(TM) i5-8250U CPU @ 1.60GHz, 8 cores, 7G,  Windows 11 , 64 bit Build 22000 (10.0.22000.1335)
Time: Thu Dec 29 20:20:24 2022 ora solare Europa occidentale elapsed time: 19.969224 seconds (0d 0h 0m 19s)

---------------  T H R E A D  ---------------

Current thread (0x0000021efecee140):  JavaThread "Finalizer" daemon [_thread_in_native, id=24188, stack(0x000000b7f2d00000,0x000000b7f2e00000)]

Stack: [0x000000b7f2d00000,0x000000b7f2e00000],  sp=0x000000b7f2dff140,  free space=1020k
Native frames: (J=compiled Java code, j=interpreted, Vv=VM code, C=native code)
C  [ntdll.dll+0x1d4d1]
C  [ntdll.dll+0x3a76c]
C  [ntdll.dll+0x3a5d2]
C  [eclipse.dll+0xc5c9a]

Java frames: (J=compiled Java code, j=interpreted, Vv=VM code)
j  com.parctechnologies.eclipse.NativeEclipse.Cleanup()V+0
j  com.parctechnologies.eclipse.EmbeddedEclipse.destroy()V+14
j  com.parctechnologies.eclipse.EmbeddedEclipse.finalize()V+1
j  java.lang.System$2.invokeFinalize(Ljava/lang/Object;)V+1 java.base@19.0.1
j  java.lang.ref.Finalizer.runFinalizer(Ljdk/internal/access/JavaLangAccess;)V+115 java.base@19.0.1
j  java.lang.ref.Finalizer$FinalizerThread.run()V+29 java.base@19.0.1
v  ~StubRoutines::call_stub 0x0000021ef58c100e

siginfo: EXCEPTION_ACCESS_VIOLATION (0xc0000005), writing address 0x0000000000000024


Registers:
RAX=0xffffffffffffffff, RBX=0x0000000000000000, RCX=0x0000000000000000, RDX=0x0000000000000000
RSP=0x000000b7f2dff140, RBP=0x0000000000000000, RSI=0x00000000fffffffa, RDI=0x0000000000000000
R8 =0x0000000000000000, R9 =0x0000000066eaa050, R10=0x0000021ef58df92e, R11=0x000000008251d448
R12=0x00007ffd32cf4360, R13=0x0000000000000001, R14=0x0000000000000000, R15=0x0000000066eaa048
RIP=0x00007ffd32b9d4d1, EFLAGS=0x0000000000010213


Register to memory mapping:

RIP=0x00007ffd32b9d4d1 ntdll.dll
RAX=0xffffffffffffffff is an unknown value
RBX=0x0 is NULL
RCX=0x0 is NULL
RDX=0x0 is NULL
RSP=0x000000b7f2dff140 is pointing into the stack for thread: 0x0000021efecee140
RBP=0x0 is NULL
RSI=0x00000000fffffffa is an unallocated location in the heap
RDI=0x0 is NULL
R8 =0x0 is NULL
R9 =0x0000000066eaa050 eclipse.dll
R10=0x0000021ef58df92e is at code_begin+1006 in an Interpreter codelet
method entry point (kind = native)  [0x0000021ef58df540, 0x0000021ef58e0050]  2832 bytes
R11=0x000000008251d448 is an oop: java.lang.Class 
{0x000000008251d448} - klass: 'java/lang/Class'
 - ---- fields (total size 14 words):
 - private volatile transient 'classRedefinedCount' 'I' @12  0
 - abstract internal 'klass' 'J' @16  34377126120 (10950e8 8)
 - abstract internal 'array_klass' 'J' @24  0 (0 0)
 - abstract internal 'oop_size' 'I' @32  14 (e)
 - abstract internal 'static_oop_field_count' 'I' @36  0
 - private volatile transient 'cachedConstructor' 'Ljava/lang/reflect/Constructor;' @40  NULL (0)
 - private transient 'name' 'Ljava/lang/String;' @44  "com.parctechnologies.eclipse.NativeEclipse"{0x000000008251d9e8} (8251d9e8)
 - private transient 'module' 'Ljava/lang/Module;' @48  a 'java/lang/Module'{0x0000000082445aa8} (82445aa8)
 - private final 'classLoader' 'Ljava/lang/ClassLoader;' @52  a 'jdk/internal/loader/ClassLoaders$AppClassLoader'{0x00000000820cd528} (820cd528)
 - private transient 'classData' 'Ljava/lang/Object;' @56  NULL (0)
 - private transient 'packageName' 'Ljava/lang/String;' @60  "com.parctechnologies.eclipse"{0x000000008251d678} (8251d678)
 - private final 'componentType' 'Ljava/lang/Class;' @64  NULL (0)
 - private volatile transient 'reflectionData' 'Ljava/lang/ref/SoftReference;' @68  NULL (0)
 - private volatile transient 'genericInfo' 'Lsun/reflect/generics/repository/ClassRepository;' @72  NULL (0)
 - private volatile transient 'enumConstants' '[Ljava/lang/Object;' @76  NULL (0)
 - private volatile transient 'enumConstantDirectory' 'Ljava/util/Map;' @80  NULL (0)
 - private volatile transient 'annotationData' 'Ljava/lang/Class$AnnotationData;' @84  NULL (0)
 - private volatile transient 'annotationType' 'Lsun/reflect/annotation/AnnotationType;' @88  NULL (0)
 - transient 'classValueMap' 'Ljava/lang/ClassValue$ClassValueMap;' @92  NULL (0)
 - abstract internal 'protection_domain' 'Ljava/lang/Object;' @96  a 'java/security/ProtectionDomain'{0x000000008251d6c0} (8251d6c0)
 - abstract internal 'signers_name' 'Ljava/lang/Object;' @100  NULL (0)
 - abstract internal 'source_file' 'Ljava/lang/Object;' @104  NULL (0)
 - signature: Lcom/parctechnologies/eclipse/NativeEclipse;
 - ---- static fields (0):
R12=0x00007ffd32cf4360 ntdll.dll
R13=0x0000000000000001 is an unknown value
R14=0x0 is NULL
R15=0x0000000066eaa048 eclipse.dll


Top of Stack: (sp=0x000000b7f2dff140)
0x000000b7f2dff140:   ffffffffffffffff 0000000000000000
0x000000b7f2dff150:   0000000000000000 000000b7f2dff1a8
0x000000b7f2dff160:   000000b7f2dff200 0000021ef58db8ef
0x000000b7f2dff170:   0000000000000000 0000000000000000
0x000000b7f2dff180:   0000000000000000 0000000000000000
0x000000b7f2dff190:   000000b7f20bc000 0000000000000000
0x000000b7f2dff1a0:   0000000089d5d7c8 0000000089d5d7c8
0x000000b7f2dff1b0:   0000000084fff928 000000b7f2dff1b8
0x000000b7f2dff1c0:   000000080086a806 000000b7f2dff210
0x000000b7f2dff1d0:   00000008001c8628 0000000000000000
0x000000b7f2dff1e0:   00000000820698a8 00000008001c8960
0x000000b7f2dff1f0:   0000000000000000 000000b7f2dff210
0x000000b7f2dff200:   00001ef92e691668 0000021ef58dbd4b
0x000000b7f2dff210:   0000021efecee100 0000000000000001
0x000000b7f2dff220:   0000000000000001 0000000000000001
0x000000b7f2dff230:   0000000000000000 00007ffd32bba76c 

Instructions: (pc=0x00007ffd32b9d4d1)
0x00007ffd32b9d3d1:   08 e9 40 ff ff ff cc cc cc cc cc cc cc cc cc 48
0x00007ffd32b9d3e1:   89 5c 24 08 48 89 74 24 10 57 48 83 ec 20 48 8b
0x00007ffd32b9d3f1:   1d 52 b8 15 00 48 85 db 0f 85 4f ba 09 00 33 c0
0x00007ffd32b9d401:   48 8b 5c 24 30 48 8b 74 24 38 48 83 c4 20 5f c3
0x00007ffd32b9d411:   cc cc cc cc cc cc cc cc cc cc cc cc cc cc cc 48
0x00007ffd32b9d421:   89 5c 24 10 48 89 6c 24 18 48 89 74 24 20 57 41
0x00007ffd32b9d431:   54 41 55 41 56 41 57 48 81 ec d0 00 00 00 48 8b
0x00007ffd32b9d441:   05 ca 50 17 00 48 33 c4 48 89 84 24 c0 00 00 00
0x00007ffd32b9d451:   65 48 8b 1c 25 30 00 00 00 4c 8d 25 ff 6e 15 00
0x00007ffd32b9d461:   8b f2 c6 44 24 40 00 33 d2 48 89 5c 24 50 89 54
0x00007ffd32b9d471:   24 44 4c 8b f9 8b ea 49 3b cc 0f 84 66 02 00 00
0x00007ffd32b9d481:   38 15 e1 cc 15 00 0f 85 d6 02 00 00 39 15 f5 cc
0x00007ffd32b9d491:   15 00 0f 85 99 02 00 00 40 38 2d 98 c7 15 00 4c
0x00007ffd32b9d4a1:   8d 35 99 c7 15 00 48 8b dd 4c 0f 45 f3 49 39 5f
0x00007ffd32b9d4b1:   18 0f 84 f4 01 00 00 49 8b 0f 48 83 f9 ff 0f 84
0x00007ffd32b9d4c1:   fc 01 00 00 89 5c 24 48 8b fb 48 83 f9 ff 74 03
0x00007ffd32b9d4d1:   ff 41 24 4d 8b 6f 18 e8 a3 a2 00 00 85 c0 0f 85
0x00007ffd32b9d4e1:   a3 b9 09 00 b9 82 03 fe 7f 80 39 00 0f 85 b1 b9
0x00007ffd32b9d4f1:   09 00 49 83 fd ff 0f 85 7c 02 00 00 4c 8d 64 24
0x00007ffd32b9d501:   58 49 83 e4 fc 49 8d 7f 08 48 89 5c 24 70 48 89
0x00007ffd32b9d511:   5c 24 68 48 89 5c 24 78 48 89 7c 24 58 c7 84 24
0x00007ffd32b9d521:   80 00 00 00 01 00 00 00 65 48 8b 0c 25 30 00 00
0x00007ffd32b9d531:   00 48 8b 41 48 48 89 44 24 60 48 8b c7 48 8b 59
0x00007ffd32b9d541:   60 48 c1 e8 05 48 81 c3 a0 03 00 00 83 e0 7f 48
0x00007ffd32b9d551:   8b 0c c3 4c 8d 0c c3 45 33 db 48 8b d1 48 8d 44
0x00007ffd32b9d561:   24 58 83 e2 03 4c 8b c1 49 0b d4 49 83 e0 fc 4d
0x00007ffd32b9d571:   85 c0 4c 89 44 24 68 49 0f 45 c3 48 89 44 24 78
0x00007ffd32b9d581:   48 8b c2 48 83 c8 02 4d 85 c0 48 0f 45 d0 48 8b
0x00007ffd32b9d591:   c1 f0 49 0f b1 11 0f 85 1c 01 00 00 32 d1 f6 c2
0x00007ffd32b9d5a1:   02 75 7b 8b 07 48 8d 54 24 58 48 8b cb 3b c6 0f
0x00007ffd32b9d5b1:   85 e3 00 00 00 45 33 c9 4d 8b c6 e8 5b 02 00 00
0x00007ffd32b9d5c1:   3d 02 01 00 00 0f 84 83 b9 09 00 33 db 8b 37 40 


Stack slot to memory mapping:
stack at sp + 0 slots: 0xffffffffffffffff is an unknown value
stack at sp + 1 slots: 0x0 is NULL
stack at sp + 2 slots: 0x0 is NULL
stack at sp + 3 slots: 0x000000b7f2dff1a8 is pointing into the stack for thread: 0x0000021efecee140
stack at sp + 4 slots: 0x000000b7f2dff200 is pointing into the stack for thread: 0x0000021efecee140
stack at sp + 5 slots: 0x0000021ef58db8ef is at code_begin+1455 in an Interpreter codelet
return entry points  [0x0000021ef58db340, 0x0000021ef58dbe20]  2784 bytes
stack at sp + 6 slots: 0x0 is NULL
stack at sp + 7 slots: 0x0 is NULL


---------------  P R O C E S S  ---------------

Threads class SMR info:
_java_thread_list=0x0000021ee4211c60, length=17, elements={
0x0000021efeceb660, 0x0000021efecee140, 0x0000021efecf2120, 0x0000021efecf4400,
0x0000021efecf4ea0, 0x0000021efecf5940, 0x0000021efecfd5d0, 0x0000021efed0a130,
0x0000021efecf3410, 0x0000021efecf4950, 0x0000021efecf5e90, 0x0000021efecf53f0,
0x0000021efecf2ec0, 0x0000021efecf3eb0, 0x0000021efecf63e0, 0x0000021efecf3960,
0x0000021e8bbf6ec0
}

Java Threads: ( => current thread )
  0x0000021efeceb660 JavaThread "Reference Handler" daemon [_thread_blocked, id=5392, stack(0x000000b7f2c00000,0x000000b7f2d00000)]
=>0x0000021efecee140 JavaThread "Finalizer" daemon [_thread_in_native, id=24188, stack(0x000000b7f2d00000,0x000000b7f2e00000)]
  0x0000021efecf2120 JavaThread "Signal Dispatcher" daemon [_thread_blocked, id=14572, stack(0x000000b7f2e00000,0x000000b7f2f00000)]
  0x0000021efecf4400 JavaThread "Attach Listener" daemon [_thread_blocked, id=11332, stack(0x000000b7f2f00000,0x000000b7f3000000)]
  0x0000021efecf4ea0 JavaThread "Service Thread" daemon [_thread_blocked, id=21680, stack(0x000000b7f3000000,0x000000b7f3100000)]
  0x0000021efecf5940 JavaThread "Monitor Deflation Thread" daemon [_thread_blocked, id=21668, stack(0x000000b7f3100000,0x000000b7f3200000)]
  0x0000021efecfd5d0 JavaThread "C2 CompilerThread0" daemon [_thread_blocked, id=13000, stack(0x000000b7f3200000,0x000000b7f3300000)]
  0x0000021efed0a130 JavaThread "C1 CompilerThread0" daemon [_thread_blocked, id=16120, stack(0x000000b7f3300000,0x000000b7f3400000)]
  0x0000021efecf3410 JavaThread "Sweeper thread" daemon [_thread_blocked, id=16424, stack(0x000000b7f3400000,0x000000b7f3500000)]
  0x0000021efecf4950 JavaThread "Notification Thread" daemon [_thread_blocked, id=24340, stack(0x000000b7f3500000,0x000000b7f3600000)]
  0x0000021efecf5e90 JavaThread "Common-Cleaner" daemon [_thread_blocked, id=16544, stack(0x000000b7f3700000,0x000000b7f3800000)]
  0x0000021efecf53f0 JavaThread "Java2D Disposer" daemon [_thread_blocked, id=19188, stack(0x000000b7f3800000,0x000000b7f3900000)]
  0x0000021efecf2ec0 JavaThread "AWT-Shutdown" [_thread_blocked, id=23560, stack(0x000000b7f3900000,0x000000b7f3a00000)]
  0x0000021efecf3eb0 JavaThread "AWT-Windows" daemon [_thread_in_native, id=23540, stack(0x000000b7f3a00000,0x000000b7f3b00000)]
  0x0000021efecf63e0 JavaThread "Thread-0" [_thread_blocked, id=19896, stack(0x000000b7f3b00000,0x000000b7f3c00000)]
  0x0000021efecf3960 JavaThread "AWT-EventQueue-0" [_thread_blocked, id=18148, stack(0x000000b7f3c00000,0x000000b7f3d00000)]
  0x0000021e8bbf6ec0 JavaThread "DestroyJavaVM" [_thread_blocked, id=13504, stack(0x000000b7f2500000,0x000000b7f2600000)]

Other Threads:
  0x0000021efeccbe30 VMThread "VM Thread" [stack: 0x000000b7f2b00000,0x000000b7f2c00000] [id=9844]
  0x0000021e8a221df0 WatcherThread "VM Periodic Task Thread" [stack: 0x000000b7f3600000,0x000000b7f3700000] [id=19212]
  0x0000021ee647cf70 WorkerThread "GC Thread#0" [stack: 0x000000b7f2600000,0x000000b7f2700000] [id=24392]
  0x0000021e8bd599d0 WorkerThread "GC Thread#1" [stack: 0x000000b7f3e00000,0x000000b7f3f00000] [id=1168]
  0x0000021e8bd59700 WorkerThread "GC Thread#2" [stack: 0x000000b7f4400000,0x000000b7f4500000] [id=13216]
  0x0000021e8bd59ca0 WorkerThread "GC Thread#3" [stack: 0x000000b7f4500000,0x000000b7f4600000] [id=20728]
  0x0000021e8bd588f0 WorkerThread "GC Thread#4" [stack: 0x000000b7f4600000,0x000000b7f4700000] [id=23352]
  0x0000021e8bd59f70 WorkerThread "GC Thread#5" [stack: 0x000000b7f4700000,0x000000b7f4800000] [id=5416]
  0x0000021e8bd5a240 WorkerThread "GC Thread#6" [stack: 0x000000b7f4800000,0x000000b7f4900000] [id=13568]
  0x0000021e8bd58620 WorkerThread "GC Thread#7" [stack: 0x000000b7f4900000,0x000000b7f4a00000] [id=1380]
  0x0000021ee648de10 ConcurrentGCThread "G1 Main Marker" [stack: 0x000000b7f2700000,0x000000b7f2800000] [id=4720]
  0x0000021ee648efe0 WorkerThread "G1 Conc#0" [stack: 0x000000b7f2800000,0x000000b7f2900000] [id=9204]
  0x0000021efeb860e0 ConcurrentGCThread "G1 Refine#0" [stack: 0x000000b7f2900000,0x000000b7f2a00000] [id=3256]
  0x0000021efeb86ac0 ConcurrentGCThread "G1 Service" [stack: 0x000000b7f2a00000,0x000000b7f2b00000] [id=10236]

Threads with active compile tasks:

VM state: not at safepoint (normal execution)

VM Mutex/Monitor currently owned by a thread: None

Heap address: 0x0000000081e00000, size: 2018 MB, Compressed Oops mode: 32-bit

CDS archive(s) mapped at: [0x0000000800000000-0x0000000800c40000-0x0000000800c40000), size 12845056, SharedBaseAddress: 0x0000000800000000, ArchiveRelocationMode: 0.
Compressed class space mapped at: 0x0000000801000000-0x0000000841000000, reserved size: 1073741824
Narrow klass base: 0x0000000800000000, Narrow klass shift: 0, Narrow klass range: 0x100000000

GC Precious Log:
 CardTable entry size: 512
 Card Set container configuration: InlinePtr #cards 5 size 8 Array Of Cards #cards 12 size 40 Howl #buckets 4 coarsen threshold 1843 Howl Bitmap #cards 512 size 80 coarsen threshold 460 Card regions per heap region 1 cards per card region 2048
 CPUs: 8 total, 8 available
 Memory: 8066M
 Large Page Support: Disabled
 NUMA Support: Disabled
 Compressed Oops: Enabled (32-bit)
 Heap Region Size: 1M
 Heap Min Capacity: 8M
 Heap Initial Capacity: 128M
 Heap Max Capacity: 2018M
 Pre-touch: Disabled
 Parallel Workers: 8
 Concurrent Workers: 2
 Concurrent Refinement Workers: 8
 Periodic GC: Disabled

Heap:
 garbage-first heap   total 131072K, used 55965K [0x0000000081e00000, 0x0000000100000000)
  region size 1024K, 39 young (39936K), 5 survivors (5120K)
 Metaspace       used 8839K, committed 9088K, reserved 1114112K
  class space    used 897K, committed 1024K, reserved 1048576K

Heap Regions: E=young(eden), S=young(survivor), O=old, HS=humongous(starts), HC=humongous(continues), CS=collection set, F=free, OA=open archive, CA=closed archive, TAMS=top-at-mark-start (previous, next)
|   0|0x0000000081e00000, 0x0000000081f00000, 0x0000000081f00000|100%|HS|  |TAMS 0x0000000081e00000, 0x0000000081e00000| Complete 
|   1|0x0000000081f00000, 0x0000000082000000, 0x0000000082000000|100%|HC|  |TAMS 0x0000000081f00000, 0x0000000081f00000| Complete 
|   2|0x0000000082000000, 0x0000000082100000, 0x0000000082100000|100%| O|  |TAMS 0x0000000082000000, 0x0000000082000000| Untracked 
|   3|0x0000000082100000, 0x0000000082200000, 0x0000000082200000|100%|HS|  |TAMS 0x0000000082100000, 0x0000000082100000| Complete 
|   4|0x0000000082200000, 0x0000000082300000, 0x0000000082300000|100%|HC|  |TAMS 0x0000000082200000, 0x0000000082200000| Complete 
|   5|0x0000000082300000, 0x0000000082400000, 0x0000000082400000|100%|HS|  |TAMS 0x0000000082300000, 0x0000000082300000| Complete 
|   6|0x0000000082400000, 0x0000000082500000, 0x0000000082500000|100%| O|  |TAMS 0x0000000082400000, 0x0000000082400000| Untracked 
|   7|0x0000000082500000, 0x0000000082600000, 0x0000000082600000|100%| O|  |TAMS 0x0000000082500000, 0x0000000082500000| Untracked 
|   8|0x0000000082600000, 0x0000000082679a00, 0x0000000082700000| 47%| O|  |TAMS 0x0000000082600000, 0x0000000082600000| Untracked 
|   9|0x0000000082700000, 0x0000000082800000, 0x0000000082800000|100%|HS|  |TAMS 0x0000000082700000, 0x0000000082700000| Complete 
|  10|0x0000000082800000, 0x0000000082900000, 0x0000000082900000|100%|HC|  |TAMS 0x0000000082800000, 0x0000000082800000| Complete 
|  11|0x0000000082900000, 0x0000000082a00000, 0x0000000082a00000|100%|HS|  |TAMS 0x0000000082900000, 0x0000000082900000| Complete 
|  12|0x0000000082a00000, 0x0000000082b00000, 0x0000000082b00000|100%|HC|  |TAMS 0x0000000082a00000, 0x0000000082a00000| Complete 
|  13|0x0000000082b00000, 0x0000000082c00000, 0x0000000082c00000|100%|HS|  |TAMS 0x0000000082b00000, 0x0000000082b00000| Complete 
|  14|0x0000000082c00000, 0x0000000082d00000, 0x0000000082d00000|100%|HS|  |TAMS 0x0000000082c00000, 0x0000000082c00000| Complete 
|  15|0x0000000082d00000, 0x0000000082e00000, 0x0000000082e00000|100%|HC|  |TAMS 0x0000000082d00000, 0x0000000082d00000| Complete 
|  16|0x0000000082e00000, 0x0000000082f00000, 0x0000000082f00000|100%|HS|  |TAMS 0x0000000082e00000, 0x0000000082e00000| Complete 
|  17|0x0000000082f00000, 0x0000000083000000, 0x0000000083000000|100%|HC|  |TAMS 0x0000000082f00000, 0x0000000082f00000| Complete 
|  18|0x0000000083000000, 0x0000000083000000, 0x0000000083100000|  0%| F|  |TAMS 0x0000000083000000, 0x0000000083000000| Untracked 
|  19|0x0000000083100000, 0x0000000083100000, 0x0000000083200000|  0%| F|  |TAMS 0x0000000083100000, 0x0000000083100000| Untracked 
|  20|0x0000000083200000, 0x0000000083200000, 0x0000000083300000|  0%| F|  |TAMS 0x0000000083200000, 0x0000000083200000| Untracked 
|  21|0x0000000083300000, 0x0000000083300000, 0x0000000083400000|  0%| F|  |TAMS 0x0000000083300000, 0x0000000083300000| Untracked 
|  22|0x0000000083400000, 0x0000000083400000, 0x0000000083500000|  0%| F|  |TAMS 0x0000000083400000, 0x0000000083400000| Untracked 
|  23|0x0000000083500000, 0x0000000083500000, 0x0000000083600000|  0%| F|  |TAMS 0x0000000083500000, 0x0000000083500000| Untracked 
|  24|0x0000000083600000, 0x0000000083600000, 0x0000000083700000|  0%| F|  |TAMS 0x0000000083600000, 0x0000000083600000| Untracked 
|  25|0x0000000083700000, 0x0000000083700000, 0x0000000083800000|  0%| F|  |TAMS 0x0000000083700000, 0x0000000083700000| Untracked 
|  26|0x0000000083800000, 0x0000000083800000, 0x0000000083900000|  0%| F|  |TAMS 0x0000000083800000, 0x0000000083800000| Untracked 
|  27|0x0000000083900000, 0x0000000083900000, 0x0000000083a00000|  0%| F|  |TAMS 0x0000000083900000, 0x0000000083900000| Untracked 
|  28|0x0000000083a00000, 0x0000000083a00000, 0x0000000083b00000|  0%| F|  |TAMS 0x0000000083a00000, 0x0000000083a00000| Untracked 
|  29|0x0000000083b00000, 0x0000000083b00000, 0x0000000083c00000|  0%| F|  |TAMS 0x0000000083b00000, 0x0000000083b00000| Untracked 
|  30|0x0000000083c00000, 0x0000000083c00000, 0x0000000083d00000|  0%| F|  |TAMS 0x0000000083c00000, 0x0000000083c00000| Untracked 
|  31|0x0000000083d00000, 0x0000000083d00000, 0x0000000083e00000|  0%| F|  |TAMS 0x0000000083d00000, 0x0000000083d00000| Untracked 
|  32|0x0000000083e00000, 0x0000000083e00000, 0x0000000083f00000|  0%| F|  |TAMS 0x0000000083e00000, 0x0000000083e00000| Untracked 
|  33|0x0000000083f00000, 0x0000000083f00000, 0x0000000084000000|  0%| F|  |TAMS 0x0000000083f00000, 0x0000000083f00000| Untracked 
|  34|0x0000000084000000, 0x0000000084000000, 0x0000000084100000|  0%| F|  |TAMS 0x0000000084000000, 0x0000000084000000| Untracked 
|  35|0x0000000084100000, 0x0000000084100000, 0x0000000084200000|  0%| F|  |TAMS 0x0000000084100000, 0x0000000084100000| Untracked 
|  36|0x0000000084200000, 0x0000000084200000, 0x0000000084300000|  0%| F|  |TAMS 0x0000000084200000, 0x0000000084200000| Untracked 
|  37|0x0000000084300000, 0x0000000084300000, 0x0000000084400000|  0%| F|  |TAMS 0x0000000084300000, 0x0000000084300000| Untracked 
|  38|0x0000000084400000, 0x0000000084400000, 0x0000000084500000|  0%| F|  |TAMS 0x0000000084400000, 0x0000000084400000| Untracked 
|  39|0x0000000084500000, 0x0000000084500000, 0x0000000084600000|  0%| F|  |TAMS 0x0000000084500000, 0x0000000084500000| Untracked 
|  40|0x0000000084600000, 0x0000000084600000, 0x0000000084700000|  0%| F|  |TAMS 0x0000000084600000, 0x0000000084600000| Untracked 
|  41|0x0000000084700000, 0x0000000084700000, 0x0000000084800000|  0%| F|  |TAMS 0x0000000084700000, 0x0000000084700000| Untracked 
|  42|0x0000000084800000, 0x0000000084800000, 0x0000000084900000|  0%| F|  |TAMS 0x0000000084800000, 0x0000000084800000| Untracked 
|  43|0x0000000084900000, 0x0000000084900000, 0x0000000084a00000|  0%| F|  |TAMS 0x0000000084900000, 0x0000000084900000| Untracked 
|  44|0x0000000084a00000, 0x0000000084a00000, 0x0000000084b00000|  0%| F|  |TAMS 0x0000000084a00000, 0x0000000084a00000| Untracked 
|  45|0x0000000084b00000, 0x0000000084b00000, 0x0000000084c00000|  0%| F|  |TAMS 0x0000000084b00000, 0x0000000084b00000| Untracked 
|  46|0x0000000084c00000, 0x0000000084c00000, 0x0000000084d00000|  0%| F|  |TAMS 0x0000000084c00000, 0x0000000084c00000| Untracked 
|  47|0x0000000084d00000, 0x0000000084d2db90, 0x0000000084e00000| 17%| S|CS|TAMS 0x0000000084d00000, 0x0000000084d00000| Complete 
|  48|0x0000000084e00000, 0x0000000084e00000, 0x0000000084f00000|  0%| F|  |TAMS 0x0000000084e00000, 0x0000000084e00000| Untracked 
|  49|0x0000000084f00000, 0x0000000085000000, 0x0000000085000000|100%| S|CS|TAMS 0x0000000084f00000, 0x0000000084f00000| Complete 
|  50|0x0000000085000000, 0x0000000085000000, 0x0000000085100000|  0%| F|  |TAMS 0x0000000085000000, 0x0000000085000000| Untracked 
|  51|0x0000000085100000, 0x0000000085100000, 0x0000000085200000|  0%| F|  |TAMS 0x0000000085100000, 0x0000000085100000| Untracked 
|  52|0x0000000085200000, 0x0000000085300000, 0x0000000085300000|100%| S|CS|TAMS 0x0000000085200000, 0x0000000085200000| Complete 
|  53|0x0000000085300000, 0x0000000085400000, 0x0000000085400000|100%| S|CS|TAMS 0x0000000085300000, 0x0000000085300000| Complete 
|  54|0x0000000085400000, 0x0000000085400000, 0x0000000085500000|  0%| F|  |TAMS 0x0000000085400000, 0x0000000085400000| Untracked 
|  55|0x0000000085500000, 0x0000000085600000, 0x0000000085600000|100%| S|CS|TAMS 0x0000000085500000, 0x0000000085500000| Complete 
|  56|0x0000000085600000, 0x0000000085600000, 0x0000000085700000|  0%| F|  |TAMS 0x0000000085600000, 0x0000000085600000| Untracked 
|  57|0x0000000085700000, 0x0000000085700000, 0x0000000085800000|  0%| F|  |TAMS 0x0000000085700000, 0x0000000085700000| Untracked 
|  58|0x0000000085800000, 0x0000000085800000, 0x0000000085900000|  0%| F|  |TAMS 0x0000000085800000, 0x0000000085800000| Untracked 
|  59|0x0000000085900000, 0x0000000085900000, 0x0000000085a00000|  0%| F|  |TAMS 0x0000000085900000, 0x0000000085900000| Untracked 
|  60|0x0000000085a00000, 0x0000000085a00000, 0x0000000085b00000|  0%| F|  |TAMS 0x0000000085a00000, 0x0000000085a00000| Untracked 
|  61|0x0000000085b00000, 0x0000000085b00000, 0x0000000085c00000|  0%| F|  |TAMS 0x0000000085b00000, 0x0000000085b00000| Untracked 
|  62|0x0000000085c00000, 0x0000000085c00000, 0x0000000085d00000|  0%| F|  |TAMS 0x0000000085c00000, 0x0000000085c00000| Untracked 
|  63|0x0000000085d00000, 0x0000000085d00000, 0x0000000085e00000|  0%| F|  |TAMS 0x0000000085d00000, 0x0000000085d00000| Untracked 
|  64|0x0000000085e00000, 0x0000000085e00000, 0x0000000085f00000|  0%| F|  |TAMS 0x0000000085e00000, 0x0000000085e00000| Untracked 
|  65|0x0000000085f00000, 0x0000000085f00000, 0x0000000086000000|  0%| F|  |TAMS 0x0000000085f00000, 0x0000000085f00000| Untracked 
|  66|0x0000000086000000, 0x0000000086000000, 0x0000000086100000|  0%| F|  |TAMS 0x0000000086000000, 0x0000000086000000| Untracked 
|  67|0x0000000086100000, 0x0000000086100000, 0x0000000086200000|  0%| F|  |TAMS 0x0000000086100000, 0x0000000086100000| Untracked 
|  68|0x0000000086200000, 0x0000000086200000, 0x0000000086300000|  0%| F|  |TAMS 0x0000000086200000, 0x0000000086200000| Untracked 
|  69|0x0000000086300000, 0x0000000086300000, 0x0000000086400000|  0%| F|  |TAMS 0x0000000086300000, 0x0000000086300000| Untracked 
|  70|0x0000000086400000, 0x0000000086400000, 0x0000000086500000|  0%| F|  |TAMS 0x0000000086400000, 0x0000000086400000| Untracked 
|  71|0x0000000086500000, 0x0000000086500000, 0x0000000086600000|  0%| F|  |TAMS 0x0000000086500000, 0x0000000086500000| Untracked 
|  72|0x0000000086600000, 0x0000000086600000, 0x0000000086700000|  0%| F|  |TAMS 0x0000000086600000, 0x0000000086600000| Untracked 
|  73|0x0000000086700000, 0x0000000086700000, 0x0000000086800000|  0%| F|  |TAMS 0x0000000086700000, 0x0000000086700000| Untracked 
|  74|0x0000000086800000, 0x0000000086800000, 0x0000000086900000|  0%| F|  |TAMS 0x0000000086800000, 0x0000000086800000| Untracked 
|  75|0x0000000086900000, 0x0000000086900000, 0x0000000086a00000|  0%| F|  |TAMS 0x0000000086900000, 0x0000000086900000| Untracked 
|  76|0x0000000086a00000, 0x0000000086a00000, 0x0000000086b00000|  0%| F|  |TAMS 0x0000000086a00000, 0x0000000086a00000| Untracked 
|  77|0x0000000086b00000, 0x0000000086b00000, 0x0000000086c00000|  0%| F|  |TAMS 0x0000000086b00000, 0x0000000086b00000| Untracked 
|  78|0x0000000086c00000, 0x0000000086c00000, 0x0000000086d00000|  0%| F|  |TAMS 0x0000000086c00000, 0x0000000086c00000| Untracked 
|  79|0x0000000086d00000, 0x0000000086d00000, 0x0000000086e00000|  0%| F|  |TAMS 0x0000000086d00000, 0x0000000086d00000| Untracked 
|  80|0x0000000086e00000, 0x0000000086e00000, 0x0000000086f00000|  0%| F|  |TAMS 0x0000000086e00000, 0x0000000086e00000| Untracked 
|  81|0x0000000086f00000, 0x0000000086f00000, 0x0000000087000000|  0%| F|  |TAMS 0x0000000086f00000, 0x0000000086f00000| Untracked 
|  82|0x0000000087000000, 0x0000000087000000, 0x0000000087100000|  0%| F|  |TAMS 0x0000000087000000, 0x0000000087000000| Untracked 
|  83|0x0000000087100000, 0x0000000087100000, 0x0000000087200000|  0%| F|  |TAMS 0x0000000087100000, 0x0000000087100000| Untracked 
|  84|0x0000000087200000, 0x0000000087200000, 0x0000000087300000|  0%| F|  |TAMS 0x0000000087200000, 0x0000000087200000| Untracked 
|  85|0x0000000087300000, 0x0000000087300000, 0x0000000087400000|  0%| F|  |TAMS 0x0000000087300000, 0x0000000087300000| Untracked 
|  86|0x0000000087400000, 0x0000000087400000, 0x0000000087500000|  0%| F|  |TAMS 0x0000000087400000, 0x0000000087400000| Untracked 
|  87|0x0000000087500000, 0x0000000087500000, 0x0000000087600000|  0%| F|  |TAMS 0x0000000087500000, 0x0000000087500000| Untracked 
|  88|0x0000000087600000, 0x0000000087600000, 0x0000000087700000|  0%| F|  |TAMS 0x0000000087600000, 0x0000000087600000| Untracked 
|  89|0x0000000087700000, 0x0000000087700000, 0x0000000087800000|  0%| F|  |TAMS 0x0000000087700000, 0x0000000087700000| Untracked 
|  90|0x0000000087800000, 0x0000000087800000, 0x0000000087900000|  0%| F|  |TAMS 0x0000000087800000, 0x0000000087800000| Untracked 
|  91|0x0000000087900000, 0x0000000087900000, 0x0000000087a00000|  0%| F|  |TAMS 0x0000000087900000, 0x0000000087900000| Untracked 
|  92|0x0000000087a00000, 0x0000000087a00000, 0x0000000087b00000|  0%| F|  |TAMS 0x0000000087a00000, 0x0000000087a00000| Untracked 
|  93|0x0000000087b00000, 0x0000000087b00000, 0x0000000087c00000|  0%| F|  |TAMS 0x0000000087b00000, 0x0000000087b00000| Untracked 
|  94|0x0000000087c00000, 0x0000000087c80800, 0x0000000087d00000| 50%| E|  |TAMS 0x0000000087c00000, 0x0000000087c00000| Complete 
|  95|0x0000000087d00000, 0x0000000087e00000, 0x0000000087e00000|100%| E|CS|TAMS 0x0000000087d00000, 0x0000000087d00000| Complete 
|  96|0x0000000087e00000, 0x0000000087f00000, 0x0000000087f00000|100%| E|CS|TAMS 0x0000000087e00000, 0x0000000087e00000| Complete 
|  97|0x0000000087f00000, 0x0000000088000000, 0x0000000088000000|100%| E|CS|TAMS 0x0000000087f00000, 0x0000000087f00000| Complete 
|  98|0x0000000088000000, 0x0000000088100000, 0x0000000088100000|100%| E|CS|TAMS 0x0000000088000000, 0x0000000088000000| Complete 
|  99|0x0000000088100000, 0x0000000088200000, 0x0000000088200000|100%| E|CS|TAMS 0x0000000088100000, 0x0000000088100000| Complete 
| 100|0x0000000088200000, 0x0000000088300000, 0x0000000088300000|100%| E|CS|TAMS 0x0000000088200000, 0x0000000088200000| Complete 
| 101|0x0000000088300000, 0x0000000088400000, 0x0000000088400000|100%| E|CS|TAMS 0x0000000088300000, 0x0000000088300000| Complete 
| 102|0x0000000088400000, 0x0000000088500000, 0x0000000088500000|100%| E|CS|TAMS 0x0000000088400000, 0x0000000088400000| Complete 
| 103|0x0000000088500000, 0x0000000088600000, 0x0000000088600000|100%| E|CS|TAMS 0x0000000088500000, 0x0000000088500000| Complete 
| 104|0x0000000088600000, 0x0000000088700000, 0x0000000088700000|100%| E|CS|TAMS 0x0000000088600000, 0x0000000088600000| Complete 
| 105|0x0000000088700000, 0x0000000088800000, 0x0000000088800000|100%| E|CS|TAMS 0x0000000088700000, 0x0000000088700000| Complete 
| 106|0x0000000088800000, 0x0000000088900000, 0x0000000088900000|100%| E|CS|TAMS 0x0000000088800000, 0x0000000088800000| Complete 
| 107|0x0000000088900000, 0x0000000088a00000, 0x0000000088a00000|100%| E|CS|TAMS 0x0000000088900000, 0x0000000088900000| Complete 
| 108|0x0000000088a00000, 0x0000000088b00000, 0x0000000088b00000|100%| E|CS|TAMS 0x0000000088a00000, 0x0000000088a00000| Complete 
| 109|0x0000000088b00000, 0x0000000088c00000, 0x0000000088c00000|100%| E|CS|TAMS 0x0000000088b00000, 0x0000000088b00000| Complete 
| 110|0x0000000088c00000, 0x0000000088d00000, 0x0000000088d00000|100%| E|CS|TAMS 0x0000000088c00000, 0x0000000088c00000| Complete 
| 111|0x0000000088d00000, 0x0000000088e00000, 0x0000000088e00000|100%| E|CS|TAMS 0x0000000088d00000, 0x0000000088d00000| Complete 
| 112|0x0000000088e00000, 0x0000000088f00000, 0x0000000088f00000|100%| E|CS|TAMS 0x0000000088e00000, 0x0000000088e00000| Complete 
| 113|0x0000000088f00000, 0x0000000089000000, 0x0000000089000000|100%| E|CS|TAMS 0x0000000088f00000, 0x0000000088f00000| Complete 
| 114|0x0000000089000000, 0x0000000089100000, 0x0000000089100000|100%| E|CS|TAMS 0x0000000089000000, 0x0000000089000000| Complete 
| 115|0x0000000089100000, 0x0000000089200000, 0x0000000089200000|100%| E|CS|TAMS 0x0000000089100000, 0x0000000089100000| Complete 
| 116|0x0000000089200000, 0x0000000089300000, 0x0000000089300000|100%| E|CS|TAMS 0x0000000089200000, 0x0000000089200000| Complete 
| 117|0x0000000089300000, 0x0000000089400000, 0x0000000089400000|100%| E|CS|TAMS 0x0000000089300000, 0x0000000089300000| Complete 
| 118|0x0000000089400000, 0x0000000089500000, 0x0000000089500000|100%| E|CS|TAMS 0x0000000089400000, 0x0000000089400000| Complete 
| 119|0x0000000089500000, 0x0000000089600000, 0x0000000089600000|100%| E|CS|TAMS 0x0000000089500000, 0x0000000089500000| Complete 
| 120|0x0000000089600000, 0x0000000089700000, 0x0000000089700000|100%| E|CS|TAMS 0x0000000089600000, 0x0000000089600000| Complete 
| 121|0x0000000089700000, 0x0000000089800000, 0x0000000089800000|100%| E|CS|TAMS 0x0000000089700000, 0x0000000089700000| Complete 
| 122|0x0000000089800000, 0x0000000089900000, 0x0000000089900000|100%| E|CS|TAMS 0x0000000089800000, 0x0000000089800000| Complete 
| 123|0x0000000089900000, 0x0000000089a00000, 0x0000000089a00000|100%| E|CS|TAMS 0x0000000089900000, 0x0000000089900000| Complete 
| 124|0x0000000089a00000, 0x0000000089b00000, 0x0000000089b00000|100%| E|CS|TAMS 0x0000000089a00000, 0x0000000089a00000| Complete 
| 125|0x0000000089b00000, 0x0000000089c00000, 0x0000000089c00000|100%| E|CS|TAMS 0x0000000089b00000, 0x0000000089b00000| Complete 
| 126|0x0000000089c00000, 0x0000000089d00000, 0x0000000089d00000|100%| E|CS|TAMS 0x0000000089c00000, 0x0000000089c00000| Complete 
| 127|0x0000000089d00000, 0x0000000089e00000, 0x0000000089e00000|100%| E|CS|TAMS 0x0000000089d00000, 0x0000000089d00000| Complete 

Card table byte_map: [0x0000021efdac0000,0x0000021efdec0000] _byte_map_base: 0x0000021efd6b1000

Marking Bits (Prev, Next): (CMBitMap*) 0x0000021ee647d5a0, (CMBitMap*) 0x0000021ee647d5e0
 Prev Bits: [0x0000021e80000000, 0x0000021e81f88000)
 Next Bits: [0x0000021e81f90000, 0x0000021e83f18000)

Polling page: 0x0000021ee4390000

Metaspace:

Usage:
  Non-class:      7.76 MB used.
      Class:    897.41 KB used.
       Both:      8.63 MB used.

Virtual space:
  Non-class space:       64.00 MB reserved,       7.88 MB ( 12%) committed,  1 nodes.
      Class space:        1.00 GB reserved,       1.00 MB ( <1%) committed,  1 nodes.
             Both:        1.06 GB reserved,       8.88 MB ( <1%) committed. 

Chunk freelists:
   Non-Class:  96.00 KB
       Class:  2.98 MB
        Both:  3.07 MB

MaxMetaspaceSize: unlimited
CompressedClassSpaceSize: 1.00 GB
Initial GC threshold: 21.00 MB
Current GC threshold: 21.00 MB
CDS: on
MetaspaceReclaimPolicy: balanced
 - commit_granule_bytes: 65536.
 - commit_granule_words: 8192.
 - virtual_space_node_default_size: 8388608.
 - enlarge_chunks_in_place: 1.
 - new_chunks_are_fully_committed: 0.
 - uncommit_free_chunks: 1.
 - use_allocation_guard: 0.


Internal statistics:

num_allocs_failed_limit: 0.
num_arena_births: 226.
num_arena_deaths: 0.
num_vsnodes_births: 2.
num_vsnodes_deaths: 0.
num_space_committed: 142.
num_space_uncommitted: 0.
num_chunks_returned_to_freelist: 0.
num_chunks_taken_from_freelist: 298.
num_chunk_merges: 0.
num_chunk_splits: 206.
num_chunks_enlarged: 134.
num_inconsistent_stats: 0.

CodeHeap 'non-profiled nmethods': size=120000Kb used=1190Kb max_used=1190Kb free=118809Kb
 bounds [0x0000021ef5e60000, 0x0000021ef60d0000, 0x0000021efd390000]
CodeHeap 'profiled nmethods': size=120000Kb used=4019Kb max_used=4019Kb free=115980Kb
 bounds [0x0000021eee390000, 0x0000021eee780000, 0x0000021ef58c0000]
CodeHeap 'non-nmethods': size=5760Kb used=1380Kb max_used=1455Kb free=4379Kb
 bounds [0x0000021ef58c0000, 0x0000021ef5b30000, 0x0000021ef5e60000]
 total_blobs=2717 nmethods=2093 adapters=534
 compilation: enabled
              stopped_count=0, restarted_count=0
 full_count=0

Compilation events (20 events):
Event: 17.105 Thread 0x0000021efed0a130 nmethod 2083 0x0000021eee77a410 code [0x0000021eee77a5a0, 0x0000021eee77a698]
Event: 17.220 Thread 0x0000021efecfd5d0 nmethod 2074% 0x0000021ef5f7e590 code [0x0000021ef5f7ea60, 0x0000021ef5f85448]
Event: 17.220 Thread 0x0000021efecfd5d0 2081       4       java.util.ArrayList::elementData (7 bytes)
Event: 17.221 Thread 0x0000021efecfd5d0 nmethod 2081 0x0000021ef5f87490 code [0x0000021ef5f87620, 0x0000021ef5f876d8]
Event: 17.562 Thread 0x0000021efed0a130 2085   !   3       sun.font.FileFontStrike::getCachedGlyphPtr (27 bytes)
Event: 17.562 Thread 0x0000021efed0a130 nmethod 2085 0x0000021eee77a710 code [0x0000021eee77a920, 0x0000021eee77aeb8]
Event: 17.562 Thread 0x0000021efed0a130 2086       3       sun.font.FileFontStrike::getCachedGlyphPtrInternal (120 bytes)
Event: 17.562 Thread 0x0000021efed0a130 nmethod 2086 0x0000021eee77b110 code [0x0000021eee77b300, 0x0000021eee77b7b8]
Event: 18.180 Thread 0x0000021efecfd5d0 2087       4       EDU.gatech.cc.is.util.Vec2::sett (88 bytes)
Event: 18.181 Thread 0x0000021efecfd5d0 nmethod 2087 0x0000021ef5f87b90 code [0x0000021ef5f87d40, 0x0000021ef5f87ed8]
Event: 18.941 Thread 0x0000021efed0a130 2088   !   3       java.lang.ref.NativeReferenceQueue::enqueue (20 bytes)
Event: 18.941 Thread 0x0000021efed0a130 nmethod 2088 0x0000021eee77ba10 code [0x0000021eee77bbc0, 0x0000021eee77bde8]
Event: 18.941 Thread 0x0000021efed0a130 2091       3       java.util.LinkedList::<init> (10 bytes)
Event: 18.941 Thread 0x0000021efed0a130 nmethod 2091 0x0000021eee77bf10 code [0x0000021eee77c0c0, 0x0000021eee77c358]
Event: 18.942 Thread 0x0000021efed0a130 2092       3       java.util.AbstractSequentialList::<init> (5 bytes)
Event: 18.942 Thread 0x0000021efed0a130 nmethod 2092 0x0000021eee77c490 code [0x0000021eee77c640, 0x0000021eee77c878]
Event: 18.942 Thread 0x0000021efed0a130 2089       3       java.lang.ref.NativeReferenceQueue::signal (8 bytes)
Event: 18.942 Thread 0x0000021efed0a130 nmethod 2089 0x0000021eee77c990 code [0x0000021eee77cb40, 0x0000021eee77cc88]
Event: 19.312 Thread 0x0000021efecfd5d0 2093       4       EDU.gatech.cc.is.simulation.BinSim::draw (141 bytes)
Event: 19.322 Thread 0x0000021efecfd5d0 nmethod 2093 0x0000021ef5f88590 code [0x0000021ef5f887c0, 0x0000021ef5f89220]

GC Heap History (16 events):
Event: 1.422 GC heap before
{Heap before GC invocations=0 (full 0):
 garbage-first heap   total 131072K, used 24576K [0x0000000081e00000, 0x0000000100000000)
  region size 1024K, 23 young (23552K), 0 survivors (0K)
 Metaspace       used 7990K, committed 8256K, reserved 1114112K
  class space    used 869K, committed 960K, reserved 1048576K
}
Event: 1.428 GC heap after
{Heap after GC invocations=1 (full 0):
 garbage-first heap   total 131072K, used 5892K [0x0000000081e00000, 0x0000000100000000)
  region size 1024K, 3 young (3072K), 3 survivors (3072K)
 Metaspace       used 7990K, committed 8256K, reserved 1114112K
  class space    used 869K, committed 960K, reserved 1048576K
}
Event: 2.174 GC heap before
{Heap before GC invocations=1 (full 0):
 garbage-first heap   total 131072K, used 39684K [0x0000000081e00000, 0x0000000100000000)
  region size 1024K, 34 young (34816K), 3 survivors (3072K)
 Metaspace       used 8207K, committed 8512K, reserved 1114112K
  class space    used 888K, committed 1024K, reserved 1048576K
}
Event: 2.182 GC heap after
{Heap after GC invocations=2 (full 0):
 garbage-first heap   total 131072K, used 10842K [0x0000000081e00000, 0x0000000100000000)
  region size 1024K, 3 young (3072K), 3 survivors (3072K)
 Metaspace       used 8207K, committed 8512K, reserved 1114112K
  class space    used 888K, committed 1024K, reserved 1048576K
}
Event: 4.614 GC heap before
{Heap before GC invocations=2 (full 0):
 garbage-first heap   total 131072K, used 85594K [0x0000000081e00000, 0x0000000100000000)
  region size 1024K, 76 young (77824K), 3 survivors (3072K)
 Metaspace       used 8551K, committed 8768K, reserved 1114112K
  class space    used 889K, committed 1024K, reserved 1048576K
}
Event: 4.616 GC heap after
{Heap after GC invocations=3 (full 0):
 garbage-first heap   total 131072K, used 10726K [0x0000000081e00000, 0x0000000100000000)
  region size 1024K, 2 young (2048K), 2 survivors (2048K)
 Metaspace       used 8551K, committed 8768K, reserved 1114112K
  class space    used 889K, committed 1024K, reserved 1048576K
}
Event: 7.049 GC heap before
{Heap before GC invocations=3 (full 0):
 garbage-first heap   total 131072K, used 86502K [0x0000000081e00000, 0x0000000100000000)
  region size 1024K, 76 young (77824K), 2 survivors (2048K)
 Metaspace       used 8708K, committed 9024K, reserved 1114112K
  class space    used 889K, committed 1024K, reserved 1048576K
}
Event: 7.051 GC heap after
{Heap after GC invocations=4 (full 0):
 garbage-first heap   total 131072K, used 10814K [0x0000000081e00000, 0x0000000100000000)
  region size 1024K, 3 young (3072K), 3 survivors (3072K)
 Metaspace       used 8708K, committed 9024K, reserved 1114112K
  class space    used 889K, committed 1024K, reserved 1048576K
}
Event: 9.418 GC heap before
{Heap before GC invocations=4 (full 0):
 garbage-first heap   total 131072K, used 88638K [0x0000000081e00000, 0x0000000100000000)
  region size 1024K, 76 young (77824K), 3 survivors (3072K)
 Metaspace       used 8769K, committed 9024K, reserved 1114112K
  class space    used 893K, committed 1024K, reserved 1048576K
}
Event: 9.420 GC heap after
{Heap after GC invocations=5 (full 0):
 garbage-first heap   total 131072K, used 16275K [0x0000000081e00000, 0x0000000100000000)
  region size 1024K, 4 young (4096K), 4 survivors (4096K)
 Metaspace       used 8769K, committed 9024K, reserved 1114112K
  class space    used 893K, committed 1024K, reserved 1048576K
}
Event: 13.607 GC heap before
{Heap before GC invocations=5 (full 0):
 garbage-first heap   total 131072K, used 90003K [0x0000000081e00000, 0x0000000100000000)
  region size 1024K, 76 young (77824K), 4 survivors (4096K)
 Metaspace       used 8813K, committed 9088K, reserved 1114112K
  class space    used 897K, committed 1024K, reserved 1048576K
}
Event: 13.610 GC heap after
{Heap after GC invocations=6 (full 0):
 garbage-first heap   total 131072K, used 17958K [0x0000000081e00000, 0x0000000100000000)
  region size 1024K, 5 young (5120K), 5 survivors (5120K)
 Metaspace       used 8813K, committed 9088K, reserved 1114112K
  class space    used 897K, committed 1024K, reserved 1048576K
}
Event: 15.976 GC heap before
{Heap before GC invocations=6 (full 0):
 garbage-first heap   total 131072K, used 90662K [0x0000000081e00000, 0x0000000100000000)
  region size 1024K, 76 young (77824K), 5 survivors (5120K)
 Metaspace       used 8813K, committed 9088K, reserved 1114112K
  class space    used 897K, committed 1024K, reserved 1048576K
}
Event: 15.979 GC heap after
{Heap after GC invocations=7 (full 0):
 garbage-first heap   total 131072K, used 17035K [0x0000000081e00000, 0x0000000100000000)
  region size 1024K, 5 young (5120K), 5 survivors (5120K)
 Metaspace       used 8813K, committed 9088K, reserved 1114112K
  class space    used 897K, committed 1024K, reserved 1048576K
}
Event: 18.938 GC heap before
{Heap before GC invocations=7 (full 0):
 garbage-first heap   total 131072K, used 93835K [0x0000000081e00000, 0x0000000100000000)
  region size 1024K, 76 young (77824K), 5 survivors (5120K)
 Metaspace       used 8837K, committed 9088K, reserved 1114112K
  class space    used 897K, committed 1024K, reserved 1048576K
}
Event: 18.941 GC heap after
{Heap after GC invocations=8 (full 0):
 garbage-first heap   total 131072K, used 22173K [0x0000000081e00000, 0x0000000100000000)
  region size 1024K, 5 young (5120K), 5 survivors (5120K)
 Metaspace       used 8837K, committed 9088K, reserved 1114112K
  class space    used 897K, committed 1024K, reserved 1048576K
}

Dll operation events (12 events):
Event: 0.010 Loaded shared library C:\Program Files\Java\jdk-19\bin\java.dll
Event: 0.027 Loaded shared library C:\Program Files\Java\jdk-19\bin\jsvml.dll
Event: 0.088 Loaded shared library C:\Program Files\Java\jdk-19\bin\net.dll
Event: 0.092 Loaded shared library C:\Program Files\Java\jdk-19\bin\nio.dll
Event: 0.096 Loaded shared library C:\Program Files\Java\jdk-19\bin\zip.dll
Event: 0.113 Loaded shared library C:\Program Files\Java\jdk-19\bin\verify.dll
Event: 0.132 Loaded shared library C:\Program Files\Java\jdk-19\bin\jimage.dll
Event: 0.162 Loaded shared library C:\Program Files\Java\jdk-19\bin\awt.dll
Event: 0.307 Loaded shared library C:\Program Files\Java\jdk-19\bin\freetype.dll
Event: 0.309 Loaded shared library C:\Program Files\Java\jdk-19\bin\fontmanager.dll
Event: 1.129 Loaded shared library C:\TeamBots\eclipse_basic\lib\x86_64_nt\ec_java_load.dll
Event: 1.132 Loaded shared library C:\TeamBots\eclipse_basic\lib\x86_64_nt\ec_java.dll

Deoptimization events (20 events):
Event: 8.869 Thread 0x0000021efecf3960 DEOPT PACKING pc=0x0000021ef5f30ae0 sp=0x000000b7f3cfe5b0
Event: 8.869 Thread 0x0000021efecf3960 DEOPT UNPACKING pc=0x0000021ef5926da3 sp=0x000000b7f3cfe568 mode 2
Event: 9.132 Thread 0x0000021efecf3960 Uncommon trap: trap_request=0xffffff45 fr.pc=0x0000021ef5f20e78 relative=0x0000000000000318
Event: 9.132 Thread 0x0000021efecf3960 Uncommon trap: reason=unstable_if action=reinterpret pc=0x0000021ef5f20e78 method=CSAI.unipa.knowledgment.NodeMap.getPosition(J)LEDU/gatech/cc/is/util/Vec2; @ 14 c2
Event: 9.132 Thread 0x0000021efecf3960 DEOPT PACKING pc=0x0000021ef5f20e78 sp=0x000000b7f3cfe3f0
Event: 9.132 Thread 0x0000021efecf3960 DEOPT UNPACKING pc=0x0000021ef5926da3 sp=0x000000b7f3cfe3b8 mode 2
Event: 9.424 Thread 0x0000021efecf3960 DEOPT PACKING pc=0x0000021eee5ba9af sp=0x000000b7f3cfe450
Event: 9.424 Thread 0x0000021efecf3960 DEOPT UNPACKING pc=0x0000021ef5927543 sp=0x000000b7f3cfd968 mode 0
Event: 9.449 Thread 0x0000021efecf3960 Uncommon trap: trap_request=0xffffffde fr.pc=0x0000021ef5f29f4c relative=0x000000000000016c
Event: 9.449 Thread 0x0000021efecf3960 Uncommon trap: reason=class_check action=maybe_recompile pc=0x0000021ef5f29f4c method=sun.java2d.SunGraphics2D.drawRect(IIII)V @ 10 c2
Event: 9.449 Thread 0x0000021efecf3960 DEOPT PACKING pc=0x0000021ef5f29f4c sp=0x000000b7f3cfded0
Event: 9.449 Thread 0x0000021efecf3960 DEOPT UNPACKING pc=0x0000021ef5926da3 sp=0x000000b7f3cfde70 mode 2
Event: 15.587 Thread 0x0000021efecf3960 DEOPT PACKING pc=0x0000021eee64fbdd sp=0x000000b7f3cfe8f0
Event: 15.587 Thread 0x0000021efecf3960 DEOPT UNPACKING pc=0x0000021ef5927543 sp=0x000000b7f3cfddc8 mode 0
Event: 16.822 Thread 0x0000021efecf3960 DEOPT PACKING pc=0x0000021eee5ba9af sp=0x000000b7f3cfe450
Event: 16.822 Thread 0x0000021efecf3960 DEOPT UNPACKING pc=0x0000021ef5927543 sp=0x000000b7f3cfd968 mode 0
Event: 17.107 Thread 0x0000021efecf3960 Uncommon trap: trap_request=0xffffffde fr.pc=0x0000021ef5f29f4c relative=0x000000000000016c
Event: 17.107 Thread 0x0000021efecf3960 Uncommon trap: reason=class_check action=maybe_recompile pc=0x0000021ef5f29f4c method=sun.java2d.SunGraphics2D.drawRect(IIII)V @ 10 c2
Event: 17.107 Thread 0x0000021efecf3960 DEOPT PACKING pc=0x0000021ef5f29f4c sp=0x000000b7f3cfded0
Event: 17.107 Thread 0x0000021efecf3960 DEOPT UNPACKING pc=0x0000021ef5926da3 sp=0x000000b7f3cfde70 mode 2

Classes loaded (20 events):
Event: 2.211 Loading class java/awt/Event
Event: 2.211 Loading class java/awt/Event done
Event: 5.512 Loading class java/awt/event/TextEvent
Event: 5.512 Loading class java/awt/event/TextEvent done
Event: 8.714 Loading class sun/awt/windows/WButtonPeer$1
Event: 8.714 Loading class sun/awt/windows/WButtonPeer$1 done
Event: 8.714 Loading class sun/awt/SunToolkit$2
Event: 8.714 Loading class sun/awt/SunToolkit$2 done
Event: 8.716 Loading class java/awt/Window$1DisposeAction
Event: 8.716 Loading class java/awt/Window$1DisposeAction done
Event: 8.719 Loading class java/awt/LightweightDispatcher$2
Event: 8.719 Loading class java/awt/LightweightDispatcher$2 done
Event: 8.719 Loading class java/awt/event/AWTEventListenerProxy
Event: 8.719 Loading class java/awt/event/AWTEventListenerProxy done
Event: 8.720 Loading class java/awt/Toolkit$ToolkitEventMulticaster
Event: 8.720 Loading class java/awt/Toolkit$ToolkitEventMulticaster done
Event: 10.153 Loading class java/awt/Scrollbar
Event: 10.153 Loading class java/awt/Adjustable
Event: 10.153 Loading class java/awt/Adjustable done
Event: 10.153 Loading class java/awt/Scrollbar done

Classes unloaded (0 events):
No events

Classes redefined (0 events):
No events

Internal exceptions (14 events):
Event: 0.143 Thread 0x0000021ee641b990 Exception <a 'java/lang/ClassNotFoundException'{0x0000000089c66118}: sun/awt/resources/spi/awtProvider> (0x0000000089c66118) 
thrown [s\open\src\hotspot\share\classfile\systemDictionary.cpp, line 255]
Event: 0.184 Thread 0x0000021ee641b990 Exception <a 'java/io/FileNotFoundException'{0x0000000089b35a30}> (0x0000000089b35a30) 
thrown [s\open\src\hotspot\share\prims\jni.cpp, line 517]
Event: 0.192 Thread 0x0000021ee641b990 Exception <a 'java/io/FileNotFoundException'{0x0000000089b61f50}> (0x0000000089b61f50) 
thrown [s\open\src\hotspot\share\prims\jni.cpp, line 517]
Event: 0.229 Thread 0x0000021ee641b990 Exception <a 'java/lang/NoSuchMethodError'{0x0000000089ba19c0}: 'java.lang.Object java.lang.invoke.DirectMethodHandle$Holder.invokeStaticInit(java.lang.Object)'> (0x0000000089ba19c0) 
thrown [s\open\src\hotspot\share\interpreter\linkResolver.cpp, line 774]
Event: 0.287 Thread 0x0000021efecf3eb0 Exception <a 'java/lang/NoSuchMethodError'{0x0000000089a0f858}: 'void java.lang.invoke.DirectMethodHandle$Holder.invokeVirtual(java.lang.Object, java.lang.Object)'> (0x0000000089a0f858) 
thrown [s\open\src\hotspot\share\interpreter\linkResolver.cpp, line 774]
Event: 0.304 Thread 0x0000021ee641b990 Exception <a 'java/lang/NoSuchMethodError'{0x0000000089a9df58}: 'void java.lang.invoke.DirectMethodHandle$Holder.invokeStaticInit(java.lang.Object)'> (0x0000000089a9df58) 
thrown [s\open\src\hotspot\share\interpreter\linkResolver.cpp, line 774]
Event: 0.331 Thread 0x0000021ee641b990 Exception <a 'java/lang/ClassNotFoundException'{0x00000000899f9cd0}: sun/awt/windows/spi/awtLocalizationProvider> (0x00000000899f9cd0) 
thrown [s\open\src\hotspot\share\classfile\systemDictionary.cpp, line 255]
Event: 0.408 Thread 0x0000021ee641b990 Exception <a 'java/lang/NoSuchMethodError'{0x00000000898ab160}: 'void java.lang.invoke.DirectMethodHandle$Holder.invokeSpecial(java.lang.Object, java.lang.Object, java.lang.Object)'> (0x00000000898ab160) 
thrown [s\open\src\hotspot\share\interpreter\linkResolver.cpp, line 774]
Event: 0.415 Thread 0x0000021ee641b990 Exception <a 'java/lang/NoSuchMethodError'{0x00000000898d5cd8}: 'java.lang.Object java.lang.invoke.DirectMethodHandle$Holder.newInvokeSpecial(java.lang.Object, java.lang.Object, java.lang.Object, java.lang.Object, java.lang.Object)'> (0x00000000898d5cd8) 
thrown [s\open\src\hotspot\share\interpreter\linkResolver.cpp, line 774]
Event: 0.422 Thread 0x0000021ee641b990 Exception <a 'java/lang/NoSuchMethodError'{0x0000000089707aa8}: 'java.lang.Object java.lang.invoke.DirectMethodHandle$Holder.invokeStatic(java.lang.Object, int, java.lang.Object)'> (0x0000000089707aa8) 
thrown [s\open\src\hotspot\share\interpreter\linkResolver.cpp, line 774]
Event: 0.454 Thread 0x0000021ee641b990 Exception <a 'java/lang/ClassNotFoundException'{0x00000000897c2e60}: com/sun/swing/internal/plaf/metal/resources/spi/metalProvider> (0x00000000897c2e60) 
thrown [s\open\src\hotspot\share\classfile\systemDictionary.cpp, line 255]
Event: 0.455 Thread 0x0000021ee641b990 Exception <a 'java/lang/ClassNotFoundException'{0x00000000897c6de0}: com/sun/swing/internal/plaf/basic/resources/spi/basicProvider> (0x00000000897c6de0) 
thrown [s\open\src\hotspot\share\classfile\systemDictionary.cpp, line 255]
Event: 0.462 Thread 0x0000021ee641b990 Exception <a 'java/lang/NoSuchMethodError'{0x00000000897e7b00}: 'int java.lang.invoke.Invokers$Holder.invokeExact_MT(java.lang.Object, java.lang.Object)'> (0x00000000897e7b00) 
thrown [s\open\src\hotspot\share\interpreter\linkResolver.cpp, line 774]
Event: 1.415 Thread 0x0000021ee641b990 Exception <a 'java/lang/NoSuchMethodError'{0x0000000088a47ff0}: 'java.lang.Object java.lang.invoke.DirectMethodHandle$Holder.invokeSpecial(java.lang.Object, java.lang.Object, java.lang.Object, int, java.lang.Object)'> (0x0000000088a47ff0) 
thrown [s\open\src\hotspot\share\interpreter\linkResolver.cpp, line 774]

VM Operations (20 events):
Event: 8.720 Executing VM operation: HandshakeAllThreads
Event: 8.720 Executing VM operation: HandshakeAllThreads done
Event: 9.418 Executing VM operation: G1CollectForAllocation
Event: 9.420 Executing VM operation: G1CollectForAllocation done
Event: 10.421 Executing VM operation: Cleanup
Event: 10.421 Executing VM operation: Cleanup done
Event: 12.422 Executing VM operation: Cleanup
Event: 12.422 Executing VM operation: Cleanup done
Event: 13.422 Executing VM operation: Cleanup
Event: 13.422 Executing VM operation: Cleanup done
Event: 13.607 Executing VM operation: G1CollectForAllocation
Event: 13.610 Executing VM operation: G1CollectForAllocation done
Event: 15.610 Executing VM operation: Cleanup
Event: 15.610 Executing VM operation: Cleanup done
Event: 15.976 Executing VM operation: G1CollectForAllocation
Event: 15.979 Executing VM operation: G1CollectForAllocation done
Event: 17.979 Executing VM operation: Cleanup
Event: 17.980 Executing VM operation: Cleanup done
Event: 18.938 Executing VM operation: G1CollectForAllocation
Event: 18.941 Executing VM operation: G1CollectForAllocation done

Events (20 events):
Event: 0.278 Thread 0x0000021efecf63e0 Thread added: 0x0000021efecf63e0
Event: 0.289 Thread 0x0000021efecf3960 Thread added: 0x0000021efecf3960
Event: 0.815 Thread 0x0000021e8b948200 Thread added: 0x0000021e8b948200
Event: 0.825 Thread 0x0000021e8b948c00 Thread added: 0x0000021e8b948c00
Event: 1.362 Thread 0x0000021e8b948c00 Thread exited: 0x0000021e8b948c00
Event: 1.362 Thread 0x0000021e8b948200 Thread exited: 0x0000021e8b948200
Event: 1.420 Thread 0x0000021e8b948c00 Thread added: 0x0000021e8b948c00
Event: 1.448 Thread 0x0000021e8c8985c0 Thread added: 0x0000021e8c8985c0
Event: 1.669 Thread 0x0000021e8c8985c0 Thread exited: 0x0000021e8c8985c0
Event: 1.669 Thread 0x0000021e8b948c00 Thread exited: 0x0000021e8b948c00
Event: 1.694 Thread 0x0000021e8b948c00 Thread added: 0x0000021e8b948c00
Event: 1.697 Thread 0x0000021e8c8985c0 Thread added: 0x0000021e8c8985c0
Event: 1.736 Thread 0x0000021ee641b990 Thread exited: 0x0000021ee641b990
Event: 1.736 Thread 0x0000021e8bbf6ec0 Thread added: 0x0000021e8bbf6ec0
Event: 1.888 Thread 0x0000021e8b948c00 Thread exited: 0x0000021e8b948c00
Event: 1.888 Thread 0x0000021e8c8985c0 Thread exited: 0x0000021e8c8985c0
Event: 1.926 Thread 0x0000021e8babc910 Thread added: 0x0000021e8babc910
Event: 2.653 Thread 0x0000021e8babc910 Thread exited: 0x0000021e8babc910
Event: 8.729 Thread 0x0000021e8c707cf0 Thread added: 0x0000021e8c707cf0
Event: 10.149 Thread 0x0000021e8c707cf0 Thread exited: 0x0000021e8c707cf0


Dynamic libraries:
0x00007ff696770000 - 0x00007ff696780000 	C:\Program Files\Java\jdk-19\bin\java.exe
0x00007ffd32b80000 - 0x00007ffd32d89000 	C:\WINDOWS\SYSTEM32\ntdll.dll
0x00007ffd31d90000 - 0x00007ffd31e4e000 	C:\WINDOWS\System32\KERNEL32.DLL
0x00007ffd30050000 - 0x00007ffd303cb000 	C:\WINDOWS\System32\KERNELBASE.dll
0x00007ffd30470000 - 0x00007ffd30581000 	C:\WINDOWS\System32\ucrtbase.dll
0x00007ffd21460000 - 0x00007ffd21478000 	C:\Program Files\Java\jdk-19\bin\jli.dll
0x00007ffd1ff10000 - 0x00007ffd1ff2b000 	C:\Program Files\Java\jdk-19\bin\VCRUNTIME140.dll
0x00007ffd31530000 - 0x00007ffd315de000 	C:\WINDOWS\System32\ADVAPI32.dll
0x00007ffd32780000 - 0x00007ffd32823000 	C:\WINDOWS\System32\msvcrt.dll
0x00007ffd31ff0000 - 0x00007ffd3208e000 	C:\WINDOWS\System32\sechost.dll
0x00007ffd329a0000 - 0x00007ffd32ac0000 	C:\WINDOWS\System32\RPCRT4.dll
0x00007ffd30ad0000 - 0x00007ffd30c7d000 	C:\WINDOWS\System32\USER32.dll
0x00007ffd303d0000 - 0x00007ffd303f6000 	C:\WINDOWS\System32\win32u.dll
0x00007ffd1b1b0000 - 0x00007ffd1b455000 	C:\WINDOWS\WinSxS\amd64_microsoft.windows.common-controls_6595b64144ccf1df_6.0.22000.120_none_9d947278b86cc467\COMCTL32.dll
0x00007ffd32830000 - 0x00007ffd32859000 	C:\WINDOWS\System32\GDI32.dll
0x00007ffd30820000 - 0x00007ffd30938000 	C:\WINDOWS\System32\gdi32full.dll
0x00007ffd30590000 - 0x00007ffd3062d000 	C:\WINDOWS\System32\msvcp_win.dll
0x00007ffd2ee80000 - 0x00007ffd2ee8a000 	C:\WINDOWS\SYSTEM32\VERSION.dll
0x00007ffd315f0000 - 0x00007ffd31622000 	C:\WINDOWS\System32\IMM32.DLL
0x00007ffd2a960000 - 0x00007ffd2a96c000 	C:\Program Files\Java\jdk-19\bin\vcruntime140_1.dll
0x00007ffd14ca0000 - 0x00007ffd14d2e000 	C:\Program Files\Java\jdk-19\bin\msvcp140.dll
0x00007ffc97c60000 - 0x00007ffc98920000 	C:\Program Files\Java\jdk-19\bin\server\jvm.dll
0x00007ffd21270000 - 0x00007ffd21279000 	C:\WINDOWS\SYSTEM32\WSOCK32.dll
0x00007ffd28470000 - 0x00007ffd284a3000 	C:\WINDOWS\SYSTEM32\WINMM.dll
0x00007ffd32090000 - 0x00007ffd320ff000 	C:\WINDOWS\System32\WS2_32.dll
0x00007ffd2f1c0000 - 0x00007ffd2f1d8000 	C:\WINDOWS\SYSTEM32\kernel.appcore.dll
0x00007ffd21450000 - 0x00007ffd2145a000 	C:\Program Files\Java\jdk-19\bin\jimage.dll
0x00007ffd2da20000 - 0x00007ffd2dc41000 	C:\WINDOWS\SYSTEM32\DBGHELP.DLL
0x00007ffd1bf80000 - 0x00007ffd1bfb1000 	C:\WINDOWS\SYSTEM32\dbgcore.DLL
0x00007ffd30630000 - 0x00007ffd306af000 	C:\WINDOWS\System32\bcryptPrimitives.dll
0x00007ffd1cf10000 - 0x00007ffd1cf36000 	C:\Program Files\Java\jdk-19\bin\java.dll
0x00007ffd021e0000 - 0x00007ffd022b7000 	C:\Program Files\Java\jdk-19\bin\jsvml.dll
0x00007ffd30c80000 - 0x00007ffd31437000 	C:\WINDOWS\System32\SHELL32.dll
0x00007ffd2e590000 - 0x00007ffd2edf5000 	C:\WINDOWS\SYSTEM32\windows.storage.dll
0x00007ffd31650000 - 0x00007ffd319c8000 	C:\WINDOWS\System32\combase.dll
0x00007ffd2e420000 - 0x00007ffd2e586000 	C:\WINDOWS\SYSTEM32\wintypes.dll
0x00007ffd31ba0000 - 0x00007ffd31c8a000 	C:\WINDOWS\System32\SHCORE.dll
0x00007ffd32ac0000 - 0x00007ffd32b1d000 	C:\WINDOWS\System32\shlwapi.dll
0x00007ffd2ff80000 - 0x00007ffd2ffa1000 	C:\WINDOWS\SYSTEM32\profapi.dll
0x00007ffd17a40000 - 0x00007ffd17a53000 	C:\Program Files\Java\jdk-19\bin\net.dll
0x00007ffd29080000 - 0x00007ffd29194000 	C:\WINDOWS\SYSTEM32\WINHTTP.dll
0x00007ffd2f660000 - 0x00007ffd2f6c7000 	C:\WINDOWS\system32\mswsock.dll
0x00007ffd17a20000 - 0x00007ffd17a36000 	C:\Program Files\Java\jdk-19\bin\nio.dll
0x00007ffd179f0000 - 0x00007ffd17a08000 	C:\Program Files\Java\jdk-19\bin\zip.dll
0x00007ffd177a0000 - 0x00007ffd177b0000 	C:\Program Files\Java\jdk-19\bin\verify.dll
0x00007ffcf7c10000 - 0x00007ffcf7da1000 	C:\Program Files\Java\jdk-19\bin\awt.dll
0x00007ffd31440000 - 0x00007ffd31516000 	C:\WINDOWS\System32\OLEAUT32.dll
0x00007ffd2d030000 - 0x00007ffd2d0c2000 	C:\WINDOWS\SYSTEM32\apphelp.dll
0x00007ffd2d550000 - 0x00007ffd2d57f000 	C:\WINDOWS\system32\DWMAPI.DLL
0x00007ffd2d120000 - 0x00007ffd2d1cc000 	C:\WINDOWS\system32\uxtheme.dll
0x00007ffd0f370000 - 0x00007ffd0f471000 	C:\WINDOWS\system32\opengl32.dll
0x00007ffd0fb00000 - 0x00007ffd0fb2d000 	C:\WINDOWS\SYSTEM32\GLU32.dll
0x00007ffd2d3d0000 - 0x00007ffd2d408000 	C:\WINDOWS\SYSTEM32\dxcore.dll
0x00007ffd32660000 - 0x00007ffd3277d000 	C:\WINDOWS\System32\MSCTF.dll
0x00007ffd31e50000 - 0x00007ffd31fea000 	C:\WINDOWS\System32\ole32.dll
0x00007ffcf2da0000 - 0x00007ffcf2db7000 	C:\WINDOWS\system32\napinsp.dll
0x00007ffcf3460000 - 0x00007ffcf347b000 	C:\WINDOWS\system32\pnrpnsp.dll
0x00007ffd2e120000 - 0x00007ffd2e208000 	C:\WINDOWS\SYSTEM32\DNSAPI.dll
0x00007ffd2e0f0000 - 0x00007ffd2e11d000 	C:\WINDOWS\SYSTEM32\IPHLPAPI.DLL
0x00007ffd319d0000 - 0x00007ffd319d9000 	C:\WINDOWS\System32\NSI.dll
0x00007ffd07310000 - 0x00007ffd07322000 	C:\WINDOWS\System32\winrnr.dll
0x00007ffd27660000 - 0x00007ffd27675000 	C:\WINDOWS\system32\wshbth.dll
0x00007ffce5d30000 - 0x00007ffce5d4f000 	C:\WINDOWS\system32\nlansp_c.dll
0x00007ffd21a40000 - 0x00007ffd21a4a000 	C:\Windows\System32\rasadhlp.dll
0x00007ffd271f0000 - 0x00007ffd27271000 	C:\WINDOWS\System32\fwpuclnt.dll
0x00007ffd02150000 - 0x00007ffd021d6000 	C:\Program Files\Java\jdk-19\bin\freetype.dll
0x00007ffd01b00000 - 0x00007ffd01bc5000 	C:\Program Files\Java\jdk-19\bin\fontmanager.dll
0x00007ffd1a6c0000 - 0x00007ffd1a7ed000 	C:\WINDOWS\SYSTEM32\textinputframework.dll
0x00007ffd2cd40000 - 0x00007ffd2ce71000 	C:\WINDOWS\SYSTEM32\CoreMessaging.dll
0x00007ffd2a360000 - 0x00007ffd2a6cd000 	C:\WINDOWS\SYSTEM32\CoreUIComponents.dll
0x00007ffd2f8a0000 - 0x00007ffd2f8ac000 	C:\WINDOWS\SYSTEM32\CRYPTBASE.DLL
0x00007ffd12190000 - 0x00007ffd12230000 	C:\WINDOWS\system32\RICHED20.DLL
0x00007ffd12150000 - 0x00007ffd1218a000 	C:\WINDOWS\SYSTEM32\msls31.dll
0x00007ffd13aa0000 - 0x00007ffd13ab9000 	C:\WINDOWS\SYSTEM32\USP10.dll
0x00007ffd32860000 - 0x00007ffd32915000 	C:\WINDOWS\System32\clbcatq.dll
0x00007ffd0c7f0000 - 0x00007ffd0c84d000 	C:\WINDOWS\system32\dataexchange.dll
0x00007ffd291a0000 - 0x00007ffd29406000 	C:\WINDOWS\system32\twinapi.appcore.dll
0x000000006f280000 - 0x000000006f2d0000 	C:\TeamBots\eclipse_basic\lib\x86_64_nt\ec_java_load.dll
0x0000000068d80000 - 0x0000000068dd1000 	C:\TeamBots\eclipse_basic\lib\x86_64_nt\ec_java.dll
0x0000000066dc0000 - 0x0000000066f08000 	C:\TeamBots\eclipse_basic\lib\x86_64_nt\eclipse.dll
0x00007ffd2eec0000 - 0x00007ffd2eed9000 	C:\WINDOWS\SYSTEM32\NETAPI32.dll
0x00000002599e0000 - 0x0000000259abe000 	C:\TeamBots\eclipse_basic\lib\x86_64_nt\libgmp-10.dll

dbghelp: loaded successfully - version: 4.0.5 - missing functions: none
symbol engine: initialized successfully - sym options: 0x614 - pdb path: .;C:\Program Files\Java\jdk-19\bin;C:\WINDOWS\SYSTEM32;C:\WINDOWS\WinSxS\amd64_microsoft.windows.common-controls_6595b64144ccf1df_6.0.22000.120_none_9d947278b86cc467;C:\Program Files\Java\jdk-19\bin\server;C:\TeamBots\eclipse_basic\lib\x86_64_nt

VM Arguments:
jvm_args: -Declipse.directory=C:\TeamBots\eclipse_basic 
java_command: TBSim.TBSim Competition.dsc
java_class_path (initial): C:\TeamBots\eclipse_basic\lib\eclipse.jar;C:\TeamBots\src;.
Launcher Type: SUN_STANDARD

[Global flags]
     intx CICompilerCount                          = 4                                         {product} {ergonomic}
     uint ConcGCThreads                            = 2                                         {product} {ergonomic}
     uint G1ConcRefinementThreads                  = 8                                         {product} {ergonomic}
   size_t G1HeapRegionSize                         = 1048576                                   {product} {ergonomic}
    uintx GCDrainStackTargetSize                   = 64                                        {product} {ergonomic}
   size_t InitialHeapSize                          = 134217728                                 {product} {ergonomic}
   size_t MarkStackSize                            = 4194304                                   {product} {ergonomic}
   size_t MaxHeapSize                              = 2116026368                                {product} {ergonomic}
   size_t MaxNewSize                               = 1268776960                                {product} {ergonomic}
   size_t MinHeapDeltaBytes                        = 1048576                                   {product} {ergonomic}
   size_t MinHeapSize                              = 8388608                                   {product} {ergonomic}
    uintx NonNMethodCodeHeapSize                   = 5839372                                {pd product} {ergonomic}
    uintx NonProfiledCodeHeapSize                  = 122909434                              {pd product} {ergonomic}
    uintx ProfiledCodeHeapSize                     = 122909434                              {pd product} {ergonomic}
    uintx ReservedCodeCacheSize                    = 251658240                              {pd product} {ergonomic}
     bool SegmentedCodeCache                       = true                                      {product} {ergonomic}
   size_t SoftMaxHeapSize                          = 2116026368                             {manageable} {ergonomic}
     bool UseCompressedClassPointers               = true                           {product lp64_product} {ergonomic}
     bool UseCompressedOops                        = true                           {product lp64_product} {ergonomic}
     bool UseG1GC                                  = true                                      {product} {ergonomic}
     bool UseLargePagesIndividualAllocation        = false                                  {pd product} {ergonomic}

Logging:
Log output configuration:
 #0: stdout all=warning uptime,level,tags foldmultilines=false
 #1: stderr all=off uptime,level,tags foldmultilines=false

Environment Variables:
CLASSPATH=C:\TeamBots\eclipse_basic\lib\eclipse.jar;C:\TeamBots\src;.
PATH=C:\Program Files\Common Files\Oracle\Java\javapath;C:\Program Files (x86)\Common Files\Oracle\Java\javapath;C:\Program Files\Python310\Scripts\;C:\Program Files\Python310\;C:\Program Files (x86)\Intel\iCLS Client\;C:\Program Files\Intel\iCLS Client\;C:\WINDOWS\system32;C:\WINDOWS;C:\WINDOWS\System32\Wbem;C:\WINDOWS\System32\WindowsPowerShell\v1.0\;C:\Program Files (x86)\Intel\Intel(R) Management Engine Components\DAL;C:\Program Files\Intel\Intel(R) Management Engine Components\DAL;C:\Program Files (x86)\Intel\Intel(R) Management Engine Components\IPT;C:\Program Files\Intel\Intel(R) Management Engine Components\IPT;C:\WINDOWS\System32\OpenSSH\;C:\Program Files\Git\cmd;C:\Users\gaeta\AppData\Local\Microsoft\WindowsApps;;C:\Users\gaeta\AppData\Local\Programs\Microsoft VS Code\bin
USERNAME=gaeta
OS=Windows_NT
PROCESSOR_IDENTIFIER=Intel64 Family 6 Model 142 Stepping 10, GenuineIntel
TMP=C:\Users\gaeta\AppData\Local\Temp
TEMP=C:\Users\gaeta\AppData\Local\Temp



---------------  S Y S T E M  ---------------

OS:
 Windows 11 , 64 bit Build 22000 (10.0.22000.1335)
OS uptime: 6 days 7:41 hours

CPU: total 8 (initial active 8) (4 cores per cpu, 2 threads per core) family 6 model 142 stepping 10 microcode 0xe0, cx8, cmov, fxsr, ht, mmx, 3dnowpref, sse, sse2, sse3, ssse3, sse4.1, sse4.2, popcnt, lzcnt, tsc, tscinvbit, avx, avx2, aes, erms, clmul, bmi1, bmi2, adx, fma, vzeroupper, clflush, clflushopt, rdtscp

Memory: 4k page, system-wide physical 8066M (1722M free)
TotalPageFile size 11569M (AvailPageFile size 1964M)
current process WorkingSet (physical memory assigned to process): 224M, peak: 232M
current process commit charge ("private bytes"): 323M, peak: 334M

vm_info: Java HotSpot(TM) 64-Bit Server VM (19.0.1+10-21) for windows-amd64 JRE (19.0.1+10-21), built on 2022-09-14T12:45:06Z by "mach5one" with MS VC++ 17.1 (VS2022)

END.
