#
# A fatal error has been detected by the Java Runtime Environment:
#
#  EXCEPTION_ACCESS_VIOLATION (0xc0000005) at pc=0x00007ffd32b9d4d1, pid=9276, tid=19412
#
# JRE version: Java(TM) SE Runtime Environment (19.0.1+10) (build 19.0.1+10-21)
# Java VM: Java HotSpot(TM) 64-Bit Server VM (19.0.1+10-21, mixed mode, sharing, tiered, compressed oops, compressed class ptrs, g1 gc, windows-amd64)
# Problematic frame:
# C  [ntdll.dll+0x1d4d1]
#
# No core dump will be written. Minidumps are not enabled by default on client versions of Windows
#
# If you would like to submit a bug report, please visit:
#   https://bugreport.java.com/bugreport/crash.jsp
# The crash happened outside the Java Virtual Machine in native code.
# See problematic frame for where to report the bug.
#

---------------  S U M M A R Y ------------

Command Line: -Declipse.directory=C:\TeamBots\eclipse_basic TBSim.TBSim Competition.dsc

Host: Intel(R) Core(TM) i5-8250U CPU @ 1.60GHz, 8 cores, 7G,  Windows 11 , 64 bit Build 22000 (10.0.22000.1335)
Time: Fri Dec 30 21:13:38 2022 ora solare Europa occidentale elapsed time: 13.175791 seconds (0d 0h 0m 13s)

---------------  T H R E A D  ---------------

Current thread (0x0000013e79cbc2f0):  JavaThread "Finalizer" daemon [_thread_in_native, id=19412, stack(0x000000301e000000,0x000000301e100000)]

Stack: [0x000000301e000000,0x000000301e100000],  sp=0x000000301e0fed10,  free space=1019k
Native frames: (J=compiled Java code, j=interpreted, Vv=VM code, C=native code)
C  [ntdll.dll+0x1d4d1]
C  [ntdll.dll+0x3a76c]
C  [ntdll.dll+0x3a5d2]
C  [eclipse.dll+0xc5c9a]

Java frames: (J=compiled Java code, j=interpreted, Vv=VM code)
j  com.parctechnologies.eclipse.NativeEclipse.Cleanup()V+0
j  com.parctechnologies.eclipse.EmbeddedEclipse.destroy()V+14
j  com.parctechnologies.eclipse.EmbeddedEclipse.finalize()V+1
j  java.lang.System$2.invokeFinalize(Ljava/lang/Object;)V+1 java.base@19.0.1
j  java.lang.ref.Finalizer.runFinalizer(Ljdk/internal/access/JavaLangAccess;)V+115 java.base@19.0.1
j  java.lang.ref.Finalizer$FinalizerThread.run()V+29 java.base@19.0.1
v  ~StubRoutines::call_stub 0x0000013e0753100e

siginfo: EXCEPTION_ACCESS_VIOLATION (0xc0000005), writing address 0x0000000000000024


Registers:
RAX=0xffffffffffffffff, RBX=0x0000000000000000, RCX=0x0000000000000000, RDX=0x0000000000000000
RSP=0x000000301e0fed10, RBP=0x0000000000000000, RSI=0x00000000fffffffa, RDI=0x0000000000000000
R8 =0x0000000000000000, R9 =0x0000000066eaa050, R10=0x0000013e0754f92e, R11=0x00000000825d5188
R12=0x00007ffd32cf4360, R13=0x0000000000000001, R14=0x0000000000000000, R15=0x0000000066eaa048
RIP=0x00007ffd32b9d4d1, EFLAGS=0x0000000000010213


Register to memory mapping:

RIP=0x00007ffd32b9d4d1 ntdll.dll
RAX=0xffffffffffffffff is an unknown value
RBX=0x0 is NULL
RCX=0x0 is NULL
RDX=0x0 is NULL
RSP=0x000000301e0fed10 is pointing into the stack for thread: 0x0000013e79cbc2f0
RBP=0x0 is NULL
RSI=0x00000000fffffffa is an unallocated location in the heap
RDI=0x0 is NULL
R8 =0x0 is NULL
R9 =0x0000000066eaa050 eclipse.dll
R10=0x0000013e0754f92e is at code_begin+1006 in an Interpreter codelet
method entry point (kind = native)  [0x0000013e0754f540, 0x0000013e07550050]  2832 bytes
R11=0x00000000825d5188 is an oop: java.lang.Class 
{0x00000000825d5188} - klass: 'java/lang/Class'
 - ---- fields (total size 14 words):
 - private volatile transient 'classRedefinedCount' 'I' @12  0
 - abstract internal 'klass' 'J' @16  34377127696 (1095710 8)
 - abstract internal 'array_klass' 'J' @24  0 (0 0)
 - abstract internal 'oop_size' 'I' @32  14 (e)
 - abstract internal 'static_oop_field_count' 'I' @36  0
 - private volatile transient 'cachedConstructor' 'Ljava/lang/reflect/Constructor;' @40  NULL (0)
 - private transient 'name' 'Ljava/lang/String;' @44  "com.parctechnologies.eclipse.NativeEclipse"{0x00000000825d6170} (825d6170)
 - private transient 'module' 'Ljava/lang/Module;' @48  a 'java/lang/Module'{0x000000008258d4b0} (8258d4b0)
 - private final 'classLoader' 'Ljava/lang/ClassLoader;' @52  a 'jdk/internal/loader/ClassLoaders$AppClassLoader'{0x0000000082125e78} (82125e78)
 - private transient 'classData' 'Ljava/lang/Object;' @56  NULL (0)
 - private transient 'packageName' 'Ljava/lang/String;' @60  "com.parctechnologies.eclipse"{0x00000000825d5c38} (825d5c38)
 - private final 'componentType' 'Ljava/lang/Class;' @64  NULL (0)
 - private volatile transient 'reflectionData' 'Ljava/lang/ref/SoftReference;' @68  NULL (0)
 - private volatile transient 'genericInfo' 'Lsun/reflect/generics/repository/ClassRepository;' @72  NULL (0)
 - private volatile transient 'enumConstants' '[Ljava/lang/Object;' @76  NULL (0)
 - private volatile transient 'enumConstantDirectory' 'Ljava/util/Map;' @80  NULL (0)
 - private volatile transient 'annotationData' 'Ljava/lang/Class$AnnotationData;' @84  NULL (0)
 - private volatile transient 'annotationType' 'Lsun/reflect/annotation/AnnotationType;' @88  NULL (0)
 - transient 'classValueMap' 'Ljava/lang/ClassValue$ClassValueMap;' @92  NULL (0)
 - abstract internal 'protection_domain' 'Ljava/lang/Object;' @96  a 'java/security/ProtectionDomain'{0x00000000825d5c80} (825d5c80)
 - abstract internal 'signers_name' 'Ljava/lang/Object;' @100  NULL (0)
 - abstract internal 'source_file' 'Ljava/lang/Object;' @104  NULL (0)
 - signature: Lcom/parctechnologies/eclipse/NativeEclipse;
 - ---- static fields (0):
R12=0x00007ffd32cf4360 ntdll.dll
R13=0x0000000000000001 is an unknown value
R14=0x0 is NULL
R15=0x0000000066eaa048 eclipse.dll


Top of Stack: (sp=0x000000301e0fed10)
0x000000301e0fed10:   ffffffffffffffff 0000000000000000
0x000000301e0fed20:   0000000000000000 000000301e0fed78
0x000000301e0fed30:   000000301e0fedd0 0000013e0754b8ef
0x000000301e0fed40:   0000000000000000 0000000000000000
0x000000301e0fed50:   0000000000000000 0000000000000000
0x000000301e0fed60:   000000301d2f9000 0000000000000000
0x000000301e0fed70:   0000000089dd25a0 0000000089dd25a0
0x000000301e0fed80:   0000000084e704c0 000000301e0fed88
0x000000301e0fed90:   000000080086a806 000000301e0fede0
0x000000301e0feda0:   00000008001c8628 0000000000000000
0x000000301e0fedb0:   00000000820cbc40 00000008001c8960
0x000000301e0fedc0:   0000000000000000 000000301e0fede0
0x000000301e0fedd0:   00004483aea6ce53 0000013e0754bd4b
0x000000301e0fede0:   0000013e79cbc200 0000000000000001
0x000000301e0fedf0:   0000000000000001 0000000000000001
0x000000301e0fee00:   0000000000000000 00007ffd32bba76c 

Instructions: (pc=0x00007ffd32b9d4d1)
0x00007ffd32b9d3d1:   08 e9 40 ff ff ff cc cc cc cc cc cc cc cc cc 48
0x00007ffd32b9d3e1:   89 5c 24 08 48 89 74 24 10 57 48 83 ec 20 48 8b
0x00007ffd32b9d3f1:   1d 52 b8 15 00 48 85 db 0f 85 4f ba 09 00 33 c0
0x00007ffd32b9d401:   48 8b 5c 24 30 48 8b 74 24 38 48 83 c4 20 5f c3
0x00007ffd32b9d411:   cc cc cc cc cc cc cc cc cc cc cc cc cc cc cc 48
0x00007ffd32b9d421:   89 5c 24 10 48 89 6c 24 18 48 89 74 24 20 57 41
0x00007ffd32b9d431:   54 41 55 41 56 41 57 48 81 ec d0 00 00 00 48 8b
0x00007ffd32b9d441:   05 ca 50 17 00 48 33 c4 48 89 84 24 c0 00 00 00
0x00007ffd32b9d451:   65 48 8b 1c 25 30 00 00 00 4c 8d 25 ff 6e 15 00
0x00007ffd32b9d461:   8b f2 c6 44 24 40 00 33 d2 48 89 5c 24 50 89 54
0x00007ffd32b9d471:   24 44 4c 8b f9 8b ea 49 3b cc 0f 84 66 02 00 00
0x00007ffd32b9d481:   38 15 e1 cc 15 00 0f 85 d6 02 00 00 39 15 f5 cc
0x00007ffd32b9d491:   15 00 0f 85 99 02 00 00 40 38 2d 98 c7 15 00 4c
0x00007ffd32b9d4a1:   8d 35 99 c7 15 00 48 8b dd 4c 0f 45 f3 49 39 5f
0x00007ffd32b9d4b1:   18 0f 84 f4 01 00 00 49 8b 0f 48 83 f9 ff 0f 84
0x00007ffd32b9d4c1:   fc 01 00 00 89 5c 24 48 8b fb 48 83 f9 ff 74 03
0x00007ffd32b9d4d1:   ff 41 24 4d 8b 6f 18 e8 a3 a2 00 00 85 c0 0f 85
0x00007ffd32b9d4e1:   a3 b9 09 00 b9 82 03 fe 7f 80 39 00 0f 85 b1 b9
0x00007ffd32b9d4f1:   09 00 49 83 fd ff 0f 85 7c 02 00 00 4c 8d 64 24
0x00007ffd32b9d501:   58 49 83 e4 fc 49 8d 7f 08 48 89 5c 24 70 48 89
0x00007ffd32b9d511:   5c 24 68 48 89 5c 24 78 48 89 7c 24 58 c7 84 24
0x00007ffd32b9d521:   80 00 00 00 01 00 00 00 65 48 8b 0c 25 30 00 00
0x00007ffd32b9d531:   00 48 8b 41 48 48 89 44 24 60 48 8b c7 48 8b 59
0x00007ffd32b9d541:   60 48 c1 e8 05 48 81 c3 a0 03 00 00 83 e0 7f 48
0x00007ffd32b9d551:   8b 0c c3 4c 8d 0c c3 45 33 db 48 8b d1 48 8d 44
0x00007ffd32b9d561:   24 58 83 e2 03 4c 8b c1 49 0b d4 49 83 e0 fc 4d
0x00007ffd32b9d571:   85 c0 4c 89 44 24 68 49 0f 45 c3 48 89 44 24 78
0x00007ffd32b9d581:   48 8b c2 48 83 c8 02 4d 85 c0 48 0f 45 d0 48 8b
0x00007ffd32b9d591:   c1 f0 49 0f b1 11 0f 85 1c 01 00 00 32 d1 f6 c2
0x00007ffd32b9d5a1:   02 75 7b 8b 07 48 8d 54 24 58 48 8b cb 3b c6 0f
0x00007ffd32b9d5b1:   85 e3 00 00 00 45 33 c9 4d 8b c6 e8 5b 02 00 00
0x00007ffd32b9d5c1:   3d 02 01 00 00 0f 84 83 b9 09 00 33 db 8b 37 40 


Stack slot to memory mapping:
stack at sp + 0 slots: 0xffffffffffffffff is an unknown value
stack at sp + 1 slots: 0x0 is NULL
stack at sp + 2 slots: 0x0 is NULL
stack at sp + 3 slots: 0x000000301e0fed78 is pointing into the stack for thread: 0x0000013e79cbc2f0
stack at sp + 4 slots: 0x000000301e0fedd0 is pointing into the stack for thread: 0x0000013e79cbc2f0
stack at sp + 5 slots: 0x0000013e0754b8ef is at code_begin+1455 in an Interpreter codelet
return entry points  [0x0000013e0754b340, 0x0000013e0754be20]  2784 bytes
stack at sp + 6 slots: 0x0 is NULL
stack at sp + 7 slots: 0x0 is NULL


---------------  P R O C E S S  ---------------

Threads class SMR info:
_java_thread_list=0x0000013e7fcad6f0, length=17, elements={
0x0000013e79cbbdb0, 0x0000013e79cbc2f0, 0x0000013e79cbe840, 0x0000013e79cbed80,
0x0000013e79cc0630, 0x0000013e79cc4b80, 0x0000013e79cd39b0, 0x0000013e79cd5f40,
0x0000013e79cd64c0, 0x0000013e7e129240, 0x0000013e7e131460, 0x0000013e7e30f490,
0x0000013e7e30f9d0, 0x0000013e7e30ff10, 0x0000013e7e3982f0, 0x0000013e7e39dd70,
0x0000013e683eda60
}

Java Threads: ( => current thread )
  0x0000013e79cbbdb0 JavaThread "Reference Handler" daemon [_thread_blocked, id=4972, stack(0x000000301df00000,0x000000301e000000)]
=>0x0000013e79cbc2f0 JavaThread "Finalizer" daemon [_thread_in_native, id=19412, stack(0x000000301e000000,0x000000301e100000)]
  0x0000013e79cbe840 JavaThread "Signal Dispatcher" daemon [_thread_blocked, id=18060, stack(0x000000301e100000,0x000000301e200000)]
  0x0000013e79cbed80 JavaThread "Attach Listener" daemon [_thread_blocked, id=18028, stack(0x000000301e200000,0x000000301e300000)]
  0x0000013e79cc0630 JavaThread "Service Thread" daemon [_thread_blocked, id=21844, stack(0x000000301e300000,0x000000301e400000)]
  0x0000013e79cc4b80 JavaThread "Monitor Deflation Thread" daemon [_thread_blocked, id=1620, stack(0x000000301e400000,0x000000301e500000)]
  0x0000013e79cd39b0 JavaThread "C2 CompilerThread0" daemon [_thread_blocked, id=12100, stack(0x000000301e500000,0x000000301e600000)]
  0x0000013e79cd5f40 JavaThread "C1 CompilerThread0" daemon [_thread_blocked, id=9244, stack(0x000000301e600000,0x000000301e700000)]
  0x0000013e79cd64c0 JavaThread "Sweeper thread" daemon [_thread_blocked, id=11644, stack(0x000000301e700000,0x000000301e800000)]
  0x0000013e7e129240 JavaThread "Notification Thread" daemon [_thread_blocked, id=8492, stack(0x000000301e800000,0x000000301e900000)]
  0x0000013e7e131460 JavaThread "Common-Cleaner" daemon [_thread_blocked, id=23188, stack(0x000000301ea00000,0x000000301eb00000)]
  0x0000013e7e30f490 JavaThread "Java2D Disposer" daemon [_thread_blocked, id=13932, stack(0x000000301eb00000,0x000000301ec00000)]
  0x0000013e7e30f9d0 JavaThread "AWT-Shutdown" [_thread_blocked, id=22636, stack(0x000000301ec00000,0x000000301ed00000)]
  0x0000013e7e30ff10 JavaThread "AWT-Windows" daemon [_thread_in_native, id=1848, stack(0x000000301ed00000,0x000000301ee00000)]
  0x0000013e7e3982f0 JavaThread "Thread-0" [_thread_blocked, id=17604, stack(0x000000301ee00000,0x000000301ef00000)]
  0x0000013e7e39dd70 JavaThread "AWT-EventQueue-0" [_thread_blocked, id=2208, stack(0x000000301ef00000,0x000000301f000000)]
  0x0000013e683eda60 JavaThread "DestroyJavaVM" [_thread_blocked, id=22552, stack(0x000000301d800000,0x000000301d900000)]

Other Threads:
  0x0000013e79c9d8c0 VMThread "VM Thread" [stack: 0x000000301de00000,0x000000301df00000] [id=1956]
  0x0000013e7e12fdc0 WatcherThread "VM Periodic Task Thread" [stack: 0x000000301e900000,0x000000301ea00000] [id=5868]
  0x0000013e6a53f9b0 WorkerThread "GC Thread#0" [stack: 0x000000301d900000,0x000000301da00000] [id=20920]
  0x0000013e7fa1bfe0 WorkerThread "GC Thread#1" [stack: 0x000000301f600000,0x000000301f700000] [id=14308]
  0x0000013e7fa1cb20 WorkerThread "GC Thread#2" [stack: 0x000000301f700000,0x000000301f800000] [id=10256]
  0x0000013e7fa1e740 WorkerThread "GC Thread#3" [stack: 0x000000301f800000,0x000000301f900000] [id=7460]
  0x0000013e7fa1b4a0 WorkerThread "GC Thread#4" [stack: 0x000000301f900000,0x000000301fa00000] [id=12896]
  0x0000013e7fa1af00 WorkerThread "GC Thread#5" [stack: 0x000000301fa00000,0x000000301fb00000] [id=23360]
  0x0000013e7fa1d0c0 WorkerThread "GC Thread#6" [stack: 0x000000301fb00000,0x000000301fc00000] [id=22856]
  0x0000013e7fa1c2b0 WorkerThread "GC Thread#7" [stack: 0x000000301fc00000,0x000000301fd00000] [id=1016]
  0x0000013e6a550c60 ConcurrentGCThread "G1 Main Marker" [stack: 0x000000301da00000,0x000000301db00000] [id=20016]
  0x0000013e6a552030 WorkerThread "G1 Conc#0" [stack: 0x000000301db00000,0x000000301dc00000] [id=24236]
  0x0000013e6a5adfe0 ConcurrentGCThread "G1 Refine#0" [stack: 0x000000301dc00000,0x000000301dd00000] [id=11188]
  0x0000013e6a5ae4d0 ConcurrentGCThread "G1 Service" [stack: 0x000000301dd00000,0x000000301de00000] [id=10516]

Threads with active compile tasks:

VM state: not at safepoint (normal execution)

VM Mutex/Monitor currently owned by a thread: None

Heap address: 0x0000000081e00000, size: 2018 MB, Compressed Oops mode: 32-bit

CDS archive(s) mapped at: [0x0000000800000000-0x0000000800c40000-0x0000000800c40000), size 12845056, SharedBaseAddress: 0x0000000800000000, ArchiveRelocationMode: 0.
Compressed class space mapped at: 0x0000000801000000-0x0000000841000000, reserved size: 1073741824
Narrow klass base: 0x0000000800000000, Narrow klass shift: 0, Narrow klass range: 0x100000000

GC Precious Log:
 CardTable entry size: 512
 Card Set container configuration: InlinePtr #cards 5 size 8 Array Of Cards #cards 12 size 40 Howl #buckets 4 coarsen threshold 1843 Howl Bitmap #cards 512 size 80 coarsen threshold 460 Card regions per heap region 1 cards per card region 2048
 CPUs: 8 total, 8 available
 Memory: 8066M
 Large Page Support: Disabled
 NUMA Support: Disabled
 Compressed Oops: Enabled (32-bit)
 Heap Region Size: 1M
 Heap Min Capacity: 8M
 Heap Initial Capacity: 128M
 Heap Max Capacity: 2018M
 Pre-touch: Disabled
 Parallel Workers: 8
 Concurrent Workers: 2
 Concurrent Refinement Workers: 8
 Periodic GC: Disabled

Heap:
 garbage-first heap   total 131072K, used 28815K [0x0000000081e00000, 0x0000000100000000)
  region size 1024K, 12 young (12288K), 4 survivors (4096K)
 Metaspace       used 8771K, committed 9024K, reserved 1114112K
  class space    used 904K, committed 1024K, reserved 1048576K

Heap Regions: E=young(eden), S=young(survivor), O=old, HS=humongous(starts), HC=humongous(continues), CS=collection set, F=free, OA=open archive, CA=closed archive, TAMS=top-at-mark-start (previous, next)
|   0|0x0000000081e00000, 0x0000000081f00000, 0x0000000081f00000|100%|HS|  |TAMS 0x0000000081e00000, 0x0000000081e00000| Complete 
|   1|0x0000000081f00000, 0x0000000082000000, 0x0000000082000000|100%|HC|  |TAMS 0x0000000081f00000, 0x0000000081f00000| Complete 
|   2|0x0000000082000000, 0x0000000082100000, 0x0000000082100000|100%| O|  |TAMS 0x0000000082000000, 0x0000000082000000| Untracked 
|   3|0x0000000082100000, 0x0000000082200000, 0x0000000082200000|100%| O|  |TAMS 0x0000000082100000, 0x0000000082100000| Untracked 
|   4|0x0000000082200000, 0x0000000082300000, 0x0000000082300000|100%|HS|  |TAMS 0x0000000082200000, 0x0000000082200000| Complete 
|   5|0x0000000082300000, 0x0000000082400000, 0x0000000082400000|100%|HC|  |TAMS 0x0000000082300000, 0x0000000082300000| Complete 
|   6|0x0000000082400000, 0x0000000082500000, 0x0000000082500000|100%|HS|  |TAMS 0x0000000082400000, 0x0000000082400000| Complete 
|   7|0x0000000082500000, 0x0000000082600000, 0x0000000082600000|100%| O|  |TAMS 0x0000000082500000, 0x0000000082500000| Untracked 
|   8|0x0000000082600000, 0x00000000826ac800, 0x0000000082700000| 67%| O|  |TAMS 0x0000000082600000, 0x0000000082600000| Untracked 
|   9|0x0000000082700000, 0x0000000082800000, 0x0000000082800000|100%|HS|  |TAMS 0x0000000082700000, 0x0000000082700000| Complete 
|  10|0x0000000082800000, 0x0000000082900000, 0x0000000082900000|100%|HC|  |TAMS 0x0000000082800000, 0x0000000082800000| Complete 
|  11|0x0000000082900000, 0x0000000082a00000, 0x0000000082a00000|100%|HS|  |TAMS 0x0000000082900000, 0x0000000082900000| Complete 
|  12|0x0000000082a00000, 0x0000000082b00000, 0x0000000082b00000|100%|HC|  |TAMS 0x0000000082a00000, 0x0000000082a00000| Complete 
|  13|0x0000000082b00000, 0x0000000082c00000, 0x0000000082c00000|100%|HS|  |TAMS 0x0000000082b00000, 0x0000000082b00000| Complete 
|  14|0x0000000082c00000, 0x0000000082d00000, 0x0000000082d00000|100%|HS|  |TAMS 0x0000000082c00000, 0x0000000082c00000| Complete 
|  15|0x0000000082d00000, 0x0000000082e00000, 0x0000000082e00000|100%|HC|  |TAMS 0x0000000082d00000, 0x0000000082d00000| Complete 
|  16|0x0000000082e00000, 0x0000000082f00000, 0x0000000082f00000|100%|HS|  |TAMS 0x0000000082e00000, 0x0000000082e00000| Complete 
|  17|0x0000000082f00000, 0x0000000083000000, 0x0000000083000000|100%|HC|  |TAMS 0x0000000082f00000, 0x0000000082f00000| Complete 
|  18|0x0000000083000000, 0x0000000083100000, 0x0000000083100000|100%|HS|  |TAMS 0x0000000083000000, 0x0000000083000000| Complete 
|  19|0x0000000083100000, 0x0000000083100000, 0x0000000083200000|  0%| F|  |TAMS 0x0000000083100000, 0x0000000083100000| Untracked 
|  20|0x0000000083200000, 0x0000000083200000, 0x0000000083300000|  0%| F|  |TAMS 0x0000000083200000, 0x0000000083200000| Untracked 
|  21|0x0000000083300000, 0x0000000083300000, 0x0000000083400000|  0%| F|  |TAMS 0x0000000083300000, 0x0000000083300000| Untracked 
|  22|0x0000000083400000, 0x0000000083400000, 0x0000000083500000|  0%| F|  |TAMS 0x0000000083400000, 0x0000000083400000| Untracked 
|  23|0x0000000083500000, 0x0000000083500000, 0x0000000083600000|  0%| F|  |TAMS 0x0000000083500000, 0x0000000083500000| Untracked 
|  24|0x0000000083600000, 0x0000000083600000, 0x0000000083700000|  0%| F|  |TAMS 0x0000000083600000, 0x0000000083600000| Untracked 
|  25|0x0000000083700000, 0x0000000083700000, 0x0000000083800000|  0%| F|  |TAMS 0x0000000083700000, 0x0000000083700000| Untracked 
|  26|0x0000000083800000, 0x0000000083800000, 0x0000000083900000|  0%| F|  |TAMS 0x0000000083800000, 0x0000000083800000| Untracked 
|  27|0x0000000083900000, 0x0000000083900000, 0x0000000083a00000|  0%| F|  |TAMS 0x0000000083900000, 0x0000000083900000| Untracked 
|  28|0x0000000083a00000, 0x0000000083a00000, 0x0000000083b00000|  0%| F|  |TAMS 0x0000000083a00000, 0x0000000083a00000| Untracked 
|  29|0x0000000083b00000, 0x0000000083b00000, 0x0000000083c00000|  0%| F|  |TAMS 0x0000000083b00000, 0x0000000083b00000| Untracked 
|  30|0x0000000083c00000, 0x0000000083c00000, 0x0000000083d00000|  0%| F|  |TAMS 0x0000000083c00000, 0x0000000083c00000| Untracked 
|  31|0x0000000083d00000, 0x0000000083d00000, 0x0000000083e00000|  0%| F|  |TAMS 0x0000000083d00000, 0x0000000083d00000| Untracked 
|  32|0x0000000083e00000, 0x0000000083e00000, 0x0000000083f00000|  0%| F|  |TAMS 0x0000000083e00000, 0x0000000083e00000| Untracked 
|  33|0x0000000083f00000, 0x0000000083f00000, 0x0000000084000000|  0%| F|  |TAMS 0x0000000083f00000, 0x0000000083f00000| Untracked 
|  34|0x0000000084000000, 0x0000000084000000, 0x0000000084100000|  0%| F|  |TAMS 0x0000000084000000, 0x0000000084000000| Untracked 
|  35|0x0000000084100000, 0x0000000084100000, 0x0000000084200000|  0%| F|  |TAMS 0x0000000084100000, 0x0000000084100000| Untracked 
|  36|0x0000000084200000, 0x0000000084200000, 0x0000000084300000|  0%| F|  |TAMS 0x0000000084200000, 0x0000000084200000| Untracked 
|  37|0x0000000084300000, 0x0000000084300000, 0x0000000084400000|  0%| F|  |TAMS 0x0000000084300000, 0x0000000084300000| Untracked 
|  38|0x0000000084400000, 0x0000000084400000, 0x0000000084500000|  0%| F|  |TAMS 0x0000000084400000, 0x0000000084400000| Untracked 
|  39|0x0000000084500000, 0x0000000084500000, 0x0000000084600000|  0%| F|  |TAMS 0x0000000084500000, 0x0000000084500000| Untracked 
|  40|0x0000000084600000, 0x0000000084600000, 0x0000000084700000|  0%| F|  |TAMS 0x0000000084600000, 0x0000000084600000| Untracked 
|  41|0x0000000084700000, 0x0000000084700000, 0x0000000084800000|  0%| F|  |TAMS 0x0000000084700000, 0x0000000084700000| Untracked 
|  42|0x0000000084800000, 0x0000000084800000, 0x0000000084900000|  0%| F|  |TAMS 0x0000000084800000, 0x0000000084800000| Untracked 
|  43|0x0000000084900000, 0x0000000084900000, 0x0000000084a00000|  0%| F|  |TAMS 0x0000000084900000, 0x0000000084900000| Untracked 
|  44|0x0000000084a00000, 0x0000000084a00000, 0x0000000084b00000|  0%| F|  |TAMS 0x0000000084a00000, 0x0000000084a00000| Untracked 
|  45|0x0000000084b00000, 0x0000000084b00000, 0x0000000084c00000|  0%| F|  |TAMS 0x0000000084b00000, 0x0000000084b00000| Untracked 
|  46|0x0000000084c00000, 0x0000000084c00000, 0x0000000084d00000|  0%| F|  |TAMS 0x0000000084c00000, 0x0000000084c00000| Untracked 
|  47|0x0000000084d00000, 0x0000000084d00000, 0x0000000084e00000|  0%| F|  |TAMS 0x0000000084d00000, 0x0000000084d00000| Untracked 
|  48|0x0000000084e00000, 0x0000000084e774d8, 0x0000000084f00000| 46%| S|CS|TAMS 0x0000000084e00000, 0x0000000084e00000| Complete 
|  49|0x0000000084f00000, 0x0000000085000000, 0x0000000085000000|100%| S|CS|TAMS 0x0000000084f00000, 0x0000000084f00000| Complete 
|  50|0x0000000085000000, 0x0000000085100000, 0x0000000085100000|100%| S|CS|TAMS 0x0000000085000000, 0x0000000085000000| Complete 
|  51|0x0000000085100000, 0x0000000085200000, 0x0000000085200000|100%| S|CS|TAMS 0x0000000085100000, 0x0000000085100000| Complete 
|  52|0x0000000085200000, 0x0000000085200000, 0x0000000085300000|  0%| F|  |TAMS 0x0000000085200000, 0x0000000085200000| Untracked 
|  53|0x0000000085300000, 0x0000000085300000, 0x0000000085400000|  0%| F|  |TAMS 0x0000000085300000, 0x0000000085300000| Untracked 
|  54|0x0000000085400000, 0x0000000085400000, 0x0000000085500000|  0%| F|  |TAMS 0x0000000085400000, 0x0000000085400000| Untracked 
|  55|0x0000000085500000, 0x0000000085500000, 0x0000000085600000|  0%| F|  |TAMS 0x0000000085500000, 0x0000000085500000| Untracked 
|  56|0x0000000085600000, 0x0000000085600000, 0x0000000085700000|  0%| F|  |TAMS 0x0000000085600000, 0x0000000085600000| Untracked 
|  57|0x0000000085700000, 0x0000000085700000, 0x0000000085800000|  0%| F|  |TAMS 0x0000000085700000, 0x0000000085700000| Untracked 
|  58|0x0000000085800000, 0x0000000085800000, 0x0000000085900000|  0%| F|  |TAMS 0x0000000085800000, 0x0000000085800000| Untracked 
|  59|0x0000000085900000, 0x0000000085900000, 0x0000000085a00000|  0%| F|  |TAMS 0x0000000085900000, 0x0000000085900000| Untracked 
|  60|0x0000000085a00000, 0x0000000085a00000, 0x0000000085b00000|  0%| F|  |TAMS 0x0000000085a00000, 0x0000000085a00000| Untracked 
|  61|0x0000000085b00000, 0x0000000085b00000, 0x0000000085c00000|  0%| F|  |TAMS 0x0000000085b00000, 0x0000000085b00000| Untracked 
|  62|0x0000000085c00000, 0x0000000085c00000, 0x0000000085d00000|  0%| F|  |TAMS 0x0000000085c00000, 0x0000000085c00000| Untracked 
|  63|0x0000000085d00000, 0x0000000085d00000, 0x0000000085e00000|  0%| F|  |TAMS 0x0000000085d00000, 0x0000000085d00000| Untracked 
|  64|0x0000000085e00000, 0x0000000085e00000, 0x0000000085f00000|  0%| F|  |TAMS 0x0000000085e00000, 0x0000000085e00000| Untracked 
|  65|0x0000000085f00000, 0x0000000085f00000, 0x0000000086000000|  0%| F|  |TAMS 0x0000000085f00000, 0x0000000085f00000| Untracked 
|  66|0x0000000086000000, 0x0000000086000000, 0x0000000086100000|  0%| F|  |TAMS 0x0000000086000000, 0x0000000086000000| Untracked 
|  67|0x0000000086100000, 0x0000000086100000, 0x0000000086200000|  0%| F|  |TAMS 0x0000000086100000, 0x0000000086100000| Untracked 
|  68|0x0000000086200000, 0x0000000086200000, 0x0000000086300000|  0%| F|  |TAMS 0x0000000086200000, 0x0000000086200000| Untracked 
|  69|0x0000000086300000, 0x0000000086300000, 0x0000000086400000|  0%| F|  |TAMS 0x0000000086300000, 0x0000000086300000| Untracked 
|  70|0x0000000086400000, 0x0000000086400000, 0x0000000086500000|  0%| F|  |TAMS 0x0000000086400000, 0x0000000086400000| Untracked 
|  71|0x0000000086500000, 0x0000000086500000, 0x0000000086600000|  0%| F|  |TAMS 0x0000000086500000, 0x0000000086500000| Untracked 
|  72|0x0000000086600000, 0x0000000086600000, 0x0000000086700000|  0%| F|  |TAMS 0x0000000086600000, 0x0000000086600000| Untracked 
|  73|0x0000000086700000, 0x0000000086700000, 0x0000000086800000|  0%| F|  |TAMS 0x0000000086700000, 0x0000000086700000| Untracked 
|  74|0x0000000086800000, 0x0000000086800000, 0x0000000086900000|  0%| F|  |TAMS 0x0000000086800000, 0x0000000086800000| Untracked 
|  75|0x0000000086900000, 0x0000000086900000, 0x0000000086a00000|  0%| F|  |TAMS 0x0000000086900000, 0x0000000086900000| Untracked 
|  76|0x0000000086a00000, 0x0000000086a00000, 0x0000000086b00000|  0%| F|  |TAMS 0x0000000086a00000, 0x0000000086a00000| Untracked 
|  77|0x0000000086b00000, 0x0000000086b00000, 0x0000000086c00000|  0%| F|  |TAMS 0x0000000086b00000, 0x0000000086b00000| Untracked 
|  78|0x0000000086c00000, 0x0000000086c00000, 0x0000000086d00000|  0%| F|  |TAMS 0x0000000086c00000, 0x0000000086c00000| Untracked 
|  79|0x0000000086d00000, 0x0000000086d00000, 0x0000000086e00000|  0%| F|  |TAMS 0x0000000086d00000, 0x0000000086d00000| Untracked 
|  80|0x0000000086e00000, 0x0000000086e00000, 0x0000000086f00000|  0%| F|  |TAMS 0x0000000086e00000, 0x0000000086e00000| Untracked 
|  81|0x0000000086f00000, 0x0000000086f00000, 0x0000000087000000|  0%| F|  |TAMS 0x0000000086f00000, 0x0000000086f00000| Untracked 
|  82|0x0000000087000000, 0x0000000087000000, 0x0000000087100000|  0%| F|  |TAMS 0x0000000087000000, 0x0000000087000000| Untracked 
|  83|0x0000000087100000, 0x0000000087100000, 0x0000000087200000|  0%| F|  |TAMS 0x0000000087100000, 0x0000000087100000| Untracked 
|  84|0x0000000087200000, 0x0000000087200000, 0x0000000087300000|  0%| F|  |TAMS 0x0000000087200000, 0x0000000087200000| Untracked 
|  85|0x0000000087300000, 0x0000000087300000, 0x0000000087400000|  0%| F|  |TAMS 0x0000000087300000, 0x0000000087300000| Untracked 
|  86|0x0000000087400000, 0x0000000087400000, 0x0000000087500000|  0%| F|  |TAMS 0x0000000087400000, 0x0000000087400000| Untracked 
|  87|0x0000000087500000, 0x0000000087500000, 0x0000000087600000|  0%| F|  |TAMS 0x0000000087500000, 0x0000000087500000| Untracked 
|  88|0x0000000087600000, 0x0000000087600000, 0x0000000087700000|  0%| F|  |TAMS 0x0000000087600000, 0x0000000087600000| Untracked 
|  89|0x0000000087700000, 0x0000000087700000, 0x0000000087800000|  0%| F|  |TAMS 0x0000000087700000, 0x0000000087700000| Untracked 
|  90|0x0000000087800000, 0x0000000087800000, 0x0000000087900000|  0%| F|  |TAMS 0x0000000087800000, 0x0000000087800000| Untracked 
|  91|0x0000000087900000, 0x0000000087900000, 0x0000000087a00000|  0%| F|  |TAMS 0x0000000087900000, 0x0000000087900000| Untracked 
|  92|0x0000000087a00000, 0x0000000087a00000, 0x0000000087b00000|  0%| F|  |TAMS 0x0000000087a00000, 0x0000000087a00000| Untracked 
|  93|0x0000000087b00000, 0x0000000087b00000, 0x0000000087c00000|  0%| F|  |TAMS 0x0000000087b00000, 0x0000000087b00000| Untracked 
|  94|0x0000000087c00000, 0x0000000087c00000, 0x0000000087d00000|  0%| F|  |TAMS 0x0000000087c00000, 0x0000000087c00000| Untracked 
|  95|0x0000000087d00000, 0x0000000087d00000, 0x0000000087e00000|  0%| F|  |TAMS 0x0000000087d00000, 0x0000000087d00000| Untracked 
|  96|0x0000000087e00000, 0x0000000087e00000, 0x0000000087f00000|  0%| F|  |TAMS 0x0000000087e00000, 0x0000000087e00000| Untracked 
|  97|0x0000000087f00000, 0x0000000087f00000, 0x0000000088000000|  0%| F|  |TAMS 0x0000000087f00000, 0x0000000087f00000| Untracked 
|  98|0x0000000088000000, 0x0000000088000000, 0x0000000088100000|  0%| F|  |TAMS 0x0000000088000000, 0x0000000088000000| Untracked 
|  99|0x0000000088100000, 0x0000000088100000, 0x0000000088200000|  0%| F|  |TAMS 0x0000000088100000, 0x0000000088100000| Untracked 
| 100|0x0000000088200000, 0x0000000088200000, 0x0000000088300000|  0%| F|  |TAMS 0x0000000088200000, 0x0000000088200000| Untracked 
| 101|0x0000000088300000, 0x0000000088300000, 0x0000000088400000|  0%| F|  |TAMS 0x0000000088300000, 0x0000000088300000| Untracked 
| 102|0x0000000088400000, 0x0000000088400000, 0x0000000088500000|  0%| F|  |TAMS 0x0000000088400000, 0x0000000088400000| Untracked 
| 103|0x0000000088500000, 0x0000000088500000, 0x0000000088600000|  0%| F|  |TAMS 0x0000000088500000, 0x0000000088500000| Untracked 
| 104|0x0000000088600000, 0x0000000088600000, 0x0000000088700000|  0%| F|  |TAMS 0x0000000088600000, 0x0000000088600000| Untracked 
| 105|0x0000000088700000, 0x0000000088700000, 0x0000000088800000|  0%| F|  |TAMS 0x0000000088700000, 0x0000000088700000| Untracked 
| 106|0x0000000088800000, 0x0000000088800000, 0x0000000088900000|  0%| F|  |TAMS 0x0000000088800000, 0x0000000088800000| Untracked 
| 107|0x0000000088900000, 0x0000000088900000, 0x0000000088a00000|  0%| F|  |TAMS 0x0000000088900000, 0x0000000088900000| Untracked 
| 108|0x0000000088a00000, 0x0000000088a00000, 0x0000000088b00000|  0%| F|  |TAMS 0x0000000088a00000, 0x0000000088a00000| Untracked 
| 109|0x0000000088b00000, 0x0000000088b00000, 0x0000000088c00000|  0%| F|  |TAMS 0x0000000088b00000, 0x0000000088b00000| Untracked 
| 110|0x0000000088c00000, 0x0000000088c00000, 0x0000000088d00000|  0%| F|  |TAMS 0x0000000088c00000, 0x0000000088c00000| Untracked 
| 111|0x0000000088d00000, 0x0000000088d00000, 0x0000000088e00000|  0%| F|  |TAMS 0x0000000088d00000, 0x0000000088d00000| Untracked 
| 112|0x0000000088e00000, 0x0000000088e00000, 0x0000000088f00000|  0%| F|  |TAMS 0x0000000088e00000, 0x0000000088e00000| Untracked 
| 113|0x0000000088f00000, 0x0000000088f00000, 0x0000000089000000|  0%| F|  |TAMS 0x0000000088f00000, 0x0000000088f00000| Untracked 
| 114|0x0000000089000000, 0x0000000089000000, 0x0000000089100000|  0%| F|  |TAMS 0x0000000089000000, 0x0000000089000000| Untracked 
| 115|0x0000000089100000, 0x0000000089100000, 0x0000000089200000|  0%| F|  |TAMS 0x0000000089100000, 0x0000000089100000| Untracked 
| 116|0x0000000089200000, 0x0000000089200000, 0x0000000089300000|  0%| F|  |TAMS 0x0000000089200000, 0x0000000089200000| Untracked 
| 117|0x0000000089300000, 0x0000000089300000, 0x0000000089400000|  0%| F|  |TAMS 0x0000000089300000, 0x0000000089300000| Untracked 
| 118|0x0000000089400000, 0x0000000089400000, 0x0000000089500000|  0%| F|  |TAMS 0x0000000089400000, 0x0000000089400000| Untracked 
| 119|0x0000000089500000, 0x0000000089500000, 0x0000000089600000|  0%| F|  |TAMS 0x0000000089500000, 0x0000000089500000| Untracked 
| 120|0x0000000089600000, 0x0000000089700000, 0x0000000089700000|100%| E|  |TAMS 0x0000000089600000, 0x0000000089600000| Complete 
| 121|0x0000000089700000, 0x0000000089800000, 0x0000000089800000|100%| E|CS|TAMS 0x0000000089700000, 0x0000000089700000| Complete 
| 122|0x0000000089800000, 0x0000000089900000, 0x0000000089900000|100%| E|CS|TAMS 0x0000000089800000, 0x0000000089800000| Complete 
| 123|0x0000000089900000, 0x0000000089a00000, 0x0000000089a00000|100%| E|CS|TAMS 0x0000000089900000, 0x0000000089900000| Complete 
| 124|0x0000000089a00000, 0x0000000089b00000, 0x0000000089b00000|100%| E|  |TAMS 0x0000000089a00000, 0x0000000089a00000| Complete 
| 125|0x0000000089b00000, 0x0000000089c00000, 0x0000000089c00000|100%| E|CS|TAMS 0x0000000089b00000, 0x0000000089b00000| Complete 
| 126|0x0000000089c00000, 0x0000000089d00000, 0x0000000089d00000|100%| E|CS|TAMS 0x0000000089c00000, 0x0000000089c00000| Complete 
| 127|0x0000000089d00000, 0x0000000089e00000, 0x0000000089e00000|100%| E|CS|TAMS 0x0000000089d00000, 0x0000000089d00000| Complete 

Card table byte_map: [0x0000013e72b80000,0x0000013e72f80000] _byte_map_base: 0x0000013e72771000

Marking Bits (Prev, Next): (CMBitMap*) 0x0000013e6a5406f0, (CMBitMap*) 0x0000013e6a540730
 Prev Bits: [0x0000013e73380000, 0x0000013e75308000)
 Next Bits: [0x0000013e75310000, 0x0000013e77298000)

Polling page: 0x0000013e69cb0000

Metaspace:

Usage:
  Non-class:      7.68 MB used.
      Class:    904.38 KB used.
       Both:      8.57 MB used.

Virtual space:
  Non-class space:       64.00 MB reserved,       7.81 MB ( 12%) committed,  1 nodes.
      Class space:        1.00 GB reserved,       1.00 MB ( <1%) committed,  1 nodes.
             Both:        1.06 GB reserved,       8.81 MB ( <1%) committed. 

Chunk freelists:
   Non-Class:  162.00 KB
       Class:  2.97 MB
        Both:  3.13 MB

MaxMetaspaceSize: unlimited
CompressedClassSpaceSize: 1.00 GB
Initial GC threshold: 21.00 MB
Current GC threshold: 21.00 MB
CDS: on
MetaspaceReclaimPolicy: balanced
 - commit_granule_bytes: 65536.
 - commit_granule_words: 8192.
 - virtual_space_node_default_size: 8388608.
 - enlarge_chunks_in_place: 1.
 - new_chunks_are_fully_committed: 0.
 - uncommit_free_chunks: 1.
 - use_allocation_guard: 0.


Internal statistics:

num_allocs_failed_limit: 0.
num_arena_births: 238.
num_arena_deaths: 0.
num_vsnodes_births: 2.
num_vsnodes_deaths: 0.
num_space_committed: 141.
num_space_uncommitted: 0.
num_chunks_returned_to_freelist: 0.
num_chunks_taken_from_freelist: 311.
num_chunk_merges: 0.
num_chunk_splits: 215.
num_chunks_enlarged: 139.
num_inconsistent_stats: 0.

CodeHeap 'non-profiled nmethods': size=120000Kb used=956Kb max_used=956Kb free=119043Kb
 bounds [0x0000013e07ad0000, 0x0000013e07d40000, 0x0000013e0f000000]
CodeHeap 'profiled nmethods': size=120000Kb used=3768Kb max_used=3768Kb free=116231Kb
 bounds [0x0000013e00000000, 0x0000013e003b0000, 0x0000013e07530000]
CodeHeap 'non-nmethods': size=5760Kb used=1380Kb max_used=1456Kb free=4379Kb
 bounds [0x0000013e07530000, 0x0000013e077a0000, 0x0000013e07ad0000]
 total_blobs=2662 nmethods=2038 adapters=534
 compilation: enabled
              stopped_count=0, restarted_count=0
 full_count=0

Compilation events (20 events):
Event: 13.053 Thread 0x0000013e79cd5f40 nmethod 2029 0x0000013e003a6990 code [0x0000013e003a6b20, 0x0000013e003a6c38]
Event: 13.053 Thread 0x0000013e79cd5f40 2031       3       java.awt.Rectangle::getBounds (24 bytes)
Event: 13.053 Thread 0x0000013e79cd5f40 nmethod 2031 0x0000013e003a6d10 code [0x0000013e003a6ec0, 0x0000013e003a71d8]
Event: 13.053 Thread 0x0000013e79cd5f40 2030       3       javax.swing.JComponent::getY (5 bytes)
Event: 13.053 Thread 0x0000013e79cd5f40 nmethod 2030 0x0000013e003a7310 code [0x0000013e003a74a0, 0x0000013e003a75b8]
Event: 13.054 Thread 0x0000013e79cd5f40 2033       3       java.util.LinkedList$ListItr::previous (70 bytes)
Event: 13.055 Thread 0x0000013e79cd5f40 nmethod 2033 0x0000013e003a7690 code [0x0000013e003a7880, 0x0000013e003a7db8]
Event: 13.055 Thread 0x0000013e79cd5f40 2032       1       java.awt.Container::isFocusCycleRoot (5 bytes)
Event: 13.055 Thread 0x0000013e79cd5f40 nmethod 2032 0x0000013e07bb7210 code [0x0000013e07bb73a0, 0x0000013e07bb7478]
Event: 13.055 Thread 0x0000013e79cd5f40 2034       1       java.awt.Container::isFocusTraversalPolicyProvider (5 bytes)
Event: 13.055 Thread 0x0000013e79cd5f40 nmethod 2034 0x0000013e07bb7510 code [0x0000013e07bb76a0, 0x0000013e07bb7778]
Event: 13.058 Thread 0x0000013e79cd5f40 2035       3       java.awt.BorderLayout::getChild (152 bytes)
Event: 13.059 Thread 0x0000013e79cd5f40 nmethod 2035 0x0000013e003a7f90 code [0x0000013e003a8160, 0x0000013e003a8678]
Event: 13.059 Thread 0x0000013e79cd5f40 2036   !   3       sun.awt.GlobalCursorManager::_updateCursor (165 bytes)
Event: 13.061 Thread 0x0000013e79cd5f40 nmethod 2036 0x0000013e003a8710 code [0x0000013e003a8b60, 0x0000013e003aa828]
Event: 13.061 Thread 0x0000013e79cd5f40 2038       3       java.util.Collections::emptyList (4 bytes)
Event: 13.061 Thread 0x0000013e79cd5f40 nmethod 2038 0x0000013e003ab810 code [0x0000013e003ab9a0, 0x0000013e003aba98]
Event: 13.063 Thread 0x0000013e79cd5f40 2039   !   3       sun.awt.RepaintArea::paint (354 bytes)
Event: 13.065 Thread 0x0000013e79cd5f40 nmethod 2039 0x0000013e003abb10 code [0x0000013e003abe80, 0x0000013e003ad5d8]
Event: 13.143 Thread 0x0000013e79cd39b0 nmethod 2026% 0x0000013e07bb7e10 code [0x0000013e07bb8240, 0x0000013e07bbd888]

GC Heap History (6 events):
Event: 1.293 GC heap before
{Heap before GC invocations=0 (full 0):
 garbage-first heap   total 131072K, used 24576K [0x0000000081e00000, 0x0000000100000000)
  region size 1024K, 23 young (23552K), 0 survivors (0K)
 Metaspace       used 7975K, committed 8192K, reserved 1114112K
  class space    used 869K, committed 960K, reserved 1048576K
}
Event: 1.298 GC heap after
{Heap after GC invocations=1 (full 0):
 garbage-first heap   total 131072K, used 6216K [0x0000000081e00000, 0x0000000100000000)
  region size 1024K, 3 young (3072K), 3 survivors (3072K)
 Metaspace       used 7975K, committed 8192K, reserved 1114112K
  class space    used 869K, committed 960K, reserved 1048576K
}
Event: 2.697 GC heap before
{Heap before GC invocations=1 (full 0):
 garbage-first heap   total 131072K, used 40008K [0x0000000081e00000, 0x0000000100000000)
  region size 1024K, 34 young (34816K), 3 survivors (3072K)
 Metaspace       used 8272K, committed 8512K, reserved 1114112K
  class space    used 893K, committed 1024K, reserved 1048576K
}
Event: 2.702 GC heap after
{Heap after GC invocations=2 (full 0):
 garbage-first heap   total 131072K, used 11034K [0x0000000081e00000, 0x0000000100000000)
  region size 1024K, 3 young (3072K), 3 survivors (3072K)
 Metaspace       used 8272K, committed 8512K, reserved 1114112K
  class space    used 893K, committed 1024K, reserved 1048576K
}
Event: 13.037 GC heap before
{Heap before GC invocations=2 (full 0):
 garbage-first heap   total 131072K, used 93978K [0x0000000081e00000, 0x0000000100000000)
  region size 1024K, 76 young (77824K), 3 survivors (3072K)
 Metaspace       used 8758K, committed 9024K, reserved 1114112K
  class space    used 904K, committed 1024K, reserved 1048576K
}
Event: 13.040 GC heap after
{Heap after GC invocations=3 (full 0):
 garbage-first heap   total 131072K, used 21647K [0x0000000081e00000, 0x0000000100000000)
  region size 1024K, 4 young (4096K), 4 survivors (4096K)
 Metaspace       used 8758K, committed 9024K, reserved 1114112K
  class space    used 904K, committed 1024K, reserved 1048576K
}

Dll operation events (12 events):
Event: 0.010 Loaded shared library C:\Program Files\Java\jdk-19\bin\java.dll
Event: 0.024 Loaded shared library C:\Program Files\Java\jdk-19\bin\jsvml.dll
Event: 0.070 Loaded shared library C:\Program Files\Java\jdk-19\bin\net.dll
Event: 0.073 Loaded shared library C:\Program Files\Java\jdk-19\bin\nio.dll
Event: 0.077 Loaded shared library C:\Program Files\Java\jdk-19\bin\zip.dll
Event: 0.089 Loaded shared library C:\Program Files\Java\jdk-19\bin\verify.dll
Event: 0.104 Loaded shared library C:\Program Files\Java\jdk-19\bin\jimage.dll
Event: 0.129 Loaded shared library C:\Program Files\Java\jdk-19\bin\awt.dll
Event: 0.279 Loaded shared library C:\Program Files\Java\jdk-19\bin\freetype.dll
Event: 0.280 Loaded shared library C:\Program Files\Java\jdk-19\bin\fontmanager.dll
Event: 0.967 Loaded shared library C:\TeamBots\eclipse_basic\lib\x86_64_nt\ec_java_load.dll
Event: 0.971 Loaded shared library C:\TeamBots\eclipse_basic\lib\x86_64_nt\ec_java.dll

Deoptimization events (20 events):
Event: 3.242 Thread 0x0000013e7e3982f0 DEOPT PACKING pc=0x0000013e00274a5c sp=0x000000301eeff010
Event: 3.242 Thread 0x0000013e7e3982f0 DEOPT UNPACKING pc=0x0000013e07597543 sp=0x000000301eefe588 mode 0
Event: 5.345 Thread 0x0000013e7e39dd70 Uncommon trap: trap_request=0xffffff45 fr.pc=0x0000013e07b331a0 relative=0x0000000000000080
Event: 5.345 Thread 0x0000013e7e39dd70 Uncommon trap: reason=unstable_if action=reinterpret pc=0x0000013e07b331a0 method=java.util.StringTokenizer.skipDelimiters(I)I @ 21 c2
Event: 5.345 Thread 0x0000013e7e39dd70 DEOPT PACKING pc=0x0000013e07b331a0 sp=0x000000301effe200
Event: 5.345 Thread 0x0000013e7e39dd70 DEOPT UNPACKING pc=0x0000013e07596da3 sp=0x000000301effe190 mode 2
Event: 5.345 Thread 0x0000013e7e39dd70 Uncommon trap: trap_request=0xffffff45 fr.pc=0x0000013e07b3389c relative=0x000000000000043c
Event: 5.345 Thread 0x0000013e7e39dd70 Uncommon trap: reason=unstable_if action=reinterpret pc=0x0000013e07b3389c method=java.util.StringTokenizer.scanToken(I)I @ 7 c2
Event: 5.345 Thread 0x0000013e7e39dd70 DEOPT PACKING pc=0x0000013e07b3389c sp=0x000000301effe1f0
Event: 5.345 Thread 0x0000013e7e39dd70 DEOPT UNPACKING pc=0x0000013e07596da3 sp=0x000000301effe188 mode 2
Event: 5.345 Thread 0x0000013e7e39dd70 Uncommon trap: trap_request=0xffffff45 fr.pc=0x0000013e07b3b37c relative=0x000000000000007c
Event: 5.345 Thread 0x0000013e7e39dd70 Uncommon trap: reason=unstable_if action=reinterpret pc=0x0000013e07b3b37c method=java.util.StringTokenizer.skipDelimiters(I)I @ 21 c2
Event: 5.345 Thread 0x0000013e7e39dd70 DEOPT PACKING pc=0x0000013e07b3b37c sp=0x000000301effe230
Event: 5.345 Thread 0x0000013e7e39dd70 DEOPT UNPACKING pc=0x0000013e07596da3 sp=0x000000301effe188 mode 2
Event: 12.775 Thread 0x0000013e7e39dd70 DEOPT PACKING pc=0x0000013e0021d51f sp=0x000000301effe960
Event: 12.775 Thread 0x0000013e7e39dd70 DEOPT UNPACKING pc=0x0000013e07597543 sp=0x000000301effde78 mode 0
Event: 13.050 Thread 0x0000013e7e39dd70 Uncommon trap: trap_request=0x00000018 fr.pc=0x0000013e07bb3830 relative=0x0000000000008870
Event: 13.050 Thread 0x0000013e7e39dd70 Uncommon trap: reason=unloaded action=reinterpret pc=0x0000013e07bb3830 method=CSAI.unipa.SGolog.sGologClient.invoke(Ljava/lang/String;)Ljava/awt/List; @ 293 c2
Event: 13.050 Thread 0x0000013e7e39dd70 DEOPT PACKING pc=0x0000013e07bb3830 sp=0x000000301effe930
Event: 13.050 Thread 0x0000013e7e39dd70 DEOPT UNPACKING pc=0x0000013e07596da3 sp=0x000000301effe988 mode 2

Classes loaded (20 events):
Event: 1.638 Loading class java/awt/Event
Event: 1.638 Loading class java/awt/Event done
Event: 1.638 Loading class java/awt/event/MouseWheelEvent
Event: 1.638 Loading class java/awt/event/MouseWheelEvent done
Event: 5.325 Loading class sun/awt/windows/WButtonPeer$1
Event: 5.325 Loading class sun/awt/windows/WButtonPeer$1 done
Event: 5.325 Loading class sun/awt/SunToolkit$2
Event: 5.325 Loading class sun/awt/SunToolkit$2 done
Event: 5.329 Loading class java/awt/Window$1DisposeAction
Event: 5.329 Loading class java/awt/Window$1DisposeAction done
Event: 5.332 Loading class java/awt/LightweightDispatcher$2
Event: 5.332 Loading class java/awt/LightweightDispatcher$2 done
Event: 5.332 Loading class java/awt/event/AWTEventListenerProxy
Event: 5.332 Loading class java/awt/event/AWTEventListenerProxy done
Event: 5.332 Loading class java/awt/Toolkit$ToolkitEventMulticaster
Event: 5.332 Loading class java/awt/Toolkit$ToolkitEventMulticaster done
Event: 6.414 Loading class java/awt/Scrollbar
Event: 6.414 Loading class java/awt/Adjustable
Event: 6.414 Loading class java/awt/Adjustable done
Event: 6.414 Loading class java/awt/Scrollbar done

Classes unloaded (0 events):
No events

Classes redefined (0 events):
No events

Internal exceptions (20 events):
Event: 8.734 Thread 0x0000013e7e3982f0 Exception <a 'java/lang/ClassCastException'{0x0000000086453ca8}> (0x0000000086453ca8) 
thrown [s\open\src\hotspot\share\runtime\sharedRuntime.cpp, line 630]
Event: 8.734 Thread 0x0000013e7e3982f0 Exception <a 'java/lang/ClassCastException'{0x00000000864540b8}> (0x00000000864540b8) 
thrown [s\open\src\hotspot\share\runtime\sharedRuntime.cpp, line 630]
Event: 8.738 Thread 0x0000013e7e3982f0 Exception <a 'java/lang/ClassCastException'{0x0000000086456b50}> (0x0000000086456b50) 
thrown [s\open\src\hotspot\share\runtime\sharedRuntime.cpp, line 630]
Event: 8.738 Thread 0x0000013e7e3982f0 Exception <a 'java/lang/ClassCastException'{0x0000000086456f60}> (0x0000000086456f60) 
thrown [s\open\src\hotspot\share\runtime\sharedRuntime.cpp, line 630]
Event: 8.766 Thread 0x0000013e7e3982f0 Exception <a 'java/lang/ClassCastException'{0x0000000086476038}> (0x0000000086476038) 
thrown [s\open\src\hotspot\share\runtime\sharedRuntime.cpp, line 630]
Event: 8.766 Thread 0x0000013e7e3982f0 Exception <a 'java/lang/ClassCastException'{0x0000000086476448}> (0x0000000086476448) 
thrown [s\open\src\hotspot\share\runtime\sharedRuntime.cpp, line 630]
Event: 8.769 Thread 0x0000013e7e3982f0 Exception <a 'java/lang/ClassCastException'{0x0000000086478ee0}> (0x0000000086478ee0) 
thrown [s\open\src\hotspot\share\runtime\sharedRuntime.cpp, line 630]
Event: 8.770 Thread 0x0000013e7e3982f0 Exception <a 'java/lang/ClassCastException'{0x00000000864792f0}> (0x00000000864792f0) 
thrown [s\open\src\hotspot\share\runtime\sharedRuntime.cpp, line 630]
Event: 8.798 Thread 0x0000013e7e3982f0 Exception <a 'java/lang/ClassCastException'{0x0000000086498368}> (0x0000000086498368) 
thrown [s\open\src\hotspot\share\runtime\sharedRuntime.cpp, line 630]
Event: 8.798 Thread 0x0000013e7e3982f0 Exception <a 'java/lang/ClassCastException'{0x0000000086498778}> (0x0000000086498778) 
thrown [s\open\src\hotspot\share\runtime\sharedRuntime.cpp, line 630]
Event: 8.801 Thread 0x0000013e7e3982f0 Exception <a 'java/lang/ClassCastException'{0x000000008649b210}> (0x000000008649b210) 
thrown [s\open\src\hotspot\share\runtime\sharedRuntime.cpp, line 630]
Event: 8.802 Thread 0x0000013e7e3982f0 Exception <a 'java/lang/ClassCastException'{0x000000008649b620}> (0x000000008649b620) 
thrown [s\open\src\hotspot\share\runtime\sharedRuntime.cpp, line 630]
Event: 8.831 Thread 0x0000013e7e3982f0 Exception <a 'java/lang/ClassCastException'{0x00000000864ba158}> (0x00000000864ba158) 
thrown [s\open\src\hotspot\share\runtime\sharedRuntime.cpp, line 630]
Event: 8.831 Thread 0x0000013e7e3982f0 Exception <a 'java/lang/ClassCastException'{0x00000000864ba568}> (0x00000000864ba568) 
thrown [s\open\src\hotspot\share\runtime\sharedRuntime.cpp, line 630]
Event: 8.835 Thread 0x0000013e7e3982f0 Exception <a 'java/lang/ClassCastException'{0x00000000864bd000}> (0x00000000864bd000) 
thrown [s\open\src\hotspot\share\runtime\sharedRuntime.cpp, line 630]
Event: 8.835 Thread 0x0000013e7e3982f0 Exception <a 'java/lang/ClassCastException'{0x00000000864bd410}> (0x00000000864bd410) 
thrown [s\open\src\hotspot\share\runtime\sharedRuntime.cpp, line 630]
Event: 8.852 Thread 0x0000013e7e3982f0 Exception <a 'java/lang/ClassCastException'{0x0000000086313ce0}> (0x0000000086313ce0) 
thrown [s\open\src\hotspot\share\runtime\sharedRuntime.cpp, line 630]
Event: 8.852 Thread 0x0000013e7e3982f0 Exception <a 'java/lang/ClassCastException'{0x00000000863140f0}> (0x00000000863140f0) 
thrown [s\open\src\hotspot\share\runtime\sharedRuntime.cpp, line 630]
Event: 8.856 Thread 0x0000013e7e3982f0 Exception <a 'java/lang/ClassCastException'{0x0000000086316b88}> (0x0000000086316b88) 
thrown [s\open\src\hotspot\share\runtime\sharedRuntime.cpp, line 630]
Event: 8.856 Thread 0x0000013e7e3982f0 Exception <a 'java/lang/ClassCastException'{0x0000000086316f98}> (0x0000000086316f98) 
thrown [s\open\src\hotspot\share\runtime\sharedRuntime.cpp, line 630]

VM Operations (20 events):
Event: 4.703 Executing VM operation: Cleanup
Event: 4.704 Executing VM operation: Cleanup done
Event: 5.326 Executing VM operation: HandshakeAllThreads
Event: 5.326 Executing VM operation: HandshakeAllThreads done
Event: 5.326 Executing VM operation: HandshakeAllThreads
Event: 5.326 Executing VM operation: HandshakeAllThreads done
Event: 6.329 Executing VM operation: Cleanup
Event: 6.330 Executing VM operation: Cleanup done
Event: 7.341 Executing VM operation: Cleanup
Event: 7.341 Executing VM operation: Cleanup done
Event: 8.350 Executing VM operation: Cleanup
Event: 8.350 Executing VM operation: Cleanup done
Event: 9.358 Executing VM operation: Cleanup
Event: 9.358 Executing VM operation: Cleanup done
Event: 10.360 Executing VM operation: Cleanup
Event: 10.360 Executing VM operation: Cleanup done
Event: 12.383 Executing VM operation: Cleanup
Event: 12.383 Executing VM operation: Cleanup done
Event: 13.037 Executing VM operation: G1CollectForAllocation
Event: 13.040 Executing VM operation: G1CollectForAllocation done

Events (20 events):
Event: 0.250 Thread 0x0000013e7e3982f0 Thread added: 0x0000013e7e3982f0
Event: 0.260 Thread 0x0000013e7e39dd70 Thread added: 0x0000013e7e39dd70
Event: 0.738 Thread 0x0000013e7f84b7c0 Thread added: 0x0000013e7f84b7c0
Event: 1.234 Thread 0x0000013e7f84b7c0 Thread exited: 0x0000013e7f84b7c0
Event: 1.285 Thread 0x0000013e7f84b7c0 Thread added: 0x0000013e7f84b7c0
Event: 1.310 Thread 0x0000013e7f7b7660 Thread added: 0x0000013e7f7b7660
Event: 1.558 Thread 0x0000013e7f7b7660 Thread exited: 0x0000013e7f7b7660
Event: 1.558 Thread 0x0000013e7f84b7c0 Thread exited: 0x0000013e7f84b7c0
Event: 1.581 Thread 0x0000013e7f84cd40 Thread added: 0x0000013e7f84cd40
Event: 1.599 Thread 0x0000013e7f6a5a80 Thread added: 0x0000013e7f6a5a80
Event: 1.622 Thread 0x0000013e683eda60 Thread exited: 0x0000013e683eda60
Event: 1.622 Thread 0x0000013e683eda60 Thread added: 0x0000013e683eda60
Event: 1.843 Thread 0x0000013e7f6a5a80 Thread exited: 0x0000013e7f6a5a80
Event: 1.843 Thread 0x0000013e7f84cd40 Thread exited: 0x0000013e7f84cd40
Event: 5.347 Thread 0x0000013e7e29ed90 Thread added: 0x0000013e7e29ed90
Event: 5.430 Thread 0x0000013e7e29f320 Thread added: 0x0000013e7e29f320
Event: 5.597 Thread 0x0000013e7e29f320 Thread exited: 0x0000013e7e29f320
Event: 5.708 Thread 0x0000013e7e29ed90 Thread exited: 0x0000013e7e29ed90
Event: 5.751 Thread 0x0000013e7e29d750 Thread added: 0x0000013e7e29d750
Event: 5.972 Thread 0x0000013e7e29d750 Thread exited: 0x0000013e7e29d750


Dynamic libraries:
0x00007ff6f6cc0000 - 0x00007ff6f6cd0000 	C:\Program Files\Java\jdk-19\bin\java.exe
0x00007ffd32b80000 - 0x00007ffd32d89000 	C:\WINDOWS\SYSTEM32\ntdll.dll
0x00007ffd31d90000 - 0x00007ffd31e4e000 	C:\WINDOWS\System32\KERNEL32.DLL
0x00007ffd30050000 - 0x00007ffd303cb000 	C:\WINDOWS\System32\KERNELBASE.dll
0x00007ffd30470000 - 0x00007ffd30581000 	C:\WINDOWS\System32\ucrtbase.dll
0x00007ffd1e850000 - 0x00007ffd1e868000 	C:\Program Files\Java\jdk-19\bin\jli.dll
0x00007ffd1e830000 - 0x00007ffd1e84b000 	C:\Program Files\Java\jdk-19\bin\VCRUNTIME140.dll
0x00007ffd31530000 - 0x00007ffd315de000 	C:\WINDOWS\System32\ADVAPI32.dll
0x00007ffd32780000 - 0x00007ffd32823000 	C:\WINDOWS\System32\msvcrt.dll
0x00007ffd31ff0000 - 0x00007ffd3208e000 	C:\WINDOWS\System32\sechost.dll
0x00007ffd329a0000 - 0x00007ffd32ac0000 	C:\WINDOWS\System32\RPCRT4.dll
0x00007ffd30ad0000 - 0x00007ffd30c7d000 	C:\WINDOWS\System32\USER32.dll
0x00007ffd1b1b0000 - 0x00007ffd1b455000 	C:\WINDOWS\WinSxS\amd64_microsoft.windows.common-controls_6595b64144ccf1df_6.0.22000.120_none_9d947278b86cc467\COMCTL32.dll
0x00007ffd303d0000 - 0x00007ffd303f6000 	C:\WINDOWS\System32\win32u.dll
0x00007ffd32830000 - 0x00007ffd32859000 	C:\WINDOWS\System32\GDI32.dll
0x00007ffd30820000 - 0x00007ffd30938000 	C:\WINDOWS\System32\gdi32full.dll
0x00007ffd30590000 - 0x00007ffd3062d000 	C:\WINDOWS\System32\msvcp_win.dll
0x00007ffd2ee80000 - 0x00007ffd2ee8a000 	C:\WINDOWS\SYSTEM32\VERSION.dll
0x00007ffd315f0000 - 0x00007ffd31622000 	C:\WINDOWS\System32\IMM32.DLL
0x00007ffd2c450000 - 0x00007ffd2c45c000 	C:\Program Files\Java\jdk-19\bin\vcruntime140_1.dll
0x00007ffd07750000 - 0x00007ffd077de000 	C:\Program Files\Java\jdk-19\bin\msvcp140.dll
0x00007ffc907f0000 - 0x00007ffc914b0000 	C:\Program Files\Java\jdk-19\bin\server\jvm.dll
0x00007ffd28470000 - 0x00007ffd284a3000 	C:\WINDOWS\SYSTEM32\WINMM.dll
0x00007ffd29ab0000 - 0x00007ffd29ab9000 	C:\WINDOWS\SYSTEM32\WSOCK32.dll
0x00007ffd32090000 - 0x00007ffd320ff000 	C:\WINDOWS\System32\WS2_32.dll
0x00007ffd2f1c0000 - 0x00007ffd2f1d8000 	C:\WINDOWS\SYSTEM32\kernel.appcore.dll
0x00007ffd2c400000 - 0x00007ffd2c40a000 	C:\Program Files\Java\jdk-19\bin\jimage.dll
0x00007ffd2da20000 - 0x00007ffd2dc41000 	C:\WINDOWS\SYSTEM32\DBGHELP.DLL
0x00007ffd1bf80000 - 0x00007ffd1bfb1000 	C:\WINDOWS\SYSTEM32\dbgcore.DLL
0x00007ffd30630000 - 0x00007ffd306af000 	C:\WINDOWS\System32\bcryptPrimitives.dll
0x00007ffd1e800000 - 0x00007ffd1e826000 	C:\Program Files\Java\jdk-19\bin\java.dll
0x00007ffd07440000 - 0x00007ffd07517000 	C:\Program Files\Java\jdk-19\bin\jsvml.dll
0x00007ffd30c80000 - 0x00007ffd31437000 	C:\WINDOWS\System32\SHELL32.dll
0x00007ffd2e590000 - 0x00007ffd2edf5000 	C:\WINDOWS\SYSTEM32\windows.storage.dll
0x00007ffd31650000 - 0x00007ffd319c8000 	C:\WINDOWS\System32\combase.dll
0x00007ffd2e420000 - 0x00007ffd2e586000 	C:\WINDOWS\SYSTEM32\wintypes.dll
0x00007ffd31ba0000 - 0x00007ffd31c8a000 	C:\WINDOWS\System32\SHCORE.dll
0x00007ffd32ac0000 - 0x00007ffd32b1d000 	C:\WINDOWS\System32\shlwapi.dll
0x00007ffd2ff80000 - 0x00007ffd2ffa1000 	C:\WINDOWS\SYSTEM32\profapi.dll
0x00007ffd1cb30000 - 0x00007ffd1cb43000 	C:\Program Files\Java\jdk-19\bin\net.dll
0x00007ffd29080000 - 0x00007ffd29194000 	C:\WINDOWS\SYSTEM32\WINHTTP.dll
0x00007ffd2f660000 - 0x00007ffd2f6c7000 	C:\WINDOWS\system32\mswsock.dll
0x00007ffd1be80000 - 0x00007ffd1be96000 	C:\Program Files\Java\jdk-19\bin\nio.dll
0x00007ffd1bbd0000 - 0x00007ffd1bbe8000 	C:\Program Files\Java\jdk-19\bin\zip.dll
0x00007ffd2c3e0000 - 0x00007ffd2c3f0000 	C:\Program Files\Java\jdk-19\bin\verify.dll
0x00007ffcc89d0000 - 0x00007ffcc8b61000 	C:\Program Files\Java\jdk-19\bin\awt.dll
0x00007ffd31440000 - 0x00007ffd31516000 	C:\WINDOWS\System32\OLEAUT32.dll
0x00007ffd2d030000 - 0x00007ffd2d0c2000 	C:\WINDOWS\SYSTEM32\apphelp.dll
0x00007ffd2d550000 - 0x00007ffd2d57f000 	C:\WINDOWS\system32\DWMAPI.DLL
0x00007ffd2d120000 - 0x00007ffd2d1cc000 	C:\WINDOWS\system32\uxtheme.dll
0x00007ffd13f20000 - 0x00007ffd14021000 	C:\WINDOWS\system32\opengl32.dll
0x00007ffd19d70000 - 0x00007ffd19d9d000 	C:\WINDOWS\SYSTEM32\GLU32.dll
0x00007ffd2d3d0000 - 0x00007ffd2d408000 	C:\WINDOWS\SYSTEM32\dxcore.dll
0x00007ffd32660000 - 0x00007ffd3277d000 	C:\WINDOWS\System32\MSCTF.dll
0x00007ffd31e50000 - 0x00007ffd31fea000 	C:\WINDOWS\System32\ole32.dll
0x00007ffcf2da0000 - 0x00007ffcf2db7000 	C:\WINDOWS\system32\napinsp.dll
0x00007ffcf3460000 - 0x00007ffcf347b000 	C:\WINDOWS\system32\pnrpnsp.dll
0x00007ffd2e120000 - 0x00007ffd2e208000 	C:\WINDOWS\SYSTEM32\DNSAPI.dll
0x00007ffd2e0f0000 - 0x00007ffd2e11d000 	C:\WINDOWS\SYSTEM32\IPHLPAPI.DLL
0x00007ffd319d0000 - 0x00007ffd319d9000 	C:\WINDOWS\System32\NSI.dll
0x00007ffd07310000 - 0x00007ffd07322000 	C:\WINDOWS\System32\winrnr.dll
0x00007ffd27660000 - 0x00007ffd27675000 	C:\WINDOWS\system32\wshbth.dll
0x00007ffce5d30000 - 0x00007ffce5d4f000 	C:\WINDOWS\system32\nlansp_c.dll
0x00007ffd21a40000 - 0x00007ffd21a4a000 	C:\Windows\System32\rasadhlp.dll
0x00007ffd271f0000 - 0x00007ffd27271000 	C:\WINDOWS\System32\fwpuclnt.dll
0x00007ffd073b0000 - 0x00007ffd07436000 	C:\Program Files\Java\jdk-19\bin\freetype.dll
0x00007ffd00840000 - 0x00007ffd00905000 	C:\Program Files\Java\jdk-19\bin\fontmanager.dll
0x00007ffd19f30000 - 0x00007ffd1a05d000 	C:\WINDOWS\SYSTEM32\textinputframework.dll
0x00007ffd2cd40000 - 0x00007ffd2ce71000 	C:\WINDOWS\SYSTEM32\CoreMessaging.dll
0x00007ffd2a360000 - 0x00007ffd2a6cd000 	C:\WINDOWS\SYSTEM32\CoreUIComponents.dll
0x00007ffd2f8a0000 - 0x00007ffd2f8ac000 	C:\WINDOWS\SYSTEM32\CRYPTBASE.DLL
0x00007ffd1e6b0000 - 0x00007ffd1e750000 	C:\WINDOWS\system32\RICHED20.DLL
0x00007ffd212b0000 - 0x00007ffd212ea000 	C:\WINDOWS\SYSTEM32\msls31.dll
0x00007ffd2a1b0000 - 0x00007ffd2a1c9000 	C:\WINDOWS\SYSTEM32\USP10.dll
0x00007ffd32860000 - 0x00007ffd32915000 	C:\WINDOWS\System32\clbcatq.dll
0x00007ffd146c0000 - 0x00007ffd1471d000 	C:\WINDOWS\system32\dataexchange.dll
0x00007ffd291a0000 - 0x00007ffd29406000 	C:\WINDOWS\system32\twinapi.appcore.dll
0x000000006f280000 - 0x000000006f2d0000 	C:\TeamBots\eclipse_basic\lib\x86_64_nt\ec_java_load.dll
0x0000000068d80000 - 0x0000000068dd1000 	C:\TeamBots\eclipse_basic\lib\x86_64_nt\ec_java.dll
0x0000000066dc0000 - 0x0000000066f08000 	C:\TeamBots\eclipse_basic\lib\x86_64_nt\eclipse.dll
0x00000002599e0000 - 0x0000000259abe000 	C:\TeamBots\eclipse_basic\lib\x86_64_nt\libgmp-10.dll
0x00007ffd2eec0000 - 0x00007ffd2eed9000 	C:\WINDOWS\SYSTEM32\NETAPI32.dll

dbghelp: loaded successfully - version: 4.0.5 - missing functions: none
symbol engine: initialized successfully - sym options: 0x614 - pdb path: .;C:\Program Files\Java\jdk-19\bin;C:\WINDOWS\SYSTEM32;C:\WINDOWS\WinSxS\amd64_microsoft.windows.common-controls_6595b64144ccf1df_6.0.22000.120_none_9d947278b86cc467;C:\Program Files\Java\jdk-19\bin\server;C:\TeamBots\eclipse_basic\lib\x86_64_nt

VM Arguments:
jvm_args: -Declipse.directory=C:\TeamBots\eclipse_basic 
java_command: TBSim.TBSim Competition.dsc
java_class_path (initial): C:\TeamBots\eclipse_basic\lib\eclipse.jar;C:\TeamBots\src;.
Launcher Type: SUN_STANDARD

[Global flags]
     intx CICompilerCount                          = 4                                         {product} {ergonomic}
     uint ConcGCThreads                            = 2                                         {product} {ergonomic}
     uint G1ConcRefinementThreads                  = 8                                         {product} {ergonomic}
   size_t G1HeapRegionSize                         = 1048576                                   {product} {ergonomic}
    uintx GCDrainStackTargetSize                   = 64                                        {product} {ergonomic}
   size_t InitialHeapSize                          = 134217728                                 {product} {ergonomic}
   size_t MarkStackSize                            = 4194304                                   {product} {ergonomic}
   size_t MaxHeapSize                              = 2116026368                                {product} {ergonomic}
   size_t MaxNewSize                               = 1268776960                                {product} {ergonomic}
   size_t MinHeapDeltaBytes                        = 1048576                                   {product} {ergonomic}
   size_t MinHeapSize                              = 8388608                                   {product} {ergonomic}
    uintx NonNMethodCodeHeapSize                   = 5839372                                {pd product} {ergonomic}
    uintx NonProfiledCodeHeapSize                  = 122909434                              {pd product} {ergonomic}
    uintx ProfiledCodeHeapSize                     = 122909434                              {pd product} {ergonomic}
    uintx ReservedCodeCacheSize                    = 251658240                              {pd product} {ergonomic}
     bool SegmentedCodeCache                       = true                                      {product} {ergonomic}
   size_t SoftMaxHeapSize                          = 2116026368                             {manageable} {ergonomic}
     bool UseCompressedClassPointers               = true                           {product lp64_product} {ergonomic}
     bool UseCompressedOops                        = true                           {product lp64_product} {ergonomic}
     bool UseG1GC                                  = true                                      {product} {ergonomic}
     bool UseLargePagesIndividualAllocation        = false                                  {pd product} {ergonomic}

Logging:
Log output configuration:
 #0: stdout all=warning uptime,level,tags foldmultilines=false
 #1: stderr all=off uptime,level,tags foldmultilines=false

Environment Variables:
CLASSPATH=C:\TeamBots\eclipse_basic\lib\eclipse.jar;C:\TeamBots\src;.
PATH=C:\Program Files\Common Files\Oracle\Java\javapath;C:\Program Files (x86)\Common Files\Oracle\Java\javapath;C:\Program Files\Python310\Scripts\;C:\Program Files\Python310\;C:\Program Files (x86)\Intel\iCLS Client\;C:\Program Files\Intel\iCLS Client\;C:\WINDOWS\system32;C:\WINDOWS;C:\WINDOWS\System32\Wbem;C:\WINDOWS\System32\WindowsPowerShell\v1.0\;C:\Program Files (x86)\Intel\Intel(R) Management Engine Components\DAL;C:\Program Files\Intel\Intel(R) Management Engine Components\DAL;C:\Program Files (x86)\Intel\Intel(R) Management Engine Components\IPT;C:\Program Files\Intel\Intel(R) Management Engine Components\IPT;C:\WINDOWS\System32\OpenSSH\;C:\Program Files\Git\cmd;C:\Users\gaeta\AppData\Local\Microsoft\WindowsApps;;C:\Users\gaeta\AppData\Local\Programs\Microsoft VS Code\bin
USERNAME=gaeta
OS=Windows_NT
PROCESSOR_IDENTIFIER=Intel64 Family 6 Model 142 Stepping 10, GenuineIntel
TMP=C:\Users\gaeta\AppData\Local\Temp
TEMP=C:\Users\gaeta\AppData\Local\Temp



---------------  S Y S T E M  ---------------

OS:
 Windows 11 , 64 bit Build 22000 (10.0.22000.1335)
OS uptime: 7 days 8:34 hours

CPU: total 8 (initial active 8) (4 cores per cpu, 2 threads per core) family 6 model 142 stepping 10 microcode 0xe0, cx8, cmov, fxsr, ht, mmx, 3dnowpref, sse, sse2, sse3, ssse3, sse4.1, sse4.2, popcnt, lzcnt, tsc, tscinvbit, avx, avx2, aes, erms, clmul, bmi1, bmi2, adx, fma, vzeroupper, clflush, clflushopt, rdtscp

Memory: 4k page, system-wide physical 8066M (1495M free)
TotalPageFile size 10593M (AvailPageFile size 1791M)
current process WorkingSet (physical memory assigned to process): 218M, peak: 226M
current process commit charge ("private bytes"): 315M, peak: 333M

vm_info: Java HotSpot(TM) 64-Bit Server VM (19.0.1+10-21) for windows-amd64 JRE (19.0.1+10-21), built on 2022-09-14T12:45:06Z by "mach5one" with MS VC++ 17.1 (VS2022)

END.
