#
# A fatal error has been detected by the Java Runtime Environment:
#
#  EXCEPTION_ACCESS_VIOLATION (0xc0000005) at pc=0x00007ffd32b9d4d1, pid=24136, tid=1044
#
# JRE version: Java(TM) SE Runtime Environment (19.0.1+10) (build 19.0.1+10-21)
# Java VM: Java HotSpot(TM) 64-Bit Server VM (19.0.1+10-21, mixed mode, sharing, tiered, compressed oops, compressed class ptrs, g1 gc, windows-amd64)
# Problematic frame:
# C  [ntdll.dll+0x1d4d1]
#
# No core dump will be written. Minidumps are not enabled by default on client versions of Windows
#
# If you would like to submit a bug report, please visit:
#   https://bugreport.java.com/bugreport/crash.jsp
# The crash happened outside the Java Virtual Machine in native code.
# See problematic frame for where to report the bug.
#

---------------  S U M M A R Y ------------

Command Line: -Declipse.directory=C:\TeamBots\eclipse_basic TBSim.TBSim Competition.dsc

Host: Intel(R) Core(TM) i5-8250U CPU @ 1.60GHz, 8 cores, 7G,  Windows 11 , 64 bit Build 22000 (10.0.22000.1335)
Time: Fri Dec 30 20:27:23 2022 ora solare Europa occidentale elapsed time: 50.009464 seconds (0d 0h 0m 50s)

---------------  T H R E A D  ---------------

Current thread (0x000001e971dbbad0):  JavaThread "Finalizer" daemon [_thread_in_native, id=1044, stack(0x000000522fa00000,0x000000522fb00000)]

Stack: [0x000000522fa00000,0x000000522fb00000],  sp=0x000000522faff250,  free space=1020k
Native frames: (J=compiled Java code, j=interpreted, Vv=VM code, C=native code)
C  [ntdll.dll+0x1d4d1]
C  [ntdll.dll+0x3a76c]
C  [ntdll.dll+0x3a5d2]
C  [eclipse.dll+0xc5c9a]

Java frames: (J=compiled Java code, j=interpreted, Vv=VM code)
j  com.parctechnologies.eclipse.NativeEclipse.Cleanup()V+0
j  com.parctechnologies.eclipse.EmbeddedEclipse.destroy()V+14
j  com.parctechnologies.eclipse.EmbeddedEclipse.finalize()V+1
j  java.lang.System$2.invokeFinalize(Ljava/lang/Object;)V+1 java.base@19.0.1
j  java.lang.ref.Finalizer.runFinalizer(Ljdk/internal/access/JavaLangAccess;)V+115 java.base@19.0.1
j  java.lang.ref.Finalizer$FinalizerThread.run()V+29 java.base@19.0.1
v  ~StubRoutines::call_stub 0x000001e962a8100e

siginfo: EXCEPTION_ACCESS_VIOLATION (0xc0000005), writing address 0x0000000000000024


Registers:
RAX=0xffffffffffffffff, RBX=0x0000000000000000, RCX=0x0000000000000000, RDX=0x0000000000000000
RSP=0x000000522faff250, RBP=0x0000000000000000, RSI=0x00000000fffffffa, RDI=0x0000000000000000
R8 =0x0000000000000000, R9 =0x0000000066eaa050, R10=0x000001e962a9f92e, R11=0x000000008247dca0
R12=0x00007ffd32cf4360, R13=0x0000000000000001, R14=0x0000000000000000, R15=0x0000000066eaa048
RIP=0x00007ffd32b9d4d1, EFLAGS=0x0000000000010213


Register to memory mapping:

RIP=0x00007ffd32b9d4d1 ntdll.dll
RAX=0xffffffffffffffff is an unknown value
RBX=0x0 is NULL
RCX=0x0 is NULL
RDX=0x0 is NULL
RSP=0x000000522faff250 is pointing into the stack for thread: 0x000001e971dbbad0
RBP=0x0 is NULL
RSI=0x00000000fffffffa is an unallocated location in the heap
RDI=0x0 is NULL
R8 =0x0 is NULL
R9 =0x0000000066eaa050 eclipse.dll
R10=0x000001e962a9f92e is at code_begin+1006 in an Interpreter codelet
method entry point (kind = native)  [0x000001e962a9f540, 0x000001e962aa0050]  2832 bytes
R11=0x000000008247dca0 is an oop: java.lang.Class 
{0x000000008247dca0} - klass: 'java/lang/Class'
 - ---- fields (total size 14 words):
 - private volatile transient 'classRedefinedCount' 'I' @12  0
 - abstract internal 'klass' 'J' @16  34377126120 (10950e8 8)
 - abstract internal 'array_klass' 'J' @24  0 (0 0)
 - abstract internal 'oop_size' 'I' @32  14 (e)
 - abstract internal 'static_oop_field_count' 'I' @36  0
 - private volatile transient 'cachedConstructor' 'Ljava/lang/reflect/Constructor;' @40  NULL (0)
 - private transient 'name' 'Ljava/lang/String;' @44  "com.parctechnologies.eclipse.NativeEclipse"{0x000000008247f068} (8247f068)
 - private transient 'module' 'Ljava/lang/Module;' @48  a 'java/lang/Module'{0x000000008247d5e8} (8247d5e8)
 - private final 'classLoader' 'Ljava/lang/ClassLoader;' @52  a 'jdk/internal/loader/ClassLoaders$AppClassLoader'{0x00000000820f1240} (820f1240)
 - private transient 'classData' 'Ljava/lang/Object;' @56  NULL (0)
 - private transient 'packageName' 'Ljava/lang/String;' @60  "com.parctechnologies.eclipse"{0x000000008247eb30} (8247eb30)
 - private final 'componentType' 'Ljava/lang/Class;' @64  NULL (0)
 - private volatile transient 'reflectionData' 'Ljava/lang/ref/SoftReference;' @68  NULL (0)
 - private volatile transient 'genericInfo' 'Lsun/reflect/generics/repository/ClassRepository;' @72  NULL (0)
 - private volatile transient 'enumConstants' '[Ljava/lang/Object;' @76  NULL (0)
 - private volatile transient 'enumConstantDirectory' 'Ljava/util/Map;' @80  NULL (0)
 - private volatile transient 'annotationData' 'Ljava/lang/Class$AnnotationData;' @84  NULL (0)
 - private volatile transient 'annotationType' 'Lsun/reflect/annotation/AnnotationType;' @88  NULL (0)
 - transient 'classValueMap' 'Ljava/lang/ClassValue$ClassValueMap;' @92  NULL (0)
 - abstract internal 'protection_domain' 'Ljava/lang/Object;' @96  a 'java/security/ProtectionDomain'{0x000000008247eb78} (8247eb78)
 - abstract internal 'signers_name' 'Ljava/lang/Object;' @100  NULL (0)
 - abstract internal 'source_file' 'Ljava/lang/Object;' @104  NULL (0)
 - signature: Lcom/parctechnologies/eclipse/NativeEclipse;
 - ---- static fields (0):
R12=0x00007ffd32cf4360 ntdll.dll
R13=0x0000000000000001 is an unknown value
R14=0x0 is NULL
R15=0x0000000066eaa048 eclipse.dll


Top of Stack: (sp=0x000000522faff250)
0x000000522faff250:   ffffffffffffffff 0000000000000000
0x000000522faff260:   0000000000000000 000000522faff2b8
0x000000522faff270:   000000522faff310 000001e962a9b8ef
0x000000522faff280:   0000000000000000 0000000000000000
0x000000522faff290:   0000000000000000 0000000000000000
0x000000522faff2a0:   000000522ec3f000 0000000000000000
0x000000522faff2b0:   0000000089d80c00 0000000089d80c00
0x000000522faff2c0:   00000000853f1d18 000000522faff2c8
0x000000522faff2d0:   000000080086a806 000000522faff320
0x000000522faff2e0:   00000008001c8628 0000000000000000
0x000000522faff2f0:   000000008209bfc8 00000008001c8960
0x000000522faff300:   0000000000000000 000000522faff320
0x000000522faff310:   0000223d2cb83750 000001e962a9bd4b
0x000000522faff320:   000001e971dbba00 0000000000000001
0x000000522faff330:   0000000000000001 0000000000000001
0x000000522faff340:   0000000000000000 00007ffd32bba76c 

Instructions: (pc=0x00007ffd32b9d4d1)
0x00007ffd32b9d3d1:   08 e9 40 ff ff ff cc cc cc cc cc cc cc cc cc 48
0x00007ffd32b9d3e1:   89 5c 24 08 48 89 74 24 10 57 48 83 ec 20 48 8b
0x00007ffd32b9d3f1:   1d 52 b8 15 00 48 85 db 0f 85 4f ba 09 00 33 c0
0x00007ffd32b9d401:   48 8b 5c 24 30 48 8b 74 24 38 48 83 c4 20 5f c3
0x00007ffd32b9d411:   cc cc cc cc cc cc cc cc cc cc cc cc cc cc cc 48
0x00007ffd32b9d421:   89 5c 24 10 48 89 6c 24 18 48 89 74 24 20 57 41
0x00007ffd32b9d431:   54 41 55 41 56 41 57 48 81 ec d0 00 00 00 48 8b
0x00007ffd32b9d441:   05 ca 50 17 00 48 33 c4 48 89 84 24 c0 00 00 00
0x00007ffd32b9d451:   65 48 8b 1c 25 30 00 00 00 4c 8d 25 ff 6e 15 00
0x00007ffd32b9d461:   8b f2 c6 44 24 40 00 33 d2 48 89 5c 24 50 89 54
0x00007ffd32b9d471:   24 44 4c 8b f9 8b ea 49 3b cc 0f 84 66 02 00 00
0x00007ffd32b9d481:   38 15 e1 cc 15 00 0f 85 d6 02 00 00 39 15 f5 cc
0x00007ffd32b9d491:   15 00 0f 85 99 02 00 00 40 38 2d 98 c7 15 00 4c
0x00007ffd32b9d4a1:   8d 35 99 c7 15 00 48 8b dd 4c 0f 45 f3 49 39 5f
0x00007ffd32b9d4b1:   18 0f 84 f4 01 00 00 49 8b 0f 48 83 f9 ff 0f 84
0x00007ffd32b9d4c1:   fc 01 00 00 89 5c 24 48 8b fb 48 83 f9 ff 74 03
0x00007ffd32b9d4d1:   ff 41 24 4d 8b 6f 18 e8 a3 a2 00 00 85 c0 0f 85
0x00007ffd32b9d4e1:   a3 b9 09 00 b9 82 03 fe 7f 80 39 00 0f 85 b1 b9
0x00007ffd32b9d4f1:   09 00 49 83 fd ff 0f 85 7c 02 00 00 4c 8d 64 24
0x00007ffd32b9d501:   58 49 83 e4 fc 49 8d 7f 08 48 89 5c 24 70 48 89
0x00007ffd32b9d511:   5c 24 68 48 89 5c 24 78 48 89 7c 24 58 c7 84 24
0x00007ffd32b9d521:   80 00 00 00 01 00 00 00 65 48 8b 0c 25 30 00 00
0x00007ffd32b9d531:   00 48 8b 41 48 48 89 44 24 60 48 8b c7 48 8b 59
0x00007ffd32b9d541:   60 48 c1 e8 05 48 81 c3 a0 03 00 00 83 e0 7f 48
0x00007ffd32b9d551:   8b 0c c3 4c 8d 0c c3 45 33 db 48 8b d1 48 8d 44
0x00007ffd32b9d561:   24 58 83 e2 03 4c 8b c1 49 0b d4 49 83 e0 fc 4d
0x00007ffd32b9d571:   85 c0 4c 89 44 24 68 49 0f 45 c3 48 89 44 24 78
0x00007ffd32b9d581:   48 8b c2 48 83 c8 02 4d 85 c0 48 0f 45 d0 48 8b
0x00007ffd32b9d591:   c1 f0 49 0f b1 11 0f 85 1c 01 00 00 32 d1 f6 c2
0x00007ffd32b9d5a1:   02 75 7b 8b 07 48 8d 54 24 58 48 8b cb 3b c6 0f
0x00007ffd32b9d5b1:   85 e3 00 00 00 45 33 c9 4d 8b c6 e8 5b 02 00 00
0x00007ffd32b9d5c1:   3d 02 01 00 00 0f 84 83 b9 09 00 33 db 8b 37 40 


Stack slot to memory mapping:
stack at sp + 0 slots: 0xffffffffffffffff is an unknown value
stack at sp + 1 slots: 0x0 is NULL
stack at sp + 2 slots: 0x0 is NULL
stack at sp + 3 slots: 0x000000522faff2b8 is pointing into the stack for thread: 0x000001e971dbbad0
stack at sp + 4 slots: 0x000000522faff310 is pointing into the stack for thread: 0x000001e971dbbad0
stack at sp + 5 slots: 0x000001e962a9b8ef is at code_begin+1455 in an Interpreter codelet
return entry points  [0x000001e962a9b340, 0x000001e962a9be20]  2784 bytes
stack at sp + 6 slots: 0x0 is NULL
stack at sp + 7 slots: 0x0 is NULL


---------------  P R O C E S S  ---------------

Threads class SMR info:
_java_thread_list=0x000001e977a063f0, length=17, elements={
0x000001e971db9190, 0x000001e971dbbad0, 0x000001e971dbe750, 0x000001e971dbf080,
0x000001e971dbfeb0, 0x000001e971dc0980, 0x000001e971dc1780, 0x000001e971dcd2c0,
0x000001e971df22f0, 0x000001e976140290, 0x000001e9761407e0, 0x000001e976140d30,
0x000001e976141280, 0x000001e9761427c0, 0x000001e9761417d0, 0x000001e976141d20,
0x000001e976142270
}

Java Threads: ( => current thread )
  0x000001e971db9190 JavaThread "Reference Handler" daemon [_thread_blocked, id=23844, stack(0x000000522f900000,0x000000522fa00000)]
=>0x000001e971dbbad0 JavaThread "Finalizer" daemon [_thread_in_native, id=1044, stack(0x000000522fa00000,0x000000522fb00000)]
  0x000001e971dbe750 JavaThread "Signal Dispatcher" daemon [_thread_blocked, id=24148, stack(0x000000522fb00000,0x000000522fc00000)]
  0x000001e971dbf080 JavaThread "Attach Listener" daemon [_thread_blocked, id=22080, stack(0x000000522fc00000,0x000000522fd00000)]
  0x000001e971dbfeb0 JavaThread "Service Thread" daemon [_thread_blocked, id=15792, stack(0x000000522fd00000,0x000000522fe00000)]
  0x000001e971dc0980 JavaThread "Monitor Deflation Thread" daemon [_thread_blocked, id=24480, stack(0x000000522fe00000,0x000000522ff00000)]
  0x000001e971dc1780 JavaThread "C2 CompilerThread0" daemon [_thread_blocked, id=22648, stack(0x000000522ff00000,0x0000005230000000)]
  0x000001e971dcd2c0 JavaThread "C1 CompilerThread0" daemon [_thread_blocked, id=21080, stack(0x0000005230000000,0x0000005230100000)]
  0x000001e971df22f0 JavaThread "Sweeper thread" daemon [_thread_blocked, id=15248, stack(0x0000005230100000,0x0000005230200000)]
  0x000001e976140290 JavaThread "Notification Thread" daemon [_thread_blocked, id=19136, stack(0x0000005230200000,0x0000005230300000)]
  0x000001e9761407e0 JavaThread "Common-Cleaner" daemon [_thread_blocked, id=22224, stack(0x0000005230400000,0x0000005230500000)]
  0x000001e976140d30 JavaThread "Java2D Disposer" daemon [_thread_blocked, id=23996, stack(0x0000005230500000,0x0000005230600000)]
  0x000001e976141280 JavaThread "AWT-Shutdown" [_thread_blocked, id=21056, stack(0x0000005230600000,0x0000005230700000)]
  0x000001e9761427c0 JavaThread "AWT-Windows" daemon [_thread_in_native, id=15036, stack(0x0000005230700000,0x0000005230800000)]
  0x000001e9761417d0 JavaThread "Thread-0" [_thread_blocked, id=18828, stack(0x0000005230800000,0x0000005230900000)]
  0x000001e976141d20 JavaThread "AWT-EventQueue-0" [_thread_in_native, id=21164, stack(0x0000005230900000,0x0000005230a00000)]
  0x000001e976142270 JavaThread "DestroyJavaVM" [_thread_blocked, id=20464, stack(0x000000522f200000,0x000000522f300000)]

Other Threads:
  0x000001e971d99e80 VMThread "VM Thread" [stack: 0x000000522f800000,0x000000522f900000] [id=22244]
  0x000001e9761536a0 WatcherThread "VM Periodic Task Thread" [stack: 0x0000005230300000,0x0000005230400000] [id=12376]
  0x000001e95363d350 WorkerThread "GC Thread#0" [stack: 0x000000522f300000,0x000000522f400000] [id=11260]
  0x000001e977c48d30 WorkerThread "GC Thread#1" [stack: 0x0000005230a00000,0x0000005230b00000] [id=23772]
  0x000001e977c47980 WorkerThread "GC Thread#2" [stack: 0x0000005230e00000,0x0000005230f00000] [id=1952]
  0x000001e977c47c50 WorkerThread "GC Thread#3" [stack: 0x0000005231100000,0x0000005231200000] [id=22496]
  0x000001e977c48790 WorkerThread "GC Thread#4" [stack: 0x0000005231200000,0x0000005231300000] [id=20040]
  0x000001e977c47110 WorkerThread "GC Thread#5" [stack: 0x0000005231300000,0x0000005231400000] [id=15796]
  0x000001e977c484c0 WorkerThread "GC Thread#6" [stack: 0x0000005231400000,0x0000005231500000] [id=12036]
  0x000001e977c473e0 WorkerThread "GC Thread#7" [stack: 0x0000005231500000,0x0000005231600000] [id=8684]
  0x000001e95364ee10 ConcurrentGCThread "G1 Main Marker" [stack: 0x000000522f400000,0x000000522f500000] [id=10080]
  0x000001e95364fa50 WorkerThread "G1 Conc#0" [stack: 0x000000522f500000,0x000000522f600000] [id=22256]
  0x000001e971c580f0 ConcurrentGCThread "G1 Refine#0" [stack: 0x000000522f600000,0x000000522f700000] [id=2624]
  0x000001e971c598f0 ConcurrentGCThread "G1 Service" [stack: 0x000000522f700000,0x000000522f800000] [id=23588]

Threads with active compile tasks:

VM state: not at safepoint (normal execution)

VM Mutex/Monitor currently owned by a thread: None

Heap address: 0x0000000081e00000, size: 2018 MB, Compressed Oops mode: 32-bit

CDS archive(s) mapped at: [0x0000000800000000-0x0000000800c40000-0x0000000800c40000), size 12845056, SharedBaseAddress: 0x0000000800000000, ArchiveRelocationMode: 0.
Compressed class space mapped at: 0x0000000801000000-0x0000000841000000, reserved size: 1073741824
Narrow klass base: 0x0000000800000000, Narrow klass shift: 0, Narrow klass range: 0x100000000

GC Precious Log:
 CardTable entry size: 512
 Card Set container configuration: InlinePtr #cards 5 size 8 Array Of Cards #cards 12 size 40 Howl #buckets 4 coarsen threshold 1843 Howl Bitmap #cards 512 size 80 coarsen threshold 460 Card regions per heap region 1 cards per card region 2048
 CPUs: 8 total, 8 available
 Memory: 8066M
 Large Page Support: Disabled
 NUMA Support: Disabled
 Compressed Oops: Enabled (32-bit)
 Heap Region Size: 1M
 Heap Min Capacity: 8M
 Heap Initial Capacity: 128M
 Heap Max Capacity: 2018M
 Pre-touch: Disabled
 Parallel Workers: 8
 Concurrent Workers: 2
 Concurrent Refinement Workers: 8
 Periodic GC: Disabled

Heap:
 garbage-first heap   total 131072K, used 34095K [0x0000000081e00000, 0x0000000100000000)
  region size 1024K, 17 young (17408K), 5 survivors (5120K)
 Metaspace       used 8882K, committed 9152K, reserved 1114112K
  class space    used 900K, committed 1024K, reserved 1048576K

Heap Regions: E=young(eden), S=young(survivor), O=old, HS=humongous(starts), HC=humongous(continues), CS=collection set, F=free, OA=open archive, CA=closed archive, TAMS=top-at-mark-start (previous, next)
|   0|0x0000000081e00000, 0x0000000081f00000, 0x0000000081f00000|100%|HS|  |TAMS 0x0000000081e00000, 0x0000000081e00000| Complete 
|   1|0x0000000081f00000, 0x0000000082000000, 0x0000000082000000|100%|HC|  |TAMS 0x0000000081f00000, 0x0000000081f00000| Complete 
|   2|0x0000000082000000, 0x0000000082100000, 0x0000000082100000|100%| O|  |TAMS 0x0000000082000000, 0x0000000082000000| Untracked 
|   3|0x0000000082100000, 0x0000000082200000, 0x0000000082200000|100%|HS|  |TAMS 0x0000000082100000, 0x0000000082100000| Complete 
|   4|0x0000000082200000, 0x0000000082300000, 0x0000000082300000|100%|HC|  |TAMS 0x0000000082200000, 0x0000000082200000| Complete 
|   5|0x0000000082300000, 0x0000000082300000, 0x0000000082400000|  0%| F|  |TAMS 0x0000000082300000, 0x0000000082300000| Untracked 
|   6|0x0000000082400000, 0x0000000082500000, 0x0000000082500000|100%| O|  |TAMS 0x0000000082400000, 0x0000000082400000| Untracked 
|   7|0x0000000082500000, 0x0000000082600000, 0x0000000082600000|100%| O|  |TAMS 0x0000000082500000, 0x0000000082500000| Untracked 
|   8|0x0000000082600000, 0x00000000826c5000, 0x0000000082700000| 76%| O|  |TAMS 0x0000000082600000, 0x0000000082600000| Untracked 
|   9|0x0000000082700000, 0x0000000082800000, 0x0000000082800000|100%|HS|  |TAMS 0x0000000082700000, 0x0000000082700000| Complete 
|  10|0x0000000082800000, 0x0000000082900000, 0x0000000082900000|100%|HC|  |TAMS 0x0000000082800000, 0x0000000082800000| Complete 
|  11|0x0000000082900000, 0x0000000082a00000, 0x0000000082a00000|100%|HS|  |TAMS 0x0000000082900000, 0x0000000082900000| Complete 
|  12|0x0000000082a00000, 0x0000000082b00000, 0x0000000082b00000|100%|HC|  |TAMS 0x0000000082a00000, 0x0000000082a00000| Complete 
|  13|0x0000000082b00000, 0x0000000082c00000, 0x0000000082c00000|100%|HS|  |TAMS 0x0000000082b00000, 0x0000000082b00000| Complete 
|  14|0x0000000082c00000, 0x0000000082d00000, 0x0000000082d00000|100%|HS|  |TAMS 0x0000000082c00000, 0x0000000082c00000| Complete 
|  15|0x0000000082d00000, 0x0000000082e00000, 0x0000000082e00000|100%|HC|  |TAMS 0x0000000082d00000, 0x0000000082d00000| Complete 
|  16|0x0000000082e00000, 0x0000000082f00000, 0x0000000082f00000|100%|HS|  |TAMS 0x0000000082e00000, 0x0000000082e00000| Complete 
|  17|0x0000000082f00000, 0x0000000083000000, 0x0000000083000000|100%|HC|  |TAMS 0x0000000082f00000, 0x0000000082f00000| Complete 
|  18|0x0000000083000000, 0x0000000083100000, 0x0000000083100000|100%|HS|  |TAMS 0x0000000083000000, 0x0000000083000000| Complete 
|  19|0x0000000083100000, 0x0000000083100000, 0x0000000083200000|  0%| F|  |TAMS 0x0000000083100000, 0x0000000083100000| Untracked 
|  20|0x0000000083200000, 0x0000000083200000, 0x0000000083300000|  0%| F|  |TAMS 0x0000000083200000, 0x0000000083200000| Untracked 
|  21|0x0000000083300000, 0x0000000083300000, 0x0000000083400000|  0%| F|  |TAMS 0x0000000083300000, 0x0000000083300000| Untracked 
|  22|0x0000000083400000, 0x0000000083400000, 0x0000000083500000|  0%| F|  |TAMS 0x0000000083400000, 0x0000000083400000| Untracked 
|  23|0x0000000083500000, 0x0000000083500000, 0x0000000083600000|  0%| F|  |TAMS 0x0000000083500000, 0x0000000083500000| Untracked 
|  24|0x0000000083600000, 0x0000000083600000, 0x0000000083700000|  0%| F|  |TAMS 0x0000000083600000, 0x0000000083600000| Untracked 
|  25|0x0000000083700000, 0x0000000083700000, 0x0000000083800000|  0%| F|  |TAMS 0x0000000083700000, 0x0000000083700000| Untracked 
|  26|0x0000000083800000, 0x0000000083800000, 0x0000000083900000|  0%| F|  |TAMS 0x0000000083800000, 0x0000000083800000| Untracked 
|  27|0x0000000083900000, 0x0000000083900000, 0x0000000083a00000|  0%| F|  |TAMS 0x0000000083900000, 0x0000000083900000| Untracked 
|  28|0x0000000083a00000, 0x0000000083a00000, 0x0000000083b00000|  0%| F|  |TAMS 0x0000000083a00000, 0x0000000083a00000| Untracked 
|  29|0x0000000083b00000, 0x0000000083b00000, 0x0000000083c00000|  0%| F|  |TAMS 0x0000000083b00000, 0x0000000083b00000| Untracked 
|  30|0x0000000083c00000, 0x0000000083c00000, 0x0000000083d00000|  0%| F|  |TAMS 0x0000000083c00000, 0x0000000083c00000| Untracked 
|  31|0x0000000083d00000, 0x0000000083d00000, 0x0000000083e00000|  0%| F|  |TAMS 0x0000000083d00000, 0x0000000083d00000| Untracked 
|  32|0x0000000083e00000, 0x0000000083e00000, 0x0000000083f00000|  0%| F|  |TAMS 0x0000000083e00000, 0x0000000083e00000| Untracked 
|  33|0x0000000083f00000, 0x0000000083f00000, 0x0000000084000000|  0%| F|  |TAMS 0x0000000083f00000, 0x0000000083f00000| Untracked 
|  34|0x0000000084000000, 0x0000000084000000, 0x0000000084100000|  0%| F|  |TAMS 0x0000000084000000, 0x0000000084000000| Untracked 
|  35|0x0000000084100000, 0x0000000084100000, 0x0000000084200000|  0%| F|  |TAMS 0x0000000084100000, 0x0000000084100000| Untracked 
|  36|0x0000000084200000, 0x0000000084200000, 0x0000000084300000|  0%| F|  |TAMS 0x0000000084200000, 0x0000000084200000| Untracked 
|  37|0x0000000084300000, 0x0000000084300000, 0x0000000084400000|  0%| F|  |TAMS 0x0000000084300000, 0x0000000084300000| Untracked 
|  38|0x0000000084400000, 0x0000000084400000, 0x0000000084500000|  0%| F|  |TAMS 0x0000000084400000, 0x0000000084400000| Untracked 
|  39|0x0000000084500000, 0x0000000084500000, 0x0000000084600000|  0%| F|  |TAMS 0x0000000084500000, 0x0000000084500000| Untracked 
|  40|0x0000000084600000, 0x0000000084600000, 0x0000000084700000|  0%| F|  |TAMS 0x0000000084600000, 0x0000000084600000| Untracked 
|  41|0x0000000084700000, 0x0000000084700000, 0x0000000084800000|  0%| F|  |TAMS 0x0000000084700000, 0x0000000084700000| Untracked 
|  42|0x0000000084800000, 0x0000000084800000, 0x0000000084900000|  0%| F|  |TAMS 0x0000000084800000, 0x0000000084800000| Untracked 
|  43|0x0000000084900000, 0x0000000084900000, 0x0000000084a00000|  0%| F|  |TAMS 0x0000000084900000, 0x0000000084900000| Untracked 
|  44|0x0000000084a00000, 0x0000000084a00000, 0x0000000084b00000|  0%| F|  |TAMS 0x0000000084a00000, 0x0000000084a00000| Untracked 
|  45|0x0000000084b00000, 0x0000000084b00000, 0x0000000084c00000|  0%| F|  |TAMS 0x0000000084b00000, 0x0000000084b00000| Untracked 
|  46|0x0000000084c00000, 0x0000000084c00000, 0x0000000084d00000|  0%| F|  |TAMS 0x0000000084c00000, 0x0000000084c00000| Untracked 
|  47|0x0000000084d00000, 0x0000000084d00000, 0x0000000084e00000|  0%| F|  |TAMS 0x0000000084d00000, 0x0000000084d00000| Untracked 
|  48|0x0000000084e00000, 0x0000000084e00000, 0x0000000084f00000|  0%| F|  |TAMS 0x0000000084e00000, 0x0000000084e00000| Untracked 
|  49|0x0000000084f00000, 0x0000000084f00000, 0x0000000085000000|  0%| F|  |TAMS 0x0000000084f00000, 0x0000000084f00000| Untracked 
|  50|0x0000000085000000, 0x0000000085000000, 0x0000000085100000|  0%| F|  |TAMS 0x0000000085000000, 0x0000000085000000| Untracked 
|  51|0x0000000085100000, 0x0000000085100000, 0x0000000085200000|  0%| F|  |TAMS 0x0000000085100000, 0x0000000085100000| Untracked 
|  52|0x0000000085200000, 0x0000000085286d88, 0x0000000085300000| 52%| S|CS|TAMS 0x0000000085200000, 0x0000000085200000| Complete 
|  53|0x0000000085300000, 0x0000000085400000, 0x0000000085400000|100%| S|CS|TAMS 0x0000000085300000, 0x0000000085300000| Complete 
|  54|0x0000000085400000, 0x0000000085500000, 0x0000000085500000|100%| S|CS|TAMS 0x0000000085400000, 0x0000000085400000| Complete 
|  55|0x0000000085500000, 0x0000000085600000, 0x0000000085600000|100%| S|CS|TAMS 0x0000000085500000, 0x0000000085500000| Complete 
|  56|0x0000000085600000, 0x0000000085700000, 0x0000000085700000|100%| S|CS|TAMS 0x0000000085600000, 0x0000000085600000| Complete 
|  57|0x0000000085700000, 0x0000000085700000, 0x0000000085800000|  0%| F|  |TAMS 0x0000000085700000, 0x0000000085700000| Untracked 
|  58|0x0000000085800000, 0x0000000085800000, 0x0000000085900000|  0%| F|  |TAMS 0x0000000085800000, 0x0000000085800000| Untracked 
|  59|0x0000000085900000, 0x0000000085900000, 0x0000000085a00000|  0%| F|  |TAMS 0x0000000085900000, 0x0000000085900000| Untracked 
|  60|0x0000000085a00000, 0x0000000085a00000, 0x0000000085b00000|  0%| F|  |TAMS 0x0000000085a00000, 0x0000000085a00000| Untracked 
|  61|0x0000000085b00000, 0x0000000085b00000, 0x0000000085c00000|  0%| F|  |TAMS 0x0000000085b00000, 0x0000000085b00000| Untracked 
|  62|0x0000000085c00000, 0x0000000085c00000, 0x0000000085d00000|  0%| F|  |TAMS 0x0000000085c00000, 0x0000000085c00000| Untracked 
|  63|0x0000000085d00000, 0x0000000085d00000, 0x0000000085e00000|  0%| F|  |TAMS 0x0000000085d00000, 0x0000000085d00000| Untracked 
|  64|0x0000000085e00000, 0x0000000085e00000, 0x0000000085f00000|  0%| F|  |TAMS 0x0000000085e00000, 0x0000000085e00000| Untracked 
|  65|0x0000000085f00000, 0x0000000085f00000, 0x0000000086000000|  0%| F|  |TAMS 0x0000000085f00000, 0x0000000085f00000| Untracked 
|  66|0x0000000086000000, 0x0000000086000000, 0x0000000086100000|  0%| F|  |TAMS 0x0000000086000000, 0x0000000086000000| Untracked 
|  67|0x0000000086100000, 0x0000000086100000, 0x0000000086200000|  0%| F|  |TAMS 0x0000000086100000, 0x0000000086100000| Untracked 
|  68|0x0000000086200000, 0x0000000086200000, 0x0000000086300000|  0%| F|  |TAMS 0x0000000086200000, 0x0000000086200000| Untracked 
|  69|0x0000000086300000, 0x0000000086300000, 0x0000000086400000|  0%| F|  |TAMS 0x0000000086300000, 0x0000000086300000| Untracked 
|  70|0x0000000086400000, 0x0000000086400000, 0x0000000086500000|  0%| F|  |TAMS 0x0000000086400000, 0x0000000086400000| Untracked 
|  71|0x0000000086500000, 0x0000000086500000, 0x0000000086600000|  0%| F|  |TAMS 0x0000000086500000, 0x0000000086500000| Untracked 
|  72|0x0000000086600000, 0x0000000086600000, 0x0000000086700000|  0%| F|  |TAMS 0x0000000086600000, 0x0000000086600000| Untracked 
|  73|0x0000000086700000, 0x0000000086700000, 0x0000000086800000|  0%| F|  |TAMS 0x0000000086700000, 0x0000000086700000| Untracked 
|  74|0x0000000086800000, 0x0000000086800000, 0x0000000086900000|  0%| F|  |TAMS 0x0000000086800000, 0x0000000086800000| Untracked 
|  75|0x0000000086900000, 0x0000000086900000, 0x0000000086a00000|  0%| F|  |TAMS 0x0000000086900000, 0x0000000086900000| Untracked 
|  76|0x0000000086a00000, 0x0000000086a00000, 0x0000000086b00000|  0%| F|  |TAMS 0x0000000086a00000, 0x0000000086a00000| Untracked 
|  77|0x0000000086b00000, 0x0000000086b00000, 0x0000000086c00000|  0%| F|  |TAMS 0x0000000086b00000, 0x0000000086b00000| Untracked 
|  78|0x0000000086c00000, 0x0000000086c00000, 0x0000000086d00000|  0%| F|  |TAMS 0x0000000086c00000, 0x0000000086c00000| Untracked 
|  79|0x0000000086d00000, 0x0000000086d00000, 0x0000000086e00000|  0%| F|  |TAMS 0x0000000086d00000, 0x0000000086d00000| Untracked 
|  80|0x0000000086e00000, 0x0000000086e00000, 0x0000000086f00000|  0%| F|  |TAMS 0x0000000086e00000, 0x0000000086e00000| Untracked 
|  81|0x0000000086f00000, 0x0000000086f00000, 0x0000000087000000|  0%| F|  |TAMS 0x0000000086f00000, 0x0000000086f00000| Untracked 
|  82|0x0000000087000000, 0x0000000087000000, 0x0000000087100000|  0%| F|  |TAMS 0x0000000087000000, 0x0000000087000000| Untracked 
|  83|0x0000000087100000, 0x0000000087100000, 0x0000000087200000|  0%| F|  |TAMS 0x0000000087100000, 0x0000000087100000| Untracked 
|  84|0x0000000087200000, 0x0000000087200000, 0x0000000087300000|  0%| F|  |TAMS 0x0000000087200000, 0x0000000087200000| Untracked 
|  85|0x0000000087300000, 0x0000000087300000, 0x0000000087400000|  0%| F|  |TAMS 0x0000000087300000, 0x0000000087300000| Untracked 
|  86|0x0000000087400000, 0x0000000087400000, 0x0000000087500000|  0%| F|  |TAMS 0x0000000087400000, 0x0000000087400000| Untracked 
|  87|0x0000000087500000, 0x0000000087500000, 0x0000000087600000|  0%| F|  |TAMS 0x0000000087500000, 0x0000000087500000| Untracked 
|  88|0x0000000087600000, 0x0000000087600000, 0x0000000087700000|  0%| F|  |TAMS 0x0000000087600000, 0x0000000087600000| Untracked 
|  89|0x0000000087700000, 0x0000000087700000, 0x0000000087800000|  0%| F|  |TAMS 0x0000000087700000, 0x0000000087700000| Untracked 
|  90|0x0000000087800000, 0x0000000087800000, 0x0000000087900000|  0%| F|  |TAMS 0x0000000087800000, 0x0000000087800000| Untracked 
|  91|0x0000000087900000, 0x0000000087900000, 0x0000000087a00000|  0%| F|  |TAMS 0x0000000087900000, 0x0000000087900000| Untracked 
|  92|0x0000000087a00000, 0x0000000087a00000, 0x0000000087b00000|  0%| F|  |TAMS 0x0000000087a00000, 0x0000000087a00000| Untracked 
|  93|0x0000000087b00000, 0x0000000087b00000, 0x0000000087c00000|  0%| F|  |TAMS 0x0000000087b00000, 0x0000000087b00000| Untracked 
|  94|0x0000000087c00000, 0x0000000087c00000, 0x0000000087d00000|  0%| F|  |TAMS 0x0000000087c00000, 0x0000000087c00000| Untracked 
|  95|0x0000000087d00000, 0x0000000087d00000, 0x0000000087e00000|  0%| F|  |TAMS 0x0000000087d00000, 0x0000000087d00000| Untracked 
|  96|0x0000000087e00000, 0x0000000087e00000, 0x0000000087f00000|  0%| F|  |TAMS 0x0000000087e00000, 0x0000000087e00000| Untracked 
|  97|0x0000000087f00000, 0x0000000087f00000, 0x0000000088000000|  0%| F|  |TAMS 0x0000000087f00000, 0x0000000087f00000| Untracked 
|  98|0x0000000088000000, 0x0000000088000000, 0x0000000088100000|  0%| F|  |TAMS 0x0000000088000000, 0x0000000088000000| Untracked 
|  99|0x0000000088100000, 0x0000000088100000, 0x0000000088200000|  0%| F|  |TAMS 0x0000000088100000, 0x0000000088100000| Untracked 
| 100|0x0000000088200000, 0x0000000088200000, 0x0000000088300000|  0%| F|  |TAMS 0x0000000088200000, 0x0000000088200000| Untracked 
| 101|0x0000000088300000, 0x0000000088300000, 0x0000000088400000|  0%| F|  |TAMS 0x0000000088300000, 0x0000000088300000| Untracked 
| 102|0x0000000088400000, 0x0000000088400000, 0x0000000088500000|  0%| F|  |TAMS 0x0000000088400000, 0x0000000088400000| Untracked 
| 103|0x0000000088500000, 0x0000000088500000, 0x0000000088600000|  0%| F|  |TAMS 0x0000000088500000, 0x0000000088500000| Untracked 
| 104|0x0000000088600000, 0x0000000088600000, 0x0000000088700000|  0%| F|  |TAMS 0x0000000088600000, 0x0000000088600000| Untracked 
| 105|0x0000000088700000, 0x0000000088700000, 0x0000000088800000|  0%| F|  |TAMS 0x0000000088700000, 0x0000000088700000| Untracked 
| 106|0x0000000088800000, 0x0000000088800000, 0x0000000088900000|  0%| F|  |TAMS 0x0000000088800000, 0x0000000088800000| Untracked 
| 107|0x0000000088900000, 0x0000000088900000, 0x0000000088a00000|  0%| F|  |TAMS 0x0000000088900000, 0x0000000088900000| Untracked 
| 108|0x0000000088a00000, 0x0000000088a00000, 0x0000000088b00000|  0%| F|  |TAMS 0x0000000088a00000, 0x0000000088a00000| Untracked 
| 109|0x0000000088b00000, 0x0000000088b00000, 0x0000000088c00000|  0%| F|  |TAMS 0x0000000088b00000, 0x0000000088b00000| Untracked 
| 110|0x0000000088c00000, 0x0000000088c00000, 0x0000000088d00000|  0%| F|  |TAMS 0x0000000088c00000, 0x0000000088c00000| Untracked 
| 111|0x0000000088d00000, 0x0000000088d00000, 0x0000000088e00000|  0%| F|  |TAMS 0x0000000088d00000, 0x0000000088d00000| Untracked 
| 112|0x0000000088e00000, 0x0000000088e00000, 0x0000000088f00000|  0%| F|  |TAMS 0x0000000088e00000, 0x0000000088e00000| Untracked 
| 113|0x0000000088f00000, 0x0000000088f00000, 0x0000000089000000|  0%| F|  |TAMS 0x0000000088f00000, 0x0000000088f00000| Untracked 
| 114|0x0000000089000000, 0x0000000089000000, 0x0000000089100000|  0%| F|  |TAMS 0x0000000089000000, 0x0000000089000000| Untracked 
| 115|0x0000000089100000, 0x0000000089100000, 0x0000000089200000|  0%| F|  |TAMS 0x0000000089100000, 0x0000000089100000| Untracked 
| 116|0x0000000089200000, 0x0000000089280800, 0x0000000089300000| 50%| E|  |TAMS 0x0000000089200000, 0x0000000089200000| Complete 
| 117|0x0000000089300000, 0x0000000089400000, 0x0000000089400000|100%| E|CS|TAMS 0x0000000089300000, 0x0000000089300000| Complete 
| 118|0x0000000089400000, 0x0000000089500000, 0x0000000089500000|100%| E|CS|TAMS 0x0000000089400000, 0x0000000089400000| Complete 
| 119|0x0000000089500000, 0x0000000089600000, 0x0000000089600000|100%| E|CS|TAMS 0x0000000089500000, 0x0000000089500000| Complete 
| 120|0x0000000089600000, 0x0000000089700000, 0x0000000089700000|100%| E|CS|TAMS 0x0000000089600000, 0x0000000089600000| Complete 
| 121|0x0000000089700000, 0x0000000089800000, 0x0000000089800000|100%| E|CS|TAMS 0x0000000089700000, 0x0000000089700000| Complete 
| 122|0x0000000089800000, 0x0000000089900000, 0x0000000089900000|100%| E|CS|TAMS 0x0000000089800000, 0x0000000089800000| Complete 
| 123|0x0000000089900000, 0x0000000089a00000, 0x0000000089a00000|100%| E|CS|TAMS 0x0000000089900000, 0x0000000089900000| Complete 
| 124|0x0000000089a00000, 0x0000000089b00000, 0x0000000089b00000|100%| E|CS|TAMS 0x0000000089a00000, 0x0000000089a00000| Complete 
| 125|0x0000000089b00000, 0x0000000089c00000, 0x0000000089c00000|100%| E|CS|TAMS 0x0000000089b00000, 0x0000000089b00000| Complete 
| 126|0x0000000089c00000, 0x0000000089d00000, 0x0000000089d00000|100%| E|CS|TAMS 0x0000000089c00000, 0x0000000089c00000| Complete 
| 127|0x0000000089d00000, 0x0000000089e00000, 0x0000000089e00000|100%| E|CS|TAMS 0x0000000089d00000, 0x0000000089d00000| Complete 

Card table byte_map: [0x000001e96ac80000,0x000001e96b080000] _byte_map_base: 0x000001e96a871000

Marking Bits (Prev, Next): (CMBitMap*) 0x000001e95363e8a0, (CMBitMap*) 0x000001e95363e8e0
 Prev Bits: [0x000001e96b480000, 0x000001e96d408000)
 Next Bits: [0x000001e96d410000, 0x000001e96f398000)

Polling page: 0x000001e951590000

Metaspace:

Usage:
  Non-class:      7.80 MB used.
      Class:    900.14 KB used.
       Both:      8.67 MB used.

Virtual space:
  Non-class space:       64.00 MB reserved,       7.94 MB ( 12%) committed,  1 nodes.
      Class space:        1.00 GB reserved,       1.00 MB ( <1%) committed,  1 nodes.
             Both:        1.06 GB reserved,       8.94 MB ( <1%) committed. 

Chunk freelists:
   Non-Class:  112.00 KB
       Class:  2.98 MB
        Both:  3.09 MB

MaxMetaspaceSize: unlimited
CompressedClassSpaceSize: 1.00 GB
Initial GC threshold: 21.00 MB
Current GC threshold: 21.00 MB
CDS: on
MetaspaceReclaimPolicy: balanced
 - commit_granule_bytes: 65536.
 - commit_granule_words: 8192.
 - virtual_space_node_default_size: 8388608.
 - enlarge_chunks_in_place: 1.
 - new_chunks_are_fully_committed: 0.
 - uncommit_free_chunks: 1.
 - use_allocation_guard: 0.


Internal statistics:

num_allocs_failed_limit: 0.
num_arena_births: 226.
num_arena_deaths: 0.
num_vsnodes_births: 2.
num_vsnodes_deaths: 0.
num_space_committed: 143.
num_space_uncommitted: 0.
num_chunks_returned_to_freelist: 0.
num_chunks_taken_from_freelist: 299.
num_chunk_merges: 0.
num_chunk_splits: 205.
num_chunks_enlarged: 133.
num_inconsistent_stats: 0.

CodeHeap 'non-profiled nmethods': size=120000Kb used=1196Kb max_used=1196Kb free=118803Kb
 bounds [0x000001e963020000, 0x000001e963290000, 0x000001e96a550000]
CodeHeap 'profiled nmethods': size=120000Kb used=3969Kb max_used=3969Kb free=116030Kb
 bounds [0x000001e95b550000, 0x000001e95b940000, 0x000001e962a80000]
CodeHeap 'non-nmethods': size=5760Kb used=1381Kb max_used=1454Kb free=4378Kb
 bounds [0x000001e962a80000, 0x000001e962cf0000, 0x000001e963020000]
 total_blobs=2800 nmethods=2176 adapters=534
 compilation: enabled
              stopped_count=0, restarted_count=0
 full_count=0

Compilation events (20 events):
Event: 47.129 Thread 0x000001e971dc1780 2168   !   4       sun.awt.PostEventQueue::flush (168 bytes)
Event: 47.284 Thread 0x000001e971dc1780 nmethod 2168 0x000001e96313fe90 code [0x000001e9631403c0, 0x000001e963147168]
Event: 47.284 Thread 0x000001e971dc1780 2169       4       EDU.gatech.cc.is.simulation.BinSim::getCenter (29 bytes)
Event: 47.286 Thread 0x000001e971dc1780 nmethod 2169 0x000001e963149c90 code [0x000001e963149e60, 0x000001e96314a058]
Event: 47.626 Thread 0x000001e971dc1780 2170       4       java.util.concurrent.locks.ReentrantLock$Sync::isHeldExclusively (16 bytes)
Event: 47.627 Thread 0x000001e971dc1780 nmethod 2170 0x000001e96314a290 code [0x000001e96314a420, 0x000001e96314a4d8]
Event: 48.178 Thread 0x000001e971dcd2c0 2171       3       EDU.gatech.cc.is.clay.va_Merge_vava::Value (184 bytes)
Event: 48.179 Thread 0x000001e971dcd2c0 nmethod 2171 0x000001e95b92da90 code [0x000001e95b92dce0, 0x000001e95b92eaa8]
Event: 48.183 Thread 0x000001e971dcd2c0 2172       1       RoomLocation::getAreClosedAllAntiRoom (5 bytes)
Event: 48.184 Thread 0x000001e971dcd2c0 nmethod 2172 0x000001e96314a590 code [0x000001e96314a720, 0x000001e96314a7f8]
Event: 48.216 Thread 0x000001e971dcd2c0 2173       3       CSAI.unipa.abstractrobot.SimpleN150ExploreSim::getPlayerNumber (12 bytes)
Event: 48.217 Thread 0x000001e971dcd2c0 nmethod 2173 0x000001e95b92ef10 code [0x000001e95b92f0e0, 0x000001e95b92f398]
Event: 48.217 Thread 0x000001e971dcd2c0 2174       3       EDU.gatech.cc.is.abstractrobot.KinSensorSim::getPlayerNumber (21 bytes)
Event: 48.217 Thread 0x000001e971dcd2c0 nmethod 2174 0x000001e95b92f510 code [0x000001e95b92f6c0, 0x000001e95b92f8f8]
Event: 48.307 Thread 0x000001e971dc1780 2175       4       CSAI.unipa.knowledgment.NodeMap::getPosition (58 bytes)
Event: 48.313 Thread 0x000001e971dc1780 nmethod 2175 0x000001e96314a890 code [0x000001e96314aa60, 0x000001e96314ae28]
Event: 48.868 Thread 0x000001e971dcd2c0 2176       3       java.util.LinkedList::<init> (10 bytes)
Event: 48.868 Thread 0x000001e971dcd2c0 nmethod 2176 0x000001e95b92fa10 code [0x000001e95b92fbc0, 0x000001e95b92fe58]
Event: 48.868 Thread 0x000001e971dcd2c0 2177       3       java.util.AbstractSequentialList::<init> (5 bytes)
Event: 48.868 Thread 0x000001e971dcd2c0 nmethod 2177 0x000001e95b92ff90 code [0x000001e95b930140, 0x000001e95b930378]

GC Heap History (8 events):
Event: 1.057 GC heap before
{Heap before GC invocations=0 (full 0):
 garbage-first heap   total 131072K, used 24576K [0x0000000081e00000, 0x0000000100000000)
  region size 1024K, 23 young (23552K), 0 survivors (0K)
 Metaspace       used 7983K, committed 8192K, reserved 1114112K
  class space    used 869K, committed 960K, reserved 1048576K
}
Event: 1.062 GC heap after
{Heap after GC invocations=1 (full 0):
 garbage-first heap   total 131072K, used 5992K [0x0000000081e00000, 0x0000000100000000)
  region size 1024K, 3 young (3072K), 3 survivors (3072K)
 Metaspace       used 7983K, committed 8192K, reserved 1114112K
  class space    used 869K, committed 960K, reserved 1048576K
}
Event: 2.823 GC heap before
{Heap before GC invocations=1 (full 0):
 garbage-first heap   total 131072K, used 39784K [0x0000000081e00000, 0x0000000100000000)
  region size 1024K, 34 young (34816K), 3 survivors (3072K)
 Metaspace       used 8294K, committed 8576K, reserved 1114112K
  class space    used 890K, committed 1024K, reserved 1048576K
}
Event: 2.829 GC heap after
{Heap after GC invocations=2 (full 0):
 garbage-first heap   total 131072K, used 11081K [0x0000000081e00000, 0x0000000100000000)
  region size 1024K, 3 young (3072K), 3 survivors (3072K)
 Metaspace       used 8294K, committed 8576K, reserved 1114112K
  class space    used 890K, committed 1024K, reserved 1048576K
}
Event: 35.714 GC heap before
{Heap before GC invocations=2 (full 0):
 garbage-first heap   total 131072K, used 89929K [0x0000000081e00000, 0x0000000100000000)
  region size 1024K, 76 young (77824K), 3 survivors (3072K)
 Metaspace       used 8866K, committed 9152K, reserved 1114112K
  class space    used 900K, committed 1024K, reserved 1048576K
}
Event: 35.721 GC heap after
{Heap after GC invocations=3 (full 0):
 garbage-first heap   total 131072K, used 18332K [0x0000000081e00000, 0x0000000100000000)
  region size 1024K, 5 young (5120K), 5 survivors (5120K)
 Metaspace       used 8866K, committed 9152K, reserved 1114112K
  class space    used 900K, committed 1024K, reserved 1048576K
}
Event: 48.862 GC heap before
{Heap before GC invocations=3 (full 0):
 garbage-first heap   total 131072K, used 95132K [0x0000000081e00000, 0x0000000100000000)
  region size 1024K, 76 young (77824K), 5 survivors (5120K)
 Metaspace       used 8881K, committed 9152K, reserved 1114112K
  class space    used 900K, committed 1024K, reserved 1048576K
}
Event: 48.867 GC heap after
{Heap after GC invocations=4 (full 0):
 garbage-first heap   total 131072K, used 22831K [0x0000000081e00000, 0x0000000100000000)
  region size 1024K, 5 young (5120K), 5 survivors (5120K)
 Metaspace       used 8881K, committed 9152K, reserved 1114112K
  class space    used 900K, committed 1024K, reserved 1048576K
}

Dll operation events (12 events):
Event: 0.007 Loaded shared library C:\Program Files\Java\jdk-19\bin\java.dll
Event: 0.017 Loaded shared library C:\Program Files\Java\jdk-19\bin\jsvml.dll
Event: 0.052 Loaded shared library C:\Program Files\Java\jdk-19\bin\net.dll
Event: 0.054 Loaded shared library C:\Program Files\Java\jdk-19\bin\nio.dll
Event: 0.057 Loaded shared library C:\Program Files\Java\jdk-19\bin\zip.dll
Event: 0.067 Loaded shared library C:\Program Files\Java\jdk-19\bin\verify.dll
Event: 0.081 Loaded shared library C:\Program Files\Java\jdk-19\bin\jimage.dll
Event: 0.099 Loaded shared library C:\Program Files\Java\jdk-19\bin\awt.dll
Event: 0.222 Loaded shared library C:\Program Files\Java\jdk-19\bin\freetype.dll
Event: 0.223 Loaded shared library C:\Program Files\Java\jdk-19\bin\fontmanager.dll
Event: 0.783 Loaded shared library C:\TeamBots\eclipse_basic\lib\x86_64_nt\ec_java_load.dll
Event: 0.786 Loaded shared library C:\TeamBots\eclipse_basic\lib\x86_64_nt\ec_java.dll

Deoptimization events (20 events):
Event: 7.864 Thread 0x000001e976141d20 Uncommon trap: trap_request=0xffffff45 fr.pc=0x000001e963086fd4 relative=0x00000000000003f4
Event: 7.864 Thread 0x000001e976141d20 Uncommon trap: reason=unstable_if action=reinterpret pc=0x000001e963086fd4 method=java.util.StringTokenizer.scanToken(I)I @ 7 c2
Event: 7.864 Thread 0x000001e976141d20 DEOPT PACKING pc=0x000001e963086fd4 sp=0x00000052309fdfe0
Event: 7.864 Thread 0x000001e976141d20 DEOPT UNPACKING pc=0x000001e962ae6da3 sp=0x00000052309fdf78 mode 2
Event: 7.864 Thread 0x000001e976141d20 Uncommon trap: trap_request=0xffffff45 fr.pc=0x000001e9630923fc relative=0x000000000000007c
Event: 7.864 Thread 0x000001e976141d20 Uncommon trap: reason=unstable_if action=reinterpret pc=0x000001e9630923fc method=java.util.StringTokenizer.skipDelimiters(I)I @ 21 c2
Event: 7.864 Thread 0x000001e976141d20 DEOPT PACKING pc=0x000001e9630923fc sp=0x00000052309fe020
Event: 7.864 Thread 0x000001e976141d20 DEOPT UNPACKING pc=0x000001e962ae6da3 sp=0x00000052309fdf78 mode 2
Event: 8.412 Thread 0x000001e976141d20 DEOPT PACKING pc=0x000001e95b76fe1f sp=0x00000052309fe750
Event: 8.412 Thread 0x000001e976141d20 DEOPT UNPACKING pc=0x000001e962ae7543 sp=0x00000052309fdc68 mode 0
Event: 38.608 Thread 0x000001e976141d20 DEOPT PACKING pc=0x000001e95b76fe1f sp=0x00000052309fe750
Event: 38.608 Thread 0x000001e976141d20 DEOPT UNPACKING pc=0x000001e962ae7543 sp=0x00000052309fdc68 mode 0
Event: 41.219 Thread 0x000001e976141d20 DEOPT PACKING pc=0x000001e95b87a3b9 sp=0x00000052309fead0
Event: 41.219 Thread 0x000001e976141d20 DEOPT UNPACKING pc=0x000001e962ae7543 sp=0x00000052309fdf58 mode 0
Event: 46.882 Thread 0x000001e976141d20 DEOPT PACKING pc=0x000001e95b8222dd sp=0x00000052309febf0
Event: 46.882 Thread 0x000001e976141d20 DEOPT UNPACKING pc=0x000001e962ae7543 sp=0x00000052309fe0c8 mode 0
Event: 48.868 Thread 0x000001e976140d30 Uncommon trap: trap_request=0xffffff45 fr.pc=0x000001e96309e818 relative=0x0000000000000278
Event: 48.868 Thread 0x000001e976140d30 Uncommon trap: reason=unstable_if action=reinterpret pc=0x000001e96309e818 method=java.util.Vector.removeElementAt(I)V @ 65 c2
Event: 48.868 Thread 0x000001e976140d30 DEOPT PACKING pc=0x000001e96309e818 sp=0x00000052305feeb0
Event: 48.868 Thread 0x000001e976140d30 DEOPT UNPACKING pc=0x000001e962ae6da3 sp=0x00000052305fee68 mode 2

Classes loaded (20 events):
Event: 5.521 Loading class sun/font/CMap$CMapFormat12
Event: 5.521 Loading class sun/font/CMap$CMapFormat12 done
Event: 5.522 Loading class sun/font/CMap$UVS
Event: 5.522 Loading class sun/font/CMap$UVS done
Event: 7.844 Loading class sun/awt/windows/WButtonPeer$1
Event: 7.845 Loading class sun/awt/windows/WButtonPeer$1 done
Event: 7.845 Loading class sun/awt/SunToolkit$2
Event: 7.845 Loading class sun/awt/SunToolkit$2 done
Event: 7.847 Loading class java/awt/Window$1DisposeAction
Event: 7.847 Loading class java/awt/Window$1DisposeAction done
Event: 7.851 Loading class java/awt/LightweightDispatcher$2
Event: 7.851 Loading class java/awt/LightweightDispatcher$2 done
Event: 7.851 Loading class java/awt/event/AWTEventListenerProxy
Event: 7.852 Loading class java/awt/event/AWTEventListenerProxy done
Event: 7.852 Loading class java/awt/Toolkit$ToolkitEventMulticaster
Event: 7.852 Loading class java/awt/Toolkit$ToolkitEventMulticaster done
Event: 31.493 Loading class java/awt/Scrollbar
Event: 31.493 Loading class java/awt/Adjustable
Event: 31.493 Loading class java/awt/Adjustable done
Event: 31.493 Loading class java/awt/Scrollbar done

Classes unloaded (0 events):
No events

Classes redefined (0 events):
No events

Internal exceptions (20 events):
Event: 49.675 Thread 0x000001e9761417d0 Exception <a 'java/lang/ClassCastException'{0x00000000896a69a8}> (0x00000000896a69a8) 
thrown [s\open\src\hotspot\share\runtime\sharedRuntime.cpp, line 630]
Event: 49.675 Thread 0x000001e9761417d0 Exception <a 'java/lang/ClassCastException'{0x00000000896a6db8}> (0x00000000896a6db8) 
thrown [s\open\src\hotspot\share\runtime\sharedRuntime.cpp, line 630]
Event: 49.706 Thread 0x000001e9761417d0 Exception <a 'java/lang/ClassCastException'{0x00000000896e16f0}> (0x00000000896e16f0) 
thrown [s\open\src\hotspot\share\runtime\sharedRuntime.cpp, line 630]
Event: 49.706 Thread 0x000001e9761417d0 Exception <a 'java/lang/ClassCastException'{0x00000000896e1b00}> (0x00000000896e1b00) 
thrown [s\open\src\hotspot\share\runtime\sharedRuntime.cpp, line 630]
Event: 49.737 Thread 0x000001e9761417d0 Exception <a 'java/lang/ClassCastException'{0x000000008951a5d0}> (0x000000008951a5d0) 
thrown [s\open\src\hotspot\share\runtime\sharedRuntime.cpp, line 630]
Event: 49.737 Thread 0x000001e9761417d0 Exception <a 'java/lang/ClassCastException'{0x000000008951a9e0}> (0x000000008951a9e0) 
thrown [s\open\src\hotspot\share\runtime\sharedRuntime.cpp, line 630]
Event: 49.767 Thread 0x000001e9761417d0 Exception <a 'java/lang/ClassCastException'{0x0000000089551f10}> (0x0000000089551f10) 
thrown [s\open\src\hotspot\share\runtime\sharedRuntime.cpp, line 630]
Event: 49.767 Thread 0x000001e9761417d0 Exception <a 'java/lang/ClassCastException'{0x0000000089552320}> (0x0000000089552320) 
thrown [s\open\src\hotspot\share\runtime\sharedRuntime.cpp, line 630]
Event: 49.799 Thread 0x000001e9761417d0 Exception <a 'java/lang/ClassCastException'{0x000000008940ca68}> (0x000000008940ca68) 
thrown [s\open\src\hotspot\share\runtime\sharedRuntime.cpp, line 630]
Event: 49.799 Thread 0x000001e9761417d0 Exception <a 'java/lang/ClassCastException'{0x000000008940ce78}> (0x000000008940ce78) 
thrown [s\open\src\hotspot\share\runtime\sharedRuntime.cpp, line 630]
Event: 49.833 Thread 0x000001e9761417d0 Exception <a 'java/lang/ClassCastException'{0x0000000089449850}> (0x0000000089449850) 
thrown [s\open\src\hotspot\share\runtime\sharedRuntime.cpp, line 630]
Event: 49.833 Thread 0x000001e9761417d0 Exception <a 'java/lang/ClassCastException'{0x0000000089449c60}> (0x0000000089449c60) 
thrown [s\open\src\hotspot\share\runtime\sharedRuntime.cpp, line 630]
Event: 49.862 Thread 0x000001e9761417d0 Exception <a 'java/lang/ClassCastException'{0x00000000894883c0}> (0x00000000894883c0) 
thrown [s\open\src\hotspot\share\runtime\sharedRuntime.cpp, line 630]
Event: 49.862 Thread 0x000001e9761417d0 Exception <a 'java/lang/ClassCastException'{0x00000000894887d0}> (0x00000000894887d0) 
thrown [s\open\src\hotspot\share\runtime\sharedRuntime.cpp, line 630]
Event: 49.893 Thread 0x000001e9761417d0 Exception <a 'java/lang/ClassCastException'{0x00000000894c51d0}> (0x00000000894c51d0) 
thrown [s\open\src\hotspot\share\runtime\sharedRuntime.cpp, line 630]
Event: 49.894 Thread 0x000001e9761417d0 Exception <a 'java/lang/ClassCastException'{0x00000000894c55e0}> (0x00000000894c55e0) 
thrown [s\open\src\hotspot\share\runtime\sharedRuntime.cpp, line 630]
Event: 49.924 Thread 0x000001e9761417d0 Exception <a 'java/lang/ClassCastException'{0x0000000089300920}> (0x0000000089300920) 
thrown [s\open\src\hotspot\share\runtime\sharedRuntime.cpp, line 630]
Event: 49.924 Thread 0x000001e9761417d0 Exception <a 'java/lang/ClassCastException'{0x0000000089300d30}> (0x0000000089300d30) 
thrown [s\open\src\hotspot\share\runtime\sharedRuntime.cpp, line 630]
Event: 49.956 Thread 0x000001e9761417d0 Exception <a 'java/lang/ClassCastException'{0x0000000089339b00}> (0x0000000089339b00) 
thrown [s\open\src\hotspot\share\runtime\sharedRuntime.cpp, line 630]
Event: 49.956 Thread 0x000001e9761417d0 Exception <a 'java/lang/ClassCastException'{0x0000000089339f10}> (0x0000000089339f10) 
thrown [s\open\src\hotspot\share\runtime\sharedRuntime.cpp, line 630]

VM Operations (20 events):
Event: 41.736 Executing VM operation: Cleanup
Event: 41.736 Executing VM operation: Cleanup done
Event: 42.738 Executing VM operation: Cleanup
Event: 42.738 Executing VM operation: Cleanup done
Event: 43.746 Executing VM operation: Cleanup
Event: 43.747 Executing VM operation: Cleanup done
Event: 44.756 Executing VM operation: Cleanup
Event: 44.756 Executing VM operation: Cleanup done
Event: 45.769 Executing VM operation: Cleanup
Event: 45.769 Executing VM operation: Cleanup done
Event: 46.779 Executing VM operation: Cleanup
Event: 46.779 Executing VM operation: Cleanup done
Event: 47.789 Executing VM operation: Cleanup
Event: 47.789 Executing VM operation: Cleanup done
Event: 48.796 Executing VM operation: Cleanup
Event: 48.796 Executing VM operation: Cleanup done
Event: 48.862 Executing VM operation: G1CollectForAllocation
Event: 48.867 Executing VM operation: G1CollectForAllocation done
Event: 49.869 Executing VM operation: Cleanup
Event: 49.869 Executing VM operation: Cleanup done

Events (20 events):
Event: 1.009 Thread 0x000001e977c0aab0 Thread exited: 0x000001e977c0aab0
Event: 1.010 Thread 0x000001e977921c10 Thread exited: 0x000001e977921c10
Event: 1.063 Thread 0x000001e976322d80 Thread added: 0x000001e976322d80
Event: 1.080 Thread 0x000001e976323300 Thread added: 0x000001e976323300
Event: 1.228 Thread 0x000001e976323300 Thread exited: 0x000001e976323300
Event: 1.244 Thread 0x000001e976322d80 Thread exited: 0x000001e976322d80
Event: 1.299 Thread 0x000001e978251680 Thread added: 0x000001e978251680
Event: 1.301 Thread 0x000001e976322d80 Thread added: 0x000001e976322d80
Event: 1.334 Thread 0x000001e9535de1e0 Thread exited: 0x000001e9535de1e0
Event: 1.334 Thread 0x000001e976142270 Thread added: 0x000001e976142270
Event: 1.568 Thread 0x000001e976322d80 Thread exited: 0x000001e976322d80
Event: 1.629 Thread 0x000001e978251680 Thread exited: 0x000001e978251680
Event: 7.930 Thread 0x000001e9781e05e0 Thread added: 0x000001e9781e05e0
Event: 7.930 Thread 0x000001e977f23d90 Thread added: 0x000001e977f23d90
Event: 8.156 Thread 0x000001e977f23d90 Thread exited: 0x000001e977f23d90
Event: 8.160 Thread 0x000001e9781e05e0 Thread exited: 0x000001e9781e05e0
Event: 8.187 Thread 0x000001e977ba7010 Thread added: 0x000001e977ba7010
Event: 8.387 Thread 0x000001e977ba7010 Thread exited: 0x000001e977ba7010
Event: 38.281 Thread 0x000001e977c3c610 Thread added: 0x000001e977c3c610
Event: 38.569 Thread 0x000001e977c3c610 Thread exited: 0x000001e977c3c610


Dynamic libraries:
0x00007ff6f6cc0000 - 0x00007ff6f6cd0000 	C:\Program Files\Java\jdk-19\bin\java.exe
0x00007ffd32b80000 - 0x00007ffd32d89000 	C:\WINDOWS\SYSTEM32\ntdll.dll
0x00007ffd31d90000 - 0x00007ffd31e4e000 	C:\WINDOWS\System32\KERNEL32.DLL
0x00007ffd30050000 - 0x00007ffd303cb000 	C:\WINDOWS\System32\KERNELBASE.dll
0x00007ffd30470000 - 0x00007ffd30581000 	C:\WINDOWS\System32\ucrtbase.dll
0x00007ffd2b9c0000 - 0x00007ffd2b9d8000 	C:\Program Files\Java\jdk-19\bin\jli.dll
0x00007ffd31530000 - 0x00007ffd315de000 	C:\WINDOWS\System32\ADVAPI32.dll
0x00007ffd2b9a0000 - 0x00007ffd2b9bb000 	C:\Program Files\Java\jdk-19\bin\VCRUNTIME140.dll
0x00007ffd32780000 - 0x00007ffd32823000 	C:\WINDOWS\System32\msvcrt.dll
0x00007ffd31ff0000 - 0x00007ffd3208e000 	C:\WINDOWS\System32\sechost.dll
0x00007ffd329a0000 - 0x00007ffd32ac0000 	C:\WINDOWS\System32\RPCRT4.dll
0x00007ffd30ad0000 - 0x00007ffd30c7d000 	C:\WINDOWS\System32\USER32.dll
0x00007ffd1b1b0000 - 0x00007ffd1b455000 	C:\WINDOWS\WinSxS\amd64_microsoft.windows.common-controls_6595b64144ccf1df_6.0.22000.120_none_9d947278b86cc467\COMCTL32.dll
0x00007ffd303d0000 - 0x00007ffd303f6000 	C:\WINDOWS\System32\win32u.dll
0x00007ffd32830000 - 0x00007ffd32859000 	C:\WINDOWS\System32\GDI32.dll
0x00007ffd30820000 - 0x00007ffd30938000 	C:\WINDOWS\System32\gdi32full.dll
0x00007ffd30590000 - 0x00007ffd3062d000 	C:\WINDOWS\System32\msvcp_win.dll
0x00007ffd2ee80000 - 0x00007ffd2ee8a000 	C:\WINDOWS\SYSTEM32\VERSION.dll
0x00007ffd315f0000 - 0x00007ffd31622000 	C:\WINDOWS\System32\IMM32.DLL
0x00007ffd2c450000 - 0x00007ffd2c45c000 	C:\Program Files\Java\jdk-19\bin\vcruntime140_1.dll
0x00007ffd1e810000 - 0x00007ffd1e89e000 	C:\Program Files\Java\jdk-19\bin\msvcp140.dll
0x00007ffc907f0000 - 0x00007ffc914b0000 	C:\Program Files\Java\jdk-19\bin\server\jvm.dll
0x00007ffd29ab0000 - 0x00007ffd29ab9000 	C:\WINDOWS\SYSTEM32\WSOCK32.dll
0x00007ffd28470000 - 0x00007ffd284a3000 	C:\WINDOWS\SYSTEM32\WINMM.dll
0x00007ffd32090000 - 0x00007ffd320ff000 	C:\WINDOWS\System32\WS2_32.dll
0x00007ffd2f1c0000 - 0x00007ffd2f1d8000 	C:\WINDOWS\SYSTEM32\kernel.appcore.dll
0x00007ffd2c430000 - 0x00007ffd2c43a000 	C:\Program Files\Java\jdk-19\bin\jimage.dll
0x00007ffd2da20000 - 0x00007ffd2dc41000 	C:\WINDOWS\SYSTEM32\DBGHELP.DLL
0x00007ffd1bf80000 - 0x00007ffd1bfb1000 	C:\WINDOWS\SYSTEM32\dbgcore.DLL
0x00007ffd30630000 - 0x00007ffd306af000 	C:\WINDOWS\System32\bcryptPrimitives.dll
0x00007ffd2a070000 - 0x00007ffd2a096000 	C:\Program Files\Java\jdk-19\bin\java.dll
0x00007ffd1bbc0000 - 0x00007ffd1bc97000 	C:\Program Files\Java\jdk-19\bin\jsvml.dll
0x00007ffd30c80000 - 0x00007ffd31437000 	C:\WINDOWS\System32\SHELL32.dll
0x00007ffd2e590000 - 0x00007ffd2edf5000 	C:\WINDOWS\SYSTEM32\windows.storage.dll
0x00007ffd31650000 - 0x00007ffd319c8000 	C:\WINDOWS\System32\combase.dll
0x00007ffd2e420000 - 0x00007ffd2e586000 	C:\WINDOWS\SYSTEM32\wintypes.dll
0x00007ffd31ba0000 - 0x00007ffd31c8a000 	C:\WINDOWS\System32\SHCORE.dll
0x00007ffd32ac0000 - 0x00007ffd32b1d000 	C:\WINDOWS\System32\shlwapi.dll
0x00007ffd2ff80000 - 0x00007ffd2ffa1000 	C:\WINDOWS\SYSTEM32\profapi.dll
0x00007ffd2a1e0000 - 0x00007ffd2a1f3000 	C:\Program Files\Java\jdk-19\bin\net.dll
0x00007ffd29080000 - 0x00007ffd29194000 	C:\WINDOWS\SYSTEM32\WINHTTP.dll
0x00007ffd2f660000 - 0x00007ffd2f6c7000 	C:\WINDOWS\system32\mswsock.dll
0x00007ffd2a050000 - 0x00007ffd2a066000 	C:\Program Files\Java\jdk-19\bin\nio.dll
0x00007ffd215d0000 - 0x00007ffd215e8000 	C:\Program Files\Java\jdk-19\bin\zip.dll
0x00007ffd2c3e0000 - 0x00007ffd2c3f0000 	C:\Program Files\Java\jdk-19\bin\verify.dll
0x00007ffd07380000 - 0x00007ffd07511000 	C:\Program Files\Java\jdk-19\bin\awt.dll
0x00007ffd31440000 - 0x00007ffd31516000 	C:\WINDOWS\System32\OLEAUT32.dll
0x00007ffd2d030000 - 0x00007ffd2d0c2000 	C:\WINDOWS\SYSTEM32\apphelp.dll
0x00007ffd2d550000 - 0x00007ffd2d57f000 	C:\WINDOWS\system32\DWMAPI.DLL
0x00007ffd2d120000 - 0x00007ffd2d1cc000 	C:\WINDOWS\system32\uxtheme.dll
0x00007ffd13f20000 - 0x00007ffd14021000 	C:\WINDOWS\system32\opengl32.dll
0x00007ffd19d70000 - 0x00007ffd19d9d000 	C:\WINDOWS\SYSTEM32\GLU32.dll
0x00007ffd2d3d0000 - 0x00007ffd2d408000 	C:\WINDOWS\SYSTEM32\dxcore.dll
0x00007ffd32660000 - 0x00007ffd3277d000 	C:\WINDOWS\System32\MSCTF.dll
0x00007ffd31e50000 - 0x00007ffd31fea000 	C:\WINDOWS\System32\ole32.dll
0x00007ffcf2da0000 - 0x00007ffcf2db7000 	C:\WINDOWS\system32\napinsp.dll
0x00007ffcf3460000 - 0x00007ffcf347b000 	C:\WINDOWS\system32\pnrpnsp.dll
0x00007ffd2e120000 - 0x00007ffd2e208000 	C:\WINDOWS\SYSTEM32\DNSAPI.dll
0x00007ffd2e0f0000 - 0x00007ffd2e11d000 	C:\WINDOWS\SYSTEM32\IPHLPAPI.DLL
0x00007ffd319d0000 - 0x00007ffd319d9000 	C:\WINDOWS\System32\NSI.dll
0x00007ffd07310000 - 0x00007ffd07322000 	C:\WINDOWS\System32\winrnr.dll
0x00007ffd27660000 - 0x00007ffd27675000 	C:\WINDOWS\system32\wshbth.dll
0x00007ffce5d30000 - 0x00007ffce5d4f000 	C:\WINDOWS\system32\nlansp_c.dll
0x00007ffd21a40000 - 0x00007ffd21a4a000 	C:\Windows\System32\rasadhlp.dll
0x00007ffd271f0000 - 0x00007ffd27271000 	C:\WINDOWS\System32\fwpuclnt.dll
0x00007ffd07750000 - 0x00007ffd077d6000 	C:\Program Files\Java\jdk-19\bin\freetype.dll
0x00007ffd00840000 - 0x00007ffd00905000 	C:\Program Files\Java\jdk-19\bin\fontmanager.dll
0x00007ffd19f30000 - 0x00007ffd1a05d000 	C:\WINDOWS\SYSTEM32\textinputframework.dll
0x00007ffd2cd40000 - 0x00007ffd2ce71000 	C:\WINDOWS\SYSTEM32\CoreMessaging.dll
0x00007ffd2a360000 - 0x00007ffd2a6cd000 	C:\WINDOWS\SYSTEM32\CoreUIComponents.dll
0x00007ffd2f8a0000 - 0x00007ffd2f8ac000 	C:\WINDOWS\SYSTEM32\CRYPTBASE.DLL
0x00007ffd1e6b0000 - 0x00007ffd1e750000 	C:\WINDOWS\system32\RICHED20.DLL
0x00007ffd2a1b0000 - 0x00007ffd2a1c9000 	C:\WINDOWS\SYSTEM32\USP10.dll
0x00007ffd212b0000 - 0x00007ffd212ea000 	C:\WINDOWS\SYSTEM32\msls31.dll
0x00007ffd32860000 - 0x00007ffd32915000 	C:\WINDOWS\System32\clbcatq.dll
0x00007ffd146c0000 - 0x00007ffd1471d000 	C:\WINDOWS\system32\dataexchange.dll
0x00007ffd291a0000 - 0x00007ffd29406000 	C:\WINDOWS\system32\twinapi.appcore.dll
0x000000006f280000 - 0x000000006f2d0000 	C:\TeamBots\eclipse_basic\lib\x86_64_nt\ec_java_load.dll
0x0000000068d80000 - 0x0000000068dd1000 	C:\TeamBots\eclipse_basic\lib\x86_64_nt\ec_java.dll
0x0000000066dc0000 - 0x0000000066f08000 	C:\TeamBots\eclipse_basic\lib\x86_64_nt\eclipse.dll
0x00007ffd2eec0000 - 0x00007ffd2eed9000 	C:\WINDOWS\SYSTEM32\NETAPI32.dll
0x00000002599e0000 - 0x0000000259abe000 	C:\TeamBots\eclipse_basic\lib\x86_64_nt\libgmp-10.dll

dbghelp: loaded successfully - version: 4.0.5 - missing functions: none
symbol engine: initialized successfully - sym options: 0x614 - pdb path: .;C:\Program Files\Java\jdk-19\bin;C:\WINDOWS\SYSTEM32;C:\WINDOWS\WinSxS\amd64_microsoft.windows.common-controls_6595b64144ccf1df_6.0.22000.120_none_9d947278b86cc467;C:\Program Files\Java\jdk-19\bin\server;C:\TeamBots\eclipse_basic\lib\x86_64_nt

VM Arguments:
jvm_args: -Declipse.directory=C:\TeamBots\eclipse_basic 
java_command: TBSim.TBSim Competition.dsc
java_class_path (initial): C:\TeamBots\eclipse_basic\lib\eclipse.jar;C:\TeamBots\src;.
Launcher Type: SUN_STANDARD

[Global flags]
     intx CICompilerCount                          = 4                                         {product} {ergonomic}
     uint ConcGCThreads                            = 2                                         {product} {ergonomic}
     uint G1ConcRefinementThreads                  = 8                                         {product} {ergonomic}
   size_t G1HeapRegionSize                         = 1048576                                   {product} {ergonomic}
    uintx GCDrainStackTargetSize                   = 64                                        {product} {ergonomic}
   size_t InitialHeapSize                          = 134217728                                 {product} {ergonomic}
   size_t MarkStackSize                            = 4194304                                   {product} {ergonomic}
   size_t MaxHeapSize                              = 2116026368                                {product} {ergonomic}
   size_t MaxNewSize                               = 1268776960                                {product} {ergonomic}
   size_t MinHeapDeltaBytes                        = 1048576                                   {product} {ergonomic}
   size_t MinHeapSize                              = 8388608                                   {product} {ergonomic}
    uintx NonNMethodCodeHeapSize                   = 5839372                                {pd product} {ergonomic}
    uintx NonProfiledCodeHeapSize                  = 122909434                              {pd product} {ergonomic}
    uintx ProfiledCodeHeapSize                     = 122909434                              {pd product} {ergonomic}
    uintx ReservedCodeCacheSize                    = 251658240                              {pd product} {ergonomic}
     bool SegmentedCodeCache                       = true                                      {product} {ergonomic}
   size_t SoftMaxHeapSize                          = 2116026368                             {manageable} {ergonomic}
     bool UseCompressedClassPointers               = true                           {product lp64_product} {ergonomic}
     bool UseCompressedOops                        = true                           {product lp64_product} {ergonomic}
     bool UseG1GC                                  = true                                      {product} {ergonomic}
     bool UseLargePagesIndividualAllocation        = false                                  {pd product} {ergonomic}

Logging:
Log output configuration:
 #0: stdout all=warning uptime,level,tags foldmultilines=false
 #1: stderr all=off uptime,level,tags foldmultilines=false

Environment Variables:
CLASSPATH=C:\TeamBots\eclipse_basic\lib\eclipse.jar;C:\TeamBots\src;.
PATH=C:\Program Files\Common Files\Oracle\Java\javapath;C:\Program Files (x86)\Common Files\Oracle\Java\javapath;C:\Program Files\Python310\Scripts\;C:\Program Files\Python310\;C:\Program Files (x86)\Intel\iCLS Client\;C:\Program Files\Intel\iCLS Client\;C:\WINDOWS\system32;C:\WINDOWS;C:\WINDOWS\System32\Wbem;C:\WINDOWS\System32\WindowsPowerShell\v1.0\;C:\Program Files (x86)\Intel\Intel(R) Management Engine Components\DAL;C:\Program Files\Intel\Intel(R) Management Engine Components\DAL;C:\Program Files (x86)\Intel\Intel(R) Management Engine Components\IPT;C:\Program Files\Intel\Intel(R) Management Engine Components\IPT;C:\WINDOWS\System32\OpenSSH\;C:\Program Files\Git\cmd;C:\Users\gaeta\AppData\Local\Microsoft\WindowsApps;;C:\Users\gaeta\AppData\Local\Programs\Microsoft VS Code\bin
USERNAME=gaeta
OS=Windows_NT
PROCESSOR_IDENTIFIER=Intel64 Family 6 Model 142 Stepping 10, GenuineIntel
TMP=C:\Users\gaeta\AppData\Local\Temp
TEMP=C:\Users\gaeta\AppData\Local\Temp



---------------  S Y S T E M  ---------------

OS:
 Windows 11 , 64 bit Build 22000 (10.0.22000.1335)
OS uptime: 7 days 7:48 hours

CPU: total 8 (initial active 8) (4 cores per cpu, 2 threads per core) family 6 model 142 stepping 10 microcode 0xe0, cx8, cmov, fxsr, ht, mmx, 3dnowpref, sse, sse2, sse3, ssse3, sse4.1, sse4.2, popcnt, lzcnt, tsc, tscinvbit, avx, avx2, aes, erms, clmul, bmi1, bmi2, adx, fma, vzeroupper, clflush, clflushopt, rdtscp

Memory: 4k page, system-wide physical 8066M (1662M free)
TotalPageFile size 10593M (AvailPageFile size 1988M)
current process WorkingSet (physical memory assigned to process): 223M, peak: 233M
current process commit charge ("private bytes"): 321M, peak: 333M

vm_info: Java HotSpot(TM) 64-Bit Server VM (19.0.1+10-21) for windows-amd64 JRE (19.0.1+10-21), built on 2022-09-14T12:45:06Z by "mach5one" with MS VC++ 17.1 (VS2022)

END.
