#
# A fatal error has been detected by the Java Runtime Environment:
#
#  EXCEPTION_ACCESS_VIOLATION (0xc0000005) at pc=0x00007ffa1affd4d1, pid=14972, tid=15088
#
# JRE version: Java(TM) SE Runtime Environment (19.0.1+10) (build 19.0.1+10-21)
# Java VM: Java HotSpot(TM) 64-Bit Server VM (19.0.1+10-21, mixed mode, sharing, tiered, compressed oops, compressed class ptrs, g1 gc, windows-amd64)
# Problematic frame:
# C  [ntdll.dll+0x1d4d1]
#
# No core dump will be written. Minidumps are not enabled by default on client versions of Windows
#
# If you would like to submit a bug report, please visit:
#   https://bugreport.java.com/bugreport/crash.jsp
# The crash happened outside the Java Virtual Machine in native code.
# See problematic frame for where to report the bug.
#

---------------  S U M M A R Y ------------

Command Line: -Declipse.directory=C:\TeamBots\eclipse_basic TBSim.TBSim Competition.dsc

Host: Intel(R) Core(TM) i5-8250U CPU @ 1.60GHz, 8 cores, 7G,  Windows 11 , 64 bit Build 22000 (10.0.22000.1219)
Time: Wed Nov 30 16:14:17 2022 ora solare Europa occidentale elapsed time: 426.345038 seconds (0d 0h 7m 6s)

---------------  T H R E A D  ---------------

Current thread (0x000001b7f179a5b0):  JavaThread "Finalizer" daemon [_thread_in_native, id=15088, stack(0x00000005b6a00000,0x00000005b6b00000)]

Stack: [0x00000005b6a00000,0x00000005b6b00000],  sp=0x00000005b6afec40,  free space=1019k
Native frames: (J=compiled Java code, j=interpreted, Vv=VM code, C=native code)
C  [ntdll.dll+0x1d4d1]
C  [ntdll.dll+0x3a76c]
C  [ntdll.dll+0x3a5d2]
C  [eclipse.dll+0xc5c9a]

Java frames: (J=compiled Java code, j=interpreted, Vv=VM code)
j  com.parctechnologies.eclipse.NativeEclipse.Cleanup()V+0
j  com.parctechnologies.eclipse.EmbeddedEclipse.destroy()V+14
j  com.parctechnologies.eclipse.EmbeddedEclipse.finalize()V+1
j  java.lang.System$2.invokeFinalize(Ljava/lang/Object;)V+1 java.base@19.0.1
j  java.lang.ref.Finalizer.runFinalizer(Ljdk/internal/access/JavaLangAccess;)V+115 java.base@19.0.1
j  java.lang.ref.Finalizer$FinalizerThread.run()V+29 java.base@19.0.1
v  ~StubRoutines::call_stub 0x000001b7e1c7100e

siginfo: EXCEPTION_ACCESS_VIOLATION (0xc0000005), writing address 0x0000000000000024


Registers:
RAX=0xffffffffffffffff, RBX=0x0000000000000000, RCX=0x0000000000000000, RDX=0x0000000000000000
RSP=0x00000005b6afec40, RBP=0x0000000000000000, RSI=0x00000000fffffffa, RDI=0x0000000000000000
R8 =0x0000000000000000, R9 =0x0000000066eaa050, R10=0x000001b7e1c8f92e, R11=0x000000008241d330
R12=0x00007ffa1b154360, R13=0x0000000000000001, R14=0x0000000000000000, R15=0x0000000066eaa048
RIP=0x00007ffa1affd4d1, EFLAGS=0x0000000000010213


Register to memory mapping:

RIP=0x00007ffa1affd4d1 ntdll.dll
RAX=0xffffffffffffffff is an unknown value
RBX=0x0 is NULL
RCX=0x0 is NULL
RDX=0x0 is NULL
RSP=0x00000005b6afec40 is pointing into the stack for thread: 0x000001b7f179a5b0
RBP=0x0 is NULL
RSI=0x00000000fffffffa is an unallocated location in the heap
RDI=0x0 is NULL
R8 =0x0 is NULL
R9 =0x0000000066eaa050 eclipse.dll
R10=0x000001b7e1c8f92e is at code_begin+1006 in an Interpreter codelet
method entry point (kind = native)  [0x000001b7e1c8f540, 0x000001b7e1c90050]  2832 bytes
R11=0x000000008241d330 is an oop: java.lang.Class 
{0x000000008241d330} - klass: 'java/lang/Class'
 - ---- fields (total size 14 words):
 - private volatile transient 'classRedefinedCount' 'I' @12  0
 - abstract internal 'klass' 'J' @16  34377127144 (10954e8 8)
 - abstract internal 'array_klass' 'J' @24  0 (0 0)
 - abstract internal 'oop_size' 'I' @32  14 (e)
 - abstract internal 'static_oop_field_count' 'I' @36  0
 - private volatile transient 'cachedConstructor' 'Ljava/lang/reflect/Constructor;' @40  NULL (0)
 - private transient 'name' 'Ljava/lang/String;' @44  "com.parctechnologies.eclipse.NativeEclipse"{0x000000008241d3a0} (8241d3a0)
 - private transient 'module' 'Ljava/lang/Module;' @48  a 'java/lang/Module'{0x00000000820f9588} (820f9588)
 - private final 'classLoader' 'Ljava/lang/ClassLoader;' @52  a 'jdk/internal/loader/ClassLoaders$AppClassLoader'{0x000000008203d038} (8203d038)
 - private transient 'classData' 'Ljava/lang/Object;' @56  NULL (0)
 - private transient 'packageName' 'Ljava/lang/String;' @60  "com.parctechnologies.eclipse"{0x00000000820f95c0} (820f95c0)
 - private final 'componentType' 'Ljava/lang/Class;' @64  NULL (0)
 - private volatile transient 'reflectionData' 'Ljava/lang/ref/SoftReference;' @68  NULL (0)
 - private volatile transient 'genericInfo' 'Lsun/reflect/generics/repository/ClassRepository;' @72  NULL (0)
 - private volatile transient 'enumConstants' '[Ljava/lang/Object;' @76  NULL (0)
 - private volatile transient 'enumConstantDirectory' 'Ljava/util/Map;' @80  NULL (0)
 - private volatile transient 'annotationData' 'Ljava/lang/Class$AnnotationData;' @84  NULL (0)
 - private volatile transient 'annotationType' 'Lsun/reflect/annotation/AnnotationType;' @88  NULL (0)
 - transient 'classValueMap' 'Ljava/lang/ClassValue$ClassValueMap;' @92  NULL (0)
 - abstract internal 'protection_domain' 'Ljava/lang/Object;' @96  a 'java/security/ProtectionDomain'{0x00000000820f9608} (820f9608)
 - abstract internal 'signers_name' 'Ljava/lang/Object;' @100  NULL (0)
 - abstract internal 'source_file' 'Ljava/lang/Object;' @104  NULL (0)
 - signature: Lcom/parctechnologies/eclipse/NativeEclipse;
 - ---- static fields (0):
R12=0x00007ffa1b154360 ntdll.dll
R13=0x0000000000000001 is an unknown value
R14=0x0 is NULL
R15=0x0000000066eaa048 eclipse.dll


Top of Stack: (sp=0x00000005b6afec40)
0x00000005b6afec40:   ffffffffffffffff 0000000000000000
0x00000005b6afec50:   0000000000000000 00000005b6afeca8
0x00000005b6afec60:   00000005b6afed00 000001b7e1c8b8ef
0x00000005b6afec70:   0000000000000000 0000000000000000
0x00000005b6afec80:   0000000000000000 0000000000000000
0x00000005b6afec90:   00000005b5ca0000 0000000000000000
0x00000005b6afeca0:   0000000089da1a98 0000000089da1a98
0x00000005b6afecb0:   000000008507d3f0 00000005b6afecb8
0x00000005b6afecc0:   000000080086a806 00000005b6afed10
0x00000005b6afecd0:   00000008001c8628 0000000000000000
0x00000005b6afece0:   0000000082002f30 00000008001c8960
0x00000005b6afecf0:   0000000000000000 00000005b6afed10
0x00000005b6afed00:   00006a44d83817bb 000001b7e1c8bd4b
0x00000005b6afed10:   000001b7f179a500 0000000000000001
0x00000005b6afed20:   0000000000000001 0000000000000001
0x00000005b6afed30:   0000000000000000 00007ffa1b01a76c 

Instructions: (pc=0x00007ffa1affd4d1)
0x00007ffa1affd3d1:   08 e9 40 ff ff ff cc cc cc cc cc cc cc cc cc 48
0x00007ffa1affd3e1:   89 5c 24 08 48 89 74 24 10 57 48 83 ec 20 48 8b
0x00007ffa1affd3f1:   1d 52 b8 15 00 48 85 db 0f 85 4f ba 09 00 33 c0
0x00007ffa1affd401:   48 8b 5c 24 30 48 8b 74 24 38 48 83 c4 20 5f c3
0x00007ffa1affd411:   cc cc cc cc cc cc cc cc cc cc cc cc cc cc cc 48
0x00007ffa1affd421:   89 5c 24 10 48 89 6c 24 18 48 89 74 24 20 57 41
0x00007ffa1affd431:   54 41 55 41 56 41 57 48 81 ec d0 00 00 00 48 8b
0x00007ffa1affd441:   05 ca 50 17 00 48 33 c4 48 89 84 24 c0 00 00 00
0x00007ffa1affd451:   65 48 8b 1c 25 30 00 00 00 4c 8d 25 ff 6e 15 00
0x00007ffa1affd461:   8b f2 c6 44 24 40 00 33 d2 48 89 5c 24 50 89 54
0x00007ffa1affd471:   24 44 4c 8b f9 8b ea 49 3b cc 0f 84 66 02 00 00
0x00007ffa1affd481:   38 15 e1 cc 15 00 0f 85 d6 02 00 00 39 15 f5 cc
0x00007ffa1affd491:   15 00 0f 85 99 02 00 00 40 38 2d 98 c7 15 00 4c
0x00007ffa1affd4a1:   8d 35 99 c7 15 00 48 8b dd 4c 0f 45 f3 49 39 5f
0x00007ffa1affd4b1:   18 0f 84 f4 01 00 00 49 8b 0f 48 83 f9 ff 0f 84
0x00007ffa1affd4c1:   fc 01 00 00 89 5c 24 48 8b fb 48 83 f9 ff 74 03
0x00007ffa1affd4d1:   ff 41 24 4d 8b 6f 18 e8 a3 a2 00 00 85 c0 0f 85
0x00007ffa1affd4e1:   a3 b9 09 00 b9 82 03 fe 7f 80 39 00 0f 85 b1 b9
0x00007ffa1affd4f1:   09 00 49 83 fd ff 0f 85 7c 02 00 00 4c 8d 64 24
0x00007ffa1affd501:   58 49 83 e4 fc 49 8d 7f 08 48 89 5c 24 70 48 89
0x00007ffa1affd511:   5c 24 68 48 89 5c 24 78 48 89 7c 24 58 c7 84 24
0x00007ffa1affd521:   80 00 00 00 01 00 00 00 65 48 8b 0c 25 30 00 00
0x00007ffa1affd531:   00 48 8b 41 48 48 89 44 24 60 48 8b c7 48 8b 59
0x00007ffa1affd541:   60 48 c1 e8 05 48 81 c3 a0 03 00 00 83 e0 7f 48
0x00007ffa1affd551:   8b 0c c3 4c 8d 0c c3 45 33 db 48 8b d1 48 8d 44
0x00007ffa1affd561:   24 58 83 e2 03 4c 8b c1 49 0b d4 49 83 e0 fc 4d
0x00007ffa1affd571:   85 c0 4c 89 44 24 68 49 0f 45 c3 48 89 44 24 78
0x00007ffa1affd581:   48 8b c2 48 83 c8 02 4d 85 c0 48 0f 45 d0 48 8b
0x00007ffa1affd591:   c1 f0 49 0f b1 11 0f 85 1c 01 00 00 32 d1 f6 c2
0x00007ffa1affd5a1:   02 75 7b 8b 07 48 8d 54 24 58 48 8b cb 3b c6 0f
0x00007ffa1affd5b1:   85 e3 00 00 00 45 33 c9 4d 8b c6 e8 5b 02 00 00
0x00007ffa1affd5c1:   3d 02 01 00 00 0f 84 83 b9 09 00 33 db 8b 37 40 


Stack slot to memory mapping:
stack at sp + 0 slots: 0xffffffffffffffff is an unknown value
stack at sp + 1 slots: 0x0 is NULL
stack at sp + 2 slots: 0x0 is NULL
stack at sp + 3 slots: 0x00000005b6afeca8 is pointing into the stack for thread: 0x000001b7f179a5b0
stack at sp + 4 slots: 0x00000005b6afed00 is pointing into the stack for thread: 0x000001b7f179a5b0
stack at sp + 5 slots: 0x000001b7e1c8b8ef is at code_begin+1455 in an Interpreter codelet
return entry points  [0x000001b7e1c8b340, 0x000001b7e1c8be20]  2784 bytes
stack at sp + 6 slots: 0x0 is NULL
stack at sp + 7 slots: 0x0 is NULL


---------------  P R O C E S S  ---------------

Threads class SMR info:
_java_thread_list=0x000001b7f17de320, length=17, elements={
0x000001b7f1795b60, 0x000001b7f179a5b0, 0x000001b7f179fe40, 0x000001b7f17a2b20,
0x000001b7f17a3450, 0x000001b7f17a1520, 0x000001b7f17a8f70, 0x000001b7f17ac090,
0x000001b7f17ace10, 0x000001b7f5a0da60, 0x000001b7f5a1be40, 0x000001b7f5c178d0,
0x000001b7f5c1a8d0, 0x000001b7f5c1f8e0, 0x000001b7f5ca5390, 0x000001b7f5ca6200,
0x000001b7d0fc9740
}

Java Threads: ( => current thread )
  0x000001b7f1795b60 JavaThread "Reference Handler" daemon [_thread_blocked, id=12752, stack(0x00000005b6900000,0x00000005b6a00000)]
=>0x000001b7f179a5b0 JavaThread "Finalizer" daemon [_thread_in_native, id=15088, stack(0x00000005b6a00000,0x00000005b6b00000)]
  0x000001b7f179fe40 JavaThread "Signal Dispatcher" daemon [_thread_blocked, id=17072, stack(0x00000005b6b00000,0x00000005b6c00000)]
  0x000001b7f17a2b20 JavaThread "Attach Listener" daemon [_thread_blocked, id=10036, stack(0x00000005b6c00000,0x00000005b6d00000)]
  0x000001b7f17a3450 JavaThread "Service Thread" daemon [_thread_blocked, id=4912, stack(0x00000005b6d00000,0x00000005b6e00000)]
  0x000001b7f17a1520 JavaThread "Monitor Deflation Thread" daemon [_thread_blocked, id=6424, stack(0x00000005b6e00000,0x00000005b6f00000)]
  0x000001b7f17a8f70 JavaThread "C2 CompilerThread0" daemon [_thread_blocked, id=6876, stack(0x00000005b6f00000,0x00000005b7000000)]
  0x000001b7f17ac090 JavaThread "C1 CompilerThread0" daemon [_thread_blocked, id=12656, stack(0x00000005b7000000,0x00000005b7100000)]
  0x000001b7f17ace10 JavaThread "Sweeper thread" daemon [_thread_blocked, id=12652, stack(0x00000005b7100000,0x00000005b7200000)]
  0x000001b7f5a0da60 JavaThread "Notification Thread" daemon [_thread_blocked, id=16744, stack(0x00000005b7200000,0x00000005b7300000)]
  0x000001b7f5a1be40 JavaThread "Common-Cleaner" daemon [_thread_blocked, id=16252, stack(0x00000005b7400000,0x00000005b7500000)]
  0x000001b7f5c178d0 JavaThread "Java2D Disposer" daemon [_thread_blocked, id=15180, stack(0x00000005b7500000,0x00000005b7600000)]
  0x000001b7f5c1a8d0 JavaThread "AWT-Shutdown" [_thread_blocked, id=1708, stack(0x00000005b7600000,0x00000005b7700000)]
  0x000001b7f5c1f8e0 JavaThread "AWT-Windows" daemon [_thread_in_native, id=7744, stack(0x00000005b7700000,0x00000005b7800000)]
  0x000001b7f5ca5390 JavaThread "Thread-0" [_thread_blocked, id=15976, stack(0x00000005b7800000,0x00000005b7900000)]
  0x000001b7f5ca6200 JavaThread "AWT-EventQueue-0" [_thread_blocked, id=14540, stack(0x00000005b7900000,0x00000005b7a00000)]
  0x000001b7d0fc9740 JavaThread "DestroyJavaVM" [_thread_blocked, id=2196, stack(0x00000005b6200000,0x00000005b6300000)]

Other Threads:
  0x000001b7f1776fc0 VMThread "VM Thread" [stack: 0x00000005b6800000,0x00000005b6900000] [id=10772]
  0x000001b7f5a1b7d0 WatcherThread "VM Periodic Task Thread" [stack: 0x00000005b7300000,0x00000005b7400000] [id=7300]
  0x000001b7d102aba0 WorkerThread "GC Thread#0" [stack: 0x00000005b6300000,0x00000005b6400000] [id=13360]
  0x000001b7f7a58b60 WorkerThread "GC Thread#1" [stack: 0x00000005b7d00000,0x00000005b7e00000] [id=16356]
  0x000001b7f6a4baf0 WorkerThread "GC Thread#2" [stack: 0x00000005b7e00000,0x00000005b7f00000] [id=9284]
  0x000001b7f6b25b30 WorkerThread "GC Thread#3" [stack: 0x00000005b7f00000,0x00000005b8000000] [id=6384]
  0x000001b7f6b26940 WorkerThread "GC Thread#4" [stack: 0x00000005b8000000,0x00000005b8100000] [id=2472]
  0x000001b7f6b26c10 WorkerThread "GC Thread#5" [stack: 0x00000005b8100000,0x00000005b8200000] [id=1996]
  0x000001b7f6b25e00 WorkerThread "GC Thread#6" [stack: 0x00000005b8200000,0x00000005b8300000] [id=10052]
  0x000001b7f6b260d0 WorkerThread "GC Thread#7" [stack: 0x00000005b8300000,0x00000005b8400000] [id=17384]
  0x000001b7d103ca50 ConcurrentGCThread "G1 Main Marker" [stack: 0x00000005b6400000,0x00000005b6500000] [id=8264]
  0x000001b7d103f340 WorkerThread "G1 Conc#0" [stack: 0x00000005b6500000,0x00000005b6600000] [id=9684]
  0x000001b7d109e3c0 ConcurrentGCThread "G1 Refine#0" [stack: 0x00000005b6600000,0x00000005b6700000] [id=14940]
  0x000001b7f16360e0 ConcurrentGCThread "G1 Service" [stack: 0x00000005b6700000,0x00000005b6800000] [id=13264]

Threads with active compile tasks:

VM state: not at safepoint (normal execution)

VM Mutex/Monitor currently owned by a thread: None

Heap address: 0x0000000081e00000, size: 2018 MB, Compressed Oops mode: 32-bit

CDS archive(s) mapped at: [0x0000000800000000-0x0000000800c40000-0x0000000800c40000), size 12845056, SharedBaseAddress: 0x0000000800000000, ArchiveRelocationMode: 0.
Compressed class space mapped at: 0x0000000801000000-0x0000000841000000, reserved size: 1073741824
Narrow klass base: 0x0000000800000000, Narrow klass shift: 0, Narrow klass range: 0x100000000

GC Precious Log:
 CardTable entry size: 512
 Card Set container configuration: InlinePtr #cards 5 size 8 Array Of Cards #cards 12 size 40 Howl #buckets 4 coarsen threshold 1843 Howl Bitmap #cards 512 size 80 coarsen threshold 460 Card regions per heap region 1 cards per card region 2048
 CPUs: 8 total, 8 available
 Memory: 8066M
 Large Page Support: Disabled
 NUMA Support: Disabled
 Compressed Oops: Enabled (32-bit)
 Heap Region Size: 1M
 Heap Min Capacity: 8M
 Heap Initial Capacity: 128M
 Heap Max Capacity: 2018M
 Pre-touch: Disabled
 Parallel Workers: 8
 Concurrent Workers: 2
 Concurrent Refinement Workers: 8
 Periodic GC: Disabled

Heap:
 garbage-first heap   total 131072K, used 62360K [0x0000000081e00000, 0x0000000100000000)
  region size 1024K, 45 young (46080K), 4 survivors (4096K)
 Metaspace       used 8882K, committed 9088K, reserved 1114112K
  class space    used 899K, committed 960K, reserved 1048576K

Heap Regions: E=young(eden), S=young(survivor), O=old, HS=humongous(starts), HC=humongous(continues), CS=collection set, F=free, OA=open archive, CA=closed archive, TAMS=top-at-mark-start (previous, next)
|   0|0x0000000081e00000, 0x0000000081f00000, 0x0000000081f00000|100%|HS|  |TAMS 0x0000000081e00000, 0x0000000081e00000| Complete 
|   1|0x0000000081f00000, 0x0000000082000000, 0x0000000082000000|100%|HC|  |TAMS 0x0000000081f00000, 0x0000000081f00000| Complete 
|   2|0x0000000082000000, 0x0000000082100000, 0x0000000082100000|100%| O|  |TAMS 0x0000000082000000, 0x0000000082000000| Untracked 
|   3|0x0000000082100000, 0x0000000082200000, 0x0000000082200000|100%|HS|  |TAMS 0x0000000082100000, 0x0000000082100000| Complete 
|   4|0x0000000082200000, 0x0000000082300000, 0x0000000082300000|100%|HC|  |TAMS 0x0000000082200000, 0x0000000082200000| Complete 
|   5|0x0000000082300000, 0x0000000082300000, 0x0000000082400000|  0%| F|  |TAMS 0x0000000082300000, 0x0000000082300000| Untracked 
|   6|0x0000000082400000, 0x0000000082500000, 0x0000000082500000|100%| O|  |TAMS 0x0000000082400000, 0x0000000082400000| Untracked 
|   7|0x0000000082500000, 0x0000000082600000, 0x0000000082600000|100%| O|  |TAMS 0x0000000082500000, 0x0000000082500000| Untracked 
|   8|0x0000000082600000, 0x0000000082608a00, 0x0000000082700000|  3%| O|  |TAMS 0x0000000082600000, 0x0000000082600000| Untracked 
|   9|0x0000000082700000, 0x0000000082800000, 0x0000000082800000|100%|HS|  |TAMS 0x0000000082700000, 0x0000000082700000| Complete 
|  10|0x0000000082800000, 0x0000000082900000, 0x0000000082900000|100%|HC|  |TAMS 0x0000000082800000, 0x0000000082800000| Complete 
|  11|0x0000000082900000, 0x0000000082a00000, 0x0000000082a00000|100%|HS|  |TAMS 0x0000000082900000, 0x0000000082900000| Complete 
|  12|0x0000000082a00000, 0x0000000082b00000, 0x0000000082b00000|100%|HC|  |TAMS 0x0000000082a00000, 0x0000000082a00000| Complete 
|  13|0x0000000082b00000, 0x0000000082c00000, 0x0000000082c00000|100%|HS|  |TAMS 0x0000000082b00000, 0x0000000082b00000| Complete 
|  14|0x0000000082c00000, 0x0000000082d00000, 0x0000000082d00000|100%|HS|  |TAMS 0x0000000082c00000, 0x0000000082c00000| Complete 
|  15|0x0000000082d00000, 0x0000000082e00000, 0x0000000082e00000|100%|HC|  |TAMS 0x0000000082d00000, 0x0000000082d00000| Complete 
|  16|0x0000000082e00000, 0x0000000082f00000, 0x0000000082f00000|100%|HS|  |TAMS 0x0000000082e00000, 0x0000000082e00000| Complete 
|  17|0x0000000082f00000, 0x0000000083000000, 0x0000000083000000|100%|HC|  |TAMS 0x0000000082f00000, 0x0000000082f00000| Complete 
|  18|0x0000000083000000, 0x0000000083100000, 0x0000000083100000|100%|HS|  |TAMS 0x0000000083000000, 0x0000000083000000| Complete 
|  19|0x0000000083100000, 0x0000000083100000, 0x0000000083200000|  0%| F|  |TAMS 0x0000000083100000, 0x0000000083100000| Untracked 
|  20|0x0000000083200000, 0x0000000083200000, 0x0000000083300000|  0%| F|  |TAMS 0x0000000083200000, 0x0000000083200000| Untracked 
|  21|0x0000000083300000, 0x0000000083300000, 0x0000000083400000|  0%| F|  |TAMS 0x0000000083300000, 0x0000000083300000| Untracked 
|  22|0x0000000083400000, 0x0000000083400000, 0x0000000083500000|  0%| F|  |TAMS 0x0000000083400000, 0x0000000083400000| Untracked 
|  23|0x0000000083500000, 0x0000000083500000, 0x0000000083600000|  0%| F|  |TAMS 0x0000000083500000, 0x0000000083500000| Untracked 
|  24|0x0000000083600000, 0x0000000083600000, 0x0000000083700000|  0%| F|  |TAMS 0x0000000083600000, 0x0000000083600000| Untracked 
|  25|0x0000000083700000, 0x0000000083700000, 0x0000000083800000|  0%| F|  |TAMS 0x0000000083700000, 0x0000000083700000| Untracked 
|  26|0x0000000083800000, 0x0000000083800000, 0x0000000083900000|  0%| F|  |TAMS 0x0000000083800000, 0x0000000083800000| Untracked 
|  27|0x0000000083900000, 0x0000000083900000, 0x0000000083a00000|  0%| F|  |TAMS 0x0000000083900000, 0x0000000083900000| Untracked 
|  28|0x0000000083a00000, 0x0000000083a00000, 0x0000000083b00000|  0%| F|  |TAMS 0x0000000083a00000, 0x0000000083a00000| Untracked 
|  29|0x0000000083b00000, 0x0000000083b00000, 0x0000000083c00000|  0%| F|  |TAMS 0x0000000083b00000, 0x0000000083b00000| Untracked 
|  30|0x0000000083c00000, 0x0000000083c00000, 0x0000000083d00000|  0%| F|  |TAMS 0x0000000083c00000, 0x0000000083c00000| Untracked 
|  31|0x0000000083d00000, 0x0000000083d00000, 0x0000000083e00000|  0%| F|  |TAMS 0x0000000083d00000, 0x0000000083d00000| Untracked 
|  32|0x0000000083e00000, 0x0000000083e00000, 0x0000000083f00000|  0%| F|  |TAMS 0x0000000083e00000, 0x0000000083e00000| Untracked 
|  33|0x0000000083f00000, 0x0000000083f00000, 0x0000000084000000|  0%| F|  |TAMS 0x0000000083f00000, 0x0000000083f00000| Untracked 
|  34|0x0000000084000000, 0x0000000084000000, 0x0000000084100000|  0%| F|  |TAMS 0x0000000084000000, 0x0000000084000000| Untracked 
|  35|0x0000000084100000, 0x0000000084100000, 0x0000000084200000|  0%| F|  |TAMS 0x0000000084100000, 0x0000000084100000| Untracked 
|  36|0x0000000084200000, 0x0000000084200000, 0x0000000084300000|  0%| F|  |TAMS 0x0000000084200000, 0x0000000084200000| Untracked 
|  37|0x0000000084300000, 0x0000000084300000, 0x0000000084400000|  0%| F|  |TAMS 0x0000000084300000, 0x0000000084300000| Untracked 
|  38|0x0000000084400000, 0x0000000084400000, 0x0000000084500000|  0%| F|  |TAMS 0x0000000084400000, 0x0000000084400000| Untracked 
|  39|0x0000000084500000, 0x0000000084500000, 0x0000000084600000|  0%| F|  |TAMS 0x0000000084500000, 0x0000000084500000| Untracked 
|  40|0x0000000084600000, 0x0000000084600000, 0x0000000084700000|  0%| F|  |TAMS 0x0000000084600000, 0x0000000084600000| Untracked 
|  41|0x0000000084700000, 0x0000000084700000, 0x0000000084800000|  0%| F|  |TAMS 0x0000000084700000, 0x0000000084700000| Untracked 
|  42|0x0000000084800000, 0x0000000084800000, 0x0000000084900000|  0%| F|  |TAMS 0x0000000084800000, 0x0000000084800000| Untracked 
|  43|0x0000000084900000, 0x0000000084900000, 0x0000000084a00000|  0%| F|  |TAMS 0x0000000084900000, 0x0000000084900000| Untracked 
|  44|0x0000000084a00000, 0x0000000084a00000, 0x0000000084b00000|  0%| F|  |TAMS 0x0000000084a00000, 0x0000000084a00000| Untracked 
|  45|0x0000000084b00000, 0x0000000084b00000, 0x0000000084c00000|  0%| F|  |TAMS 0x0000000084b00000, 0x0000000084b00000| Untracked 
|  46|0x0000000084c00000, 0x0000000084c00000, 0x0000000084d00000|  0%| F|  |TAMS 0x0000000084c00000, 0x0000000084c00000| Untracked 
|  47|0x0000000084d00000, 0x0000000084d00000, 0x0000000084e00000|  0%| F|  |TAMS 0x0000000084d00000, 0x0000000084d00000| Untracked 
|  48|0x0000000084e00000, 0x0000000084e00000, 0x0000000084f00000|  0%| F|  |TAMS 0x0000000084e00000, 0x0000000084e00000| Untracked 
|  49|0x0000000084f00000, 0x0000000084f00000, 0x0000000085000000|  0%| F|  |TAMS 0x0000000084f00000, 0x0000000084f00000| Untracked 
|  50|0x0000000085000000, 0x00000000850dd7a0, 0x0000000085100000| 86%| S|CS|TAMS 0x0000000085000000, 0x0000000085000000| Complete 
|  51|0x0000000085100000, 0x0000000085200000, 0x0000000085200000|100%| S|CS|TAMS 0x0000000085100000, 0x0000000085100000| Complete 
|  52|0x0000000085200000, 0x0000000085200000, 0x0000000085300000|  0%| F|  |TAMS 0x0000000085200000, 0x0000000085200000| Untracked 
|  53|0x0000000085300000, 0x0000000085300000, 0x0000000085400000|  0%| F|  |TAMS 0x0000000085300000, 0x0000000085300000| Untracked 
|  54|0x0000000085400000, 0x0000000085500000, 0x0000000085500000|100%| S|CS|TAMS 0x0000000085400000, 0x0000000085400000| Complete 
|  55|0x0000000085500000, 0x0000000085600000, 0x0000000085600000|100%| S|CS|TAMS 0x0000000085500000, 0x0000000085500000| Complete 
|  56|0x0000000085600000, 0x0000000085600000, 0x0000000085700000|  0%| F|  |TAMS 0x0000000085600000, 0x0000000085600000| Untracked 
|  57|0x0000000085700000, 0x0000000085700000, 0x0000000085800000|  0%| F|  |TAMS 0x0000000085700000, 0x0000000085700000| Untracked 
|  58|0x0000000085800000, 0x0000000085800000, 0x0000000085900000|  0%| F|  |TAMS 0x0000000085800000, 0x0000000085800000| Untracked 
|  59|0x0000000085900000, 0x0000000085900000, 0x0000000085a00000|  0%| F|  |TAMS 0x0000000085900000, 0x0000000085900000| Untracked 
|  60|0x0000000085a00000, 0x0000000085a00000, 0x0000000085b00000|  0%| F|  |TAMS 0x0000000085a00000, 0x0000000085a00000| Untracked 
|  61|0x0000000085b00000, 0x0000000085b00000, 0x0000000085c00000|  0%| F|  |TAMS 0x0000000085b00000, 0x0000000085b00000| Untracked 
|  62|0x0000000085c00000, 0x0000000085c00000, 0x0000000085d00000|  0%| F|  |TAMS 0x0000000085c00000, 0x0000000085c00000| Untracked 
|  63|0x0000000085d00000, 0x0000000085d00000, 0x0000000085e00000|  0%| F|  |TAMS 0x0000000085d00000, 0x0000000085d00000| Untracked 
|  64|0x0000000085e00000, 0x0000000085e00000, 0x0000000085f00000|  0%| F|  |TAMS 0x0000000085e00000, 0x0000000085e00000| Untracked 
|  65|0x0000000085f00000, 0x0000000085f00000, 0x0000000086000000|  0%| F|  |TAMS 0x0000000085f00000, 0x0000000085f00000| Untracked 
|  66|0x0000000086000000, 0x0000000086000000, 0x0000000086100000|  0%| F|  |TAMS 0x0000000086000000, 0x0000000086000000| Untracked 
|  67|0x0000000086100000, 0x0000000086100000, 0x0000000086200000|  0%| F|  |TAMS 0x0000000086100000, 0x0000000086100000| Untracked 
|  68|0x0000000086200000, 0x0000000086200000, 0x0000000086300000|  0%| F|  |TAMS 0x0000000086200000, 0x0000000086200000| Untracked 
|  69|0x0000000086300000, 0x0000000086300000, 0x0000000086400000|  0%| F|  |TAMS 0x0000000086300000, 0x0000000086300000| Untracked 
|  70|0x0000000086400000, 0x0000000086400000, 0x0000000086500000|  0%| F|  |TAMS 0x0000000086400000, 0x0000000086400000| Untracked 
|  71|0x0000000086500000, 0x0000000086500000, 0x0000000086600000|  0%| F|  |TAMS 0x0000000086500000, 0x0000000086500000| Untracked 
|  72|0x0000000086600000, 0x0000000086600000, 0x0000000086700000|  0%| F|  |TAMS 0x0000000086600000, 0x0000000086600000| Untracked 
|  73|0x0000000086700000, 0x0000000086700000, 0x0000000086800000|  0%| F|  |TAMS 0x0000000086700000, 0x0000000086700000| Untracked 
|  74|0x0000000086800000, 0x0000000086800000, 0x0000000086900000|  0%| F|  |TAMS 0x0000000086800000, 0x0000000086800000| Untracked 
|  75|0x0000000086900000, 0x0000000086900000, 0x0000000086a00000|  0%| F|  |TAMS 0x0000000086900000, 0x0000000086900000| Untracked 
|  76|0x0000000086a00000, 0x0000000086a00000, 0x0000000086b00000|  0%| F|  |TAMS 0x0000000086a00000, 0x0000000086a00000| Untracked 
|  77|0x0000000086b00000, 0x0000000086b00000, 0x0000000086c00000|  0%| F|  |TAMS 0x0000000086b00000, 0x0000000086b00000| Untracked 
|  78|0x0000000086c00000, 0x0000000086c00000, 0x0000000086d00000|  0%| F|  |TAMS 0x0000000086c00000, 0x0000000086c00000| Untracked 
|  79|0x0000000086d00000, 0x0000000086d00000, 0x0000000086e00000|  0%| F|  |TAMS 0x0000000086d00000, 0x0000000086d00000| Untracked 
|  80|0x0000000086e00000, 0x0000000086e00000, 0x0000000086f00000|  0%| F|  |TAMS 0x0000000086e00000, 0x0000000086e00000| Untracked 
|  81|0x0000000086f00000, 0x0000000086f00000, 0x0000000087000000|  0%| F|  |TAMS 0x0000000086f00000, 0x0000000086f00000| Untracked 
|  82|0x0000000087000000, 0x0000000087000000, 0x0000000087100000|  0%| F|  |TAMS 0x0000000087000000, 0x0000000087000000| Untracked 
|  83|0x0000000087100000, 0x0000000087100000, 0x0000000087200000|  0%| F|  |TAMS 0x0000000087100000, 0x0000000087100000| Untracked 
|  84|0x0000000087200000, 0x0000000087200000, 0x0000000087300000|  0%| F|  |TAMS 0x0000000087200000, 0x0000000087200000| Untracked 
|  85|0x0000000087300000, 0x0000000087300000, 0x0000000087400000|  0%| F|  |TAMS 0x0000000087300000, 0x0000000087300000| Untracked 
|  86|0x0000000087400000, 0x0000000087400000, 0x0000000087500000|  0%| F|  |TAMS 0x0000000087400000, 0x0000000087400000| Untracked 
|  87|0x0000000087500000, 0x0000000087600000, 0x0000000087600000|100%| E|  |TAMS 0x0000000087500000, 0x0000000087500000| Complete 
|  88|0x0000000087600000, 0x0000000087700000, 0x0000000087700000|100%| E|CS|TAMS 0x0000000087600000, 0x0000000087600000| Complete 
|  89|0x0000000087700000, 0x0000000087800000, 0x0000000087800000|100%| E|CS|TAMS 0x0000000087700000, 0x0000000087700000| Complete 
|  90|0x0000000087800000, 0x0000000087900000, 0x0000000087900000|100%| E|CS|TAMS 0x0000000087800000, 0x0000000087800000| Complete 
|  91|0x0000000087900000, 0x0000000087a00000, 0x0000000087a00000|100%| E|CS|TAMS 0x0000000087900000, 0x0000000087900000| Complete 
|  92|0x0000000087a00000, 0x0000000087b00000, 0x0000000087b00000|100%| E|CS|TAMS 0x0000000087a00000, 0x0000000087a00000| Complete 
|  93|0x0000000087b00000, 0x0000000087c00000, 0x0000000087c00000|100%| E|CS|TAMS 0x0000000087b00000, 0x0000000087b00000| Complete 
|  94|0x0000000087c00000, 0x0000000087d00000, 0x0000000087d00000|100%| E|CS|TAMS 0x0000000087c00000, 0x0000000087c00000| Complete 
|  95|0x0000000087d00000, 0x0000000087e00000, 0x0000000087e00000|100%| E|CS|TAMS 0x0000000087d00000, 0x0000000087d00000| Complete 
|  96|0x0000000087e00000, 0x0000000087f00000, 0x0000000087f00000|100%| E|CS|TAMS 0x0000000087e00000, 0x0000000087e00000| Complete 
|  97|0x0000000087f00000, 0x0000000088000000, 0x0000000088000000|100%| E|CS|TAMS 0x0000000087f00000, 0x0000000087f00000| Complete 
|  98|0x0000000088000000, 0x0000000088100000, 0x0000000088100000|100%| E|CS|TAMS 0x0000000088000000, 0x0000000088000000| Complete 
|  99|0x0000000088100000, 0x0000000088200000, 0x0000000088200000|100%| E|CS|TAMS 0x0000000088100000, 0x0000000088100000| Complete 
| 100|0x0000000088200000, 0x0000000088300000, 0x0000000088300000|100%| E|CS|TAMS 0x0000000088200000, 0x0000000088200000| Complete 
| 101|0x0000000088300000, 0x0000000088400000, 0x0000000088400000|100%| E|CS|TAMS 0x0000000088300000, 0x0000000088300000| Complete 
| 102|0x0000000088400000, 0x0000000088500000, 0x0000000088500000|100%| E|CS|TAMS 0x0000000088400000, 0x0000000088400000| Complete 
| 103|0x0000000088500000, 0x0000000088600000, 0x0000000088600000|100%| E|CS|TAMS 0x0000000088500000, 0x0000000088500000| Complete 
| 104|0x0000000088600000, 0x0000000088700000, 0x0000000088700000|100%| E|CS|TAMS 0x0000000088600000, 0x0000000088600000| Complete 
| 105|0x0000000088700000, 0x0000000088800000, 0x0000000088800000|100%| E|CS|TAMS 0x0000000088700000, 0x0000000088700000| Complete 
| 106|0x0000000088800000, 0x0000000088900000, 0x0000000088900000|100%| E|CS|TAMS 0x0000000088800000, 0x0000000088800000| Complete 
| 107|0x0000000088900000, 0x0000000088a00000, 0x0000000088a00000|100%| E|CS|TAMS 0x0000000088900000, 0x0000000088900000| Complete 
| 108|0x0000000088a00000, 0x0000000088b00000, 0x0000000088b00000|100%| E|CS|TAMS 0x0000000088a00000, 0x0000000088a00000| Complete 
| 109|0x0000000088b00000, 0x0000000088c00000, 0x0000000088c00000|100%| E|CS|TAMS 0x0000000088b00000, 0x0000000088b00000| Complete 
| 110|0x0000000088c00000, 0x0000000088d00000, 0x0000000088d00000|100%| E|CS|TAMS 0x0000000088c00000, 0x0000000088c00000| Complete 
| 111|0x0000000088d00000, 0x0000000088e00000, 0x0000000088e00000|100%| E|CS|TAMS 0x0000000088d00000, 0x0000000088d00000| Complete 
| 112|0x0000000088e00000, 0x0000000088f00000, 0x0000000088f00000|100%| E|CS|TAMS 0x0000000088e00000, 0x0000000088e00000| Complete 
| 113|0x0000000088f00000, 0x0000000089000000, 0x0000000089000000|100%| E|CS|TAMS 0x0000000088f00000, 0x0000000088f00000| Complete 
| 114|0x0000000089000000, 0x0000000089100000, 0x0000000089100000|100%| E|CS|TAMS 0x0000000089000000, 0x0000000089000000| Complete 
| 115|0x0000000089100000, 0x0000000089200000, 0x0000000089200000|100%| E|CS|TAMS 0x0000000089100000, 0x0000000089100000| Complete 
| 116|0x0000000089200000, 0x0000000089300000, 0x0000000089300000|100%| E|CS|TAMS 0x0000000089200000, 0x0000000089200000| Complete 
| 117|0x0000000089300000, 0x0000000089400000, 0x0000000089400000|100%| E|CS|TAMS 0x0000000089300000, 0x0000000089300000| Complete 
| 118|0x0000000089400000, 0x0000000089500000, 0x0000000089500000|100%| E|CS|TAMS 0x0000000089400000, 0x0000000089400000| Complete 
| 119|0x0000000089500000, 0x0000000089600000, 0x0000000089600000|100%| E|CS|TAMS 0x0000000089500000, 0x0000000089500000| Complete 
| 120|0x0000000089600000, 0x0000000089700000, 0x0000000089700000|100%| E|CS|TAMS 0x0000000089600000, 0x0000000089600000| Complete 
| 121|0x0000000089700000, 0x0000000089800000, 0x0000000089800000|100%| E|CS|TAMS 0x0000000089700000, 0x0000000089700000| Complete 
| 122|0x0000000089800000, 0x0000000089900000, 0x0000000089900000|100%| E|CS|TAMS 0x0000000089800000, 0x0000000089800000| Complete 
| 123|0x0000000089900000, 0x0000000089a00000, 0x0000000089a00000|100%| E|CS|TAMS 0x0000000089900000, 0x0000000089900000| Complete 
| 124|0x0000000089a00000, 0x0000000089b00000, 0x0000000089b00000|100%| E|CS|TAMS 0x0000000089a00000, 0x0000000089a00000| Complete 
| 125|0x0000000089b00000, 0x0000000089c00000, 0x0000000089c00000|100%| E|CS|TAMS 0x0000000089b00000, 0x0000000089b00000| Complete 
| 126|0x0000000089c00000, 0x0000000089d00000, 0x0000000089d00000|100%| E|CS|TAMS 0x0000000089c00000, 0x0000000089c00000| Complete 
| 127|0x0000000089d00000, 0x0000000089e00000, 0x0000000089e00000|100%| E|CS|TAMS 0x0000000089d00000, 0x0000000089d00000| Complete 

Card table byte_map: [0x000001b7ea5b0000,0x000001b7ea9b0000] _byte_map_base: 0x000001b7ea1a1000

Marking Bits (Prev, Next): (CMBitMap*) 0x000001b7d102b1d0, (CMBitMap*) 0x000001b7d102b210
 Prev Bits: [0x000001b7eadb0000, 0x000001b7ecd38000)
 Next Bits: [0x000001b7ecd40000, 0x000001b7eecc8000)

Polling page: 0x000001b7d10a0000

Metaspace:

Usage:
  Non-class:      7.80 MB used.
      Class:    899.80 KB used.
       Both:      8.67 MB used.

Virtual space:
  Non-class space:       64.00 MB reserved,       7.94 MB ( 12%) committed,  1 nodes.
      Class space:        1.00 GB reserved,     960.00 KB ( <1%) committed,  1 nodes.
             Both:        1.06 GB reserved,       8.88 MB ( <1%) committed. 

Chunk freelists:
   Non-Class:  3.91 MB
       Class:  3.00 MB
        Both:  6.91 MB

MaxMetaspaceSize: unlimited
CompressedClassSpaceSize: 1.00 GB
Initial GC threshold: 21.00 MB
Current GC threshold: 21.00 MB
CDS: on
MetaspaceReclaimPolicy: balanced
 - commit_granule_bytes: 65536.
 - commit_granule_words: 8192.
 - virtual_space_node_default_size: 8388608.
 - enlarge_chunks_in_place: 1.
 - new_chunks_are_fully_committed: 0.
 - uncommit_free_chunks: 1.
 - use_allocation_guard: 0.


Internal statistics:

num_allocs_failed_limit: 0.
num_arena_births: 184.
num_arena_deaths: 0.
num_vsnodes_births: 2.
num_vsnodes_deaths: 0.
num_space_committed: 142.
num_space_uncommitted: 0.
num_chunks_returned_to_freelist: 0.
num_chunks_taken_from_freelist: 244.
num_chunk_merges: 0.
num_chunk_splits: 171.
num_chunks_enlarged: 114.
num_inconsistent_stats: 0.

CodeHeap 'non-profiled nmethods': size=120000Kb used=1622Kb max_used=1622Kb free=118377Kb
 bounds [0x000001b7e2210000, 0x000001b7e2480000, 0x000001b7e9740000]
CodeHeap 'profiled nmethods': size=120000Kb used=4317Kb max_used=4317Kb free=115683Kb
 bounds [0x000001b7da740000, 0x000001b7dab80000, 0x000001b7e1c70000]
CodeHeap 'non-nmethods': size=5760Kb used=1374Kb max_used=1447Kb free=4385Kb
 bounds [0x000001b7e1c70000, 0x000001b7e1ee0000, 0x000001b7e2210000]
 total_blobs=2920 nmethods=2303 adapters=526
 compilation: enabled
              stopped_count=0, restarted_count=0
 full_count=0

Compilation events (20 events):
Event: 422.977 Thread 0x000001b7f17a8f70 nmethod 2284 0x000001b7e238b890 code [0x000001b7e238bf40, 0x000001b7e2394288]
Event: 422.978 Thread 0x000001b7f17a8f70 2285 %     4       CSAI.unipa.SGolog.SGologPlan::setPlan @ 47 (191 bytes)
Event: 423.097 Thread 0x000001b7f17a8f70 nmethod 2285% 0x000001b7e2397090 code [0x000001b7e2397560, 0x000001b7e239df28]
Event: 423.098 Thread 0x000001b7f17a8f70 2297       4       java.awt.Component::getParent (5 bytes)
Event: 423.098 Thread 0x000001b7f17a8f70 nmethod 2297 0x000001b7e239ff10 code [0x000001b7e23a0080, 0x000001b7e23a00f8]
Event: 424.682 Thread 0x000001b7f17a8f70 2298       4       sun.awt.SunToolkit::targetToAppContext (30 bytes)
Event: 424.696 Thread 0x000001b7f17a8f70 nmethod 2298 0x000001b7e23a0210 code [0x000001b7e23a0460, 0x000001b7e23a0e10]
Event: 424.893 Thread 0x000001b7f17ac090 2299       3       CSAI.unipa.knowledgment.NodeMap::getPosition (58 bytes)
Event: 424.894 Thread 0x000001b7f17ac090 nmethod 2299 0x000001b7dab74710 code [0x000001b7dab748e0, 0x000001b7dab74cb8]
Event: 425.183 Thread 0x000001b7f17ac090 2300       3       java.awt.Component::handleEvent (256 bytes)
Event: 425.185 Thread 0x000001b7f17ac090 nmethod 2300 0x000001b7dab74e10 code [0x000001b7dab75060, 0x000001b7dab75f38]
Event: 425.240 Thread 0x000001b7f17a8f70 2301       4       CSAI.unipa.clay.v_DinamicPoint_::Value (41 bytes)
Event: 425.248 Thread 0x000001b7f17a8f70 nmethod 2301 0x000001b7e23a1610 code [0x000001b7e23a1800, 0x000001b7e23a1d28]
Event: 425.402 Thread 0x000001b7f17ac090 2302       3       CSAI.unipa.knowledgment.NodeMap::setObstacle (240 bytes)
Event: 425.405 Thread 0x000001b7f17ac090 nmethod 2302 0x000001b7dab76210 code [0x000001b7dab76480, 0x000001b7dab76cf8]
Event: 426.223 Thread 0x000001b7f17a8f70 2303   !   4       java.awt.EventQueue::wakeup (79 bytes)
Event: 426.249 Thread 0x000001b7f17a8f70 nmethod 2303 0x000001b7e23a2110 code [0x000001b7e23a2300, 0x000001b7e23a2de8]
Event: 426.302 Thread 0x000001b7f17ac090 2305       2       java.awt.SequencedEvent$1::isSequencedEvent (5 bytes)
Event: 426.302 Thread 0x000001b7f17a8f70 2304       4       sun.awt.SunToolkit::postEvent (147 bytes)
Event: 426.303 Thread 0x000001b7f17ac090 nmethod 2305 0x000001b7dab77090 code [0x000001b7dab77220, 0x000001b7dab77378]

GC Heap History (18 events):
Event: 1.128 GC heap before
{Heap before GC invocations=0 (full 0):
 garbage-first heap   total 131072K, used 24576K [0x0000000081e00000, 0x0000000100000000)
  region size 1024K, 23 young (23552K), 0 survivors (0K)
 Metaspace       used 7882K, committed 8128K, reserved 1114112K
  class space    used 859K, committed 960K, reserved 1048576K
}
Event: 1.133 GC heap after
{Heap after GC invocations=1 (full 0):
 garbage-first heap   total 131072K, used 5358K [0x0000000081e00000, 0x0000000100000000)
  region size 1024K, 3 young (3072K), 3 survivors (3072K)
 Metaspace       used 7882K, committed 8128K, reserved 1114112K
  class space    used 859K, committed 960K, reserved 1048576K
}
Event: 1.639 GC heap before
{Heap before GC invocations=1 (full 0):
 garbage-first heap   total 131072K, used 40174K [0x0000000081e00000, 0x0000000100000000)
  region size 1024K, 35 young (35840K), 3 survivors (3072K)
 Metaspace       used 8077K, committed 8320K, reserved 1114112K
  class space    used 871K, committed 960K, reserved 1048576K
}
Event: 1.653 GC heap after
{Heap after GC invocations=2 (full 0):
 garbage-first heap   total 131072K, used 10346K [0x0000000081e00000, 0x0000000100000000)
  region size 1024K, 3 young (3072K), 3 survivors (3072K)
 Metaspace       used 8077K, committed 8320K, reserved 1114112K
  class space    used 871K, committed 960K, reserved 1048576K
}
Event: 11.004 GC heap before
{Heap before GC invocations=2 (full 0):
 garbage-first heap   total 131072K, used 85098K [0x0000000081e00000, 0x0000000100000000)
  region size 1024K, 76 young (77824K), 3 survivors (3072K)
 Metaspace       used 8432K, committed 8640K, reserved 1114112K
  class space    used 883K, committed 960K, reserved 1048576K
}
Event: 11.006 GC heap after
{Heap after GC invocations=3 (full 0):
 garbage-first heap   total 131072K, used 10143K [0x0000000081e00000, 0x0000000100000000)
  region size 1024K, 2 young (2048K), 2 survivors (2048K)
 Metaspace       used 8432K, committed 8640K, reserved 1114112K
  class space    used 883K, committed 960K, reserved 1048576K
}
Event: 14.409 GC heap before
{Heap before GC invocations=3 (full 0):
 garbage-first heap   total 131072K, used 85919K [0x0000000081e00000, 0x0000000100000000)
  region size 1024K, 76 young (77824K), 2 survivors (2048K)
 Metaspace       used 8669K, committed 8896K, reserved 1114112K
  class space    used 883K, committed 960K, reserved 1048576K
}
Event: 14.414 GC heap after
{Heap after GC invocations=4 (full 0):
 garbage-first heap   total 131072K, used 10048K [0x0000000081e00000, 0x0000000100000000)
  region size 1024K, 2 young (2048K), 2 survivors (2048K)
 Metaspace       used 8669K, committed 8896K, reserved 1114112K
  class space    used 883K, committed 960K, reserved 1048576K
}
Event: 17.976 GC heap before
{Heap before GC invocations=4 (full 0):
 garbage-first heap   total 131072K, used 85824K [0x0000000081e00000, 0x0000000100000000)
  region size 1024K, 76 young (77824K), 2 survivors (2048K)
 Metaspace       used 8695K, committed 8896K, reserved 1114112K
  class space    used 887K, committed 960K, reserved 1048576K
}
Event: 17.982 GC heap after
{Heap after GC invocations=5 (full 0):
 garbage-first heap   total 131072K, used 9834K [0x0000000081e00000, 0x0000000100000000)
  region size 1024K, 2 young (2048K), 2 survivors (2048K)
 Metaspace       used 8695K, committed 8896K, reserved 1114112K
  class space    used 887K, committed 960K, reserved 1048576K
}
Event: 21.293 GC heap before
{Heap before GC invocations=5 (full 0):
 garbage-first heap   total 131072K, used 85610K [0x0000000081e00000, 0x0000000100000000)
  region size 1024K, 76 young (77824K), 2 survivors (2048K)
 Metaspace       used 8709K, committed 8896K, reserved 1114112K
  class space    used 888K, committed 960K, reserved 1048576K
}
Event: 21.299 GC heap after
{Heap after GC invocations=6 (full 0):
 garbage-first heap   total 131072K, used 10075K [0x0000000081e00000, 0x0000000100000000)
  region size 1024K, 2 young (2048K), 2 survivors (2048K)
 Metaspace       used 8709K, committed 8896K, reserved 1114112K
  class space    used 888K, committed 960K, reserved 1048576K
}
Event: 25.421 GC heap before
{Heap before GC invocations=6 (full 0):
 garbage-first heap   total 131072K, used 85851K [0x0000000081e00000, 0x0000000100000000)
  region size 1024K, 76 young (77824K), 2 survivors (2048K)
 Metaspace       used 8764K, committed 8960K, reserved 1114112K
  class space    used 888K, committed 960K, reserved 1048576K
}
Event: 25.427 GC heap after
{Heap after GC invocations=7 (full 0):
 garbage-first heap   total 131072K, used 9838K [0x0000000081e00000, 0x0000000100000000)
  region size 1024K, 2 young (2048K), 2 survivors (2048K)
 Metaspace       used 8764K, committed 8960K, reserved 1114112K
  class space    used 888K, committed 960K, reserved 1048576K
}
Event: 220.656 GC heap before
{Heap before GC invocations=7 (full 0):
 garbage-first heap   total 131072K, used 89710K [0x0000000081e00000, 0x0000000100000000)
  region size 1024K, 76 young (77824K), 2 survivors (2048K)
 Metaspace       used 8799K, committed 9024K, reserved 1114112K
  class space    used 889K, committed 960K, reserved 1048576K
}
Event: 220.664 GC heap after
{Heap after GC invocations=8 (full 0):
 garbage-first heap   total 131072K, used 17219K [0x0000000081e00000, 0x0000000100000000)
  region size 1024K, 4 young (4096K), 4 survivors (4096K)
 Metaspace       used 8799K, committed 9024K, reserved 1114112K
  class space    used 889K, committed 960K, reserved 1048576K
}
Event: 425.223 GC heap before
{Heap before GC invocations=8 (full 0):
 garbage-first heap   total 131072K, used 95043K [0x0000000081e00000, 0x0000000100000000)
  region size 1024K, 76 young (77824K), 4 survivors (4096K)
 Metaspace       used 8880K, committed 9088K, reserved 1114112K
  class space    used 899K, committed 960K, reserved 1048576K
}
Event: 425.227 GC heap after
{Heap after GC invocations=9 (full 0):
 garbage-first heap   total 131072K, used 21400K [0x0000000081e00000, 0x0000000100000000)
  region size 1024K, 4 young (4096K), 4 survivors (4096K)
 Metaspace       used 8880K, committed 9088K, reserved 1114112K
  class space    used 899K, committed 960K, reserved 1048576K
}

Dll operation events (12 events):
Event: 0.008 Loaded shared library C:\Program Files\Java\jdk-19\bin\java.dll
Event: 0.020 Loaded shared library C:\Program Files\Java\jdk-19\bin\jsvml.dll
Event: 0.062 Loaded shared library C:\Program Files\Java\jdk-19\bin\net.dll
Event: 0.064 Loaded shared library C:\Program Files\Java\jdk-19\bin\nio.dll
Event: 0.068 Loaded shared library C:\Program Files\Java\jdk-19\bin\zip.dll
Event: 0.077 Loaded shared library C:\Program Files\Java\jdk-19\bin\verify.dll
Event: 0.089 Loaded shared library C:\Program Files\Java\jdk-19\bin\jimage.dll
Event: 0.108 Loaded shared library C:\Program Files\Java\jdk-19\bin\awt.dll
Event: 0.241 Loaded shared library C:\Program Files\Java\jdk-19\bin\freetype.dll
Event: 0.242 Loaded shared library C:\Program Files\Java\jdk-19\bin\fontmanager.dll
Event: 0.849 Loaded shared library C:\TeamBots\eclipse_basic\lib\x86_64_nt\ec_java_load.dll
Event: 0.851 Loaded shared library C:\TeamBots\eclipse_basic\lib\x86_64_nt\ec_java.dll

Deoptimization events (20 events):
Event: 422.791 Thread 0x000001b7f5ca6200 DEOPT PACKING pc=0x000001b7e22eb0cc sp=0x00000005b79fe620
Event: 422.791 Thread 0x000001b7f5ca6200 DEOPT UNPACKING pc=0x000001b7e1cd6da3 sp=0x00000005b79fe5c0 mode 2
Event: 424.681 Thread 0x000001b7f5c1f8e0 Uncommon trap: trap_request=0xffffffde fr.pc=0x000001b7e2336a78 relative=0x0000000000001b18
Event: 424.681 Thread 0x000001b7f5c1f8e0 Uncommon trap: reason=class_check action=maybe_recompile pc=0x000001b7e2336a78 method=sun.awt.SunToolkit.postEvent(Lsun/awt/AppContext;Ljava/awt/AWTEvent;)V @ 72 c2
Event: 424.681 Thread 0x000001b7f5c1f8e0 DEOPT PACKING pc=0x000001b7e2336a78 sp=0x00000005b77fd900
Event: 424.681 Thread 0x000001b7f5c1f8e0 DEOPT UNPACKING pc=0x000001b7e1cd6da3 sp=0x00000005b77fd8c0 mode 2
Event: 424.686 Thread 0x000001b7f5ca6200 Uncommon trap: trap_request=0xffffffde fr.pc=0x000001b7e2379f40 relative=0x00000000000063c0
Event: 424.686 Thread 0x000001b7f5ca6200 Uncommon trap: reason=class_check action=maybe_recompile pc=0x000001b7e2379f40 method=java.awt.DefaultKeyboardFocusManager.dispatchEvent(Ljava/awt/AWTEvent;)Z @ 1015 c2
Event: 424.686 Thread 0x000001b7f5ca6200 DEOPT PACKING pc=0x000001b7e2379f40 sp=0x00000005b79ff0d0
Event: 424.686 Thread 0x000001b7f5ca6200 DEOPT UNPACKING pc=0x000001b7e1cd6da3 sp=0x00000005b79ff0b0 mode 2
Event: 424.687 Thread 0x000001b7f5ca6200 Uncommon trap: trap_request=0xffffff45 fr.pc=0x000001b7e235bb6c relative=0x000000000000092c
Event: 424.687 Thread 0x000001b7f5ca6200 Uncommon trap: reason=unstable_if action=reinterpret pc=0x000001b7e235bb6c method=java.awt.KeyboardFocusManager.retargetFocusEvent(Ljava/awt/AWTEvent;)Ljava/awt/AWTEvent; @ 129 c2
Event: 424.687 Thread 0x000001b7f5ca6200 DEOPT PACKING pc=0x000001b7e235bb6c sp=0x00000005b79fec20
Event: 424.687 Thread 0x000001b7f5ca6200 DEOPT UNPACKING pc=0x000001b7e1cd6da3 sp=0x00000005b79febd8 mode 2
Event: 424.804 Thread 0x000001b7f5ca5390 Uncommon trap: trap_request=0xffffff45 fr.pc=0x000001b7e23048cc relative=0x000000000000060c
Event: 424.810 Thread 0x000001b7f5ca5390 Uncommon trap: reason=unstable_if action=reinterpret pc=0x000001b7e23048cc method=CSAI.unipa.knowledgment.NodeMap.setObstacle([LEDU/gatech/cc/is/util/Vec2;[DJ)V @ 93 c2
Event: 424.811 Thread 0x000001b7f5ca5390 DEOPT PACKING pc=0x000001b7e23048cc sp=0x00000005b78fedf0
Event: 424.811 Thread 0x000001b7f5ca5390 DEOPT UNPACKING pc=0x000001b7e1cd6da3 sp=0x00000005b78fed90 mode 2
Event: 425.606 Thread 0x000001b7f5ca5390 DEOPT PACKING pc=0x000001b7dab0e35a sp=0x00000005b78ff030
Event: 425.606 Thread 0x000001b7f5ca5390 DEOPT UNPACKING pc=0x000001b7e1cd7543 sp=0x00000005b78fe4d8 mode 0

Classes loaded (20 events):
Event: 17.982 Loading class javax/swing/RepaintManager$3
Event: 17.983 Loading class javax/swing/RepaintManager$3 done
Event: 125.384 Loading class java/security/DomainCombiner
Event: 125.384 Loading class java/security/DomainCombiner done
Event: 219.511 Loading class java/awt/Window$1DisposeAction
Event: 219.511 Loading class java/awt/Window$1DisposeAction done
Event: 334.052 Loading class sun/awt/DebugSettings
Event: 334.055 Loading class sun/awt/DebugSettings done
Event: 334.057 Loading class javax/swing/JComponent$KeyboardState
Event: 334.057 Loading class javax/swing/JComponent$KeyboardState done
Event: 334.058 Loading class javax/swing/JComponent$IntVector
Event: 334.058 Loading class javax/swing/JComponent$IntVector done
Event: 334.058 Loading class javax/swing/KeyboardManager
Event: 334.059 Loading class javax/swing/KeyboardManager done
Event: 334.059 Loading class javax/swing/Popup$HeavyWeightWindow
Event: 334.060 Loading class sun/awt/ModalExclude
Event: 334.060 Loading class sun/awt/ModalExclude done
Event: 334.060 Loading class javax/swing/JWindow
Event: 334.061 Loading class javax/swing/JWindow done
Event: 334.061 Loading class javax/swing/Popup$HeavyWeightWindow done

Classes unloaded (0 events):
No events

Classes redefined (0 events):
No events

Internal exceptions (20 events):
Event: 26.037 Thread 0x000001b7f5ca5390 Exception <a 'java/lang/ClassCastException'{0x000000008925c218}> (0x000000008925c218) 
thrown [s\open\src\hotspot\share\runtime\sharedRuntime.cpp, line 630]
Event: 26.037 Thread 0x000001b7f5ca5390 Exception <a 'java/lang/ClassCastException'{0x000000008925c628}> (0x000000008925c628) 
thrown [s\open\src\hotspot\share\runtime\sharedRuntime.cpp, line 630]
Event: 26.053 Thread 0x000001b7f5ca5390 Exception <a 'java/lang/ClassCastException'{0x000000008929f570}> (0x000000008929f570) 
thrown [s\open\src\hotspot\share\runtime\sharedRuntime.cpp, line 630]
Event: 26.053 Thread 0x000001b7f5ca5390 Exception <a 'java/lang/ClassCastException'{0x000000008929f980}> (0x000000008929f980) 
thrown [s\open\src\hotspot\share\runtime\sharedRuntime.cpp, line 630]
Event: 26.068 Thread 0x000001b7f5ca5390 Exception <a 'java/lang/ClassCastException'{0x00000000892e1e80}> (0x00000000892e1e80) 
thrown [s\open\src\hotspot\share\runtime\sharedRuntime.cpp, line 630]
Event: 26.068 Thread 0x000001b7f5ca5390 Exception <a 'java/lang/ClassCastException'{0x00000000892e2290}> (0x00000000892e2290) 
thrown [s\open\src\hotspot\share\runtime\sharedRuntime.cpp, line 630]
Event: 26.083 Thread 0x000001b7f5ca5390 Exception <a 'java/lang/ClassCastException'{0x0000000089152110}> (0x0000000089152110) 
thrown [s\open\src\hotspot\share\runtime\sharedRuntime.cpp, line 630]
Event: 26.083 Thread 0x000001b7f5ca5390 Exception <a 'java/lang/ClassCastException'{0x0000000089152520}> (0x0000000089152520) 
thrown [s\open\src\hotspot\share\runtime\sharedRuntime.cpp, line 630]
Event: 26.099 Thread 0x000001b7f5ca5390 Exception <a 'java/lang/ClassCastException'{0x0000000089191878}> (0x0000000089191878) 
thrown [s\open\src\hotspot\share\runtime\sharedRuntime.cpp, line 630]
Event: 26.099 Thread 0x000001b7f5ca5390 Exception <a 'java/lang/ClassCastException'{0x0000000089191c88}> (0x0000000089191c88) 
thrown [s\open\src\hotspot\share\runtime\sharedRuntime.cpp, line 630]
Event: 26.115 Thread 0x000001b7f5ca5390 Exception <a 'java/lang/ClassCastException'{0x00000000891cf690}> (0x00000000891cf690) 
thrown [s\open\src\hotspot\share\runtime\sharedRuntime.cpp, line 630]
Event: 26.115 Thread 0x000001b7f5ca5390 Exception <a 'java/lang/ClassCastException'{0x00000000891cfaa0}> (0x00000000891cfaa0) 
thrown [s\open\src\hotspot\share\runtime\sharedRuntime.cpp, line 630]
Event: 26.130 Thread 0x000001b7f5ca5390 Exception <a 'java/lang/ClassCastException'{0x000000008900b4b0}> (0x000000008900b4b0) 
thrown [s\open\src\hotspot\share\runtime\sharedRuntime.cpp, line 630]
Event: 26.130 Thread 0x000001b7f5ca5390 Exception <a 'java/lang/ClassCastException'{0x000000008900b8c0}> (0x000000008900b8c0) 
thrown [s\open\src\hotspot\share\runtime\sharedRuntime.cpp, line 630]
Event: 26.146 Thread 0x000001b7f5ca5390 Exception <a 'java/lang/ClassCastException'{0x000000008904a600}> (0x000000008904a600) 
thrown [s\open\src\hotspot\share\runtime\sharedRuntime.cpp, line 630]
Event: 26.146 Thread 0x000001b7f5ca5390 Exception <a 'java/lang/ClassCastException'{0x000000008904aa10}> (0x000000008904aa10) 
thrown [s\open\src\hotspot\share\runtime\sharedRuntime.cpp, line 630]
Event: 26.162 Thread 0x000001b7f5ca5390 Exception <a 'java/lang/ClassCastException'{0x00000000890b5b98}> (0x00000000890b5b98) 
thrown [s\open\src\hotspot\share\runtime\sharedRuntime.cpp, line 630]
Event: 26.162 Thread 0x000001b7f5ca5390 Exception <a 'java/lang/ClassCastException'{0x00000000890b5fa8}> (0x00000000890b5fa8) 
thrown [s\open\src\hotspot\share\runtime\sharedRuntime.cpp, line 630]
Event: 26.177 Thread 0x000001b7f5ca5390 Exception <a 'java/lang/ClassCastException'{0x00000000890f1220}> (0x00000000890f1220) 
thrown [s\open\src\hotspot\share\runtime\sharedRuntime.cpp, line 630]
Event: 26.177 Thread 0x000001b7f5ca5390 Exception <a 'java/lang/ClassCastException'{0x00000000890f1630}> (0x00000000890f1630) 
thrown [s\open\src\hotspot\share\runtime\sharedRuntime.cpp, line 630]

VM Operations (20 events):
Event: 334.854 Executing VM operation: Cleanup
Event: 334.855 Executing VM operation: Cleanup done
Event: 352.035 Executing VM operation: Cleanup
Event: 352.035 Executing VM operation: Cleanup done
Event: 374.280 Executing VM operation: Cleanup
Event: 374.280 Executing VM operation: Cleanup done
Event: 376.304 Executing VM operation: Cleanup
Event: 376.304 Executing VM operation: Cleanup done
Event: 388.430 Executing VM operation: Cleanup
Event: 388.430 Executing VM operation: Cleanup done
Event: 421.772 Executing VM operation: Cleanup
Event: 421.772 Executing VM operation: Cleanup done
Event: 422.622 Executing VM operation: HandshakeAllThreads
Event: 422.622 Executing VM operation: HandshakeAllThreads done
Event: 423.629 Executing VM operation: Cleanup
Event: 423.629 Executing VM operation: Cleanup done
Event: 425.223 Executing VM operation: G1CollectForAllocation
Event: 425.227 Executing VM operation: G1CollectForAllocation done
Event: 426.229 Executing VM operation: Cleanup
Event: 426.229 Executing VM operation: Cleanup done

Events (20 events):
Event: 0.213 Thread 0x000001b7f5ca5390 Thread added: 0x000001b7f5ca5390
Event: 0.221 Thread 0x000001b7f5ca6200 Thread added: 0x000001b7f5ca6200
Event: 0.313 Thread 0x000001b7f5d0e760 Thread added: 0x000001b7f5d0e760
Event: 1.082 Thread 0x000001b7f5d0e760 Thread exited: 0x000001b7f5d0e760
Event: 1.127 Thread 0x000001b7f7a54780 Thread added: 0x000001b7f7a54780
Event: 1.135 Thread 0x000001b7f6a4bdc0 Thread added: 0x000001b7f6a4bdc0
Event: 1.383 Thread 0x000001b7f6a4bdc0 Thread exited: 0x000001b7f6a4bdc0
Event: 1.383 Thread 0x000001b7f7a54780 Thread exited: 0x000001b7f7a54780
Event: 1.402 Thread 0x000001b7f5cc2570 Thread added: 0x000001b7f5cc2570
Event: 1.404 Thread 0x000001b7f6bb0970 Thread added: 0x000001b7f6bb0970
Event: 1.437 Thread 0x000001b7d0fc9740 Thread exited: 0x000001b7d0fc9740
Event: 1.437 Thread 0x000001b7d0fc9740 Thread added: 0x000001b7d0fc9740
Event: 2.118 Thread 0x000001b7f6bb0970 Thread exited: 0x000001b7f6bb0970
Event: 2.118 Thread 0x000001b7f5cc2570 Thread exited: 0x000001b7f5cc2570
Event: 219.521 Thread 0x000001b7f6bb0f00 Thread added: 0x000001b7f6bb0f00
Event: 219.830 Thread 0x000001b7f6bb0f00 Thread exited: 0x000001b7f6bb0f00
Event: 219.855 Thread 0x000001b7f6bb1a20 Thread added: 0x000001b7f6bb1a20
Event: 220.065 Thread 0x000001b7f6bb1a20 Thread exited: 0x000001b7f6bb1a20
Event: 422.545 Thread 0x000001b7f6bb1490 Thread added: 0x000001b7f6bb1490
Event: 422.753 Thread 0x000001b7f6bb1490 Thread exited: 0x000001b7f6bb1490


Dynamic libraries:
0x00007ff68f400000 - 0x00007ff68f410000 	C:\Program Files\Java\jdk-19\bin\java.exe
0x00007ffa1afe0000 - 0x00007ffa1b1e9000 	C:\WINDOWS\SYSTEM32\ntdll.dll
0x00007ffa19ca0000 - 0x00007ffa19d5e000 	C:\WINDOWS\System32\KERNEL32.DLL
0x00007ffa18620000 - 0x00007ffa1899b000 	C:\WINDOWS\System32\KERNELBASE.dll
0x00007ffa18a70000 - 0x00007ffa18b81000 	C:\WINDOWS\System32\ucrtbase.dll
0x00007ffa07050000 - 0x00007ffa07068000 	C:\Program Files\Java\jdk-19\bin\jli.dll
0x00007ffa03660000 - 0x00007ffa0367b000 	C:\Program Files\Java\jdk-19\bin\VCRUNTIME140.dll
0x00007ffa190d0000 - 0x00007ffa1917e000 	C:\WINDOWS\System32\ADVAPI32.dll
0x00007ffa1a890000 - 0x00007ffa1a933000 	C:\WINDOWS\System32\msvcrt.dll
0x00007ffa19280000 - 0x00007ffa1931e000 	C:\WINDOWS\System32\sechost.dll
0x00007ffa1aae0000 - 0x00007ffa1ac00000 	C:\WINDOWS\System32\RPCRT4.dll
0x00007ffa195a0000 - 0x00007ffa1974d000 	C:\WINDOWS\System32\USER32.dll
0x00007ffa05c40000 - 0x00007ffa05ee5000 	C:\WINDOWS\WinSxS\amd64_microsoft.windows.common-controls_6595b64144ccf1df_6.0.22000.120_none_9d947278b86cc467\COMCTL32.dll
0x00007ffa18a40000 - 0x00007ffa18a66000 	C:\WINDOWS\System32\win32u.dll
0x00007ffa1aa50000 - 0x00007ffa1aa79000 	C:\WINDOWS\System32\GDI32.dll
0x00007ffa18c50000 - 0x00007ffa18d68000 	C:\WINDOWS\System32\gdi32full.dll
0x00007ffa189a0000 - 0x00007ffa18a3d000 	C:\WINDOWS\System32\msvcp_win.dll
0x00007ffa110a0000 - 0x00007ffa110aa000 	C:\WINDOWS\SYSTEM32\VERSION.dll
0x00007ffa18ed0000 - 0x00007ffa18f02000 	C:\WINDOWS\System32\IMM32.DLL
0x00007ffa14060000 - 0x00007ffa1406c000 	C:\Program Files\Java\jdk-19\bin\vcruntime140_1.dll
0x00007ff9cf5c0000 - 0x00007ff9cf64e000 	C:\Program Files\Java\jdk-19\bin\msvcp140.dll
0x00007ff999860000 - 0x00007ff99a520000 	C:\Program Files\Java\jdk-19\bin\server\jvm.dll
0x00007ffa11c30000 - 0x00007ffa11c63000 	C:\WINDOWS\SYSTEM32\WINMM.dll
0x00007ffa0aca0000 - 0x00007ffa0aca9000 	C:\WINDOWS\SYSTEM32\WSOCK32.dll
0x00007ffa1a9e0000 - 0x00007ffa1aa4f000 	C:\WINDOWS\System32\WS2_32.dll
0x00007ffa17620000 - 0x00007ffa17638000 	C:\WINDOWS\SYSTEM32\kernel.appcore.dll
0x00007ffa08270000 - 0x00007ffa0827a000 	C:\Program Files\Java\jdk-19\bin\jimage.dll
0x00007ffa16090000 - 0x00007ffa162b1000 	C:\WINDOWS\SYSTEM32\DBGHELP.DLL
0x00007ffa07860000 - 0x00007ffa07891000 	C:\WINDOWS\SYSTEM32\dbgcore.DLL
0x00007ffa18de0000 - 0x00007ffa18e5f000 	C:\WINDOWS\System32\bcryptPrimitives.dll
0x00007ffa021f0000 - 0x00007ffa02216000 	C:\Program Files\Java\jdk-19\bin\java.dll
0x00007ff9bb910000 - 0x00007ff9bb9e7000 	C:\Program Files\Java\jdk-19\bin\jsvml.dll
0x00007ffa1a0d0000 - 0x00007ffa1a888000 	C:\WINDOWS\System32\SHELL32.dll
0x00007ffa165b0000 - 0x00007ffa16e15000 	C:\WINDOWS\SYSTEM32\windows.storage.dll
0x00007ffa1ac20000 - 0x00007ffa1af98000 	C:\WINDOWS\System32\combase.dll
0x00007ffa16440000 - 0x00007ffa165a6000 	C:\WINDOWS\SYSTEM32\wintypes.dll
0x00007ffa19190000 - 0x00007ffa1927a000 	C:\WINDOWS\System32\SHCORE.dll
0x00007ffa18e70000 - 0x00007ffa18ecd000 	C:\WINDOWS\System32\shlwapi.dll
0x00007ffa183e0000 - 0x00007ffa18401000 	C:\WINDOWS\SYSTEM32\profapi.dll
0x00007ffa020b0000 - 0x00007ffa020c3000 	C:\Program Files\Java\jdk-19\bin\net.dll
0x00007ffa11520000 - 0x00007ffa11634000 	C:\WINDOWS\SYSTEM32\WINHTTP.dll
0x00007ffa17ac0000 - 0x00007ffa17b27000 	C:\WINDOWS\system32\mswsock.dll
0x00007ffa01d80000 - 0x00007ffa01d96000 	C:\Program Files\Java\jdk-19\bin\nio.dll
0x00007ffa01d60000 - 0x00007ffa01d78000 	C:\Program Files\Java\jdk-19\bin\zip.dll
0x00007ffa08070000 - 0x00007ffa08080000 	C:\Program Files\Java\jdk-19\bin\verify.dll
0x00007ff9b9470000 - 0x00007ff9b9601000 	C:\Program Files\Java\jdk-19\bin\awt.dll
0x00007ffa19440000 - 0x00007ffa19516000 	C:\WINDOWS\System32\OLEAUT32.dll
0x00007ffa156a0000 - 0x00007ffa15732000 	C:\WINDOWS\SYSTEM32\apphelp.dll
0x00007ffa15bc0000 - 0x00007ffa15bef000 	C:\WINDOWS\system32\DWMAPI.DLL
0x00007ffa15790000 - 0x00007ffa1583c000 	C:\WINDOWS\system32\uxtheme.dll
0x00007ffa01240000 - 0x00007ffa01341000 	C:\WINDOWS\system32\opengl32.dll
0x00007ffa07670000 - 0x00007ffa0769d000 	C:\WINDOWS\SYSTEM32\GLU32.dll
0x00007ffa15a40000 - 0x00007ffa15a78000 	C:\WINDOWS\SYSTEM32\dxcore.dll
0x00007ffa19320000 - 0x00007ffa1943d000 	C:\WINDOWS\System32\MSCTF.dll
0x00007ffa19f30000 - 0x00007ffa1a0ca000 	C:\WINDOWS\System32\ole32.dll
0x00007ffa07650000 - 0x00007ffa07667000 	C:\WINDOWS\system32\napinsp.dll
0x00007ffa06d20000 - 0x00007ffa06d3b000 	C:\WINDOWS\system32\pnrpnsp.dll
0x00007ffa17180000 - 0x00007ffa17268000 	C:\WINDOWS\SYSTEM32\DNSAPI.dll
0x00007ffa17150000 - 0x00007ffa1717d000 	C:\WINDOWS\SYSTEM32\IPHLPAPI.DLL
0x00007ffa19180000 - 0x00007ffa19189000 	C:\WINDOWS\System32\NSI.dll
0x00007ffa06730000 - 0x00007ffa06742000 	C:\WINDOWS\System32\winrnr.dll
0x00007ff9f7da0000 - 0x00007ff9f7db5000 	C:\WINDOWS\system32\wshbth.dll
0x00007ff9cdab0000 - 0x00007ff9cdacf000 	C:\WINDOWS\system32\nlansp_c.dll
0x00007ffa0b0d0000 - 0x00007ffa0b0da000 	C:\Windows\System32\rasadhlp.dll
0x00007ffa10670000 - 0x00007ffa106f1000 	C:\WINDOWS\System32\fwpuclnt.dll
0x00007ff9bd270000 - 0x00007ff9bd2f6000 	C:\Program Files\Java\jdk-19\bin\freetype.dll
0x00007ff9bb120000 - 0x00007ff9bb1e5000 	C:\Program Files\Java\jdk-19\bin\fontmanager.dll
0x00007ffa05a20000 - 0x00007ffa05b4d000 	C:\WINDOWS\SYSTEM32\textinputframework.dll
0x00007ffa153b0000 - 0x00007ffa154e1000 	C:\WINDOWS\SYSTEM32\CoreMessaging.dll
0x00007ffa13460000 - 0x00007ffa137cd000 	C:\WINDOWS\SYSTEM32\CoreUIComponents.dll
0x00007ffa17d20000 - 0x00007ffa17d2c000 	C:\WINDOWS\SYSTEM32\CRYPTBASE.DLL
0x000000006f280000 - 0x000000006f2d0000 	C:\TeamBots\eclipse_basic\lib\x86_64_nt\ec_java_load.dll
0x0000000068d80000 - 0x0000000068dd1000 	C:\TeamBots\eclipse_basic\lib\x86_64_nt\ec_java.dll
0x0000000066dc0000 - 0x0000000066f08000 	C:\TeamBots\eclipse_basic\lib\x86_64_nt\eclipse.dll
0x00007ffa09620000 - 0x00007ffa09639000 	C:\WINDOWS\SYSTEM32\NETAPI32.dll
0x00000002599e0000 - 0x0000000259abe000 	C:\TeamBots\eclipse_basic\lib\x86_64_nt\libgmp-10.dll

dbghelp: loaded successfully - version: 4.0.5 - missing functions: none
symbol engine: initialized successfully - sym options: 0x614 - pdb path: .;C:\Program Files\Java\jdk-19\bin;C:\WINDOWS\SYSTEM32;C:\WINDOWS\WinSxS\amd64_microsoft.windows.common-controls_6595b64144ccf1df_6.0.22000.120_none_9d947278b86cc467;C:\Program Files\Java\jdk-19\bin\server;C:\TeamBots\eclipse_basic\lib\x86_64_nt

VM Arguments:
jvm_args: -Declipse.directory=C:\TeamBots\eclipse_basic 
java_command: TBSim.TBSim Competition.dsc
java_class_path (initial): C:\TeamBots\eclipse_basic\lib\eclipse.jar;C:\TeamBots\src;.
Launcher Type: SUN_STANDARD

[Global flags]
     intx CICompilerCount                          = 4                                         {product} {ergonomic}
     uint ConcGCThreads                            = 2                                         {product} {ergonomic}
     uint G1ConcRefinementThreads                  = 8                                         {product} {ergonomic}
   size_t G1HeapRegionSize                         = 1048576                                   {product} {ergonomic}
    uintx GCDrainStackTargetSize                   = 64                                        {product} {ergonomic}
   size_t InitialHeapSize                          = 134217728                                 {product} {ergonomic}
   size_t MarkStackSize                            = 4194304                                   {product} {ergonomic}
   size_t MaxHeapSize                              = 2116026368                                {product} {ergonomic}
   size_t MaxNewSize                               = 1268776960                                {product} {ergonomic}
   size_t MinHeapDeltaBytes                        = 1048576                                   {product} {ergonomic}
   size_t MinHeapSize                              = 8388608                                   {product} {ergonomic}
    uintx NonNMethodCodeHeapSize                   = 5839372                                {pd product} {ergonomic}
    uintx NonProfiledCodeHeapSize                  = 122909434                              {pd product} {ergonomic}
    uintx ProfiledCodeHeapSize                     = 122909434                              {pd product} {ergonomic}
    uintx ReservedCodeCacheSize                    = 251658240                              {pd product} {ergonomic}
     bool SegmentedCodeCache                       = true                                      {product} {ergonomic}
   size_t SoftMaxHeapSize                          = 2116026368                             {manageable} {ergonomic}
     bool UseCompressedClassPointers               = true                           {product lp64_product} {ergonomic}
     bool UseCompressedOops                        = true                           {product lp64_product} {ergonomic}
     bool UseG1GC                                  = true                                      {product} {ergonomic}
     bool UseLargePagesIndividualAllocation        = false                                  {pd product} {ergonomic}

Logging:
Log output configuration:
 #0: stdout all=warning uptime,level,tags foldmultilines=false
 #1: stderr all=off uptime,level,tags foldmultilines=false

Environment Variables:
CLASSPATH=C:\TeamBots\eclipse_basic\lib\eclipse.jar;C:\TeamBots\src;.
PATH=C:\Program Files\Common Files\Oracle\Java\javapath;C:\Program Files (x86)\Common Files\Oracle\Java\javapath;C:\Program Files\Python310\Scripts\;C:\Program Files\Python310\;C:\Program Files (x86)\Intel\iCLS Client\;C:\Program Files\Intel\iCLS Client\;C:\WINDOWS\system32;C:\WINDOWS;C:\WINDOWS\System32\Wbem;C:\WINDOWS\System32\WindowsPowerShell\v1.0\;C:\Program Files (x86)\Intel\Intel(R) Management Engine Components\DAL;C:\Program Files\Intel\Intel(R) Management Engine Components\DAL;C:\Program Files (x86)\Intel\Intel(R) Management Engine Components\IPT;C:\Program Files\Intel\Intel(R) Management Engine Components\IPT;C:\WINDOWS\System32\OpenSSH\;C:\Program Files\Git\cmd;C:\Users\gaeta\AppData\Local\Microsoft\WindowsApps;;C:\Users\gaeta\AppData\Local\Programs\Microsoft VS Code\bin
USERNAME=gaeta
OS=Windows_NT
PROCESSOR_IDENTIFIER=Intel64 Family 6 Model 142 Stepping 10, GenuineIntel
TMP=C:\Users\gaeta\AppData\Local\Temp
TEMP=C:\Users\gaeta\AppData\Local\Temp



---------------  S Y S T E M  ---------------

OS:
 Windows 11 , 64 bit Build 22000 (10.0.22000.1219)
OS uptime: 0 days 8:59 hours

CPU: total 8 (initial active 8) (4 cores per cpu, 2 threads per core) family 6 model 142 stepping 10 microcode 0xe0, cx8, cmov, fxsr, ht, mmx, 3dnowpref, sse, sse2, sse3, ssse3, sse4.1, sse4.2, popcnt, lzcnt, tsc, tscinvbit, avx, avx2, aes, erms, clmul, bmi1, bmi2, adx, fma, vzeroupper, clflush, clflushopt, rdtscp

Memory: 4k page, system-wide physical 8066M (3450M free)
TotalPageFile size 9602M (AvailPageFile size 3376M)
current process WorkingSet (physical memory assigned to process): 215M, peak: 231M
current process commit charge ("private bytes"): 316M, peak: 333M

vm_info: Java HotSpot(TM) 64-Bit Server VM (19.0.1+10-21) for windows-amd64 JRE (19.0.1+10-21), built on 2022-09-14T12:45:06Z by "mach5one" with MS VC++ 17.1 (VS2022)

END.
